1000
0	4.809486e-01	4.621594e-01	1.398632e+00
1	3.690822e-02	9.490214e-01	1.064485e+00
2	4.753451e-01	5.663593e-01	1.108451e+00
3	5.184276e-01	5.415254e-01	2.925745e+00
4	3.994472e-01	4.995831e-01	2.732291e+00
5	3.962085e-01	5.291310e-01	1.257938e+00
6	4.465323e-01	3.376230e-01	2.424524e+00
7	1.625140e-01	8.688668e-01	1.383000e+00
8	2.763892e-01	7.939249e-01	2.705911e+00
9	3.631855e-01	1.370889e-01	2.526136e+00
10	4.978237e-01	4.392993e-01	2.442110e+00
11	6.093134e-01	4.287428e-01	2.233024e+00
12	5.493800e-01	6.856778e-01	2.376649e+00
13	2.766111e-01	2.461823e-02	2.799707e+00
14	4.419002e-01	4.720530e-01	1.556913e+00
15	1.761341e-01	8.538872e-01	2.950171e+00
16	2.611067e-01	8.141415e-01	1.066439e+00
17	4.475682e-01	4.662753e-01	1.626282e+00
18	5.312044e-01	4.888895e-01	1.306790e+00
19	5.128832e-01	5.242033e-01	2.902296e+00
21	5.180050e-01	5.657761e-01	1.195408e+00
22	4.676021e-01	4.675103e-01	1.785540e+00
23	4.393850e-01	4.912226e-01	1.248168e+00
24	5.090393e-01	5.250132e-01	1.863703e+00
25	5.403439e-01	5.613944e-01	2.671715e+00
26	4.769508e-01	4.862115e-01	2.487054e+00
27	2.552430e-01	8.039893e-01	1.946751e+00
28	1.074796e-01	9.141302e-01	1.303859e+00
29	4.030450e-01	3.922478e-01	2.152907e+00
30	4.881916e-01	4.888065e-01	1.388862e+00
31	4.004799e-01	4.953231e-03	1.534441e+00
32	3.999661e-01	5.096481e-01	1.591109e+00
33	3.052894e-01	1.600011e-01	2.205667e+00
34	5.455072e-01	5.449470e-01	2.181241e+00
35	5.369444e-01	4.723294e-01	1.475818e+00
36	3.987962e-01	5.071285e-01	2.309233e+00
37	5.220341e-01	5.049470e-01	2.073766e+00
39	2.952251e-01	1.792396e-01	2.331705e+00
40	4.141152e-01	5.379543e-01	1.126038e+00
41	5.657531e-01	5.260516e-01	2.235955e+00
42	5.386678e-01	4.811762e-01	2.805569e+00
43	1.210088e-01	9.384387e-01	2.819248e+00
44	4.052918e-01	4.802403e-01	2.555447e+00
46	4.180344e-01	4.833052e-01	2.559355e+00
47	5.874867e-01	4.269491e-01	1.895945e+00
48	4.193972e-01	4.623565e-01	1.282364e+00
49	2.652420e-01	1.856348e-01	2.024915e+00
50	5.391975e-01	5.091184e-01	2.750855e+00
51	5.278678e-01	5.261749e-01	2.412799e+00
52	5.555007e-01	5.110708e-01	2.557401e+00
53	4.489387e-01	3.879598e-01	1.648754e+00
54	4.985625e-01	4.646241e-01	1.721055e+00
55	4.974403e-01	4.657446e-01	2.588666e+00
56	4.377137e-01	4.050733e-01	1.525647e+00
57	5.452967e-01	4.776522e-01	2.751832e+00
58	2.874082e-01	7.946755e-01	2.625794e+00
59	3.001636e-01	1.587231e-01	1.663410e+00
60	2.818984e-01	1.585094e-01	1.993649e+00
61	5.140315e-01	5.357881e-01	2.560332e+00
62	5.178599e-01	3.924930e-01	1.696629e+00
63	5.117169e-01	3.949677e-01	1.506106e+00
64	5.107976e-01	3.990271e-01	2.675623e+00
65	4.302676e-01	4.810472e-01	2.497802e+00
66	2.875073e-01	1.598960e-01	1.031265e+00
67	5.404374e-01	5.638296e-01	2.361993e+00
68	4.902339e-01	4.692069e-01	1.866634e+00
69	2.227569e-01	5.182890e-02	2.930630e+00
70	5.281629e-01	4.632009e-01	1.503175e+00
71	2.657597e-01	7.533081e-01	1.135809e+00
72	5.452542e-01	4.323643e-01	2.449927e+00
73	4.726504e-01	5.214022e-01	2.831949e+00
74	4.742305e-01	4.723045e-01	2.317049e+00
75	5.179744e-01	4.593285e-01	2.353200e+00
76	5.149815e-01	5.382981e-01	2.575965e+00
77	2.696759e-01	7.766309e-01	2.922814e+00
78	5.815461e-01	5.160178e-01	2.289692e+00
79	3.516276e-01	4.727008e-01	2.766488e+00
80	1.185699e-01	9.360400e-01	1.522716e+00
81	5.614963e-01	4.035078e-01	2.769419e+00
82	2.544873e-01	7.812588e-01	1.110405e+00
83	4.714361e-01	8.668069e-02	1.554958e+00
84	5.105032e-01	1.112729e-01	1.718124e+00
85	5.446181e-01	5.395992e-01	1.412311e+00
86	2.441461e-01	7.956114e-01	1.951637e+00
87	2.995278e-01	7.667073e-01	1.449438e+00
88	3.764234e-01	3.572494e-01	2.176356e+00
89	1.939042e-01	3.645230e-02	1.066439e+00
90	3.426273e-01	8.385797e-01	1.212995e+00
91	5.585301e-01	5.164463e-01	1.872496e+00
92	5.673289e-01	4.108482e-01	1.606742e+00
93	5.016238e-01	5.602330e-01	1.183683e+00
94	4.484172e-01	8.155311e-02	1.482658e+00
95	6.688097e-01	8.402845e-01	2.514411e+00
96	5.712793e-01	4.204408e-01	2.736199e+00
97	5.579510e-01	4.170263e-01	1.617489e+00
98	5.432593e-01	4.347828e-01	2.456766e+00
99	5.633516e-01	5.261673e-01	1.406448e+00
100	2.672478e-01	7.777728e-01	2.453835e+00
101	8.714214e-01	9.407120e-01	2.084514e+00
102	5.402769e-01	4.836306e-01	2.712750e+00
103	5.230147e-01	3.425277e-01	2.877870e+00
104	5.534630e-01	5.297305e-01	1.533464e+00
105	2.686699e-01	7.921428e-01	2.169516e+00
106	3.224345e-01	8.645870e-01	2.160723e+00
107	4.946011e-01	4.663495e-01	2.483146e+00
108	4.128142e-01	8.837234e-02	1.538349e+00
109	5.777889e-01	5.219211e-01	1.117245e+00
110	6.470233e-01	7.000788e-01	2.709819e+00
111	2.589897e-01	7.839445e-01	2.039570e+00
112	6.562171e-01	7.040325e-01	2.929653e+00
113	4.902869e-01	3.618159e-01	2.125550e+00
114	2.780154e-01	7.829239e-01	2.148999e+00
115	4.079647e-01	4.778451e-02	2.027846e+00
116	6.114409e-01	4.873407e-01	1.206155e+00
117	6.560199e-01	6.972597e-01	2.689301e+00
118	5.345828e-01	4.475631e-01	1.997557e+00
119	2.667046e-01	7.718656e-01	1.753298e+00
120	4.827747e-01	4.659853e-01	1.491451e+00
121	5.572671e-01	3.993599e-01	2.381534e+00
122	2.700193e-01	7.947749e-01	1.837323e+00
123	5.366139e-01	5.224066e-01	2.723498e+00
124	3.429990e-01	1.583045e-01	2.429409e+00
126	5.414494e-01	4.696689e-01	1.216903e+00
127	5.132780e-01	4.901613e-01	1.385931e+00
129	2.558227e-01	7.817104e-01	1.094773e+00
130	6.037773e-01	5.071919e-01	1.887152e+00
131	4.617616e-01	2.695196e-01	1.869565e+00
132	2.500748e-01	2.165288e-02	2.657059e+00
133	2.689754e-01	7.762324e-01	1.905716e+00
134	5.302964e-01	4.868139e-01	2.319980e+00
135	2.619978e-01	7.864187e-01	1.549096e+00
136	4.567931e-01	4.033668e-01	1.155349e+00
137	6.207430e-01	5.061344e-01	1.261847e+00
138	3.180386e-01	2.210876e-01	1.308745e+00
139	2.698996e-01	7.804553e-01	1.148510e+00
141	4.860903e-01	4.430067e-01	1.865657e+00
142	4.923487e-01	5.541384e-01	2.988276e+00
143	2.529681e-01	8.355138e-01	1.479726e+00
144	2.650716e-01	7.817016e-01	1.016610e+00
145	4.982924e-01	4.389674e-01	2.095261e+00
146	4.593366e-01	4.661813e-01	2.442110e+00
147	2.576015e-01	8.285559e-01	1.070347e+00
148	4.799145e-01	4.010364e-01	1.417196e+00
149	3.976341e-01	6.604185e-01	2.817294e+00
150	2.555833e-01	8.317463e-01	1.164143e+00
151	4.972234e-01	4.370797e-01	2.738153e+00
152	5.063387e-01	6.101173e-01	2.338544e+00
153	2.600461e-01	7.851450e-01	1.282364e+00
154	4.887229e-01	4.574553e-01	2.676600e+00
155	2.614600e-01	7.857937e-01	2.443087e+00
156	2.324439e-01	8.009301e-01	2.375672e+00
157	4.336175e-01	8.021917e-01	1.220811e+00
158	4.005400e-01	5.894357e-01	2.208598e+00
159	3.682109e-01	4.726114e-01	2.407914e+00
162	4.511998e-01	3.982994e-01	2.277968e+00
164	4.611251e-01	4.642948e-01	2.409868e+00
165	5.163912e-01	4.121157e-01	2.083537e+00
166	4.877964e-01	4.602316e-01	2.286761e+00
167	4.761000e-01	4.769917e-01	1.194431e+00
168	4.680370e-01	4.719896e-01	2.818271e+00
169	5.210819e-01	5.183330e-01	2.827064e+00
170	5.134681e-01	4.787913e-01	1.684905e+00
171	5.425871e-01	3.826059e-01	1.999511e+00
172	4.711762e-01	4.618396e-01	1.956522e+00
173	3.159566e-01	5.558682e-02	1.409380e+00
174	5.462715e-01	6.107167e-01	2.323889e+00
175	5.309645e-01	5.019245e-01	2.501710e+00
176	4.924305e-01	4.400064e-01	2.395213e+00
177	4.944439e-01	4.373686e-01	2.719590e+00
178	5.300552e-01	5.864055e-01	2.937469e+00
179	4.879009e-01	4.338336e-01	2.803615e+00
180	2.905048e-01	1.730122e-01	1.322423e+00
182	4.909201e-01	4.341971e-01	1.794333e+00
183	4.973885e-01	4.411962e-01	2.611138e+00
184	5.207566e-01	4.329567e-01	1.724963e+00
185	5.537984e-01	5.250683e-01	1.983879e+00
186	5.439498e-01	4.205659e-01	2.181241e+00
187	8.222961e-02	8.932454e-01	2.437225e+00
188	5.139257e-01	4.264974e-01	1.295066e+00
189	5.343783e-01	4.817067e-01	1.970200e+00
190	5.296560e-01	4.452550e-01	2.387396e+00
191	5.990829e-01	5.775923e-01	2.386419e+00
192	5.480576e-01	5.247126e-01	2.647289e+00
193	5.134792e-01	4.205802e-01	1.686859e+00
195	3.804170e-01	4.856607e-01	1.553981e+00
196	4.616106e-01	3.939329e-01	1.764045e+00
197	5.206808e-01	4.553440e-01	1.632145e+00
198	3.496966e-01	1.108697e-02	2.230093e+00
199	5.314167e-01	4.596396e-01	1.235467e+00
200	4.548541e-01	4.643293e-01	2.251588e+00
201	3.225388e-01	7.038544e-01	1.751343e+00
202	3.332689e-01	5.127708e-01	1.715193e+00
203	5.418769e-01	5.067237e-01	2.109917e+00
204	4.634602e-01	4.647437e-01	2.137274e+00
205	4.135244e-01	4.184943e-01	2.099170e+00
206	5.025345e-01	4.773987e-01	2.057157e+00
207	3.904080e-01	1.911391e-01	2.246702e+00
208	5.285292e-01	4.236736e-01	1.894968e+00
209	4.548299e-01	4.479700e-01	2.453835e+00
210	4.935648e-01	4.242706e-01	2.834880e+00
211	5.990772e-01	5.653887e-01	2.215437e+00
212	4.230782e-01	3.999208e-01	2.153884e+00
213	5.002648e-01	4.871457e-01	2.475330e+00
214	3.769131e-01	3.798850e-01	1.274548e+00
215	4.245542e-01	4.391117e-01	2.127504e+00
216	3.363161e-01	3.962874e-02	1.697606e+00
217	5.418066e-01	5.396972e-01	1.790425e+00
218	9.170967e-01	2.846241e-01	1.736688e+00
219	3.870457e-01	3.849136e-01	1.692721e+00
220	5.027500e-01	5.270834e-01	2.042501e+00
221	3.687696e-01	4.785114e-01	1.468979e+00
222	5.497782e-01	4.143316e-01	1.784563e+00
223	3.894215e-01	6.014722e-01	1.068393e+00
224	3.255848e-01	4.319446e-02	2.269174e+00
225	3.964589e-01	2.320945e-01	2.653151e+00
226	3.518460e-01	5.427529e-01	1.839277e+00
227	5.399998e-01	4.206161e-01	1.175867e+00
228	5.581523e-01	4.733941e-01	2.807523e+00
229	3.701627e-01	5.475095e-01	2.811431e+00
230	3.843448e-01	4.611250e-01	1.192477e+00
231	6.570151e-01	4.828991e-02	1.897899e+00
232	5.624258e-01	5.170827e-01	1.620420e+00
233	7.809018e-01	3.523499e-01	2.624817e+00
234	3.832506e-01	4.597213e-01	2.806546e+00
235	3.504266e-01	4.863691e-01	1.763068e+00
236	3.452226e-01	3.370265e-02	1.890083e+00
237	8.591632e-01	9.541924e-01	2.060088e+00
238	7.728342e-01	3.407307e-01	2.458720e+00
239	5.971560e-01	4.509413e-01	2.463605e+00
240	7.737664e-01	9.349422e-01	1.141671e+00
241	5.009636e-01	4.808218e-01	1.146556e+00
242	5.757699e-01	5.033726e-01	1.395701e+00
243	5.407849e-01	4.166922e-01	1.755252e+00
244	1.466177e-01	1.193152e-01	2.486077e+00
245	5.797277e-01	5.167685e-01	2.901319e+00
246	4.071945e-01	4.879668e-01	2.123596e+00
247	7.765935e-01	9.238166e-01	1.652662e+00
248	5.071118e-01	4.945325e-01	1.199316e+00
250	5.501918e-01	5.022026e-01	2.170493e+00
251	5.073943e-01	4.690560e-01	2.733268e+00
252	5.823302e-01	4.464804e-01	1.545188e+00
253	4.166233e-01	4.629252e-01	1.376160e+00
254	5.697018e-01	5.308221e-01	1.621397e+00
255	5.672793e-01	5.294267e-01	1.883244e+00
256	5.671713e-01	5.311659e-01	1.612604e+00
257	5.718262e-01	4.269424e-01	2.909135e+00
258	4.665536e-01	3.770909e-01	1.354665e+00
259	4.966626e-01	5.046367e-01	2.770396e+00
260	4.414426e-01	1.215084e-01	2.148999e+00
261	3.047743e-01	5.580998e-01	2.624817e+00
262	8.051160e-01	9.174690e-01	1.126038e+00
263	7.790261e-01	9.690185e-01	2.481192e+00
264	5.053510e-01	5.121804e-01	2.697118e+00
265	5.220900e-01	4.800148e-01	1.938935e+00
266	6.069415e-01	7.426997e-01	1.854910e+00
267	7.818847e-01	9.894100e-01	1.909624e+00
268	4.261719e-01	5.738900e-01	2.625794e+00
269	5.645072e-01	6.968299e-01	1.564729e+00
270	4.703504e-01	5.124886e-01	2.984367e+00
271	7.714981e-01	9.399218e-01	2.497802e+00
272	7.728679e-01	9.383178e-01	1.802149e+00
273	5.554073e-01	5.143207e-01	2.693210e+00
274	5.414166e-01	5.035280e-01	2.276014e+00
276	4.095151e-01	5.331040e-01	1.245237e+00
278	5.012682e-01	4.788928e-01	1.489497e+00
279	4.277054e-01	4.109864e-01	2.305325e+00
280	7.794266e-01	9.703706e-01	2.963850e+00
281	5.002332e-01	4.738630e-01	2.689301e+00
282	3.948044e-01	5.044458e-01	1.346849e+00
283	5.029830e-01	4.907179e-01	2.447973e+00
284	5.604966e-01	4.787675e-01	1.591109e+00
285	5.734644e-01	4.541655e-01	1.931119e+00
287	4.176537e-01	4.133230e-01	2.687347e+00
288	5.100846e-01	5.130754e-01	2.787982e+00
289	3.929728e-01	4.877822e-01	1.510015e+00
291	4.782383e-01	5.243804e-01	2.193942e+00
292	4.987624e-01	4.884943e-01	2.918906e+00
293	4.592523e-01	3.804785e-01	1.734734e+00
294	7.846403e-01	9.315910e-01	1.119199e+00
295	3.941970e-01	5.985758e-01	1.631168e+00
296	5.314790e-01	4.989894e-01	1.258915e+00
297	4.441860e-01	4.176478e-01	2.458720e+00
298	4.104667e-01	4.944647e-01	2.134343e+00
299	4.944070e-01	4.870352e-01	2.662921e+00
300	5.110431e-01	4.852713e-01	2.924768e+00
301	5.843867e-01	5.388545e-01	2.983390e+00
302	9.935404e-01	4.446190e-01	2.305325e+00
303	9.184015e-01	5.342462e-01	2.763556e+00
304	8.052237e-01	4.807643e-01	2.374695e+00
305	4.881828e-01	4.645158e-01	1.703468e+00
306	4.824534e-01	5.257214e-01	1.246214e+00
308	4.479075e-01	4.281784e-01	2.925745e+00
309	4.503332e-01	3.954887e-01	1.857841e+00
310	3.405121e-01	4.017978e-01	2.601368e+00
311	5.063889e-01	4.830489e-01	2.413776e+00
312	4.237548e-01	4.862144e-01	2.569126e+00
314	3.260480e-01	6.034061e-01	1.865657e+00
315	9.194774e-01	2.449478e-01	1.048852e+00
316	4.477617e-01	4.064461e-01	2.574988e+00
317	4.849592e-01	4.845247e-01	1.598925e+00
318	9.782690e-01	3.627413e-01	2.264289e+00
319	4.973655e-01	4.795979e-01	1.176844e+00
320	9.760197e-01	3.692611e-01	1.061553e+00
321	8.269781e-01	8.713376e-01	2.460674e+00
322	4.889105e-01	4.798466e-01	2.526136e+00
323	8.269712e-01	8.734973e-01	2.587689e+00
324	5.496346e-01	5.729729e-01	1.928188e+00
325	4.696317e-01	5.220690e-01	2.006351e+00
326	4.692418e-01	5.234561e-01	1.041036e+00
327	5.655569e-01	5.586940e-01	1.793356e+00
328	8.227513e-01	8.824462e-01	1.312653e+00
329	5.490957e-01	5.725742e-01	1.860772e+00
330	5.891223e-01	4.480995e-01	1.389839e+00
331	5.791831e-01	5.849996e-01	1.052760e+00
332	5.475063e-01	5.741104e-01	1.156326e+00
334	5.469118e-01	6.241760e-01	1.981925e+00
335	4.954039e-01	5.077113e-01	2.256473e+00
336	4.764078e-01	3.802882e-01	2.368832e+00
337	4.297030e-01	3.993910e-01	2.024915e+00
338	7.051313e-01	5.633480e-02	1.087934e+00
339	4.925078e-01	5.031962e-01	1.266732e+00
340	5.256338e-01	5.556315e-01	1.348803e+00
341	8.467598e-01	8.577007e-01	2.472399e+00
342	6.109970e-01	4.651851e-01	2.288715e+00
344	5.158816e-01	4.547759e-01	2.745970e+00
345	5.123925e-01	4.473086e-01	2.490962e+00
346	9.911717e-01	4.636834e-01	2.515388e+00
347	4.657882e-01	5.280396e-01	1.545188e+00
348	5.780226e-01	4.537191e-01	2.662921e+00
349	4.272558e-01	3.845725e-01	2.264289e+00
350	4.026834e-01	4.066375e-01	2.905227e+00
351	3.990106e-01	5.390490e-01	1.058622e+00
352	8.157416e-01	9.558806e-01	2.764533e+00
353	4.445319e-01	5.439601e-01	2.152907e+00
354	7.512892e-01	6.076865e-01	2.784074e+00
355	4.967673e-01	4.824098e-01	2.445042e+00
356	7.067929e-01	7.669756e-01	2.852467e+00
357	4.600338e-01	5.293644e-01	2.070835e+00
358	5.403177e-01	4.903168e-01	1.406448e+00
359	6.400598e-01	1.757054e-01	1.751343e+00
360	5.816694e-01	4.679987e-01	2.077675e+00
361	3.894185e-01	3.873857e-01	1.601856e+00
362	9.930370e-01	4.376456e-01	2.012213e+00
364	5.045427e-01	4.717949e-01	2.048363e+00
365	8.885545e-01	9.652696e-01	2.781143e+00
366	5.677965e-01	4.855214e-01	2.779189e+00
367	5.944045e-01	4.796311e-01	2.617978e+00
369	7.337653e-01	4.945443e-01	1.698583e+00
371	3.085222e-01	7.276786e-01	1.948705e+00
372	4.935995e-01	4.709056e-01	1.416219e+00
373	8.317111e-01	2.994491e-01	1.745481e+00
374	8.389336e-01	2.983522e-01	1.994626e+00
375	5.553224e-01	4.778351e-01	2.291646e+00
376	3.191787e-01	7.316525e-01	1.868588e+00
377	5.027041e-01	4.890885e-01	2.511480e+00
378	4.653164e-01	6.523051e-01	2.596483e+00
379	4.972700e-01	4.761383e-01	2.855398e+00
381	4.990804e-01	4.779931e-01	1.312653e+00
382	5.029681e-01	4.727597e-01	1.787494e+00
383	5.019351e-01	4.815968e-01	2.252565e+00
384	5.061783e-01	5.160733e-01	1.978017e+00
385	5.056165e-01	4.545863e-01	2.965804e+00
386	5.053650e-01	4.610611e-01	2.221299e+00
387	5.068104e-01	4.949674e-01	1.701514e+00
388	4.169504e-01	5.766453e-01	1.135809e+00
389	5.001612e-01	4.709795e-01	2.997069e+00
390	7.664985e-01	6.326902e-01	2.470445e+00
391	5.588601e-01	5.265248e-01	2.362970e+00
392	4.308974e-01	6.419075e-01	2.553493e+00
393	4.528014e-01	4.778676e-01	1.347826e+00
394	2.839807e-01	8.232740e-01	2.896434e+00
395	4.768792e-01	4.929530e-01	1.857841e+00
396	6.207174e-01	4.961790e-01	1.669272e+00
397	4.302595e-01	6.359299e-01	1.726917e+00
398	4.020523e-01	5.268851e-01	2.604299e+00
399	5.092465e-01	4.634701e-01	2.089399e+00
400	4.116815e-01	5.862557e-01	1.552027e+00
401	3.288585e-01	7.843708e-01	1.769907e+00
402	6.090554e-01	5.071390e-01	1.382022e+00
403	3.970383e-01	4.825868e-01	2.510503e+00
404	4.286512e-01	6.422060e-01	1.640938e+00
405	5.272790e-01	4.665271e-01	2.933561e+00
406	3.696743e-01	7.896021e-01	1.033219e+00
407	5.871290e-01	5.268656e-01	1.408403e+00
408	4.791233e-01	4.360123e-01	2.767465e+00
409	5.165074e-01	4.496780e-01	1.526624e+00
410	3.866264e-01	3.880825e-01	1.456277e+00
411	3.466704e-01	7.594921e-01	1.054714e+00
412	5.631349e-01	6.423297e-01	2.601368e+00
413	5.074667e-01	3.860191e-01	2.193942e+00
414	1.148135e-01	7.351334e-01	2.321935e+00
415	6.183571e-01	4.762185e-01	1.564729e+00
416	5.354282e-01	5.409716e-01	1.679043e+00
417	2.950461e-01	8.204743e-01	2.034685e+00
418	3.458638e-01	7.614635e-01	2.564240e+00
419	5.033266e-01	4.715584e-01	2.311187e+00
420	3.815402e-01	5.465762e-01	1.297997e+00
421	4.473404e-01	4.581779e-01	2.873962e+00
422	3.762223e-01	5.455393e-01	2.202736e+00
423	5.256869e-01	5.445992e-01	2.653151e+00
425	7.815085e-01	7.858359e-01	2.461651e+00
426	5.246181e-01	4.955256e-01	1.679043e+00
427	3.654225e-01	5.458032e-01	2.991207e+00
428	2.668770e-01	8.606996e-01	2.857352e+00
429	5.411054e-01	4.970651e-01	1.913532e+00
430	2.612517e-01	7.702254e-01	1.216903e+00
431	2.819834e-01	8.684863e-01	1.214949e+00
433	3.432536e-01	7.681964e-01	1.005862e+00
434	5.392504e-01	5.259870e-01	2.227162e+00
435	3.480191e-01	8.341297e-01	1.723009e+00
436	2.298953e-01	9.236755e-01	1.113337e+00
437	4.842030e-01	6.399611e-01	1.491451e+00
438	5.437689e-01	4.894307e-01	1.692721e+00
439	1.079040e-01	8.986281e-01	1.154372e+00
440	2.702558e-01	7.531319e-01	1.851001e+00
441	4.595356e-01	4.546420e-01	2.418661e+00
442	3.816024e-01	8.040286e-01	1.874450e+00
443	2.855369e-01	7.824250e-01	1.591109e+00
444	3.396810e-01	7.748310e-01	2.199805e+00
445	3.490205e-01	5.635387e-01	2.208598e+00
446	4.451747e-01	4.519375e-01	1.322423e+00
447	3.887806e-01	5.488122e-01	2.361016e+00
448	9.488916e-01	8.333468e-01	1.207132e+00
450	3.913397e-01	5.427431e-01	1.815828e+00
451	5.585559e-01	6.068809e-01	1.328285e+00
452	3.057170e-01	7.471193e-01	2.272106e+00
454	3.007585e-01	7.490207e-01	1.883244e+00
455	2.769402e-01	8.533436e-01	1.599902e+00
457	7.112315e-01	5.690580e-01	2.343429e+00
458	3.393563e-01	7.673478e-01	1.749389e+00
459	5.101575e-01	5.252161e-01	1.835369e+00
461	4.441921e-01	5.260469e-01	1.065462e+00
462	3.449032e-01	5.776515e-01	1.698583e+00
463	3.897433e-01	7.804672e-01	2.761602e+00
464	2.508033e-01	7.752649e-01	1.744504e+00
465	2.795840e-01	8.532437e-01	1.961407e+00
466	3.896818e-01	7.791075e-01	2.449927e+00
467	4.510431e-01	4.217012e-01	2.669761e+00
469	1.738572e-01	8.271094e-01	2.597460e+00
470	3.266894e-01	7.742367e-01	2.960918e+00
471	1.362620e-01	8.032740e-01	1.451392e+00
472	3.254584e-01	7.771474e-01	1.655594e+00
473	3.767308e-01	4.744871e-01	2.572057e+00
475	6.163184e-01	6.789649e-01	1.234489e+00
476	4.029209e-01	6.608289e-01	1.607719e+00
477	5.645497e-01	5.173849e-01	2.643381e+00
478	9.781579e-01	5.718981e-02	1.827553e+00
479	6.585975e-01	8.105505e-01	1.233512e+00
481	4.792026e-01	6.656365e-01	2.058134e+00
482	3.939366e-01	8.053496e-01	2.221299e+00
483	2.026712e-01	8.612406e-01	1.083048e+00
484	4.772348e-01	6.709912e-01	2.453835e+00
485	5.969729e-01	8.334023e-01	2.829018e+00
486	3.532220e-01	7.562378e-01	2.169516e+00
487	5.676552e-01	7.841557e-01	2.371764e+00
488	4.825620e-01	6.498454e-01	1.634099e+00
489	6.352208e-01	6.249083e-01	1.314607e+00
490	7.995535e-01	6.142951e-01	2.292623e+00
491	4.836231e-01	4.672494e-01	1.759160e+00
492	9.838289e-01	6.883099e-02	2.365901e+00
493	2.896138e-01	7.499879e-01	2.942355e+00
494	7.747926e-01	6.103308e-01	1.358574e+00
496	4.330704e-02	9.431910e-01	1.757206e+00
498	3.467332e-01	7.798890e-01	2.251588e+00
499	4.377417e-01	5.165873e-01	1.474841e+00
500	9.973383e-01	5.461788e-02	1.462140e+00
501	4.904524e-01	6.563003e-01	2.850513e+00
502	4.915873e-01	4.406069e-01	2.543723e+00
504	2.731863e-02	7.722753e-01	1.375183e+00
505	3.261536e-01	7.827981e-01	1.170005e+00
506	4.806329e-01	5.700746e-01	2.011236e+00
507	3.897987e-01	7.976982e-01	2.982413e+00
508	3.273353e-01	5.420368e-01	1.578407e+00
509	4.799050e-01	5.588003e-01	2.904250e+00
511	5.744634e-01	4.776860e-01	2.948217e+00
512	2.303076e-01	5.677484e-01	1.856864e+00
514	3.388206e-01	7.686277e-01	1.780655e+00
515	3.932172e-01	7.554555e-01	1.223742e+00
516	3.405321e-01	7.680762e-01	2.928676e+00
517	4.790654e-01	6.657481e-01	1.055691e+00
518	3.398701e-01	7.682906e-01	2.823156e+00
519	4.246522e-01	7.986296e-01	2.886663e+00
520	7.807607e-01	9.082665e-01	1.931119e+00
521	5.683606e-01	4.763907e-01	1.391793e+00
522	5.147625e-01	4.621415e-01	1.467025e+00
523	5.730071e-01	5.564976e-01	1.512946e+00
524	8.371194e-01	3.061434e-01	1.960430e+00
525	8.185037e-01	3.111724e-01	2.254519e+00
526	6.270863e-01	4.724325e-01	2.899365e+00
527	3.951393e-01	8.029482e-01	2.728383e+00
528	5.146003e-01	4.490391e-01	1.247191e+00
529	6.132527e-01	4.679820e-01	1.802149e+00
531	5.399915e-01	4.940457e-01	1.663410e+00
532	5.810991e-01	4.775421e-01	2.556424e+00
533	8.363855e-01	3.051548e-01	2.947240e+00
534	5.125871e-01	4.408402e-01	2.475330e+00
535	3.458208e-01	8.241594e-01	1.237421e+00
536	1.094308e-01	8.597151e-01	2.923791e+00
537	5.057071e-01	6.927376e-01	2.906204e+00
538	8.142024e-01	1.455562e-01	2.668784e+00
539	5.041432e-01	3.923879e-01	2.476307e+00
540	4.526739e-01	4.104716e-01	2.065950e+00
541	5.395966e-01	4.856417e-01	1.983879e+00
542	4.895395e-01	4.677057e-01	1.982902e+00
543	1.664414e-01	8.240074e-01	2.643381e+00
544	7.380220e-01	2.317659e-01	1.637030e+00
545	5.137168e-01	6.885504e-01	1.338056e+00
546	4.478944e-01	4.083342e-01	2.406937e+00
547	6.032335e-01	5.637199e-01	1.422081e+00
548	7.503075e-01	2.376598e-01	2.956033e+00
549	5.188488e-01	4.561080e-01	2.601368e+00
550	5.166527e-01	6.762674e-01	1.846116e+00
551	5.140359e-01	4.408461e-01	1.264778e+00
552	7.502365e-01	2.236403e-01	1.119199e+00
553	5.645092e-01	4.671872e-01	1.956522e+00
554	6.080077e-01	5.995310e-01	2.971666e+00
555	5.126337e-01	4.461542e-01	2.149976e+00
556	5.696690e-01	5.406520e-01	1.574499e+00
557	7.490802e-01	2.210963e-01	1.775769e+00
558	7.613742e-01	2.364648e-01	1.542257e+00
559	7.474803e-01	2.188790e-01	2.984367e+00
560	3.481811e-01	8.310405e-01	2.563263e+00
561	9.971410e-01	5.501387e-02	1.624328e+00
562	5.055731e-01	5.144386e-01	1.577430e+00
564	6.047573e-01	7.782890e-01	1.125061e+00
565	4.980182e-01	4.555134e-01	2.955056e+00
566	4.345411e-01	4.018126e-01	2.865169e+00
567	4.680513e-01	4.077357e-01	1.672203e+00
568	3.784015e-01	7.472047e-01	1.198339e+00
569	3.177658e-01	8.003774e-01	2.513434e+00
570	4.901921e-01	5.915408e-01	1.853933e+00
571	5.221654e-01	4.627634e-01	2.858329e+00
572	4.748372e-01	3.944124e-01	1.574499e+00
573	7.521164e-01	2.239451e-01	1.432829e+00
574	4.790688e-01	4.351202e-01	1.500244e+00
576	3.699058e-01	7.973404e-01	1.323400e+00
578	6.935609e-01	8.652555e-01	2.147044e+00
579	5.124090e-01	4.606825e-01	2.698095e+00
580	3.968175e-01	8.014337e-01	2.203713e+00
581	5.687722e-01	4.937117e-01	1.364436e+00
582	4.737185e-01	4.298989e-01	2.076698e+00
583	1.466795e-01	8.486618e-01	2.011236e+00
584	8.635858e-01	8.495816e-02	1.412311e+00
586	3.641596e-01	7.843173e-01	1.215926e+00
587	5.325700e-01	4.712923e-01	2.299463e+00
588	3.667058e-01	7.947722e-01	1.683928e+00
589	3.515151e-01	7.921097e-01	2.081583e+00
590	3.676820e-01	7.869181e-01	2.350269e+00
591	3.478742e-02	8.973775e-01	2.268197e+00
592	1.923302e-02	9.197802e-01	2.728383e+00
593	3.564046e-01	7.910424e-01	1.194431e+00
594	3.549762e-01	7.942650e-01	2.515388e+00
597	4.801875e-01	5.249703e-01	1.865657e+00
598	9.460330e-01	2.519257e-02	2.900342e+00
599	4.899180e-01	5.122488e-01	1.802149e+00
600	5.406398e-01	4.767368e-01	1.367367e+00
601	2.920856e-01	7.956521e-01	1.148510e+00
604	3.723059e-01	7.476808e-01	1.613581e+00
605	3.609391e-01	7.828901e-01	2.427455e+00
606	5.373099e-01	3.930630e-01	2.196873e+00
607	3.840234e-01	5.906261e-01	1.355642e+00
608	3.708431e-01	7.780641e-01	2.386419e+00
609	5.033108e-01	6.388788e-01	1.294089e+00
610	5.116222e-01	5.890135e-01	1.687836e+00
611	3.428877e-01	7.896044e-01	1.146556e+00
613	5.553194e-01	4.738055e-01	1.597948e+00
614	3.112917e-01	8.062959e-01	2.412799e+00
617	4.526892e-01	5.218382e-01	1.227650e+00
618	3.491616e-01	7.797314e-01	2.522228e+00
619	4.876606e-01	3.799394e-01	1.437714e+00
620	2.873906e-01	7.921080e-01	1.523693e+00
621	2.913040e-01	8.139749e-01	1.221788e+00
622	4.478736e-01	5.722493e-01	1.652662e+00
623	5.154815e-01	5.926959e-01	1.269663e+00
624	3.289606e-01	7.630901e-01	2.967758e+00
625	2.828571e-01	7.904686e-01	2.952125e+00
626	6.091895e-01	4.508705e-01	2.546654e+00
627	5.243310e-01	4.634548e-01	1.818759e+00
628	1.364423e-01	8.280302e-01	1.919394e+00
629	5.243715e-01	4.450184e-01	2.563263e+00
630	6.014596e-01	4.324536e-01	1.451392e+00
631	6.017072e-01	4.381058e-01	1.718124e+00
632	4.970132e-01	4.538230e-01	1.207132e+00
633	4.623555e-01	4.203641e-01	1.236444e+00
634	4.807377e-01	5.427937e-01	2.622863e+00
635	2.773390e-01	7.650983e-01	2.549585e+00
636	3.271429e-01	7.658860e-01	2.966781e+00
637	4.877569e-01	1.649860e-02	2.095261e+00
638	1.383779e-01	9.535920e-01	2.471422e+00
639	5.052019e-01	3.213380e-01	2.395213e+00
641	1.637758e-01	9.277608e-01	2.828041e+00
642	3.533861e-01	4.754335e-01	1.534441e+00
643	2.911967e-01	7.849818e-01	1.550073e+00
644	4.838371e-01	5.592976e-01	1.610650e+00
645	5.582637e-01	5.530907e-01	1.612604e+00
646	4.738327e-01	4.694946e-01	1.086957e+00
648	3.787807e-01	7.791906e-01	2.282853e+00
649	4.008537e-01	4.336872e-01	1.573522e+00
650	4.592273e-01	4.288786e-01	2.497802e+00
651	6.083723e-02	9.059373e-01	1.234489e+00
652	4.888350e-01	5.962708e-01	1.752320e+00
653	5.559286e-01	5.293474e-01	1.589155e+00
655	4.712647e-01	4.169604e-01	1.209086e+00
656	5.290581e-01	5.562316e-01	2.755740e+00
657	4.871085e-01	3.727087e-01	1.499267e+00
658	4.756265e-01	4.366542e-01	1.014656e+00
659	2.914502e-01	7.875398e-01	2.891549e+00
660	4.821159e-01	4.312648e-01	2.478261e+00
661	5.492076e-01	5.259470e-01	1.898876e+00
662	5.202990e-01	5.528084e-01	1.188569e+00
663	4.668786e-01	4.603518e-01	2.785051e+00
664	4.044906e-01	4.478452e-01	2.945286e+00
665	4.860930e-01	4.534675e-01	2.458720e+00
666	3.648539e-01	7.995052e-01	2.673669e+00
667	4.742021e-01	5.017688e-01	1.399609e+00
668	4.995756e-01	5.193477e-01	2.604299e+00
669	4.812119e-01	4.778999e-01	1.529555e+00
670	5.179435e-01	4.837903e-01	2.823156e+00
671	4.221142e-01	1.799186e-01	2.826087e+00
672	3.805211e-01	7.744701e-01	2.844651e+00
673	4.670862e-01	4.488241e-01	2.290669e+00
674	1.543589e-01	8.873460e-01	2.188080e+00
675	4.655645e-01	4.853353e-01	2.570103e+00
676	4.586728e-01	4.739486e-01	2.396190e+00
677	2.687127e-01	5.546853e-01	1.318515e+00
678	2.643655e-01	9.121684e-01	1.733757e+00
679	4.875148e-01	4.720778e-01	2.605276e+00
680	5.314338e-01	1.168149e-01	2.683439e+00
681	4.975245e-01	4.311473e-01	1.587201e+00
682	4.637637e-01	4.779218e-01	1.375183e+00
683	5.076763e-01	5.205904e-01	2.298486e+00
684	2.232075e-01	7.866269e-01	1.285296e+00
685	5.324518e-01	4.954687e-01	2.983390e+00
686	4.472728e-01	7.936161e-01	1.195408e+00
687	4.965150e-01	9.650102e-01	2.667807e+00
688	4.642576e-01	4.859746e-01	2.414753e+00
689	6.443204e-01	5.790736e-01	1.843185e+00
690	4.858534e-01	4.211019e-01	2.396190e+00
691	2.608710e-01	7.903848e-01	1.656571e+00
692	5.296041e-01	3.909349e-01	3.000000e+00
693	4.662135e-01	4.899697e-01	2.728383e+00
694	7.820798e-01	9.437117e-01	1.133854e+00
696	4.686838e-01	4.562542e-01	1.944797e+00
697	5.858347e-01	4.211957e-01	2.883732e+00
698	5.040994e-01	4.187247e-01	2.383488e+00
699	5.593893e-01	5.108972e-01	2.506595e+00
700	4.589297e-01	4.521695e-01	1.786517e+00
701	3.401716e-01	8.420886e-01	2.893503e+00
702	4.696997e-01	4.574761e-01	2.981436e+00
703	5.828958e-01	4.632654e-01	2.663898e+00
704	4.801777e-01	4.469583e-01	2.227162e+00
705	4.798549e-01	4.814997e-01	1.527601e+00
706	4.381427e-01	4.474892e-01	2.610161e+00
707	4.012748e-01	3.939140e-01	1.058622e+00
708	4.704153e-01	4.815516e-01	2.782120e+00
709	7.961068e-02	6.636671e-01	1.854910e+00
710	6.621504e-01	7.906721e-01	1.518808e+00
712	4.684201e-01	4.574465e-01	2.109917e+00
714	4.422588e-01	4.550464e-01	2.074744e+00
715	4.694916e-01	4.582142e-01	2.319003e+00
716	2.393964e-01	8.265707e-01	1.290181e+00
717	4.685425e-01	4.591325e-01	1.286273e+00
718	4.698964e-01	4.544407e-01	1.881290e+00
719	6.544469e-01	4.613351e-01	1.664387e+00
720	6.756412e-01	9.265209e-01	1.242306e+00
721	5.437246e-01	5.625197e-01	1.927211e+00
722	4.289532e-01	4.504551e-01	2.820225e+00
723	1.786040e-01	7.883597e-01	2.792868e+00
724	4.338955e-01	4.597100e-01	1.201270e+00
725	3.989823e-01	4.012893e-01	1.898876e+00
726	5.648565e-01	9.574528e-01	2.183195e+00
727	4.358515e-01	4.620418e-01	1.782609e+00
729	4.917185e-01	4.790229e-01	1.561798e+00
730	4.792378e-01	4.632338e-01	2.282853e+00
731	4.648819e-01	4.486935e-01	2.210552e+00
732	6.308649e-01	4.700383e-01	1.020518e+00
733	6.034252e-01	4.931212e-01	1.784563e+00
734	5.574482e-01	2.194329e-01	1.910601e+00
735	4.812377e-01	4.583835e-01	1.275525e+00
736	5.272367e-01	4.986532e-01	1.212995e+00
737	5.939827e-01	5.701797e-01	2.964827e+00
738	4.785861e-01	4.615812e-01	2.079629e+00
740	4.820141e-01	3.142076e-01	1.187592e+00
741	4.500834e-01	4.055513e-01	1.258915e+00
742	5.854227e-01	9.517757e-01	2.565217e+00
743	5.058917e-01	7.584826e-03	1.707377e+00
744	4.730998e-01	4.587676e-01	1.999511e+00
745	4.670331e-01	4.064744e-01	1.264778e+00
746	4.973191e-01	4.500633e-01	1.110405e+00
747	6.548922e-01	4.954801e-01	1.107474e+00
748	5.775155e-01	9.520265e-01	1.416219e+00
749	6.307076e-01	4.722016e-01	1.070347e+00
751	4.572396e-01	4.122881e-01	2.400098e+00
752	4.806702e-01	4.641991e-01	2.871031e+00
753	4.551610e-01	4.503761e-01	2.739130e+00
754	3.980620e-01	8.922576e-01	1.681974e+00
755	6.099757e-01	3.864194e-01	2.061065e+00
757	4.748381e-01	2.116088e-02	1.579384e+00
759	4.745462e-01	1.081794e-02	1.790425e+00
760	4.308757e-01	2.269511e-02	1.180752e+00
761	5.988199e-01	5.270330e-01	1.073278e+00
763	6.890659e-01	4.349958e-01	2.799707e+00
765	3.387642e-01	8.317220e-02	1.803127e+00
766	7.684472e-01	9.439761e-01	2.775281e+00
768	4.457755e-01	4.165715e-01	2.010259e+00
770	5.108409e-01	4.904905e-01	1.700537e+00
771	5.412142e-01	5.616429e-01	1.339033e+00
772	6.818595e-01	4.313593e-01	2.227162e+00
773	5.863153e-01	3.932593e-01	2.482169e+00
774	6.118766e-01	5.271415e-01	2.958964e+00
775	4.553647e-01	4.404257e-01	1.443576e+00
776	5.779566e-01	3.741322e-01	2.381534e+00
777	4.733718e-01	5.963126e-01	1.971177e+00
778	6.269694e-01	5.529447e-01	2.960918e+00
779	4.113380e-01	3.988377e-01	1.812897e+00
780	3.959336e-01	2.107752e-02	1.991695e+00
781	6.551885e-01	3.397414e-01	1.170982e+00
782	4.814979e-01	4.978631e-01	1.277479e+00
785	5.506786e-01	6.168852e-01	1.176844e+00
786	5.756945e-01	8.106065e-01	1.636053e+00
787	1.338251e-01	4.362060e-01	1.790425e+00
788	4.429948e-01	5.760522e-01	2.336590e+00
789	4.002539e-01	3.973760e-01	1.343918e+00
790	5.269738e-01	4.250558e-01	1.905716e+00
791	4.476194e-01	4.158452e-01	1.784563e+00
792	4.674760e-01	1.394789e-01	2.622863e+00
793	7.147556e-01	6.743062e-01	2.063996e+00
794	4.741327e-01	3.805985e-01	2.497802e+00
795	6.611329e-01	4.874859e-01	2.870054e+00
796	8.504180e-01	2.870747e-01	2.862237e+00
797	8.588735e-01	3.043450e-01	2.981436e+00
798	4.702602e-01	9.876787e-01	1.529555e+00
799	5.254270e-01	4.910649e-01	1.729849e+00
800	4.593733e-01	1.355356e-01	2.290669e+00
801	5.407998e-01	5.307825e-01	2.841720e+00
802	5.227359e-01	5.201324e-01	2.195896e+00
803	4.540893e-01	5.936468e-01	1.601856e+00
804	6.767314e-01	7.276329e-01	2.449927e+00
805	4.156587e-01	3.732618e-01	1.462140e+00
806	5.247103e-01	5.176918e-01	2.041524e+00
808	5.295750e-01	5.156494e-01	2.061065e+00
809	5.582565e-01	4.148213e-01	2.130435e+00
810	7.701841e-01	7.692153e-01	2.205667e+00
811	5.210639e-01	5.252900e-01	2.184172e+00
812	5.389985e-01	4.814751e-01	2.747924e+00
813	4.869067e-01	9.319075e-02	2.602345e+00
814	4.424786e-01	5.747021e-01	2.909135e+00
815	5.251688e-01	5.256036e-01	2.777235e+00
816	4.066502e-01	3.710202e-01	1.295066e+00
817	5.165854e-01	5.413444e-01	1.050806e+00
818	4.404526e-01	5.754156e-01	1.191500e+00
819	5.439574e-01	5.640007e-01	1.198339e+00
820	5.177434e-01	5.649988e-01	2.656082e+00
821	4.949176e-01	8.817293e-02	2.353200e+00
822	4.960314e-01	4.797781e-01	1.692721e+00
823	7.679611e-01	9.420015e-01	2.330728e+00
825	5.423338e-01	4.879799e-01	1.906693e+00
826	4.941869e-01	5.837876e-01	2.192965e+00
827	5.334845e-01	4.819210e-01	1.200293e+00
829	5.008349e-01	5.578600e-01	2.361016e+00
830	7.830943e-01	3.974890e-01	2.080606e+00
831	4.986983e-01	8.992262e-01	1.074255e+00
833	4.955214e-01	5.542983e-01	2.017098e+00
834	7.775406e-01	6.201146e-01	2.191011e+00
835	7.842262e-01	2.940121e-01	1.667318e+00
836	7.837001e-01	3.954691e-01	2.229116e+00
837	4.584537e-01	9.295263e-01	1.188569e+00
838	4.473537e-01	5.626786e-01	2.714704e+00
839	4.660786e-01	3.301752e-01	1.979971e+00
840	4.323623e-01	5.886446e-01	2.954079e+00
841	2.340262e-01	9.390390e-01	1.390816e+00
842	3.242635e-01	8.268239e-01	1.803127e+00
843	4.677213e-01	5.365963e-01	1.039082e+00
844	4.647394e-01	9.393317e-01	1.893014e+00
845	5.336406e-01	5.585157e-01	1.778701e+00
846	3.349561e-01	8.526138e-01	1.295066e+00
847	6.208674e-01	8.475618e-01	1.807035e+00
848	4.572165e-01	5.277130e-01	1.102589e+00
849	5.361528e-01	4.932642e-01	1.879336e+00
850	5.349102e-01	4.918595e-01	1.984856e+00
851	4.383821e-01	4.773368e-01	2.238886e+00
852	4.636548e-01	4.326472e-01	2.868100e+00
854	4.887582e-01	5.249488e-01	2.748901e+00
855	6.854701e-01	4.485492e-01	1.578407e+00
857	4.629082e-01	5.370604e-01	1.621397e+00
858	5.280915e-01	5.168943e-01	2.657059e+00
859	4.767399e-01	4.571136e-01	2.404983e+00
860	4.990189e-01	6.117739e-01	2.272106e+00
861	4.908135e-01	4.052040e-01	1.463117e+00
862	4.883340e-01	5.280531e-01	2.316072e+00
863	5.763514e-01	4.210467e-01	2.334636e+00
864	4.506698e-01	5.193757e-01	1.365413e+00
865	5.013233e-01	4.406353e-01	2.105032e+00
866	6.813325e-01	6.612574e-01	1.339033e+00
867	2.911500e-01	8.526829e-01	2.932584e+00
868	6.444647e-01	3.677052e-01	2.770396e+00
869	4.435087e-01	3.899146e-01	2.378603e+00
870	5.312265e-01	4.916409e-01	1.833415e+00
871	5.123112e-01	4.291712e-01	1.663410e+00
872	3.171269e-01	8.666572e-01	2.251588e+00
873	5.773703e-01	4.733024e-01	1.766976e+00
874	5.005952e-01	1.428107e-01	1.575476e+00
875	1.920881e-01	5.285432e-01	2.771373e+00
876	3.149042e-01	8.696941e-01	1.482658e+00
878	5.288426e-01	5.216492e-01	2.787005e+00
879	5.291159e-01	5.704673e-01	1.959453e+00
880	4.908480e-01	4.709969e-01	2.187103e+00
881	5.241455e-01	5.915042e-01	2.430386e+00
882	4.943899e-01	1.174104e-01	2.679531e+00
883	4.309081e-01	4.783042e-01	2.191988e+00
884	5.007644e-01	1.240998e-01	2.945286e+00
887	4.569118e-01	4.856603e-01	2.793845e+00
889	4.176149e-01	4.786181e-01	2.132389e+00
890	4.859514e-01	1.017148e-01	1.627259e+00
891	4.500061e-01	4.714440e-01	1.623351e+00
892	4.350712e-01	4.930697e-01	2.772350e+00
893	5.384133e-01	5.314528e-01	1.552027e+00
895	4.160719e-01	5.630953e-01	1.180752e+00
896	4.460773e-01	4.742623e-01	1.632145e+00
897	5.142489e-01	9.894736e-02	1.680997e+00
898	4.938812e-01	2.256350e-01	2.828041e+00
899	5.528410e-01	4.552593e-01	1.703468e+00
900	4.319693e-01	4.604738e-01	1.471910e+00
901	4.437212e-01	4.717273e-01	2.368832e+00
903	4.844109e-01	5.150929e-01	1.961407e+00
904	5.277554e-01	5.056904e-01	1.756229e+00
905	4.546885e-01	4.676401e-01	2.987298e+00
906	4.924839e-01	5.098600e-01	2.332682e+00
907	5.106549e-01	1.014692e-01	1.097704e+00
908	5.517301e-01	4.748804e-01	1.954568e+00
909	5.130419e-01	5.401065e-01	1.704446e+00
912	5.336224e-01	5.097432e-01	1.853933e+00
913	4.736242e-01	6.407242e-02	2.829995e+00
915	4.738267e-01	5.975395e-02	2.232047e+00
916	4.923160e-01	1.148176e-01	2.093307e+00
917	4.719208e-01	4.677863e-01	2.587689e+00
918	6.953390e-01	7.740121e-01	2.698095e+00
919	5.465580e-01	4.990726e-01	1.896922e+00
920	3.079641e-01	7.909364e-01	1.212995e+00
921	3.448711e-01	8.633837e-01	1.502198e+00
922	5.187932e-01	5.333509e-01	2.614069e+00
923	5.024602e-01	1.362515e-01	2.880801e+00
924	4.484111e-01	4.722007e-01	1.956522e+00
925	4.955656e-01	1.233667e-01	2.745970e+00
926	4.838945e-01	8.148395e-02	1.179775e+00
929	4.428186e-01	4.744291e-01	1.935027e+00
930	5.065613e-01	5.512244e-01	1.975085e+00
931	4.846734e-01	4.600975e-01	1.067416e+00
932	4.398597e-01	4.443869e-01	2.024915e+00
933	4.960088e-01	1.305520e-01	2.810454e+00
934	2.689452e-01	3.639283e-01	2.428432e+00
935	5.102939e-01	5.520641e-01	1.957499e+00
936	5.738713e-01	4.880847e-01	2.306302e+00
937	4.901557e-01	5.079775e-01	2.557401e+00
938	5.007807e-01	4.891776e-01	1.243283e+00
939	5.049591e-01	5.327192e-01	2.429409e+00
940	5.269749e-01	4.539047e-01	2.523205e+00
941	5.244862e-01	5.696951e-01	2.842697e+00
942	5.245843e-01	5.277706e-01	2.247680e+00
943	6.423756e-01	4.065520e-01	2.000489e+00
944	4.884793e-01	5.592312e-01	2.446019e+00
945	5.192144e-01	5.380959e-01	2.360039e+00
946	5.038602e-01	5.467681e-01	2.567171e+00
947	4.854654e-01	4.960948e-01	2.415730e+00
948	4.867803e-01	5.647852e-01	1.989741e+00
950	5.401119e-01	2.514280e-02	2.656082e+00
954	5.514564e-01	5.312629e-01	2.908158e+00
955	4.358098e-01	4.543048e-01	2.731314e+00
956	5.271385e-01	5.287683e-01	2.544700e+00
958	5.194454e-01	5.190305e-01	2.890572e+00
959	4.992064e-01	4.471195e-01	1.654617e+00
960	4.976619e-01	5.705488e-01	1.008793e+00
961	6.214666e-01	1.542044e-01	1.811920e+00
962	5.549277e-01	5.507776e-01	1.260870e+00
963	5.112066e-01	4.771470e-01	1.347826e+00
964	5.251724e-01	5.248833e-01	1.325354e+00
965	5.377879e-01	5.330936e-01	1.420127e+00
966	5.890461e-01	2.176380e-01	2.845628e+00
967	2.955905e-01	7.888413e-01	1.853933e+00
970	4.829927e-01	4.505762e-01	1.303859e+00
971	6.126570e-01	1.651196e-01	2.722521e+00
972	5.896931e-01	3.873314e-01	1.294089e+00
973	5.205956e-01	1.299629e-01	1.675134e+00
974	5.095953e-01	5.445655e-01	2.417684e+00
975	4.715388e-01	4.861863e-01	2.053249e+00
976	5.106240e-01	4.942358e-01	1.276502e+00
978	3.614786e-01	6.407427e-01	2.779189e+00
979	5.091065e-01	4.734183e-01	1.984856e+00
980	6.280944e-01	8.291221e-01	2.295554e+00
981	4.781851e-01	4.612475e-01	1.652662e+00
982	4.801007e-01	4.709873e-01	2.464582e+00
983	5.734050e-01	5.497223e-01	1.763068e+00
984	4.791076e-01	4.306387e-01	2.508549e+00
985	4.721789e-01	5.374134e-01	2.026869e+00
987	6.726306e-01	3.401172e-01	1.160234e+00
988	7.137288e-01	3.099104e-01	2.302394e+00
991	5.792117e-01	1.581002e-01	1.855887e+00
992	4.613579e-01	5.226416e-01	1.384954e+00
993	6.085476e-01	4.435567e-01	2.598437e+00
994	5.642052e-01	1.670988e-01	2.130435e+00
995	6.068053e-01	4.362952e-01	1.690767e+00
996	5.731050e-01	5.385679e-01	2.587689e+00
997	5.195868e-01	5.114735e-01	1.940889e+00
999	4.740789e-01	4.745365e-01	2.099170e+00
999	4.740789e-01	4.745365e-01	2.099170e+00
999	4.740789e-01	4.745365e-01	2.099170e+00
999	4.740789e-01	4.745365e-01	2.099170e+00
999	4.740789e-01	4.745365e-01	2.099170e+00
999	4.740789e-01	4.745365e-01	2.099170e+00
999	4.740789e-01	4.745365e-01	2.099170e+00
999	4.740789e-01	4.745365e-01	2.099170e+00
999	4.740789e-01	4.745365e-01	2.099170e+00
999	4.740789e-01	4.745365e-01	2.099170e+00
999	4.740789e-01	4.745365e-01	2.099170e+00
999	4.740789e-01	4.745365e-01	2.099170e+00
999	4.740789e-01	4.745365e-01	2.099170e+00
999	4.740789e-01	4.745365e-01	2.099170e+00
999	4.740789e-01	4.745365e-01	2.099170e+00
999	4.740789e-01	4.745365e-01	2.099170e+00
999	4.740789e-01	4.745365e-01	2.099170e+00
999	4.740789e-01	4.745365e-01	2.099170e+00
999	4.740789e-01	4.745365e-01	2.099170e+00
999	4.740789e-01	4.745365e-01	2.099170e+00
999	4.740789e-01	4.745365e-01	2.099170e+00
999	4.740789e-01	4.745365e-01	2.099170e+00
999	4.740789e-01	4.745365e-01	2.099170e+00
999	4.740789e-01	4.745365e-01	2.099170e+00
999	4.740789e-01	4.745365e-01	2.099170e+00
999	4.740789e-01	4.745365e-01	2.099170e+00
999	4.740789e-01	4.745365e-01	2.099170e+00
999	4.740789e-01	4.745365e-01	2.099170e+00
999	4.740789e-01	4.745365e-01	2.099170e+00
999	4.740789e-01	4.745365e-01	2.099170e+00
999	4.740789e-01	4.745365e-01	2.099170e+00
999	4.740789e-01	4.745365e-01	2.099170e+00
999	4.740789e-01	4.745365e-01	2.099170e+00
999	4.740789e-01	4.745365e-01	2.099170e+00
999	4.740789e-01	4.745365e-01	2.099170e+00
999	4.740789e-01	4.745365e-01	2.099170e+00
999	4.740789e-01	4.745365e-01	2.099170e+00
999	4.740789e-01	4.745365e-01	2.099170e+00
999	4.740789e-01	4.745365e-01	2.099170e+00
999	4.740789e-01	4.745365e-01	2.099170e+00
999	4.740789e-01	4.745365e-01	2.099170e+00
999	4.740789e-01	4.745365e-01	2.099170e+00
999	4.740789e-01	4.745365e-01	2.099170e+00
999	4.740789e-01	4.745365e-01	2.099170e+00
999	4.740789e-01	4.745365e-01	2.099170e+00
999	4.740789e-01	4.745365e-01	2.099170e+00
999	4.740789e-01	4.745365e-01	2.099170e+00
999	4.740789e-01	4.745365e-01	2.099170e+00
999	4.740789e-01	4.745365e-01	2.099170e+00
999	4.740789e-01	4.745365e-01	2.099170e+00
999	4.740789e-01	4.745365e-01	2.099170e+00
999	4.740789e-01	4.745365e-01	2.099170e+00
999	4.740789e-01	4.745365e-01	2.099170e+00
999	4.740789e-01	4.745365e-01	2.099170e+00
999	4.740789e-01	4.745365e-01	2.099170e+00
999	4.740789e-01	4.745365e-01	2.099170e+00
999	4.740789e-01	4.745365e-01	2.099170e+00
999	4.740789e-01	4.745365e-01	2.099170e+00
999	4.740789e-01	4.745365e-01	2.099170e+00
999	4.740789e-01	4.745365e-01	2.099170e+00
999	4.740789e-01	4.745365e-01	2.099170e+00
999	4.740789e-01	4.745365e-01	2.099170e+00
999	4.740789e-01	4.745365e-01	2.099170e+00
999	4.740789e-01	4.745365e-01	2.099170e+00
999	4.740789e-01	4.745365e-01	2.099170e+00
999	4.740789e-01	4.745365e-01	2.099170e+00
999	4.740789e-01	4.745365e-01	2.099170e+00
999	4.740789e-01	4.745365e-01	2.099170e+00
999	4.740789e-01	4.745365e-01	2.099170e+00
999	4.740789e-01	4.745365e-01	2.099170e+00
999	4.740789e-01	4.745365e-01	2.099170e+00
999	4.740789e-01	4.745365e-01	2.099170e+00
999	4.740789e-01	4.745365e-01	2.099170e+00
999	4.740789e-01	4.745365e-01	2.099170e+00
999	4.740789e-01	4.745365e-01	2.099170e+00
999	4.740789e-01	4.745365e-01	2.099170e+00
999	4.740789e-01	4.745365e-01	2.099170e+00
999	4.740789e-01	4.745365e-01	2.099170e+00
999	4.740789e-01	4.745365e-01	2.099170e+00
999	4.740789e-01	4.745365e-01	2.099170e+00
999	4.740789e-01	4.745365e-01	2.099170e+00
999	4.740789e-01	4.745365e-01	2.099170e+00
999	4.740789e-01	4.745365e-01	2.099170e+00
999	4.740789e-01	4.745365e-01	2.099170e+00
999	4.740789e-01	4.745365e-01	2.099170e+00
999	4.740789e-01	4.745365e-01	2.099170e+00
999	4.740789e-01	4.745365e-01	2.099170e+00
999	4.740789e-01	4.745365e-01	2.099170e+00
999	4.740789e-01	4.745365e-01	2.099170e+00
999	4.740789e-01	4.745365e-01	2.099170e+00
999	4.740789e-01	4.745365e-01	2.099170e+00
999	4.740789e-01	4.745365e-01	2.099170e+00
999	4.740789e-01	4.745365e-01	2.099170e+00
999	4.740789e-01	4.745365e-01	2.099170e+00
999	4.740789e-01	4.745365e-01	2.099170e+00
999	4.740789e-01	4.745365e-01	2.099170e+00
999	4.740789e-01	4.745365e-01	2.099170e+00
