1000
0	5.180993e-01	4.699352e-01	1.398632e+00
2	4.226321e-01	4.900977e-01	1.108451e+00
3	4.549574e-01	4.176950e-01	2.925745e+00
4	5.076572e-01	4.337127e-01	2.732291e+00
5	6.001496e-01	2.573016e-01	1.257938e+00
6	7.769737e-01	6.731442e-01	2.424524e+00
7	5.668468e-01	5.831211e-01	1.383000e+00
8	5.074665e-01	5.977199e-01	2.705911e+00
9	5.972656e-01	5.506417e-01	2.526136e+00
10	5.415968e-01	3.782724e-01	2.442110e+00
11	6.796775e-01	5.160759e-01	2.233024e+00
12	4.857552e-01	4.836951e-01	2.376649e+00
13	1.901025e-01	1.980497e-01	2.799707e+00
14	5.691425e-01	5.535464e-01	1.556913e+00
15	5.680253e-01	5.820685e-01	2.950171e+00
16	5.082202e-01	5.551167e-01	1.066439e+00
17	4.615595e-01	5.743869e-01	1.626282e+00
18	4.743812e-01	4.844563e-01	1.306790e+00
19	4.850653e-01	4.288657e-01	2.902296e+00
21	5.565064e-01	4.437565e-01	1.195408e+00
22	4.890249e-01	4.873112e-01	1.785540e+00
23	4.885932e-01	4.471179e-01	1.248168e+00
24	4.926046e-01	4.657612e-01	1.863703e+00
25	4.800316e-01	5.325655e-01	2.671715e+00
26	4.844518e-01	4.435356e-01	2.487054e+00
27	5.027794e-01	6.251170e-01	1.946751e+00
29	4.100822e-01	5.829644e-01	2.152907e+00
30	5.057645e-01	4.832542e-01	1.388862e+00
32	6.130796e-01	4.881831e-01	1.591109e+00
33	2.685371e-01	2.779688e-01	2.205667e+00
34	5.205949e-01	3.357285e-01	2.181241e+00
35	5.119590e-01	4.896072e-01	1.475818e+00
36	4.786079e-01	6.299290e-01	2.309233e+00
37	5.691490e-01	4.692369e-01	2.073766e+00
39	3.238484e-01	2.747849e-01	2.331705e+00
40	5.453803e-01	5.211047e-01	1.126038e+00
41	4.833841e-01	4.489721e-01	2.235955e+00
42	3.639506e-01	3.921360e-01	2.805569e+00
44	4.474073e-01	4.267177e-01	2.555447e+00
46	4.900255e-01	4.566487e-01	2.559355e+00
47	6.369831e-01	4.446521e-01	1.895945e+00
48	4.822071e-01	6.090984e-01	1.282364e+00
49	3.033550e-01	2.852218e-01	2.024915e+00
50	5.143707e-01	4.310097e-01	2.750855e+00
51	4.208594e-01	4.045066e-01	2.412799e+00
52	5.010064e-01	4.500833e-01	2.557401e+00
53	2.624406e-01	4.168648e-01	1.648754e+00
54	4.893351e-01	4.439821e-01	1.721055e+00
55	5.105131e-01	4.818557e-01	2.588666e+00
56	5.213898e-01	4.934889e-01	1.525647e+00
57	4.737640e-01	4.318494e-01	2.751832e+00
58	5.598735e-01	5.486588e-01	2.625794e+00
59	3.297882e-01	2.714402e-01	1.663410e+00
60	3.363887e-01	2.444389e-01	1.993649e+00
61	5.017479e-01	4.366596e-01	2.560332e+00
62	5.469156e-01	4.707654e-01	1.696629e+00
63	4.445569e-01	4.573671e-01	1.506106e+00
64	5.045297e-01	4.721078e-01	2.675623e+00
65	4.975434e-01	4.698579e-01	2.497802e+00
66	3.331710e-01	2.686092e-01	1.031265e+00
67	5.652067e-01	3.767526e-01	2.361993e+00
68	5.055534e-01	4.762326e-01	1.866634e+00
69	4.671225e-01	3.406357e-01	2.930630e+00
70	3.466770e-01	4.107860e-01	1.503175e+00
71	4.964100e-01	4.743536e-01	1.135809e+00
72	5.677685e-01	4.135577e-01	2.449927e+00
73	4.403598e-01	4.018642e-01	2.831949e+00
74	5.107197e-01	4.557586e-01	2.317049e+00
75	5.664555e-01	5.250522e-01	2.353200e+00
76	5.101953e-01	4.399059e-01	2.575965e+00
77	5.142773e-01	6.182788e-01	2.922814e+00
78	6.241621e-01	2.994106e-01	2.289692e+00
79	5.271989e-01	6.380939e-01	2.766488e+00
81	5.521423e-01	5.137329e-01	2.769419e+00
82	5.154439e-01	5.646062e-01	1.110405e+00
85	4.902341e-01	4.392420e-01	1.412311e+00
86	4.853173e-01	6.562013e-01	1.951637e+00
87	4.915015e-01	5.582805e-01	1.449438e+00
88	5.739389e-01	5.464444e-01	2.176356e+00
90	5.378334e-01	4.025081e-01	1.212995e+00
91	3.703591e-01	5.812848e-01	1.872496e+00
92	6.033890e-01	3.397696e-01	1.606742e+00
93	5.770140e-01	3.862277e-01	1.183683e+00
95	5.925941e-01	2.827554e-01	2.514411e+00
96	4.754441e-01	4.012293e-01	2.736199e+00
97	4.244874e-01	4.386028e-01	1.617489e+00
98	5.004936e-01	5.161858e-01	2.456766e+00
99	5.974987e-01	5.657276e-01	1.406448e+00
100	5.157826e-01	6.173486e-01	2.453835e+00
102	5.171531e-01	3.754217e-01	2.712750e+00
103	3.271335e-01	8.516724e-01	2.877870e+00
104	5.629055e-01	4.856584e-01	1.533464e+00
105	5.607524e-01	4.037927e-01	2.169516e+00
106	4.513559e-01	5.601249e-01	2.160723e+00
107	4.834831e-01	4.919173e-01	2.483146e+00
109	4.868820e-01	4.069909e-01	1.117245e+00
110	5.616502e-01	3.914118e-01	2.709819e+00
111	4.455753e-01	5.145186e-01	2.039570e+00
112	4.782542e-01	6.217933e-01	2.929653e+00
113	5.770340e-01	4.793473e-01	2.125550e+00
114	5.473316e-01	5.139492e-01	2.148999e+00
116	5.289027e-01	4.333206e-01	1.206155e+00
117	4.913663e-01	6.277150e-01	2.689301e+00
118	5.778024e-01	4.798343e-01	1.997557e+00
119	4.834537e-01	5.925246e-01	1.753298e+00
120	5.677237e-01	3.252870e-01	1.491451e+00
121	4.981291e-01	4.903318e-01	2.381534e+00
122	5.226570e-01	5.488681e-01	1.837323e+00
123	5.369221e-01	4.474367e-01	2.723498e+00
126	5.487639e-01	4.722330e-01	1.216903e+00
127	9.177533e-02	3.231913e-01	1.385931e+00
129	4.461429e-01	5.121962e-01	1.094773e+00
130	3.403936e-01	2.691135e-01	1.887152e+00
131	3.185108e-01	5.331856e-01	1.869565e+00
133	5.373142e-01	5.041059e-01	1.905716e+00
134	5.292692e-01	4.243784e-01	2.319980e+00
135	5.009224e-01	7.203781e-01	1.549096e+00
136	4.646945e-01	4.419783e-01	1.155349e+00
137	5.125384e-01	5.229993e-01	1.261847e+00
139	5.084988e-01	5.829385e-01	1.148510e+00
141	5.104768e-01	5.278401e-01	1.865657e+00
142	5.060585e-01	4.907610e-01	2.988276e+00
143	4.531178e-01	7.196321e-01	1.479726e+00
144	5.254160e-01	5.264749e-01	1.016610e+00
145	5.267173e-01	4.750697e-01	2.095261e+00
146	5.449457e-01	4.399746e-01	2.442110e+00
147	4.210450e-01	5.755384e-01	1.070347e+00
148	5.041532e-01	5.444434e-01	1.417196e+00
149	4.386675e-01	5.525814e-01	2.817294e+00
150	5.240733e-01	3.870679e-01	1.164143e+00
151	5.122870e-01	4.388971e-01	2.738153e+00
152	6.119045e-01	4.792676e-01	2.338544e+00
153	5.545911e-01	4.272565e-01	1.282364e+00
154	4.990266e-01	4.706480e-01	2.676600e+00
155	5.549321e-01	4.239595e-01	2.443087e+00
156	5.470895e-01	4.384778e-01	2.375672e+00
157	5.216148e-01	7.379872e-01	1.220811e+00
158	5.750531e-01	5.142992e-01	2.208598e+00
159	5.569011e-01	3.975870e-01	2.407914e+00
162	5.356293e-01	4.810706e-01	2.277968e+00
164	5.192275e-01	4.162778e-01	2.409868e+00
165	4.299198e-01	4.904449e-01	2.083537e+00
166	1.868278e-01	5.794661e-01	2.286761e+00
167	5.420168e-01	4.985027e-01	1.194431e+00
168	5.026491e-01	4.780658e-01	2.818271e+00
169	5.362661e-01	4.789263e-01	2.827064e+00
170	5.279484e-01	4.629694e-01	1.684905e+00
171	6.298515e-01	4.719249e-01	1.999511e+00
172	4.932913e-01	5.034841e-01	1.956522e+00
174	5.544219e-01	5.076147e-01	2.323889e+00
175	4.976008e-01	4.383211e-01	2.501710e+00
176	5.404353e-01	4.843193e-01	2.395213e+00
177	5.472561e-01	4.644274e-01	2.719590e+00
178	1.873397e-01	3.291662e-02	2.937469e+00
179	5.176545e-01	5.062795e-01	2.803615e+00
180	1.639558e-01	3.624147e-02	1.322423e+00
182	5.115734e-01	4.873294e-01	1.794333e+00
183	5.305552e-01	5.171275e-01	2.611138e+00
184	4.903060e-01	4.959809e-01	1.724963e+00
185	4.729836e-01	4.131575e-01	1.983879e+00
186	4.535286e-01	4.356743e-01	2.181241e+00
188	5.228764e-01	4.871939e-01	1.295066e+00
189	5.407935e-01	4.672218e-01	1.970200e+00
190	5.128831e-01	4.483117e-01	2.387396e+00
191	3.872766e-01	5.842922e-01	2.386419e+00
192	4.298501e-01	3.683358e-01	2.647289e+00
193	4.455356e-01	4.977475e-01	1.686859e+00
195	4.079032e-01	5.246853e-01	1.553981e+00
196	5.596835e-01	4.959067e-01	1.764045e+00
197	5.120477e-01	5.052028e-01	1.632145e+00
199	5.754615e-01	4.852458e-01	1.235467e+00
200	5.243841e-01	3.888277e-01	2.251588e+00
201	5.285562e-01	4.977068e-01	1.751343e+00
202	5.672246e-01	5.542701e-01	1.715193e+00
203	5.597863e-01	5.339859e-01	2.109917e+00
204	5.193791e-01	3.878286e-01	2.137274e+00
205	5.187939e-01	6.063319e-01	2.099170e+00
206	5.888738e-01	4.702898e-01	2.057157e+00
207	6.294516e-01	5.286076e-01	2.246702e+00
208	5.129655e-01	4.390762e-01	1.894968e+00
209	4.971321e-01	5.718743e-01	2.453835e+00
210	4.978067e-01	4.842455e-01	2.834880e+00
211	4.631467e-01	3.362136e-01	2.215437e+00
212	5.167893e-01	5.030964e-01	2.153884e+00
213	5.586503e-01	5.278524e-01	2.475330e+00
214	5.580314e-01	5.020556e-01	1.274548e+00
215	3.814786e-01	3.662989e-01	2.127504e+00
217	6.593906e-01	4.254523e-01	1.790425e+00
219	5.005277e-01	4.777398e-01	1.692721e+00
220	4.257481e-01	5.721654e-01	2.042501e+00
221	4.899088e-01	5.961135e-01	1.468979e+00
222	4.911920e-01	4.529583e-01	1.784563e+00
223	4.180804e-01	5.577252e-01	1.068393e+00
226	6.597938e-01	4.301326e-01	1.839277e+00
227	5.751726e-01	4.327646e-01	1.175867e+00
228	5.257232e-01	3.668552e-01	2.807523e+00
229	5.571450e-01	5.899819e-01	2.811431e+00
230	6.431514e-01	1.328924e-01	1.192477e+00
232	4.276139e-01	4.623078e-01	1.620420e+00
233	4.832847e-01	7.161520e-01	2.624817e+00
234	6.437698e-01	1.328367e-01	2.806546e+00
235	4.235910e-01	3.448143e-01	1.763068e+00
238	4.575389e-01	7.926647e-01	2.458720e+00
239	5.494569e-01	3.606125e-01	2.463605e+00
241	5.043881e-01	4.309176e-01	1.146556e+00
242	5.107755e-01	6.406530e-01	1.395701e+00
243	6.009312e-01	6.254707e-01	1.755252e+00
245	5.810554e-01	4.876144e-01	2.901319e+00
246	5.438245e-01	5.588639e-01	2.123596e+00
248	4.806073e-01	4.246101e-01	1.199316e+00
250	5.166158e-01	4.461424e-01	2.170493e+00
251	5.737193e-01	4.281803e-01	2.733268e+00
252	5.439729e-01	3.897313e-01	1.545188e+00
253	5.189102e-01	3.828363e-01	1.376160e+00
254	6.100624e-01	4.686039e-01	1.621397e+00
255	6.040604e-01	4.679192e-01	1.883244e+00
256	6.040139e-01	4.679568e-01	1.612604e+00
257	5.643438e-01	4.118791e-01	2.909135e+00
258	4.380072e-01	4.403436e-01	1.354665e+00
259	5.921013e-01	5.199642e-01	2.770396e+00
260	4.247177e-01	4.821779e-01	2.148999e+00
261	4.838150e-01	4.908735e-01	2.624817e+00
264	4.665728e-01	5.680035e-01	2.697118e+00
265	5.815830e-01	4.848781e-01	1.938935e+00
266	5.004641e-01	5.909477e-01	1.854910e+00
268	5.581195e-01	3.184631e-01	2.625794e+00
269	4.165918e-01	4.601603e-01	1.564729e+00
270	3.982233e-01	4.632414e-01	2.984367e+00
273	4.563637e-01	5.673339e-01	2.693210e+00
274	5.161260e-01	5.331923e-01	2.276014e+00
276	4.726010e-01	5.370343e-01	1.245237e+00
278	5.166731e-01	5.220620e-01	1.489497e+00
279	5.361731e-01	3.679490e-01	2.305325e+00
281	5.124963e-01	5.256188e-01	2.689301e+00
282	4.386558e-01	4.666458e-01	1.346849e+00
283	4.875075e-01	4.908233e-01	2.447973e+00
284	5.576195e-01	5.336592e-01	1.591109e+00
285	6.793406e-01	5.688261e-01	1.931119e+00
287	5.529510e-01	5.646565e-01	2.687347e+00
288	5.757322e-01	3.822765e-01	2.787982e+00
289	5.428435e-01	5.740577e-01	1.510015e+00
291	5.833160e-01	4.535047e-01	2.193942e+00
292	5.135635e-01	5.394192e-01	2.918906e+00
293	5.665203e-01	4.719730e-01	1.734734e+00
295	5.576804e-01	4.477610e-01	1.631168e+00
296	6.461632e-01	6.214101e-01	1.258915e+00
297	5.017174e-01	4.620446e-01	2.458720e+00
298	5.404339e-01	4.610190e-01	2.134343e+00
299	5.719937e-01	4.658567e-01	2.662921e+00
300	5.712702e-01	5.179567e-01	2.924768e+00
301	5.222470e-01	4.138191e-01	2.983390e+00
304	4.132007e-01	9.130849e-01	2.374695e+00
305	4.660415e-01	4.832619e-01	1.703468e+00
306	5.424015e-01	4.893311e-01	1.246214e+00
308	2.744719e-01	2.948099e-01	2.925745e+00
309	5.448823e-01	4.739185e-01	1.857841e+00
310	5.264990e-01	4.855323e-01	2.601368e+00
311	4.939455e-01	4.679933e-01	2.413776e+00
312	4.669061e-01	4.146948e-01	2.569126e+00
314	6.092554e-01	6.264410e-01	1.865657e+00
316	4.241260e-01	3.627639e-01	2.574988e+00
317	5.221534e-01	4.791818e-01	1.598925e+00
319	5.438474e-01	5.685105e-01	1.176844e+00
322	5.479895e-01	5.100428e-01	2.526136e+00
324	2.242914e-01	3.366476e-01	1.928188e+00
325	4.767417e-01	4.733542e-01	2.006351e+00
326	5.292606e-01	5.573146e-01	1.041036e+00
327	4.894442e-01	4.654456e-01	1.793356e+00
329	2.276112e-01	3.356880e-01	1.860772e+00
330	5.315943e-01	5.403455e-01	1.389839e+00
331	5.433762e-01	5.440702e-01	1.052760e+00
332	2.211286e-01	3.346491e-01	1.156326e+00
334	4.624102e-01	5.145592e-01	1.981925e+00
335	4.565153e-01	3.149507e-01	2.256473e+00
336	4.616265e-01	4.302050e-01	2.368832e+00
337	4.325231e-01	3.873994e-01	2.024915e+00
339	4.476941e-01	3.082181e-01	1.266732e+00
340	8.682885e-04	4.455261e-01	1.348803e+00
341	8.016799e-01	9.650420e-01	2.472399e+00
342	6.589309e-01	5.182046e-01	2.288715e+00
344	4.842936e-01	4.426788e-01	2.745970e+00
345	5.046245e-01	3.893119e-01	2.490962e+00
347	5.223539e-01	3.615126e-01	1.545188e+00
348	6.454949e-01	5.165958e-01	2.662921e+00
349	5.663443e-01	5.509458e-01	2.264289e+00
350	2.395618e-01	3.422376e-01	2.905227e+00
351	5.092971e-01	3.960934e-01	1.058622e+00
353	5.101883e-01	5.765262e-01	2.152907e+00
354	6.799762e-01	1.986818e-01	2.784074e+00
355	5.370643e-01	5.079265e-01	2.445042e+00
356	3.348130e-01	4.411288e-01	2.852467e+00
357	4.764382e-01	5.352925e-01	2.070835e+00
358	4.820440e-01	5.517949e-01	1.406448e+00
359	4.210154e-01	7.546072e-01	1.751343e+00
360	6.596754e-01	4.888491e-01	2.077675e+00
361	4.818753e-01	4.485289e-01	1.601856e+00
364	5.378823e-01	4.181129e-01	2.048363e+00
366	5.578957e-01	5.032814e-01	2.779189e+00
367	6.872431e-01	4.909233e-01	2.617978e+00
369	3.865695e-01	9.311260e-01	1.698583e+00
371	4.823224e-01	5.442985e-01	1.948705e+00
372	4.697303e-01	4.706928e-01	1.416219e+00
373	2.904196e-01	5.001579e-01	1.745481e+00
374	2.993074e-01	4.875755e-01	1.994626e+00
375	4.616001e-01	4.762261e-01	2.291646e+00
376	4.639295e-01	6.444154e-01	1.868588e+00
377	5.071117e-01	4.999233e-01	2.511480e+00
378	6.537784e-01	4.278796e-01	2.596483e+00
379	4.983623e-01	4.910280e-01	2.855398e+00
381	4.961713e-01	4.906141e-01	1.312653e+00
382	4.960983e-01	4.906006e-01	1.787494e+00
383	4.519533e-01	5.564320e-01	2.252565e+00
384	4.675799e-01	3.729271e-01	1.978017e+00
385	4.799078e-01	4.787190e-01	2.965804e+00
386	4.906146e-01	4.879160e-01	2.221299e+00
387	5.117331e-01	4.801851e-01	1.701514e+00
388	4.581565e-01	4.321820e-01	1.135809e+00
389	4.907677e-01	4.564980e-01	2.997069e+00
390	5.808320e-01	2.187292e-01	2.470445e+00
391	4.998906e-01	4.637338e-01	2.362970e+00
392	3.741154e-01	3.317417e-01	2.553493e+00
393	6.107280e-01	3.747482e-01	1.347826e+00
394	5.370875e-01	5.226511e-01	2.896434e+00
395	5.981252e-01	5.000412e-01	1.857841e+00
396	6.469634e-01	4.703513e-01	1.669272e+00
397	3.754582e-01	3.630982e-01	1.726917e+00
398	5.244662e-01	5.149376e-01	2.604299e+00
399	5.702547e-01	5.484782e-01	2.089399e+00
400	4.964561e-01	5.401758e-01	1.552027e+00
401	4.174736e-01	6.017182e-01	1.769907e+00
402	5.613216e-01	5.228726e-01	1.382022e+00
403	4.980769e-01	5.236979e-01	2.510503e+00
404	3.407169e-01	2.489426e-01	1.640938e+00
405	5.125368e-01	4.802515e-01	2.933561e+00
406	4.654576e-01	5.533868e-01	1.033219e+00
407	5.563757e-01	2.722602e-01	1.408403e+00
408	4.507023e-01	4.734562e-01	2.767465e+00
409	4.906454e-01	5.268871e-01	1.526624e+00
410	4.178947e-01	3.391395e-01	1.456277e+00
411	4.814154e-01	6.035493e-01	1.054714e+00
412	4.432812e-01	5.028578e-01	2.601368e+00
413	2.437037e-01	2.036209e-02	2.193942e+00
415	5.982526e-01	5.176616e-01	1.564729e+00
416	5.083965e-01	4.087000e-01	1.679043e+00
417	5.440193e-01	5.762865e-01	2.034685e+00
418	4.792001e-01	6.001332e-01	2.564240e+00
419	4.430769e-01	4.306665e-01	2.311187e+00
420	5.932682e-01	5.044973e-01	1.297997e+00
421	4.875169e-01	4.261554e-01	2.873962e+00
422	5.959035e-01	5.072713e-01	2.202736e+00
423	5.234901e-01	4.758531e-01	2.653151e+00
426	5.162837e-01	4.308932e-01	1.679043e+00
427	4.767418e-01	5.256386e-01	2.991207e+00
428	1.983149e-01	5.460544e-01	2.857352e+00
429	5.710419e-01	5.086650e-01	1.913532e+00
430	4.488132e-01	5.272012e-01	1.216903e+00
431	2.274480e-01	5.467410e-01	1.214949e+00
433	4.941601e-01	5.670708e-01	1.005862e+00
434	5.259601e-01	4.716157e-01	2.227162e+00
435	4.463739e-01	5.428866e-01	1.723009e+00
436	2.355889e-01	5.364750e-01	1.113337e+00
438	5.070650e-01	5.052375e-01	1.692721e+00
439	1.487393e-01	8.290173e-01	1.154372e+00
440	5.475490e-01	4.611670e-01	1.851001e+00
441	5.336569e-01	4.533682e-01	2.418661e+00
442	5.008221e-01	6.501170e-01	1.874450e+00
443	5.098296e-01	5.580586e-01	1.591109e+00
444	5.139811e-01	5.887598e-01	2.199805e+00
445	4.868670e-01	4.811438e-01	2.208598e+00
446	5.311247e-01	4.560247e-01	1.322423e+00
447	4.922671e-01	4.474040e-01	2.361016e+00
450	4.920816e-01	4.332301e-01	1.815828e+00
451	6.003109e-01	3.433572e-01	1.328285e+00
452	5.101839e-01	5.962620e-01	2.272106e+00
454	5.130067e-01	6.054378e-01	1.883244e+00
455	2.035728e-01	5.369929e-01	1.599902e+00
457	8.130306e-01	3.205679e-01	2.343429e+00
458	5.480349e-01	4.739480e-01	1.749389e+00
459	5.211806e-01	5.204219e-01	1.835369e+00
461	5.038706e-01	4.553724e-01	1.065462e+00
462	4.918295e-01	4.681103e-01	1.698583e+00
463	5.131608e-01	5.493665e-01	2.761602e+00
464	5.314222e-01	2.802449e-01	1.744504e+00
465	2.021666e-01	5.304471e-01	1.961407e+00
466	5.001122e-01	5.313522e-01	2.449927e+00
467	6.536929e-01	4.903018e-01	2.669761e+00
469	1.579431e-01	8.715690e-01	2.597460e+00
470	4.707392e-01	5.560584e-01	2.960918e+00
472	4.723718e-01	5.538248e-01	1.655594e+00
473	4.590016e-01	6.003376e-01	2.572057e+00
476	4.831837e-01	6.064460e-01	1.607719e+00
477	5.613793e-01	4.770478e-01	2.643381e+00
479	3.756542e-01	4.773624e-01	1.233512e+00
481	6.962425e-01	5.267248e-01	2.058134e+00
482	5.080596e-01	6.712716e-01	2.221299e+00
483	4.759190e-01	4.472433e-01	1.083048e+00
484	4.811853e-01	5.628474e-01	2.453835e+00
485	1.350758e-01	5.893036e-01	2.829018e+00
486	4.960656e-01	5.163058e-01	2.169516e+00
487	2.652136e-01	8.523788e-01	2.371764e+00
488	7.240442e-01	4.933093e-01	1.634099e+00
489	7.529222e-01	4.442999e-01	1.314607e+00
490	3.719499e-01	1.755831e-01	2.292623e+00
491	4.803480e-01	3.906517e-01	1.759160e+00
493	5.204460e-01	5.962383e-01	2.942355e+00
494	6.018766e-01	2.577192e-01	1.358574e+00
498	4.650342e-01	5.283922e-01	2.251588e+00
499	6.587091e-01	3.865706e-01	1.474841e+00
501	5.830195e-01	5.110099e-01	2.850513e+00
502	5.106823e-01	6.105524e-01	2.543723e+00
505	4.549340e-01	5.354350e-01	1.170005e+00
506	4.919957e-01	6.131661e-01	2.011236e+00
507	4.931150e-01	5.625876e-01	2.982413e+00
508	3.994794e-01	5.417474e-01	1.578407e+00
509	5.816178e-01	5.417695e-01	2.904250e+00
511	5.646169e-01	5.031084e-01	2.948217e+00
512	4.093576e-01	4.758350e-01	1.856864e+00
514	5.107959e-01	5.617879e-01	1.780655e+00
515	3.845037e-01	6.128289e-01	1.223742e+00
516	5.180144e-01	5.626065e-01	2.928676e+00
517	6.937337e-01	6.328514e-01	1.055691e+00
518	5.250347e-01	5.543008e-01	2.823156e+00
519	4.972160e-01	5.579498e-01	2.886663e+00
521	5.946874e-01	4.714868e-01	1.391793e+00
522	4.646077e-01	4.740505e-01	1.467025e+00
523	5.286042e-01	5.455402e-01	1.512946e+00
524	3.388163e-01	3.922971e-01	1.960430e+00
525	3.223013e-01	4.048541e-01	2.254519e+00
526	6.709995e-01	4.616628e-01	2.899365e+00
527	4.982194e-01	6.218714e-01	2.728383e+00
528	5.273747e-01	4.682638e-01	1.247191e+00
529	4.640655e-01	5.154851e-01	1.802149e+00
531	5.220767e-01	4.033135e-01	1.663410e+00
532	6.901610e-01	3.619272e-01	2.556424e+00
533	3.317675e-01	3.935652e-01	2.947240e+00
534	4.339060e-01	4.815399e-01	2.475330e+00
535	3.560330e-01	3.635025e-01	1.237421e+00
536	6.644803e-02	8.280747e-01	2.923791e+00
537	7.279351e-01	2.579687e-01	2.906204e+00
538	4.962994e-01	4.649308e-01	2.668784e+00
539	5.558880e-01	5.216244e-01	2.476307e+00
540	4.783499e-01	6.643965e-01	2.065950e+00
541	5.111566e-01	4.744375e-01	1.983879e+00
542	3.684164e-01	4.908262e-01	1.982902e+00
543	1.486812e-01	8.404963e-01	2.643381e+00
544	3.008604e-01	8.482461e-01	1.637030e+00
545	7.022643e-01	4.925269e-01	1.338056e+00
546	5.746885e-01	4.447271e-01	2.406937e+00
547	2.683757e-01	6.195383e-01	1.422081e+00
548	3.579825e-01	7.628901e-01	2.956033e+00
549	4.359197e-01	4.818581e-01	2.601368e+00
550	5.987503e-01	6.269584e-01	1.846116e+00
551	4.971529e-01	4.507734e-01	1.264778e+00
552	3.879802e-01	7.758850e-01	1.119199e+00
553	5.131503e-01	5.082629e-01	1.956522e+00
554	4.808913e-01	6.492850e-01	2.971666e+00
555	5.593396e-01	4.244272e-01	2.149976e+00
556	5.387953e-01	6.935288e-01	1.574499e+00
557	3.922143e-01	7.782596e-01	1.775769e+00
558	3.691480e-01	7.658721e-01	1.542257e+00
559	3.773822e-01	7.800448e-01	2.984367e+00
560	4.986916e-01	6.239268e-01	2.563263e+00
562	5.067543e-01	4.490361e-01	1.577430e+00
564	1.134085e-01	8.248435e-01	1.125061e+00
565	4.431536e-01	4.364242e-01	2.955056e+00
566	5.273959e-01	5.950192e-01	2.865169e+00
567	6.324198e-01	6.193765e-01	1.672203e+00
568	4.677495e-01	5.346032e-01	1.198339e+00
569	4.644053e-01	5.219856e-01	2.513434e+00
571	5.235771e-01	4.734141e-01	2.858329e+00
572	4.230147e-01	3.798605e-01	1.574499e+00
573	4.856091e-01	6.413240e-01	1.432829e+00
574	4.993924e-01	4.445596e-01	1.500244e+00
576	4.618823e-01	5.286604e-01	1.323400e+00
578	3.768895e-01	5.583078e-01	2.147044e+00
579	4.466778e-01	4.803968e-01	2.698095e+00
580	5.591984e-01	4.624972e-01	2.203713e+00
581	4.856865e-01	3.909656e-01	1.364436e+00
582	5.586767e-01	4.800920e-01	2.076698e+00
583	1.437436e-01	9.179680e-01	2.011236e+00
586	4.882240e-01	5.531883e-01	1.215926e+00
587	4.263301e-01	4.732194e-01	2.299463e+00
588	5.118558e-01	5.496238e-01	1.683928e+00
589	4.953804e-01	5.527339e-01	2.081583e+00
590	4.944997e-01	5.540376e-01	2.350269e+00
593	4.909103e-01	5.281751e-01	1.194431e+00
594	4.971760e-01	5.432789e-01	2.515388e+00
597	6.059360e-01	4.426963e-01	1.865657e+00
599	5.839189e-01	4.540939e-01	1.802149e+00
600	6.708207e-01	4.977132e-01	1.367367e+00
601	5.249565e-01	4.573334e-01	1.148510e+00
604	4.958144e-01	5.559127e-01	1.613581e+00
605	4.887282e-01	5.396269e-01	2.427455e+00
607	4.600039e-01	6.187831e-01	1.355642e+00
608	4.327726e-01	5.833685e-01	2.386419e+00
609	6.078563e-01	5.147289e-01	1.294089e+00
610	5.480656e-01	4.752719e-01	1.687836e+00
611	4.940017e-01	6.261148e-01	1.146556e+00
613	5.836449e-01	3.066912e-01	1.597948e+00
614	4.729187e-01	5.422113e-01	2.412799e+00
617	5.708258e-01	5.296500e-01	1.227650e+00
618	4.752293e-01	5.647121e-01	2.522228e+00
619	6.120248e-01	4.706925e-01	1.437714e+00
620	6.511990e-01	2.642696e-01	1.523693e+00
621	4.626802e-01	5.648491e-01	1.221788e+00
622	6.641115e-01	2.964759e-01	1.652662e+00
623	5.044981e-01	5.280233e-01	1.269663e+00
624	4.796564e-01	5.405562e-01	2.967758e+00
625	4.585198e-01	3.211343e-01	2.952125e+00
626	4.215443e-01	4.963034e-01	2.546654e+00
627	5.552391e-01	5.402175e-01	1.818759e+00
628	1.120424e-01	8.828458e-01	1.919394e+00
629	4.632811e-01	5.787626e-01	2.563263e+00
630	5.447216e-01	3.845307e-01	1.451392e+00
631	6.531366e-01	5.610585e-01	1.718124e+00
632	5.165513e-01	4.750355e-01	1.207132e+00
633	5.131080e-01	4.642983e-01	1.236444e+00
634	5.521453e-01	5.123361e-01	2.622863e+00
635	5.994066e-01	5.467474e-01	2.549585e+00
636	5.320060e-01	5.825918e-01	2.966781e+00
637	4.023293e-01	6.125505e-01	2.095261e+00
639	4.476892e-01	5.230306e-01	2.395213e+00
642	5.368203e-01	5.504391e-01	1.534441e+00
643	5.389219e-01	5.216523e-01	1.550073e+00
644	3.972650e-01	4.300622e-01	1.610650e+00
645	5.574025e-01	5.115542e-01	1.612604e+00
646	5.141164e-01	4.596996e-01	1.086957e+00
648	4.285049e-01	5.865804e-01	2.282853e+00
649	7.159550e-01	7.131184e-01	1.573522e+00
650	5.874413e-01	4.836713e-01	2.497802e+00
652	5.825063e-01	2.319492e-01	1.752320e+00
653	6.743135e-01	3.529514e-01	1.589155e+00
655	5.428429e-01	5.033000e-01	1.209086e+00
656	4.368533e-01	4.845545e-01	2.755740e+00
657	5.645931e-01	2.558227e-01	1.499267e+00
658	5.535227e-01	5.066495e-01	1.014656e+00
659	5.328839e-01	5.347290e-01	2.891549e+00
660	4.939146e-01	5.006812e-01	2.478261e+00
661	6.321767e-01	4.004033e-01	1.898876e+00
662	5.009639e-01	5.377677e-01	1.188569e+00
663	4.689705e-01	4.410543e-01	2.785051e+00
664	5.263964e-01	4.313212e-01	2.945286e+00
665	5.155298e-01	4.855510e-01	2.458720e+00
666	4.930294e-01	5.408831e-01	2.673669e+00
667	5.049521e-01	4.630683e-01	1.399609e+00
668	4.291089e-01	5.225722e-01	2.604299e+00
669	5.212406e-01	4.651130e-01	1.529555e+00
670	6.257002e-01	4.503069e-01	2.823156e+00
671	5.777738e-01	2.440110e-01	2.826087e+00
672	4.852548e-01	5.941396e-01	2.844651e+00
673	5.373934e-01	4.841331e-01	2.290669e+00
675	5.011680e-01	4.871686e-01	2.570103e+00
676	4.582587e-01	3.969962e-01	2.396190e+00
677	4.086414e-01	3.469805e-01	1.318515e+00
678	5.079354e-01	5.880571e-01	1.733757e+00
679	5.226509e-01	5.060070e-01	2.605276e+00
681	5.852690e-01	4.566014e-01	1.587201e+00
682	5.276917e-01	4.312260e-01	1.375183e+00
683	5.422358e-01	4.154832e-01	2.298486e+00
684	4.989871e-01	7.597754e-01	1.285296e+00
685	5.146125e-01	5.105427e-01	2.983390e+00
686	3.793913e-01	6.123182e-01	1.195408e+00
688	5.347804e-01	5.028343e-01	2.414753e+00
689	4.567439e-01	7.320118e-01	1.843185e+00
690	4.991662e-01	4.508957e-01	2.396190e+00
691	4.746444e-01	5.282105e-01	1.656571e+00
692	5.294991e-01	5.916544e-01	3.000000e+00
693	5.120994e-01	4.270939e-01	2.728383e+00
696	4.138972e-01	4.522141e-01	1.944797e+00
697	2.810106e-01	5.847925e-01	2.883732e+00
698	6.325629e-01	4.538876e-01	2.383488e+00
699	5.308245e-01	4.853534e-01	2.506595e+00
700	4.858984e-01	4.626729e-01	1.786517e+00
701	4.658478e-01	5.282528e-01	2.893503e+00
702	5.080454e-01	4.513965e-01	2.981436e+00
703	4.519209e-01	4.472995e-01	2.663898e+00
704	4.981698e-01	5.129861e-01	2.227162e+00
705	5.173757e-01	4.986152e-01	1.527601e+00
706	5.213026e-01	4.427394e-01	2.610161e+00
707	6.384008e-01	3.075101e-01	1.058622e+00
708	5.533655e-01	4.846707e-01	2.782120e+00
712	5.112349e-01	4.597884e-01	2.109917e+00
714	7.255426e-01	2.293474e-01	2.074744e+00
715	5.114650e-01	4.585174e-01	2.319003e+00
717	5.158189e-01	4.575894e-01	1.286273e+00
718	5.134154e-01	4.591154e-01	1.881290e+00
719	1.745263e-01	3.755287e-01	1.664387e+00
720	9.670654e-01	8.052247e-01	1.242306e+00
721	2.379936e-01	1.183602e-01	1.927211e+00
722	4.572147e-01	4.685771e-01	2.820225e+00
723	4.655702e-01	7.620230e-01	2.792868e+00
724	4.760696e-01	5.429199e-01	1.201270e+00
725	5.063867e-01	4.166600e-01	1.898876e+00
727	5.634036e-01	4.174245e-01	1.782609e+00
729	5.301621e-01	4.825040e-01	1.561798e+00
730	5.040799e-01	4.968976e-01	2.282853e+00
731	5.211176e-01	4.600163e-01	2.210552e+00
732	6.142871e-01	5.666669e-01	1.020518e+00
733	6.751854e-01	5.504173e-01	1.784563e+00
735	5.193744e-01	4.610146e-01	1.275525e+00
736	5.457052e-01	4.720233e-01	1.212995e+00
737	4.913191e-01	7.503274e-01	2.964827e+00
738	5.198413e-01	4.889051e-01	2.079629e+00
740	7.953003e-01	2.317950e-01	1.187592e+00
741	6.024458e-01	5.464439e-01	1.258915e+00
744	5.277988e-01	4.727804e-01	1.999511e+00
745	6.180472e-01	4.722584e-01	1.264778e+00
746	4.979050e-01	5.369329e-01	1.110405e+00
747	5.794247e-01	4.561418e-01	1.107474e+00
749	5.363903e-01	6.092539e-01	1.070347e+00
751	5.994986e-01	5.134247e-01	2.400098e+00
752	5.128079e-01	4.617773e-01	2.871031e+00
753	5.408715e-01	5.217349e-01	2.739130e+00
754	5.232071e-01	4.717369e-01	1.681974e+00
755	6.556817e-01	3.833444e-01	2.061065e+00
761	1.234381e-01	7.813281e-01	1.073278e+00
763	4.069076e-01	6.272125e-01	2.799707e+00
768	5.509926e-01	4.150216e-01	2.010259e+00
770	5.467364e-01	4.724147e-01	1.700537e+00
771	4.936577e-01	4.246997e-01	1.339033e+00
772	5.137744e-01	8.794552e-01	2.227162e+00
773	4.270619e-01	4.901234e-01	2.482169e+00
774	1.837266e-01	7.500292e-01	2.958964e+00
775	5.591691e-01	4.765355e-01	1.443576e+00
776	3.750776e-01	4.001811e-01	2.381534e+00
777	3.890980e-01	6.309008e-01	1.971177e+00
778	4.328219e-01	6.545624e-01	2.960918e+00
779	3.770001e-01	4.066370e-01	1.812897e+00
781	4.860895e-01	2.626163e-01	1.170982e+00
782	4.526043e-01	4.111146e-01	1.277479e+00
785	1.137041e-01	1.842609e-02	1.176844e+00
786	1.712804e-01	1.977943e-01	1.636053e+00
787	7.323419e-01	6.912029e-01	1.790425e+00
788	5.367998e-01	3.469499e-01	2.336590e+00
789	6.139873e-01	4.479077e-01	1.343918e+00
790	4.001212e-01	5.097568e-01	1.905716e+00
791	5.445525e-01	5.391759e-01	1.784563e+00
792	4.693101e-01	7.405724e-01	2.622863e+00
793	4.977247e-01	6.805117e-01	2.063996e+00
794	5.500842e-01	2.655670e-01	2.497802e+00
795	4.667002e-01	3.894814e-01	2.870054e+00
796	2.598214e-01	4.934643e-01	2.862237e+00
797	2.771720e-01	4.881117e-01	2.981436e+00
799	5.932958e-01	5.069725e-01	1.729849e+00
800	6.718647e-01	6.591912e-01	2.290669e+00
801	5.067446e-01	4.694965e-01	2.841720e+00
802	5.398720e-01	4.791761e-01	2.195896e+00
803	5.767016e-01	6.355430e-01	1.601856e+00
804	1.472774e-01	5.570023e-01	2.449927e+00
805	4.959434e-01	4.773596e-01	1.462140e+00
806	5.659470e-01	4.786099e-01	2.041524e+00
808	5.628431e-01	4.806132e-01	2.061065e+00
809	4.908863e-01	5.163774e-01	2.130435e+00
810	3.322502e-01	4.746248e-01	2.205667e+00
811	5.450249e-01	4.644931e-01	2.184172e+00
812	5.722699e-01	4.792749e-01	2.747924e+00
814	5.188867e-01	4.365881e-01	2.909135e+00
815	5.763073e-01	5.019222e-01	2.777235e+00
816	5.086402e-01	4.553969e-01	1.295066e+00
817	5.702877e-01	5.342115e-01	1.050806e+00
818	4.276611e-01	5.278435e-01	1.191500e+00
819	5.960908e-01	4.876022e-01	1.198339e+00
820	4.207680e-01	5.993612e-01	2.656082e+00
822	5.532884e-01	5.021634e-01	1.692721e+00
825	5.743152e-01	5.043699e-01	1.906693e+00
826	5.627094e-01	5.114598e-01	2.192965e+00
827	5.721002e-01	4.994267e-01	1.200293e+00
829	5.634572e-01	5.313255e-01	2.361016e+00
830	4.088658e-01	2.044241e-01	2.080606e+00
831	4.791676e-01	5.054109e-01	1.074255e+00
833	4.552126e-01	4.916058e-01	2.017098e+00
834	3.471488e-01	5.221529e-01	2.191011e+00
835	4.973179e-01	5.904111e-01	1.667318e+00
836	4.088317e-01	2.063113e-01	2.229116e+00
838	4.830808e-01	6.042612e-01	2.714704e+00
839	5.003752e-01	3.886176e-01	1.979971e+00
840	5.893460e-01	4.109106e-01	2.954079e+00
842	4.179697e-01	5.458857e-01	1.803127e+00
843	4.984177e-01	4.262411e-01	1.039082e+00
845	7.429923e-01	3.444645e-01	1.778701e+00
846	4.276342e-01	5.360734e-01	1.295066e+00
847	7.546160e-01	5.989560e-01	1.807035e+00
848	5.040474e-01	5.768720e-01	1.102589e+00
849	5.695128e-01	4.851815e-01	1.879336e+00
850	5.635186e-01	4.844937e-01	1.984856e+00
851	4.496830e-01	5.972404e-01	2.238886e+00
852	6.087088e-01	5.107493e-01	2.868100e+00
854	4.776237e-01	5.183699e-01	2.748901e+00
855	6.921760e-01	4.846932e-01	1.578407e+00
857	3.866882e-01	6.064753e-01	1.621397e+00
858	4.689009e-01	4.541486e-01	2.657059e+00
859	5.753909e-01	4.578395e-01	2.404983e+00
860	5.721840e-01	4.786827e-01	2.272106e+00
861	4.964121e-01	6.127780e-01	1.463117e+00
862	4.618590e-01	4.941079e-01	2.316072e+00
863	5.137463e-01	4.147405e-01	2.334636e+00
864	4.440192e-01	4.441553e-01	1.365413e+00
865	5.227392e-01	4.425114e-01	2.105032e+00
866	2.495318e-01	6.174650e-01	1.339033e+00
867	5.937241e-01	6.789391e-01	2.932584e+00
868	3.985455e-01	7.675919e-01	2.770396e+00
869	5.865231e-01	4.086003e-01	2.378603e+00
870	4.613248e-01	5.618600e-01	1.833415e+00
871	6.130828e-01	4.872737e-01	1.663410e+00
872	4.278129e-01	5.571253e-01	2.251588e+00
873	4.708786e-01	5.830827e-01	1.766976e+00
875	9.023764e-01	3.702621e-01	2.771373e+00
876	4.539538e-01	5.644200e-01	1.482658e+00
878	4.780326e-01	4.694672e-01	2.787005e+00
879	4.676547e-01	4.592224e-01	1.959453e+00
880	5.018397e-01	4.657272e-01	2.187103e+00
881	6.730269e-01	4.437414e-01	2.430386e+00
882	5.532369e-01	3.072228e-01	2.679531e+00
883	4.877713e-01	4.604457e-01	2.191988e+00
887	4.396141e-01	5.036649e-01	2.793845e+00
889	4.858569e-01	4.385286e-01	2.132389e+00
890	5.079966e-01	5.298702e-01	1.627259e+00
891	5.037701e-01	4.582648e-01	1.623351e+00
892	5.868712e-01	5.574793e-01	2.772350e+00
893	5.567260e-01	5.433744e-01	1.552027e+00
895	4.265077e-01	4.941904e-01	1.180752e+00
896	4.914672e-01	4.542418e-01	1.632145e+00
898	3.134728e-01	8.327438e-01	2.828041e+00
899	5.292949e-01	5.411906e-01	1.703468e+00
900	4.372395e-01	6.179256e-01	1.471910e+00
901	5.022544e-01	4.577326e-01	2.368832e+00
903	5.192107e-01	4.140485e-01	1.961407e+00
904	5.931377e-01	5.160328e-01	1.756229e+00
905	5.088642e-01	4.637647e-01	2.987298e+00
906	4.421082e-01	5.033209e-01	2.332682e+00
908	4.698137e-01	5.546761e-01	1.954568e+00
909	5.183423e-01	4.558909e-01	1.704446e+00
912	4.768704e-01	4.342627e-01	1.853933e+00
913	7.005248e-01	2.725326e-01	2.829995e+00
915	4.000943e-01	6.282871e-01	2.232047e+00
916	6.579797e-01	2.567465e-01	2.093307e+00
917	5.074692e-01	4.688621e-01	2.587689e+00
919	6.007952e-01	4.889297e-01	1.896922e+00
920	3.942001e-01	5.238113e-01	1.212995e+00
921	4.967994e-01	7.057227e-01	1.502198e+00
922	5.022138e-01	4.669812e-01	2.614069e+00
924	5.227578e-01	4.998903e-01	1.956522e+00
929	4.930290e-01	4.837156e-01	1.935027e+00
930	4.651771e-01	5.775022e-01	1.975085e+00
931	4.696179e-01	4.307231e-01	1.067416e+00
932	4.613411e-01	4.670769e-01	2.024915e+00
933	5.582720e-01	3.107190e-01	2.810454e+00
934	5.347552e-01	3.698766e-01	2.428432e+00
935	5.843913e-01	4.974933e-01	1.957499e+00
936	4.869820e-01	5.654122e-01	2.306302e+00
937	4.469729e-01	5.677459e-01	2.557401e+00
938	4.331106e-01	5.353082e-01	1.243283e+00
939	5.726611e-01	2.376123e-01	2.429409e+00
940	4.478839e-01	5.080697e-01	2.523205e+00
942	5.763503e-01	5.478708e-01	2.247680e+00
943	4.135881e-01	4.870813e-01	2.000489e+00
944	5.348335e-01	3.971077e-01	2.446019e+00
945	4.956320e-01	4.442454e-01	2.360039e+00
946	5.305763e-01	4.394284e-01	2.567171e+00
947	5.186387e-01	4.744345e-01	2.415730e+00
948	5.379091e-01	5.332798e-01	1.989741e+00
954	4.791944e-01	4.610349e-01	2.908158e+00
955	5.391104e-01	5.677190e-01	2.731314e+00
956	4.990395e-01	4.646348e-01	2.544700e+00
958	4.898422e-01	4.587252e-01	2.890572e+00
959	4.457763e-01	4.244587e-01	1.654617e+00
960	5.039130e-01	4.070723e-01	1.008793e+00
962	4.240779e-01	4.381181e-01	1.260870e+00
963	5.827258e-01	4.931864e-01	1.347826e+00
964	5.540004e-01	5.465409e-01	1.325354e+00
965	4.726627e-01	4.544030e-01	1.420127e+00
966	5.445574e-01	6.400193e-01	2.845628e+00
967	4.818289e-01	5.312229e-01	1.853933e+00
970	5.043181e-01	5.051799e-01	1.303859e+00
972	4.822712e-01	5.331802e-01	1.294089e+00
974	4.112962e-01	4.524320e-01	2.417684e+00
975	5.579699e-01	4.904439e-01	2.053249e+00
976	5.456514e-01	5.156469e-01	1.276502e+00
978	8.508300e-01	2.980815e-01	2.779189e+00
979	6.182164e-01	4.944616e-01	1.984856e+00
980	3.487030e-01	3.573343e-01	2.295554e+00
981	4.935744e-01	5.015309e-01	1.652662e+00
982	5.183016e-01	5.118043e-01	2.464582e+00
983	4.113810e-01	4.857557e-01	1.763068e+00
984	7.808893e-01	7.626477e-01	2.508549e+00
985	5.488373e-01	4.924064e-01	2.026869e+00
987	5.797772e-01	4.577507e-01	1.160234e+00
988	2.792341e-01	3.577200e-01	2.302394e+00
991	9.828820e-01	2.301217e-01	1.855887e+00
992	5.440113e-01	4.747651e-01	1.384954e+00
993	5.303720e-01	3.630320e-01	2.598437e+00
994	4.952288e-01	3.193017e-01	2.130435e+00
995	5.327208e-01	3.785852e-01	1.690767e+00
996	4.543401e-01	4.506349e-01	2.587689e+00
997	5.856900e-01	4.358107e-01	1.940889e+00
999	4.964374e-01	4.799865e-01	2.099170e+00
999	4.964374e-01	4.799865e-01	2.099170e+00
999	4.964374e-01	4.799865e-01	2.099170e+00
999	4.964374e-01	4.799865e-01	2.099170e+00
999	4.964374e-01	4.799865e-01	2.099170e+00
999	4.964374e-01	4.799865e-01	2.099170e+00
999	4.964374e-01	4.799865e-01	2.099170e+00
999	4.964374e-01	4.799865e-01	2.099170e+00
999	4.964374e-01	4.799865e-01	2.099170e+00
999	4.964374e-01	4.799865e-01	2.099170e+00
999	4.964374e-01	4.799865e-01	2.099170e+00
999	4.964374e-01	4.799865e-01	2.099170e+00
999	4.964374e-01	4.799865e-01	2.099170e+00
999	4.964374e-01	4.799865e-01	2.099170e+00
999	4.964374e-01	4.799865e-01	2.099170e+00
999	4.964374e-01	4.799865e-01	2.099170e+00
999	4.964374e-01	4.799865e-01	2.099170e+00
999	4.964374e-01	4.799865e-01	2.099170e+00
999	4.964374e-01	4.799865e-01	2.099170e+00
999	4.964374e-01	4.799865e-01	2.099170e+00
999	4.964374e-01	4.799865e-01	2.099170e+00
999	4.964374e-01	4.799865e-01	2.099170e+00
999	4.964374e-01	4.799865e-01	2.099170e+00
999	4.964374e-01	4.799865e-01	2.099170e+00
999	4.964374e-01	4.799865e-01	2.099170e+00
999	4.964374e-01	4.799865e-01	2.099170e+00
999	4.964374e-01	4.799865e-01	2.099170e+00
999	4.964374e-01	4.799865e-01	2.099170e+00
999	4.964374e-01	4.799865e-01	2.099170e+00
999	4.964374e-01	4.799865e-01	2.099170e+00
999	4.964374e-01	4.799865e-01	2.099170e+00
999	4.964374e-01	4.799865e-01	2.099170e+00
999	4.964374e-01	4.799865e-01	2.099170e+00
999	4.964374e-01	4.799865e-01	2.099170e+00
999	4.964374e-01	4.799865e-01	2.099170e+00
999	4.964374e-01	4.799865e-01	2.099170e+00
999	4.964374e-01	4.799865e-01	2.099170e+00
999	4.964374e-01	4.799865e-01	2.099170e+00
999	4.964374e-01	4.799865e-01	2.099170e+00
999	4.964374e-01	4.799865e-01	2.099170e+00
999	4.964374e-01	4.799865e-01	2.099170e+00
999	4.964374e-01	4.799865e-01	2.099170e+00
999	4.964374e-01	4.799865e-01	2.099170e+00
999	4.964374e-01	4.799865e-01	2.099170e+00
999	4.964374e-01	4.799865e-01	2.099170e+00
999	4.964374e-01	4.799865e-01	2.099170e+00
999	4.964374e-01	4.799865e-01	2.099170e+00
999	4.964374e-01	4.799865e-01	2.099170e+00
999	4.964374e-01	4.799865e-01	2.099170e+00
999	4.964374e-01	4.799865e-01	2.099170e+00
999	4.964374e-01	4.799865e-01	2.099170e+00
999	4.964374e-01	4.799865e-01	2.099170e+00
999	4.964374e-01	4.799865e-01	2.099170e+00
999	4.964374e-01	4.799865e-01	2.099170e+00
999	4.964374e-01	4.799865e-01	2.099170e+00
999	4.964374e-01	4.799865e-01	2.099170e+00
999	4.964374e-01	4.799865e-01	2.099170e+00
999	4.964374e-01	4.799865e-01	2.099170e+00
999	4.964374e-01	4.799865e-01	2.099170e+00
999	4.964374e-01	4.799865e-01	2.099170e+00
999	4.964374e-01	4.799865e-01	2.099170e+00
999	4.964374e-01	4.799865e-01	2.099170e+00
999	4.964374e-01	4.799865e-01	2.099170e+00
999	4.964374e-01	4.799865e-01	2.099170e+00
999	4.964374e-01	4.799865e-01	2.099170e+00
999	4.964374e-01	4.799865e-01	2.099170e+00
999	4.964374e-01	4.799865e-01	2.099170e+00
999	4.964374e-01	4.799865e-01	2.099170e+00
999	4.964374e-01	4.799865e-01	2.099170e+00
999	4.964374e-01	4.799865e-01	2.099170e+00
999	4.964374e-01	4.799865e-01	2.099170e+00
999	4.964374e-01	4.799865e-01	2.099170e+00
999	4.964374e-01	4.799865e-01	2.099170e+00
999	4.964374e-01	4.799865e-01	2.099170e+00
999	4.964374e-01	4.799865e-01	2.099170e+00
999	4.964374e-01	4.799865e-01	2.099170e+00
999	4.964374e-01	4.799865e-01	2.099170e+00
999	4.964374e-01	4.799865e-01	2.099170e+00
999	4.964374e-01	4.799865e-01	2.099170e+00
999	4.964374e-01	4.799865e-01	2.099170e+00
999	4.964374e-01	4.799865e-01	2.099170e+00
999	4.964374e-01	4.799865e-01	2.099170e+00
999	4.964374e-01	4.799865e-01	2.099170e+00
999	4.964374e-01	4.799865e-01	2.099170e+00
999	4.964374e-01	4.799865e-01	2.099170e+00
999	4.964374e-01	4.799865e-01	2.099170e+00
999	4.964374e-01	4.799865e-01	2.099170e+00
999	4.964374e-01	4.799865e-01	2.099170e+00
999	4.964374e-01	4.799865e-01	2.099170e+00
999	4.964374e-01	4.799865e-01	2.099170e+00
999	4.964374e-01	4.799865e-01	2.099170e+00
999	4.964374e-01	4.799865e-01	2.099170e+00
999	4.964374e-01	4.799865e-01	2.099170e+00
999	4.964374e-01	4.799865e-01	2.099170e+00
999	4.964374e-01	4.799865e-01	2.099170e+00
999	4.964374e-01	4.799865e-01	2.099170e+00
999	4.964374e-01	4.799865e-01	2.099170e+00
999	4.964374e-01	4.799865e-01	2.099170e+00
999	4.964374e-01	4.799865e-01	2.099170e+00
999	4.964374e-01	4.799865e-01	2.099170e+00
999	4.964374e-01	4.799865e-01	2.099170e+00
999	4.964374e-01	4.799865e-01	2.099170e+00
999	4.964374e-01	4.799865e-01	2.099170e+00
999	4.964374e-01	4.799865e-01	2.099170e+00
999	4.964374e-01	4.799865e-01	2.099170e+00
999	4.964374e-01	4.799865e-01	2.099170e+00
999	4.964374e-01	4.799865e-01	2.099170e+00
999	4.964374e-01	4.799865e-01	2.099170e+00
999	4.964374e-01	4.799865e-01	2.099170e+00
999	4.964374e-01	4.799865e-01	2.099170e+00
999	4.964374e-01	4.799865e-01	2.099170e+00
999	4.964374e-01	4.799865e-01	2.099170e+00
999	4.964374e-01	4.799865e-01	2.099170e+00
999	4.964374e-01	4.799865e-01	2.099170e+00
999	4.964374e-01	4.799865e-01	2.099170e+00
999	4.964374e-01	4.799865e-01	2.099170e+00
999	4.964374e-01	4.799865e-01	2.099170e+00
999	4.964374e-01	4.799865e-01	2.099170e+00
999	4.964374e-01	4.799865e-01	2.099170e+00
999	4.964374e-01	4.799865e-01	2.099170e+00
999	4.964374e-01	4.799865e-01	2.099170e+00
999	4.964374e-01	4.799865e-01	2.099170e+00
999	4.964374e-01	4.799865e-01	2.099170e+00
999	4.964374e-01	4.799865e-01	2.099170e+00
999	4.964374e-01	4.799865e-01	2.099170e+00
999	4.964374e-01	4.799865e-01	2.099170e+00
999	4.964374e-01	4.799865e-01	2.099170e+00
999	4.964374e-01	4.799865e-01	2.099170e+00
999	4.964374e-01	4.799865e-01	2.099170e+00
999	4.964374e-01	4.799865e-01	2.099170e+00
999	4.964374e-01	4.799865e-01	2.099170e+00
999	4.964374e-01	4.799865e-01	2.099170e+00
999	4.964374e-01	4.799865e-01	2.099170e+00
999	4.964374e-01	4.799865e-01	2.099170e+00
999	4.964374e-01	4.799865e-01	2.099170e+00
999	4.964374e-01	4.799865e-01	2.099170e+00
999	4.964374e-01	4.799865e-01	2.099170e+00
999	4.964374e-01	4.799865e-01	2.099170e+00
999	4.964374e-01	4.799865e-01	2.099170e+00
999	4.964374e-01	4.799865e-01	2.099170e+00
999	4.964374e-01	4.799865e-01	2.099170e+00
999	4.964374e-01	4.799865e-01	2.099170e+00
999	4.964374e-01	4.799865e-01	2.099170e+00
999	4.964374e-01	4.799865e-01	2.099170e+00
999	4.964374e-01	4.799865e-01	2.099170e+00
999	4.964374e-01	4.799865e-01	2.099170e+00
999	4.964374e-01	4.799865e-01	2.099170e+00
999	4.964374e-01	4.799865e-01	2.099170e+00
999	4.964374e-01	4.799865e-01	2.099170e+00
999	4.964374e-01	4.799865e-01	2.099170e+00
999	4.964374e-01	4.799865e-01	2.099170e+00
999	4.964374e-01	4.799865e-01	2.099170e+00
999	4.964374e-01	4.799865e-01	2.099170e+00
999	4.964374e-01	4.799865e-01	2.099170e+00
999	4.964374e-01	4.799865e-01	2.099170e+00
999	4.964374e-01	4.799865e-01	2.099170e+00
999	4.964374e-01	4.799865e-01	2.099170e+00
999	4.964374e-01	4.799865e-01	2.099170e+00
999	4.964374e-01	4.799865e-01	2.099170e+00
999	4.964374e-01	4.799865e-01	2.099170e+00
999	4.964374e-01	4.799865e-01	2.099170e+00
999	4.964374e-01	4.799865e-01	2.099170e+00
999	4.964374e-01	4.799865e-01	2.099170e+00
999	4.964374e-01	4.799865e-01	2.099170e+00
999	4.964374e-01	4.799865e-01	2.099170e+00
999	4.964374e-01	4.799865e-01	2.099170e+00
999	4.964374e-01	4.799865e-01	2.099170e+00
999	4.964374e-01	4.799865e-01	2.099170e+00
999	4.964374e-01	4.799865e-01	2.099170e+00
999	4.964374e-01	4.799865e-01	2.099170e+00
999	4.964374e-01	4.799865e-01	2.099170e+00
999	4.964374e-01	4.799865e-01	2.099170e+00
999	4.964374e-01	4.799865e-01	2.099170e+00
999	4.964374e-01	4.799865e-01	2.099170e+00
999	4.964374e-01	4.799865e-01	2.099170e+00
999	4.964374e-01	4.799865e-01	2.099170e+00
999	4.964374e-01	4.799865e-01	2.099170e+00
999	4.964374e-01	4.799865e-01	2.099170e+00
999	4.964374e-01	4.799865e-01	2.099170e+00
999	4.964374e-01	4.799865e-01	2.099170e+00
999	4.964374e-01	4.799865e-01	2.099170e+00
999	4.964374e-01	4.799865e-01	2.099170e+00
999	4.964374e-01	4.799865e-01	2.099170e+00
999	4.964374e-01	4.799865e-01	2.099170e+00
999	4.964374e-01	4.799865e-01	2.099170e+00
999	4.964374e-01	4.799865e-01	2.099170e+00
999	4.964374e-01	4.799865e-01	2.099170e+00
999	4.964374e-01	4.799865e-01	2.099170e+00
999	4.964374e-01	4.799865e-01	2.099170e+00
999	4.964374e-01	4.799865e-01	2.099170e+00
999	4.964374e-01	4.799865e-01	2.099170e+00
999	4.964374e-01	4.799865e-01	2.099170e+00
999	4.964374e-01	4.799865e-01	2.099170e+00
999	4.964374e-01	4.799865e-01	2.099170e+00
999	4.964374e-01	4.799865e-01	2.099170e+00
999	4.964374e-01	4.799865e-01	2.099170e+00
999	4.964374e-01	4.799865e-01	2.099170e+00
999	4.964374e-01	4.799865e-01	2.099170e+00
999	4.964374e-01	4.799865e-01	2.099170e+00
999	4.964374e-01	4.799865e-01	2.099170e+00
999	4.964374e-01	4.799865e-01	2.099170e+00
999	4.964374e-01	4.799865e-01	2.099170e+00
999	4.964374e-01	4.799865e-01	2.099170e+00
999	4.964374e-01	4.799865e-01	2.099170e+00
999	4.964374e-01	4.799865e-01	2.099170e+00
