1000
0	4.812656e-01	4.387351e-01	1.398632e+00
1	5.249781e-01	3.530505e-01	1.064485e+00
2	4.651600e-01	5.546156e-01	1.108451e+00
3	4.992862e-01	4.921654e-01	2.925745e+00
4	5.035090e-01	5.137149e-01	2.732291e+00
5	5.212418e-01	5.045551e-01	1.257938e+00
6	4.940204e-01	5.234605e-01	2.424524e+00
7	5.590474e-01	4.479033e-01	1.383000e+00
8	5.456522e-01	4.539505e-01	2.705911e+00
9	5.149105e-01	6.099966e-01	2.526136e+00
10	4.510605e-01	5.616818e-01	2.442110e+00
11	4.930401e-01	4.486493e-01	2.233024e+00
12	5.434868e-01	4.566651e-01	2.376649e+00
13	4.994442e-01	6.243847e-01	2.799707e+00
14	5.012650e-01	5.085909e-01	1.556913e+00
15	5.564396e-01	4.484201e-01	2.950171e+00
16	5.612506e-01	4.046291e-01	1.066439e+00
17	5.049412e-01	5.017110e-01	1.626282e+00
18	4.878862e-01	5.553282e-01	1.306790e+00
19	4.879352e-01	4.663165e-01	2.902296e+00
20	5.148127e-01	6.064941e-01	1.762091e+00
21	4.885323e-01	5.096887e-01	1.195408e+00
22	4.934373e-01	5.032015e-01	1.785540e+00
23	5.025728e-01	5.212814e-01	1.248168e+00
24	4.857449e-01	4.637311e-01	1.863703e+00
25	4.717576e-01	4.959460e-01	2.671715e+00
26	5.037653e-01	5.296289e-01	2.487054e+00
27	5.455602e-01	4.470572e-01	1.946751e+00
28	5.653379e-01	4.370689e-01	1.303859e+00
29	4.841280e-01	5.642928e-01	2.152907e+00
30	5.011642e-01	5.276931e-01	1.388862e+00
31	5.131842e-01	6.011762e-01	1.534441e+00
32	5.247223e-01	5.130160e-01	1.591109e+00
33	4.897474e-01	6.044727e-01	2.205667e+00
34	4.673363e-01	4.915233e-01	2.181241e+00
35	4.773062e-01	4.629588e-01	1.475818e+00
36	5.268224e-01	5.126302e-01	2.309233e+00
37	4.695153e-01	5.791025e-01	2.073766e+00
38	5.114455e-01	6.019008e-01	1.918417e+00
39	4.848707e-01	6.135782e-01	2.331705e+00
40	5.268975e-01	5.119605e-01	1.126038e+00
41	4.831600e-01	5.152005e-01	2.235955e+00
42	4.640796e-01	5.804720e-01	2.805569e+00
43	5.690238e-01	4.303304e-01	2.819248e+00
44	5.256923e-01	5.119089e-01	2.555447e+00
45	4.933756e-01	3.365682e-01	2.666830e+00
46	4.975303e-01	5.146257e-01	2.559355e+00
47	4.974473e-01	4.490612e-01	1.895945e+00
48	5.004457e-01	5.564998e-01	1.282364e+00
49	4.749971e-01	6.087691e-01	2.024915e+00
50	4.844552e-01	4.641615e-01	2.750855e+00
51	4.866932e-01	4.860421e-01	2.412799e+00
52	4.906745e-01	4.829181e-01	2.557401e+00
53	4.925367e-01	5.304584e-01	1.648754e+00
54	5.049515e-01	5.303378e-01	1.721055e+00
55	5.041380e-01	5.276727e-01	2.588666e+00
56	4.935986e-01	5.283189e-01	1.525647e+00
57	4.906087e-01	5.146826e-01	2.751832e+00
58	5.295862e-01	4.252325e-01	2.625794e+00
59	4.839061e-01	6.018898e-01	1.663410e+00
60	4.704295e-01	6.066065e-01	1.993649e+00
61	4.918322e-01	5.006504e-01	2.560332e+00
62	5.265867e-01	5.531165e-01	1.696629e+00
63	5.269732e-01	5.534135e-01	1.506106e+00
64	5.206973e-01	5.401290e-01	2.675623e+00
65	4.852381e-01	4.895488e-01	2.497802e+00
66	4.779307e-01	5.993561e-01	1.031265e+00
67	4.750377e-01	5.143451e-01	2.361993e+00
68	5.021240e-01	5.249450e-01	1.866634e+00
69	5.452481e-01	6.112379e-01	2.930630e+00
70	4.873788e-01	4.494474e-01	1.503175e+00
71	5.397763e-01	4.639802e-01	1.135809e+00
72	5.356458e-01	5.594288e-01	2.449927e+00
73	5.379840e-01	5.163351e-01	2.831949e+00
74	5.021265e-01	5.163962e-01	2.317049e+00
75	4.940573e-01	5.082800e-01	2.353200e+00
76	4.937722e-01	4.980510e-01	2.575965e+00
77	5.642022e-01	4.484492e-01	2.922814e+00
78	5.190539e-01	5.717152e-01	2.289692e+00
79	4.876521e-01	5.805351e-01	2.766488e+00
80	5.495385e-01	4.157664e-01	1.522716e+00
81	5.203891e-01	5.608919e-01	2.769419e+00
82	5.646358e-01	4.538163e-01	1.110405e+00
83	4.999700e-01	5.844887e-01	1.554958e+00
84	5.009596e-01	5.814506e-01	1.718124e+00
85	4.880751e-01	4.938180e-01	1.412311e+00
86	5.550138e-01	4.380206e-01	1.951637e+00
87	5.603035e-01	4.558887e-01	1.449438e+00
88	4.963342e-01	5.311210e-01	2.176356e+00
89	5.520466e-01	6.175527e-01	1.066439e+00
90	6.017599e-01	4.443975e-01	1.212995e+00
91	4.980412e-01	4.877810e-01	1.872496e+00
92	5.090168e-01	5.501825e-01	1.606742e+00
93	4.998590e-01	4.801830e-01	1.183683e+00
94	5.071438e-01	5.884253e-01	1.482658e+00
95	4.408088e-01	4.372709e-01	2.514411e+00
96	5.329790e-01	5.654725e-01	2.736199e+00
97	5.320957e-01	5.573174e-01	1.617489e+00
98	5.169288e-01	5.577785e-01	2.456766e+00
99	5.115539e-01	5.899309e-01	1.406448e+00
100	5.654502e-01	4.473089e-01	2.453835e+00
101	4.442440e-01	3.971857e-01	2.084514e+00
102	5.297013e-01	5.781983e-01	2.712750e+00
103	5.486721e-01	4.984940e-01	2.877870e+00
104	5.156862e-01	4.721358e-01	1.533464e+00
105	5.883369e-01	4.173992e-01	2.169516e+00
106	5.878657e-01	4.221395e-01	2.160723e+00
107	5.307826e-01	5.023327e-01	2.483146e+00
108	5.252020e-01	5.695673e-01	1.538349e+00
109	5.215057e-01	5.729480e-01	1.117245e+00
110	4.574127e-01	4.303839e-01	2.709819e+00
111	5.970354e-01	4.264017e-01	2.039570e+00
112	4.521701e-01	4.377921e-01	2.929653e+00
113	5.324457e-01	5.668803e-01	2.125550e+00
114	5.865379e-01	4.130987e-01	2.148999e+00
115	5.378658e-01	5.802877e-01	2.027846e+00
116	5.237220e-01	5.358885e-01	1.206155e+00
117	4.524439e-01	4.349257e-01	2.689301e+00
118	5.355205e-01	5.658922e-01	1.997557e+00
119	5.969688e-01	4.319201e-01	1.753298e+00
120	5.122511e-01	5.080893e-01	1.491451e+00
121	5.224822e-01	5.564874e-01	2.381534e+00
122	5.827945e-01	4.171454e-01	1.837323e+00
123	4.516723e-01	5.338436e-01	2.723498e+00
124	5.582174e-01	5.807193e-01	2.429409e+00
125	4.448075e-01	3.678602e-01	2.633610e+00
126	5.359995e-01	5.623020e-01	1.216903e+00
127	5.292368e-01	5.354747e-01	1.385931e+00
128	4.407364e-01	3.680177e-01	1.470933e+00
129	5.927127e-01	4.207502e-01	1.094773e+00
130	5.254781e-01	5.661044e-01	1.887152e+00
131	5.324707e-01	4.843452e-01	1.869565e+00
132	5.053760e-01	6.421259e-01	2.657059e+00
133	5.791616e-01	4.160337e-01	1.905716e+00
134	5.293096e-01	4.988427e-01	2.319980e+00
135	5.896472e-01	4.212560e-01	1.549096e+00
136	4.583738e-01	4.433910e-01	1.155349e+00
137	5.183108e-01	5.599423e-01	1.261847e+00
138	5.072390e-01	6.226688e-01	1.308745e+00
139	5.873160e-01	4.150322e-01	1.148510e+00
140	4.409246e-01	3.831397e-01	1.692721e+00
141	4.512819e-01	4.426536e-01	1.865657e+00
142	5.137625e-01	5.869077e-01	2.988276e+00
143	5.230465e-01	4.222101e-01	1.479726e+00
144	5.952175e-01	4.100196e-01	1.016610e+00
145	5.173570e-01	5.820072e-01	2.095261e+00
146	5.141001e-01	5.386891e-01	2.442110e+00
147	5.237066e-01	4.377076e-01	1.070347e+00
148	4.512143e-01	4.443263e-01	1.417196e+00
149	5.643270e-01	4.829123e-01	2.817294e+00
150	5.205275e-01	4.198750e-01	1.164143e+00
151	5.161669e-01	5.809637e-01	2.738153e+00
152	4.581010e-01	5.290391e-01	2.338544e+00
153	5.898082e-01	4.146228e-01	1.282364e+00
154	5.182653e-01	5.849295e-01	2.676600e+00
155	5.915099e-01	4.130315e-01	2.443087e+00
156	6.106466e-01	4.071342e-01	2.375672e+00
157	5.545901e-01	4.759670e-01	1.220811e+00
158	5.110209e-01	4.318184e-01	2.208598e+00
159	5.265310e-01	5.570817e-01	2.407914e+00
160	4.341673e-01	3.648220e-01	2.195896e+00
161	4.433003e-01	3.730063e-01	1.407426e+00
162	5.179339e-01	5.779031e-01	2.277968e+00
163	4.408649e-01	3.679128e-01	1.134831e+00
164	5.396167e-01	5.421282e-01	2.409868e+00
165	5.376842e-01	5.372569e-01	2.083537e+00
166	5.061032e-01	5.486746e-01	2.286761e+00
167	5.192837e-01	5.813449e-01	1.194431e+00
168	5.067913e-01	5.394663e-01	2.818271e+00
169	5.404252e-01	5.022191e-01	2.827064e+00
170	5.367649e-01	5.239248e-01	1.684905e+00
171	4.537852e-01	5.482735e-01	1.999511e+00
172	5.541108e-01	5.548189e-01	1.956522e+00
173	4.525578e-01	6.017284e-01	1.409380e+00
174	4.490160e-01	5.236907e-01	2.323889e+00
175	5.344650e-01	5.221221e-01	2.501710e+00
176	5.407305e-01	5.462994e-01	2.395213e+00
177	5.429514e-01	5.482808e-01	2.719590e+00
178	5.213433e-01	5.041345e-01	2.937469e+00
179	5.172721e-01	5.826001e-01	2.803615e+00
180	5.052179e-01	6.033434e-01	1.322423e+00
181	3.413017e-01	3.249418e-01	2.019052e+00
182	5.191734e-01	5.859930e-01	1.794333e+00
183	5.412190e-01	5.438867e-01	2.611138e+00
184	5.428125e-01	5.472515e-01	1.724963e+00
185	4.927853e-01	5.151980e-01	1.983879e+00
186	5.382327e-01	5.271025e-01	2.181241e+00
187	5.646619e-01	4.465026e-01	2.437225e+00
188	5.326508e-01	4.661484e-01	1.295066e+00
189	5.087995e-01	5.750844e-01	1.970200e+00
190	4.949124e-01	5.449709e-01	2.387396e+00
191	5.110188e-01	5.629343e-01	2.386419e+00
192	4.840524e-01	5.026363e-01	2.647289e+00
193	5.035495e-01	5.681687e-01	1.686859e+00
194	4.288235e-01	4.035521e-01	1.549096e+00
195	4.814651e-01	5.203571e-01	1.553981e+00
196	5.431484e-01	5.581436e-01	1.764045e+00
197	5.088081e-01	5.809191e-01	1.632145e+00
198	4.932786e-01	6.075124e-01	2.230093e+00
199	4.957047e-01	4.760081e-01	1.235467e+00
200	5.547127e-01	5.458782e-01	2.251588e+00
201	5.800563e-01	4.792685e-01	1.751343e+00
202	4.714426e-01	5.375164e-01	1.715193e+00
203	4.666734e-01	4.838903e-01	2.109917e+00
204	5.571467e-01	5.439227e-01	2.137274e+00
205	4.605301e-01	4.479991e-01	2.099170e+00
206	5.479605e-01	5.216531e-01	2.057157e+00
207	4.710119e-01	5.659086e-01	2.246702e+00
208	5.626655e-01	5.492264e-01	1.894968e+00
209	5.315677e-01	5.107638e-01	2.453835e+00
210	4.952339e-01	5.697436e-01	2.834880e+00
211	4.553835e-01	5.225942e-01	2.215437e+00
212	5.307336e-01	5.245379e-01	2.153884e+00
213	5.304874e-01	4.995986e-01	2.475330e+00
214	4.902717e-01	4.897708e-01	1.274548e+00
215	5.318669e-01	5.001453e-01	2.127504e+00
216	4.860548e-01	6.007795e-01	1.697606e+00
217	4.956882e-01	4.507987e-01	1.790425e+00
218	3.974618e-01	4.950415e-01	1.736688e+00
219	5.299760e-01	5.169452e-01	1.692721e+00
220	4.912404e-01	5.829640e-01	2.042501e+00
221	4.615375e-01	5.397073e-01	1.468979e+00
222	5.302424e-01	5.241906e-01	1.784563e+00
223	5.149353e-01	4.680272e-01	1.068393e+00
224	4.905758e-01	6.189799e-01	2.269174e+00
225	4.930656e-01	6.343824e-01	2.653151e+00
226	4.484820e-01	5.407256e-01	1.839277e+00
227	4.676885e-01	4.728132e-01	1.175867e+00
228	5.014858e-01	4.519643e-01	2.807523e+00
229	4.453648e-01	5.325042e-01	2.811431e+00
230	4.604799e-01	5.329856e-01	1.192477e+00
231	4.813235e-01	5.844244e-01	1.897899e+00
232	4.599376e-01	4.739994e-01	1.620420e+00
233	4.074047e-01	4.975323e-01	2.624817e+00
234	4.595092e-01	5.332258e-01	2.806546e+00
235	4.616215e-01	5.371377e-01	1.763068e+00
236	4.789060e-01	5.999679e-01	1.890083e+00
237	4.422302e-01	3.748003e-01	2.060088e+00
238	4.057353e-01	4.861587e-01	2.458720e+00
239	5.018616e-01	4.484756e-01	2.463605e+00
240	4.382951e-01	3.774516e-01	1.141671e+00
241	4.656815e-01	4.961915e-01	1.146556e+00
242	5.585205e-01	5.888079e-01	1.395701e+00
243	5.737196e-01	5.408532e-01	1.755252e+00
244	5.587654e-01	6.072897e-01	2.486077e+00
245	4.252383e-01	4.734391e-01	2.901319e+00
246	4.537451e-01	5.080994e-01	2.123596e+00
247	4.353734e-01	3.829779e-01	1.652662e+00
248	4.866472e-01	4.805046e-01	1.199316e+00
249	3.892866e-01	4.696429e-01	1.211041e+00
250	5.653651e-01	5.309144e-01	2.170493e+00
251	4.221846e-01	4.978348e-01	2.733268e+00
252	5.637846e-01	5.409176e-01	1.545188e+00
253	4.504150e-01	5.309490e-01	1.376160e+00
254	4.288977e-01	4.794236e-01	1.621397e+00
255	4.295796e-01	4.810234e-01	1.883244e+00
256	4.289663e-01	4.797145e-01	1.612604e+00
257	5.681920e-01	5.371729e-01	2.909135e+00
258	4.426666e-01	4.532971e-01	1.354665e+00
259	4.815633e-01	4.847171e-01	2.770396e+00
260	5.052116e-01	5.644630e-01	2.148999e+00
261	5.647233e-01	5.477151e-01	2.624817e+00
262	4.460227e-01	4.018249e-01	1.126038e+00
263	4.331388e-01	4.050418e-01	2.481192e+00
264	4.523617e-01	4.741111e-01	2.697118e+00
265	4.877949e-01	4.662456e-01	1.938935e+00
266	4.383792e-01	4.362746e-01	1.854910e+00
267	4.322783e-01	3.942356e-01	1.909624e+00
268	4.751377e-01	5.307026e-01	2.625794e+00
269	5.409116e-01	4.690433e-01	1.564729e+00
270	4.463445e-01	5.054143e-01	2.984367e+00
271	4.123735e-01	3.917045e-01	2.497802e+00
272	4.127788e-01	3.924134e-01	1.802149e+00
273	4.429656e-01	4.886931e-01	2.693210e+00
274	4.454798e-01	4.791282e-01	2.276014e+00
275	3.930885e-01	4.532452e-01	1.004885e+00
276	4.998949e-01	5.573186e-01	1.245237e+00
277	4.007288e-01	4.540020e-01	2.910112e+00
278	4.885375e-01	4.827518e-01	1.489497e+00
279	4.749569e-01	4.997079e-01	2.305325e+00
280	4.247296e-01	4.085812e-01	2.963850e+00
281	4.870176e-01	4.822245e-01	2.689301e+00
282	4.242590e-01	4.783601e-01	1.346849e+00
283	4.842805e-01	4.822154e-01	2.447973e+00
284	4.852164e-01	4.620512e-01	1.591109e+00
285	4.425800e-01	4.850350e-01	1.931119e+00
286	3.885771e-01	5.426638e-01	1.473864e+00
287	4.765956e-01	4.996429e-01	2.687347e+00
288	4.780023e-01	4.563558e-01	2.787982e+00
289	4.202285e-01	4.754863e-01	1.510015e+00
290	3.792835e-01	5.403882e-01	1.850024e+00
291	4.591350e-01	4.837756e-01	2.193942e+00
292	4.860204e-01	4.829503e-01	2.918906e+00
293	4.761425e-01	4.241070e-01	1.734734e+00
294	4.288416e-01	3.905371e-01	1.119199e+00
295	4.967642e-01	4.451600e-01	1.631168e+00
296	4.747046e-01	4.899788e-01	1.258915e+00
297	4.496750e-01	4.550449e-01	2.458720e+00
298	4.242392e-01	4.722522e-01	2.134343e+00
299	4.734109e-01	4.887652e-01	2.662921e+00
300	4.865747e-01	4.849557e-01	2.924768e+00
301	4.573719e-01	4.652869e-01	2.983390e+00
302	3.813164e-01	5.260955e-01	2.305325e+00
303	4.001834e-01	5.348231e-01	2.763556e+00
304	4.024203e-01	5.160316e-01	2.374695e+00
305	4.667102e-01	4.908035e-01	1.703468e+00
306	4.760517e-01	4.585009e-01	1.246214e+00
307	3.834804e-01	5.396740e-01	2.993161e+00
308	4.673912e-01	4.177288e-01	2.925745e+00
309	4.371956e-01	4.527645e-01	1.857841e+00
310	4.671171e-01	5.028412e-01	2.601368e+00
311	4.869473e-01	4.838589e-01	2.413776e+00
312	4.703863e-01	5.002222e-01	2.569126e+00
313	3.676053e-01	4.622171e-01	2.051295e+00
314	4.750219e-01	4.654519e-01	1.865657e+00
315	4.031852e-01	5.796456e-01	1.048852e+00
316	4.454182e-01	4.577365e-01	2.574988e+00
317	4.515301e-01	4.830227e-01	1.598925e+00
318	4.056938e-01	5.512261e-01	2.264289e+00
319	4.773871e-01	4.680077e-01	1.176844e+00
320	4.035543e-01	5.535635e-01	1.061553e+00
321	4.484819e-01	4.021826e-01	2.460674e+00
322	4.610237e-01	4.737022e-01	2.526136e+00
323	4.487531e-01	4.026705e-01	2.587689e+00
324	4.230922e-01	5.271800e-01	1.928188e+00
325	4.684906e-01	4.990202e-01	2.006351e+00
326	4.686771e-01	4.993746e-01	1.041036e+00
327	4.397348e-01	4.762174e-01	1.793356e+00
328	4.490436e-01	4.038099e-01	1.312653e+00
329	4.223530e-01	5.321459e-01	1.860772e+00
330	5.064906e-01	4.662191e-01	1.389839e+00
331	4.965649e-01	5.109872e-01	1.052760e+00
332	4.241747e-01	5.326133e-01	1.156326e+00
333	3.616671e-01	4.822617e-01	1.425012e+00
334	4.770169e-01	5.672951e-01	1.981925e+00
335	4.521711e-01	4.266843e-01	2.256473e+00
336	4.231398e-01	4.567043e-01	2.368832e+00
337	4.567698e-01	4.359366e-01	2.024915e+00
338	4.075034e-01	5.654450e-01	1.087934e+00
339	4.533585e-01	4.256487e-01	1.266732e+00
340	4.180451e-01	5.206334e-01	1.348803e+00
341	4.522695e-01	3.992392e-01	2.472399e+00
342	5.153333e-01	4.553486e-01	2.288715e+00
343	3.941327e-01	5.597302e-01	1.972154e+00
344	4.584824e-01	5.305680e-01	2.745970e+00
345	4.622279e-01	5.432129e-01	2.490962e+00
346	3.953275e-01	5.432510e-01	2.515388e+00
347	4.223361e-01	5.195420e-01	1.545188e+00
348	4.488310e-01	4.915389e-01	2.662921e+00
349	4.518830e-01	4.354322e-01	2.264289e+00
350	5.001018e-01	5.245342e-01	2.905227e+00
351	4.388936e-01	5.346601e-01	1.058622e+00
352	4.652395e-01	3.724684e-01	2.764533e+00
353	4.285764e-01	4.993479e-01	2.152907e+00
354	4.451853e-01	5.453206e-01	2.784074e+00
355	4.688458e-01	4.853210e-01	2.445042e+00
356	4.463441e-01	4.177158e-01	2.852467e+00
357	4.183328e-01	5.121383e-01	2.070835e+00
358	4.667802e-01	4.579041e-01	1.406448e+00
359	4.287863e-01	5.468864e-01	1.751343e+00
360	4.333714e-01	4.970653e-01	2.077675e+00
361	5.030592e-01	5.210711e-01	1.601856e+00
362	3.881461e-01	5.350391e-01	2.012213e+00
363	6.529770e-01	4.604952e-01	1.417196e+00
364	4.665641e-01	4.750932e-01	2.048363e+00
365	4.345850e-01	3.940078e-01	2.781143e+00
366	5.133671e-01	5.274631e-01	2.779189e+00
367	4.701625e-01	4.495366e-01	2.617978e+00
368	6.485073e-01	4.389854e-01	2.517342e+00
369	4.021239e-01	5.115801e-01	1.698583e+00
370	6.156916e-01	4.095958e-01	1.284319e+00
371	5.788323e-01	4.633919e-01	1.948705e+00
372	4.924115e-01	5.311712e-01	1.416219e+00
373	4.499278e-01	5.618657e-01	1.745481e+00
374	4.534983e-01	5.642208e-01	1.994626e+00
375	4.448731e-01	4.801652e-01	2.291646e+00
376	5.824220e-01	4.627407e-01	1.868588e+00
377	4.772365e-01	4.826659e-01	2.511480e+00
378	4.364682e-01	5.307550e-01	2.596483e+00
379	4.672609e-01	4.695010e-01	2.855398e+00
380	6.227265e-01	4.315577e-01	2.172447e+00
381	4.672630e-01	4.697831e-01	1.312653e+00
382	4.684432e-01	4.715606e-01	1.787494e+00
383	4.664851e-01	4.681631e-01	2.252565e+00
384	5.216438e-01	5.082219e-01	1.978017e+00
385	5.196365e-01	4.962779e-01	2.965804e+00
386	4.766408e-01	5.118519e-01	2.221299e+00
387	4.803026e-01	4.821788e-01	1.701514e+00
388	5.110488e-01	4.271503e-01	1.135809e+00
389	4.667174e-01	4.732895e-01	2.997069e+00
390	4.527176e-01	5.520006e-01	2.470445e+00
391	4.681106e-01	4.967789e-01	2.362970e+00
392	5.828318e-01	4.975172e-01	2.553493e+00
393	4.639708e-01	5.246757e-01	1.347826e+00
394	5.185547e-01	4.248759e-01	2.896434e+00
395	4.660803e-01	4.932786e-01	1.857841e+00
396	5.083707e-01	4.322343e-01	1.669272e+00
397	5.834521e-01	4.942629e-01	1.726917e+00
398	4.636558e-01	5.499618e-01	2.604299e+00
399	4.609872e-01	5.047263e-01	2.089399e+00
400	5.372744e-01	4.282734e-01	1.552027e+00
401	5.465105e-01	3.991170e-01	1.769907e+00
402	4.929470e-01	4.327425e-01	1.382022e+00
403	5.075442e-01	5.053327e-01	2.510503e+00
404	5.908377e-01	4.990850e-01	1.640938e+00
405	4.697849e-01	5.276921e-01	2.933561e+00
406	5.423203e-01	4.268185e-01	1.033219e+00
407	4.553779e-01	5.136767e-01	1.408403e+00
408	4.493665e-01	5.432645e-01	2.767465e+00
409	4.655206e-01	5.235611e-01	1.526624e+00
410	5.206731e-01	5.212318e-01	1.456277e+00
411	5.752027e-01	4.082909e-01	1.054714e+00
412	4.569956e-01	5.396231e-01	2.601368e+00
413	4.728415e-01	4.392301e-01	2.193942e+00
414	5.122065e-01	3.939880e-01	2.321935e+00
415	5.082436e-01	4.312654e-01	1.564729e+00
416	5.121586e-01	5.088366e-01	1.679043e+00
417	5.340044e-01	4.373508e-01	2.034685e+00
418	5.758236e-01	4.089847e-01	2.564240e+00
419	5.056393e-01	5.076720e-01	2.311187e+00
420	4.713006e-01	5.334405e-01	1.297997e+00
421	4.631426e-01	5.305876e-01	2.873962e+00
422	4.713513e-01	5.356949e-01	2.202736e+00
423	5.176558e-01	5.083127e-01	2.653151e+00
424	5.824621e-01	4.003306e-01	1.693698e+00
425	3.989699e-01	4.661955e-01	2.461651e+00
426	5.132041e-01	5.019337e-01	1.679043e+00
427	4.689747e-01	5.422287e-01	2.991207e+00
428	4.796012e-01	3.960576e-01	2.857352e+00
429	5.073495e-01	4.879109e-01	1.913532e+00
430	5.669748e-01	4.274282e-01	1.216903e+00
431	4.755930e-01	3.921191e-01	1.214949e+00
432	5.780791e-01	3.965192e-01	2.294577e+00
433	5.752459e-01	4.802217e-01	1.005862e+00
434	5.079011e-01	5.012870e-01	2.227162e+00
435	5.605591e-01	4.990352e-01	1.723009e+00
436	5.309378e-01	4.455994e-01	1.113337e+00
437	4.046300e-01	4.651506e-01	1.491451e+00
438	5.100382e-01	5.398178e-01	1.692721e+00
439	5.764674e-01	3.985970e-01	1.154372e+00
440	5.580238e-01	4.237262e-01	1.851001e+00
441	5.033072e-01	5.363219e-01	2.418661e+00
442	5.801487e-01	4.954427e-01	1.874450e+00
443	5.568725e-01	4.175982e-01	1.591109e+00
444	5.802758e-01	3.982722e-01	2.199805e+00
445	4.653501e-01	5.432837e-01	2.208598e+00
446	5.067210e-01	5.358720e-01	1.322423e+00
447	4.616000e-01	5.269030e-01	2.361016e+00
448	3.711386e-01	4.773115e-01	1.207132e+00
449	3.746960e-01	5.158478e-01	2.514411e+00
450	4.601400e-01	5.334261e-01	1.815828e+00
451	4.678511e-01	5.618685e-01	1.328285e+00
452	5.793092e-01	4.160282e-01	2.272106e+00
453	5.071839e-01	4.303810e-01	2.487054e+00
454	5.809574e-01	4.169369e-01	1.883244e+00
455	4.853392e-01	3.932432e-01	1.599902e+00
456	4.248511e-01	6.031906e-01	2.142159e+00
457	4.190745e-01	4.901563e-01	2.343429e+00
458	5.757134e-01	3.938224e-01	1.749389e+00
459	5.033330e-01	5.416328e-01	1.835369e+00
460	3.616064e-01	4.839166e-01	2.608207e+00
461	4.311114e-01	4.772143e-01	1.065462e+00
462	4.626007e-01	5.333118e-01	1.698583e+00
463	5.652284e-01	4.134639e-01	2.761602e+00
464	5.621683e-01	4.298176e-01	1.744504e+00
465	4.870699e-01	3.897206e-01	1.961407e+00
466	5.669723e-01	4.116264e-01	2.449927e+00
467	5.822863e-01	5.167907e-01	2.669761e+00
468	3.966124e-01	4.513550e-01	1.075232e+00
469	5.674490e-01	3.975368e-01	2.597460e+00
470	5.837392e-01	4.843354e-01	2.960918e+00
471	4.896238e-01	3.879529e-01	1.451392e+00
472	5.814553e-01	4.859337e-01	1.655594e+00
473	5.162034e-01	5.004509e-01	2.572057e+00
474	3.755806e-01	5.379019e-01	2.433317e+00
475	4.378885e-01	4.430809e-01	1.234489e+00
476	5.806197e-01	5.038577e-01	1.607719e+00
477	4.550101e-01	5.209050e-01	2.643381e+00
478	4.300486e-01	5.957892e-01	1.827553e+00
479	4.249690e-01	4.427554e-01	1.233512e+00
480	4.265246e-01	6.029611e-01	2.757694e+00
481	4.405092e-01	4.924267e-01	2.058134e+00
482	5.748599e-01	4.202479e-01	2.221299e+00
483	6.048358e-01	4.471940e-01	1.083048e+00
484	4.490301e-01	5.078337e-01	2.453835e+00
485	4.551199e-01	5.239327e-01	2.829018e+00
486	5.697095e-01	4.953018e-01	2.169516e+00
487	4.474648e-01	5.209125e-01	2.371764e+00
488	4.420251e-01	4.975975e-01	1.634099e+00
489	4.101872e-01	5.091330e-01	1.314607e+00
490	4.185444e-01	5.032268e-01	2.292623e+00
491	4.633306e-01	4.710917e-01	1.759160e+00
492	4.326988e-01	5.920033e-01	2.365901e+00
493	5.767268e-01	4.207836e-01	2.942355e+00
494	4.175372e-01	5.046665e-01	1.358574e+00
495	3.814593e-01	5.473688e-01	1.458232e+00
496	6.335873e-01	4.270188e-01	1.757206e+00
497	6.320055e-01	5.016756e-01	1.099658e+00
498	5.510613e-01	4.644302e-01	2.251588e+00
499	4.045232e-01	4.949237e-01	1.474841e+00
500	4.297656e-01	5.939642e-01	1.462140e+00
501	4.458312e-01	5.144429e-01	2.850513e+00
502	4.244018e-01	4.495892e-01	2.543723e+00
503	6.236580e-01	3.937355e-01	2.288715e+00
504	5.557131e-01	4.305370e-01	1.375183e+00
505	5.651891e-01	4.631421e-01	1.170005e+00
506	4.218741e-01	4.528788e-01	2.011236e+00
507	5.834073e-01	4.461809e-01	2.982413e+00
508	4.251211e-01	5.157653e-01	1.578407e+00
509	4.483853e-01	4.817068e-01	2.904250e+00
510	6.154259e-01	3.954227e-01	2.471422e+00
511	4.303638e-01	4.978254e-01	2.948217e+00
512	5.973288e-01	5.072691e-01	1.856864e+00
513	3.660565e-01	5.856067e-01	1.749389e+00
514	5.751544e-01	4.610513e-01	1.780655e+00
515	5.955917e-01	4.770535e-01	1.223742e+00
516	5.757890e-01	4.584377e-01	2.928676e+00
517	4.417682e-01	5.163210e-01	1.055691e+00
518	5.729615e-01	4.612563e-01	2.823156e+00
519	5.888134e-01	4.463469e-01	2.886663e+00
520	4.123457e-01	4.183281e-01	1.931119e+00
521	4.382105e-01	4.973391e-01	1.391793e+00
522	4.381315e-01	4.607658e-01	1.467025e+00
523	5.380396e-01	4.789701e-01	1.512946e+00
524	4.424135e-01	5.786786e-01	1.960430e+00
525	4.430314e-01	5.743073e-01	2.254519e+00
526	5.015046e-01	4.411385e-01	2.899365e+00
527	5.797816e-01	4.174544e-01	2.728383e+00
528	4.441548e-01	4.924669e-01	1.247191e+00
529	4.987488e-01	4.490955e-01	1.802149e+00
530	3.590489e-01	5.935551e-01	1.858818e+00
531	4.424247e-01	4.775761e-01	1.663410e+00
532	5.264248e-01	4.293842e-01	2.556424e+00
533	4.388970e-01	5.825673e-01	2.947240e+00
534	4.401644e-01	4.966179e-01	2.475330e+00
535	5.645795e-01	4.559687e-01	1.237421e+00
536	5.713694e-01	3.988842e-01	2.923791e+00
537	4.366655e-01	4.971606e-01	2.906204e+00
538	4.221030e-01	5.723305e-01	2.668784e+00
539	5.180111e-01	5.130946e-01	2.476307e+00
540	5.017074e-01	4.434404e-01	2.065950e+00
541	4.373283e-01	4.790631e-01	1.983879e+00
542	4.419614e-01	4.432351e-01	1.982902e+00
543	5.846163e-01	4.009803e-01	2.643381e+00
544	4.419657e-01	5.815238e-01	1.637030e+00
545	4.342826e-01	4.984069e-01	1.338056e+00
546	5.032622e-01	4.460428e-01	2.406937e+00
547	5.169061e-01	4.459906e-01	1.422081e+00
548	4.325481e-01	5.786522e-01	2.956033e+00
549	4.293639e-01	4.979979e-01	2.601368e+00
550	4.323558e-01	5.013775e-01	1.846116e+00
551	4.343112e-01	4.953909e-01	1.264778e+00
552	4.357188e-01	5.781415e-01	1.119199e+00
553	4.967452e-01	4.519054e-01	1.956522e+00
554	5.294937e-01	4.590086e-01	2.971666e+00
555	4.305749e-01	4.902630e-01	2.149976e+00
556	5.620080e-01	4.884956e-01	1.574499e+00
557	4.406682e-01	5.759005e-01	1.775769e+00
558	4.517217e-01	5.847481e-01	1.542257e+00
559	4.379289e-01	5.756452e-01	2.984367e+00
560	5.597597e-01	4.840292e-01	2.563263e+00
561	4.403263e-01	5.866612e-01	1.624328e+00
562	4.492730e-01	4.533332e-01	1.577430e+00
563	6.310295e-01	4.183538e-01	2.224231e+00
564	4.417331e-01	5.012078e-01	1.125061e+00
565	4.351103e-01	4.495074e-01	2.955056e+00
566	5.097448e-01	4.509214e-01	2.865169e+00
567	4.341332e-01	4.629133e-01	1.672203e+00
568	5.894678e-01	4.167017e-01	1.198339e+00
569	5.677712e-01	4.379003e-01	2.513434e+00
570	4.485083e-01	4.613506e-01	1.853933e+00
571	4.284324e-01	4.951706e-01	2.858329e+00
572	4.318640e-01	4.596529e-01	1.574499e+00
573	4.275287e-01	5.677593e-01	1.432829e+00
574	4.318160e-01	4.631567e-01	1.500244e+00
575	6.282995e-01	4.043521e-01	1.587201e+00
576	5.368293e-01	4.491247e-01	1.323400e+00
577	6.231964e-01	4.067956e-01	2.852467e+00
578	4.324066e-01	4.280880e-01	2.147044e+00
579	4.287432e-01	5.032865e-01	2.698095e+00
580	5.450842e-01	4.283671e-01	2.203713e+00
581	4.271083e-01	4.772116e-01	1.364436e+00
582	5.498984e-01	5.114505e-01	2.076698e+00
583	5.566863e-01	4.298781e-01	2.011236e+00
584	4.507044e-01	5.928889e-01	1.412311e+00
585	6.180324e-01	4.026675e-01	2.266243e+00
586	5.304071e-01	4.408567e-01	1.215926e+00
587	4.247632e-01	4.942205e-01	2.299463e+00
588	5.298488e-01	4.495664e-01	1.683928e+00
589	5.633735e-01	4.373446e-01	2.081583e+00
590	5.303860e-01	4.450351e-01	2.350269e+00
591	6.141208e-01	4.150550e-01	2.268197e+00
592	6.125687e-01	4.113813e-01	2.728383e+00
593	5.272154e-01	4.451241e-01	1.194431e+00
594	5.437354e-01	4.553668e-01	2.515388e+00
595	6.082370e-01	4.443384e-01	1.169028e+00
596	6.785183e-01	5.527700e-01	2.074744e+00
597	4.960058e-01	4.763527e-01	1.865657e+00
598	4.380424e-01	5.938900e-01	2.900342e+00
599	4.934632e-01	4.763964e-01	1.802149e+00
600	4.521600e-01	5.237729e-01	1.367367e+00
601	5.822104e-01	4.509730e-01	1.148510e+00
602	6.653386e-01	5.202623e-01	2.808500e+00
603	5.943266e-01	4.022204e-01	1.424035e+00
604	5.908043e-01	4.087807e-01	1.613581e+00
605	5.292097e-01	4.396182e-01	2.427455e+00
606	4.433599e-01	5.605012e-01	2.196873e+00
607	5.157638e-01	4.633191e-01	1.355642e+00
608	5.421792e-01	4.351148e-01	2.386419e+00
609	4.329696e-01	5.283737e-01	1.294089e+00
610	4.568177e-01	5.681879e-01	1.687836e+00
611	5.292156e-01	4.584914e-01	1.146556e+00
612	6.140326e-01	4.332125e-01	1.939912e+00
613	5.058051e-01	4.532629e-01	1.597948e+00
614	5.238214e-01	4.623192e-01	2.412799e+00
615	6.151083e-01	4.343404e-01	2.131412e+00
616	6.857963e-01	5.380951e-01	1.138740e+00
617	4.747965e-01	4.769230e-01	1.227650e+00
618	5.310761e-01	4.533995e-01	2.522228e+00
619	4.765358e-01	4.464344e-01	1.437714e+00
620	5.233299e-01	4.647823e-01	1.523693e+00
621	5.707293e-01	4.644317e-01	1.221788e+00
622	4.216230e-01	5.018206e-01	1.652662e+00
623	5.268485e-01	5.264336e-01	1.269663e+00
624	5.560414e-01	4.258112e-01	2.967758e+00
625	5.729807e-01	4.584357e-01	2.952125e+00
626	5.020436e-01	4.533752e-01	2.546654e+00
627	4.878425e-01	4.355439e-01	1.818759e+00
628	5.649784e-01	4.228956e-01	1.919394e+00
629	4.825940e-01	4.348665e-01	2.563263e+00
630	5.007288e-01	4.371398e-01	1.451392e+00
631	5.000470e-01	4.419897e-01	1.718124e+00
632	5.241206e-01	5.041404e-01	1.207132e+00
633	5.406572e-01	5.369332e-01	1.236444e+00
634	4.867009e-01	4.979575e-01	2.622863e+00
635	5.650625e-01	4.483084e-01	2.549585e+00
636	5.589480e-01	4.249467e-01	2.966781e+00
637	5.338802e-01	6.162097e-01	2.095261e+00
638	6.120289e-01	4.535972e-01	2.471422e+00
639	5.018053e-01	4.562077e-01	2.395213e+00
640	6.675783e-01	5.596101e-01	1.835369e+00
641	6.091388e-01	4.497658e-01	2.828041e+00
642	5.317469e-01	5.735645e-01	1.534441e+00
643	5.482084e-01	4.394880e-01	1.550073e+00
644	5.194688e-01	4.890004e-01	1.610650e+00
645	5.485176e-01	5.532316e-01	1.612604e+00
646	5.357814e-01	5.173342e-01	1.086957e+00
647	5.898707e-01	3.597210e-01	2.326820e+00
648	5.440532e-01	4.353256e-01	2.282853e+00
649	5.654461e-01	5.207246e-01	1.573522e+00
650	5.446591e-01	5.474325e-01	2.497802e+00
651	5.877565e-01	3.438010e-01	1.234489e+00
652	5.211645e-01	4.949253e-01	1.752320e+00
653	5.017238e-01	4.353046e-01	1.589155e+00
654	6.882981e-01	5.466671e-01	1.148510e+00
655	5.412013e-01	5.473049e-01	1.209086e+00
656	5.358123e-01	5.408287e-01	2.755740e+00
657	5.107602e-01	4.489052e-01	1.499267e+00
658	5.546354e-01	5.568353e-01	1.014656e+00
659	5.417422e-01	4.429103e-01	2.891549e+00
660	5.576731e-01	5.067682e-01	2.478261e+00
661	4.985126e-01	4.383439e-01	1.898876e+00
662	5.334700e-01	5.000719e-01	1.188569e+00
663	5.643280e-01	5.293560e-01	2.785051e+00
664	5.155672e-01	4.701335e-01	2.945286e+00
665	5.591123e-01	5.241333e-01	2.458720e+00
666	5.195990e-01	4.417342e-01	2.673669e+00
667	4.972051e-01	5.001421e-01	1.399609e+00
668	5.001345e-01	4.654863e-01	2.604299e+00
669	5.500307e-01	5.596663e-01	1.529555e+00
670	5.574363e-01	5.653683e-01	2.823156e+00
671	5.474173e-01	5.650542e-01	2.826087e+00
672	5.303841e-01	4.449792e-01	2.844651e+00
673	5.528810e-01	5.627626e-01	2.290669e+00
674	5.623638e-01	4.187063e-01	2.188080e+00
675	5.548613e-01	5.454498e-01	2.570103e+00
676	5.566673e-01	5.364706e-01	2.396190e+00
677	5.538655e-01	4.789552e-01	1.318515e+00
678	5.916785e-01	4.692581e-01	1.733757e+00
679	5.545460e-01	5.005637e-01	2.605276e+00
680	5.549654e-01	5.879837e-01	2.683439e+00
681	5.076366e-01	4.761255e-01	1.587201e+00
682	5.544153e-01	5.451172e-01	1.375183e+00
683	5.127106e-01	4.883603e-01	2.298486e+00
684	5.503446e-01	4.533085e-01	1.285296e+00
685	5.343870e-01	4.986505e-01	2.983390e+00
686	5.610003e-01	4.637671e-01	1.195408e+00
687	5.230441e-01	4.246746e-01	2.667807e+00
688	5.583013e-01	5.431447e-01	2.414753e+00
689	4.933389e-01	4.565328e-01	1.843185e+00
690	5.419072e-01	5.098583e-01	2.396190e+00
691	5.652667e-01	4.591225e-01	1.656571e+00
692	4.815614e-01	4.664008e-01	3.000000e+00
693	5.564869e-01	5.459691e-01	2.728383e+00
694	4.731328e-01	3.975997e-01	1.133854e+00
695	5.152081e-01	3.288199e-01	1.718124e+00
696	4.996246e-01	4.736093e-01	1.944797e+00
697	5.599569e-01	5.223729e-01	2.883732e+00
698	5.690677e-01	5.500494e-01	2.383488e+00
699	4.699342e-01	4.560147e-01	2.506595e+00
700	5.562040e-01	5.170434e-01	1.786517e+00
701	5.505900e-01	4.949577e-01	2.893503e+00
702	5.421722e-01	5.175698e-01	2.981436e+00
703	5.381308e-01	4.359242e-01	2.663898e+00
704	5.483488e-01	5.053624e-01	2.227162e+00
705	4.884623e-01	4.767043e-01	1.527601e+00
706	4.585198e-01	4.297765e-01	2.610161e+00
707	4.404567e-01	4.673275e-01	1.058622e+00
708	5.645006e-01	5.470252e-01	2.782120e+00
709	5.980900e-01	5.024758e-01	1.854910e+00
710	4.979117e-01	4.525917e-01	1.518808e+00
711	5.664789e-01	5.892111e-01	2.950171e+00
712	5.425428e-01	5.223638e-01	2.109917e+00
713	6.071190e-01	4.899063e-01	2.205667e+00
714	5.644624e-01	5.505332e-01	2.074744e+00
715	5.385803e-01	5.240498e-01	2.319003e+00
716	5.973869e-01	4.826149e-01	1.290181e+00
717	5.412163e-01	5.197662e-01	1.286273e+00
718	5.474443e-01	5.199679e-01	1.881290e+00
719	4.806047e-01	4.385388e-01	1.664387e+00
720	4.433211e-01	3.788123e-01	1.242306e+00
721	4.719169e-01	4.207483e-01	1.927211e+00
722	4.223446e-01	4.626881e-01	2.820225e+00
723	5.158878e-01	4.061904e-01	2.792868e+00
724	5.412915e-01	5.270461e-01	1.201270e+00
725	4.186355e-01	4.701071e-01	1.898876e+00
726	4.433372e-01	3.735928e-01	2.183195e+00
727	4.286838e-01	4.530254e-01	1.782609e+00
728	5.668530e-01	5.888065e-01	2.566194e+00
729	5.540467e-01	5.562346e-01	1.561798e+00
730	5.430915e-01	5.099499e-01	2.282853e+00
731	5.475382e-01	5.265744e-01	2.210552e+00
732	4.976174e-01	4.302257e-01	1.020518e+00
733	4.734573e-01	4.286020e-01	1.784563e+00
734	5.642180e-01	6.831690e-01	1.910601e+00
735	5.475628e-01	5.102679e-01	1.275525e+00
736	5.226518e-01	5.160615e-01	1.212995e+00
737	5.677991e-01	4.869299e-01	2.964827e+00
738	5.464774e-01	5.105688e-01	2.079629e+00
739	6.038689e-01	6.023900e-01	1.634099e+00
740	5.368304e-01	5.004456e-01	1.187592e+00
741	4.408393e-01	4.587968e-01	1.258915e+00
742	4.555668e-01	3.643293e-01	2.565217e+00
743	5.623945e-01	5.896812e-01	1.707377e+00
744	5.525596e-01	5.610762e-01	1.999511e+00
745	4.581231e-01	4.476856e-01	1.264778e+00
746	5.336813e-01	4.977449e-01	1.110405e+00
747	5.825254e-01	5.014832e-01	1.107474e+00
748	4.511479e-01	3.690917e-01	1.416219e+00
749	5.684994e-01	4.840179e-01	1.070347e+00
750	5.698029e-01	5.983446e-01	2.856375e+00
751	4.670779e-01	4.465975e-01	2.400098e+00
752	5.737168e-01	5.017510e-01	2.871031e+00
753	4.710333e-01	4.405672e-01	2.739130e+00
754	5.981817e-01	4.673759e-01	1.681974e+00
755	5.284837e-01	4.523475e-01	2.061065e+00
756	6.240454e-01	6.173867e-01	1.928188e+00
757	5.704547e-01	6.944774e-01	1.579384e+00
758	4.443984e-01	3.531315e-01	1.946751e+00
759	5.697916e-01	6.973186e-01	1.790425e+00
760	5.826480e-01	6.841781e-01	1.180752e+00
761	4.955853e-01	4.265713e-01	1.073278e+00
762	4.450241e-01	3.557461e-01	1.013679e+00
763	4.695650e-01	4.729927e-01	2.799707e+00
764	4.344578e-01	3.663841e-01	1.132877e+00
765	5.757828e-01	7.040338e-01	1.803127e+00
766	4.616084e-01	3.963008e-01	2.775281e+00
767	6.501559e-01	6.127481e-01	2.776258e+00
768	4.707112e-01	4.449625e-01	2.010259e+00
769	4.404059e-01	3.638171e-01	2.652174e+00
770	5.678314e-01	5.035625e-01	1.700537e+00
771	4.629770e-01	5.288077e-01	1.339033e+00
772	4.675281e-01	4.734016e-01	2.227162e+00
773	4.694596e-01	4.608431e-01	2.482169e+00
774	4.970383e-01	4.311160e-01	2.958964e+00
775	4.661915e-01	5.424302e-01	1.443576e+00
776	5.855742e-01	5.267769e-01	2.381534e+00
777	4.792654e-01	5.671426e-01	1.971177e+00
778	5.722523e-01	5.072187e-01	2.960918e+00
779	4.732642e-01	4.467065e-01	1.812897e+00
780	5.869515e-01	6.871994e-01	1.991695e+00
781	4.969217e-01	6.749691e-01	1.170982e+00
782	5.660610e-01	5.091382e-01	1.277479e+00
783	6.416279e-01	5.211901e-01	2.730337e+00
784	4.409297e-01	3.581682e-01	2.086468e+00
785	4.574129e-01	4.663499e-01	1.176844e+00
786	4.566064e-01	4.591550e-01	1.636053e+00
787	6.078446e-01	5.214317e-01	1.790425e+00
788	4.765779e-01	5.318157e-01	2.336590e+00
789	5.772998e-01	5.241671e-01	1.343918e+00
790	5.688663e-01	5.035847e-01	1.905716e+00
791	4.929336e-01	4.368118e-01	1.784563e+00
792	5.137136e-01	5.682157e-01	2.622863e+00
793	4.517414e-01	4.116292e-01	2.063996e+00
794	4.894050e-01	4.497456e-01	2.497802e+00
795	5.853939e-01	4.966720e-01	2.870054e+00
796	4.378517e-01	5.368343e-01	2.862237e+00
797	4.420970e-01	5.490760e-01	2.981436e+00
798	4.460458e-01	3.447913e-01	1.529555e+00
799	4.150248e-01	4.660660e-01	1.729849e+00
800	5.095505e-01	5.563488e-01	2.290669e+00
801	4.548569e-01	4.988714e-01	2.841720e+00
802	4.509676e-01	5.109914e-01	2.195896e+00
803	4.748419e-01	5.541936e-01	1.601856e+00
804	4.315648e-01	4.722570e-01	2.449927e+00
805	4.115645e-01	4.357350e-01	1.462140e+00
806	4.540736e-01	5.068083e-01	2.041524e+00
807	4.931472e-01	6.584949e-01	2.971666e+00
808	4.501422e-01	5.117111e-01	2.061065e+00
809	5.924412e-01	5.381843e-01	2.130435e+00
810	4.550935e-01	3.951343e-01	2.205667e+00
811	4.511941e-01	5.158790e-01	2.184172e+00
812	4.405999e-01	4.790424e-01	2.747924e+00
813	5.077347e-01	6.521040e-01	2.602345e+00
814	4.637218e-01	5.391618e-01	2.909135e+00
815	4.503440e-01	5.167639e-01	2.777235e+00
816	4.199628e-01	4.346499e-01	1.295066e+00
817	4.374137e-01	5.282467e-01	1.050806e+00
818	4.639975e-01	5.359835e-01	1.191500e+00
819	4.176909e-01	4.779888e-01	1.198339e+00
820	4.242168e-01	4.566635e-01	2.656082e+00
821	5.071474e-01	6.462667e-01	2.353200e+00
822	5.247940e-01	5.267274e-01	1.692721e+00
823	4.620291e-01	3.837306e-01	2.330728e+00
824	4.704773e-01	3.460305e-01	1.946751e+00
825	4.315368e-01	5.169943e-01	1.906693e+00
826	4.304488e-01	4.548507e-01	2.192965e+00
827	4.239808e-01	5.144610e-01	1.200293e+00
828	4.786154e-01	2.835124e-01	1.497313e+00
829	4.307732e-01	4.576758e-01	2.361016e+00
830	4.547718e-01	5.945162e-01	2.080606e+00
831	4.226913e-01	3.406742e-01	1.074255e+00
832	5.275821e-01	6.745653e-01	1.639961e+00
833	4.214069e-01	4.599696e-01	2.017098e+00
834	4.777045e-01	4.370051e-01	2.191011e+00
835	4.712547e-01	5.885229e-01	1.667318e+00
836	4.576262e-01	5.923532e-01	2.229116e+00
837	4.239172e-01	3.346105e-01	1.188569e+00
838	4.606735e-01	5.480741e-01	2.714704e+00
839	4.473511e-01	4.203544e-01	1.979971e+00
840	4.646790e-01	5.327511e-01	2.954079e+00
841	4.460357e-01	3.317999e-01	1.390816e+00
842	5.375700e-01	4.610435e-01	1.803127e+00
843	4.560648e-01	5.003875e-01	1.039082e+00
844	4.258398e-01	3.321212e-01	1.893014e+00
845	5.274741e-01	4.939192e-01	1.778701e+00
846	5.375634e-01	4.725478e-01	1.295066e+00
847	5.029832e-01	4.386870e-01	1.807035e+00
848	4.735460e-01	5.201971e-01	1.102589e+00
849	4.342216e-01	4.867245e-01	1.879336e+00
850	4.341084e-01	4.859362e-01	1.984856e+00
851	5.549132e-01	5.353773e-01	2.238886e+00
852	4.941925e-01	4.761610e-01	2.868100e+00
853	5.093348e-01	6.232987e-01	1.127992e+00
854	4.591638e-01	4.736318e-01	2.748901e+00
855	4.376834e-01	5.398116e-01	1.578407e+00
856	5.148332e-01	6.591185e-01	2.950171e+00
857	4.916626e-01	5.411117e-01	1.621397e+00
858	4.499883e-01	4.989634e-01	2.657059e+00
859	4.730954e-01	4.565971e-01	2.404983e+00
860	4.436552e-01	5.060016e-01	2.272106e+00
861	4.767411e-01	4.371362e-01	1.463117e+00
862	4.549014e-01	4.699985e-01	2.316072e+00
863	5.791199e-01	5.340860e-01	2.334636e+00
864	4.376643e-01	4.938085e-01	1.365413e+00
865	5.788675e-01	5.334731e-01	2.105032e+00
866	5.051413e-01	4.567211e-01	1.339033e+00
867	5.231051e-01	4.585363e-01	2.932584e+00
868	4.818984e-01	6.849136e-01	2.770396e+00
869	4.870375e-01	4.928799e-01	2.378603e+00
870	4.568087e-01	5.004225e-01	1.833415e+00
871	4.678240e-01	4.085450e-01	1.663410e+00
872	5.297941e-01	4.752413e-01	2.251588e+00
873	4.031085e-01	4.612177e-01	1.766976e+00
874	5.312199e-01	6.142169e-01	1.575476e+00
875	5.889280e-01	5.010523e-01	2.771373e+00
876	5.309261e-01	4.771080e-01	1.482658e+00
877	4.365771e-01	3.277438e-01	2.633610e+00
878	4.451801e-01	5.037622e-01	2.787005e+00
879	4.711380e-01	4.994326e-01	1.959453e+00
880	4.917019e-01	5.434060e-01	2.187103e+00
881	4.345410e-01	4.692486e-01	2.430386e+00
882	5.232566e-01	6.114708e-01	2.679531e+00
883	5.621554e-01	5.234967e-01	2.191988e+00
884	5.262870e-01	6.056589e-01	2.945286e+00
885	4.592771e-01	6.729663e-01	2.473376e+00
886	4.529403e-01	3.426399e-01	2.243771e+00
887	5.592333e-01	5.460690e-01	2.793845e+00
888	5.781866e-01	5.880377e-01	1.391793e+00
889	5.619776e-01	5.227263e-01	2.132389e+00
890	5.268837e-01	5.998339e-01	1.627259e+00
891	5.618929e-01	5.235269e-01	1.623351e+00
892	4.801180e-01	5.322295e-01	2.772350e+00
893	4.353614e-01	4.977171e-01	1.552027e+00
894	5.171685e-01	6.424601e-01	2.828041e+00
895	5.180785e-01	5.920535e-01	1.180752e+00
896	5.649510e-01	5.201849e-01	1.632145e+00
897	5.082448e-01	6.802849e-01	1.680997e+00
898	4.679793e-01	6.998534e-01	2.828041e+00
899	4.076324e-01	4.759641e-01	1.703468e+00
900	5.821125e-01	5.137839e-01	1.471910e+00
901	5.630622e-01	5.213001e-01	2.368832e+00
902	4.529747e-01	3.456925e-01	2.216414e+00
903	4.787934e-01	4.459054e-01	1.961407e+00
904	4.597461e-01	5.096428e-01	1.756229e+00
905	5.692295e-01	5.229284e-01	2.987298e+00
906	4.784061e-01	4.459610e-01	2.332682e+00
907	5.060725e-01	6.796834e-01	1.097704e+00
908	4.586233e-01	5.482052e-01	1.954568e+00
909	4.843956e-01	4.608805e-01	1.704446e+00
910	5.610558e-01	5.974778e-01	2.546654e+00
911	4.579479e-01	3.322500e-01	2.440156e+00
912	4.606441e-01	5.003992e-01	1.853933e+00
913	5.117921e-01	6.192598e-01	2.829995e+00
914	5.071630e-01	6.438044e-01	2.774304e+00
915	5.111442e-01	6.250770e-01	2.232047e+00
916	5.123440e-01	6.188458e-01	2.093307e+00
917	5.720648e-01	5.173090e-01	2.587689e+00
918	3.904283e-01	4.183123e-01	2.698095e+00
919	4.749632e-01	4.559134e-01	1.896922e+00
920	5.792740e-01	4.780764e-01	1.212995e+00
921	5.664352e-01	4.760388e-01	1.502198e+00
922	4.461285e-01	5.054998e-01	2.614069e+00
923	5.198348e-01	6.073923e-01	2.880801e+00
924	5.417568e-01	5.383138e-01	1.956522e+00
925	5.190509e-01	6.040630e-01	2.745970e+00
926	4.646579e-01	6.980839e-01	1.179775e+00
927	5.054230e-01	6.506651e-01	1.888129e+00
928	5.038050e-01	6.498562e-01	2.302394e+00
929	5.453788e-01	5.218997e-01	1.935027e+00
930	5.003828e-01	4.711927e-01	1.975085e+00
931	5.295203e-01	5.514739e-01	1.067416e+00
932	5.568428e-01	5.427149e-01	2.024915e+00
933	5.203102e-01	5.998350e-01	2.810454e+00
934	5.915819e-01	4.987902e-01	2.428432e+00
935	5.003795e-01	4.835527e-01	1.957499e+00
936	4.784868e-01	4.341537e-01	2.306302e+00
937	4.994605e-01	4.767539e-01	2.557401e+00
938	5.513784e-01	4.957641e-01	1.243283e+00
939	5.031437e-01	4.765814e-01	2.429409e+00
940	5.523610e-01	5.630618e-01	2.523205e+00
941	4.421738e-01	4.648757e-01	2.842697e+00
942	4.525838e-01	4.653765e-01	2.247680e+00
943	4.727107e-01	4.258576e-01	2.000489e+00
944	4.902604e-01	4.654379e-01	2.446019e+00
945	4.354082e-01	5.105440e-01	2.360039e+00
946	4.326372e-01	4.644241e-01	2.567171e+00
947	4.404689e-01	4.869394e-01	2.415730e+00
948	4.347831e-01	4.727421e-01	1.989741e+00
949	4.977253e-01	6.510822e-01	1.010747e+00
950	5.234157e-01	6.982900e-01	2.656082e+00
951	4.948177e-01	6.530221e-01	2.478261e+00
952	5.191285e-01	6.619536e-01	1.851979e+00
953	4.983093e-01	6.434130e-01	2.009282e+00
954	4.633323e-01	5.126309e-01	2.908158e+00
955	5.865409e-01	5.077311e-01	2.731314e+00
956	4.341708e-01	5.122197e-01	2.544700e+00
957	5.151285e-01	6.833554e-01	2.091353e+00
958	4.536901e-01	5.114300e-01	2.890572e+00
959	5.290173e-01	5.476588e-01	1.654617e+00
960	4.854831e-01	4.724636e-01	1.008793e+00
961	5.035471e-01	6.963257e-01	1.811920e+00
962	5.738794e-01	5.598637e-01	1.260870e+00
963	4.310796e-01	4.936193e-01	1.347826e+00
964	4.332880e-01	5.150745e-01	1.325354e+00
965	4.557908e-01	5.222132e-01	1.420127e+00
966	5.033285e-01	7.127567e-01	2.845628e+00
967	5.184970e-01	4.659079e-01	1.853933e+00
968	5.129505e-01	6.890579e-01	2.474353e+00
969	5.113511e-01	6.713367e-01	1.973131e+00
970	5.651005e-01	5.171059e-01	1.303859e+00
971	5.036126e-01	7.131443e-01	2.722521e+00
972	4.538076e-01	4.195321e-01	1.294089e+00
973	5.362405e-01	6.026969e-01	1.675134e+00
974	4.407917e-01	4.623453e-01	2.417684e+00
975	5.602917e-01	5.362473e-01	2.053249e+00
976	4.268490e-01	5.004757e-01	1.276502e+00
977	5.620431e-01	6.175792e-01	2.257450e+00
978	5.830942e-01	4.810811e-01	2.779189e+00
979	5.030176e-01	4.902980e-01	1.984856e+00
980	4.629827e-01	4.046671e-01	2.295554e+00
981	5.695773e-01	5.254916e-01	1.652662e+00
982	5.762657e-01	5.073702e-01	2.464582e+00
983	4.341127e-01	4.274473e-01	1.763068e+00
984	5.957496e-01	5.425943e-01	2.508549e+00
985	4.986129e-01	4.250887e-01	2.026869e+00
986	5.679898e-01	6.317897e-01	2.211529e+00
987	4.523638e-01	5.593913e-01	1.160234e+00
988	4.515841e-01	5.614727e-01	2.302394e+00
989	5.827765e-01	6.052809e-01	1.662433e+00
990	4.991901e-01	6.689924e-01	1.941866e+00
991	4.918593e-01	7.108454e-01	1.855887e+00
992	4.651794e-01	4.882678e-01	1.384954e+00
993	4.517128e-01	4.264704e-01	2.598437e+00
994	4.517093e-01	5.746666e-01	2.130435e+00
995	4.502750e-01	4.270215e-01	1.690767e+00
996	5.884051e-01	5.449790e-01	2.587689e+00
997	4.614971e-01	4.814315e-01	1.940889e+00
998	5.950579e-01	6.449815e-01	1.304836e+00
999	5.702511e-01	5.107556e-01	2.099170e+00
