1000
0	6.226720e-01	6.452971e-01	1.398632e+00
1	3.531612e-01	8.343918e-01	1.064485e+00
2	6.062585e-01	3.412603e-01	1.108451e+00
3	5.726565e-01	5.424976e-01	2.925745e+00
4	5.089934e-01	3.587521e-01	2.732291e+00
5	5.038231e-01	3.753889e-01	1.257938e+00
6	4.630912e-01	4.626053e-01	2.424524e+00
7	3.370231e-01	7.530500e-01	1.383000e+00
8	3.629682e-01	7.202486e-01	2.705911e+00
9	4.494880e-01	1.901436e-01	2.526136e+00
10	6.422943e-01	3.217518e-01	2.442110e+00
11	5.039668e-01	5.862824e-01	2.233024e+00
12	4.934202e-01	6.820490e-01	2.376649e+00
13	4.389782e-01	1.468266e-01	2.799707e+00
14	5.636873e-01	5.685625e-01	1.556913e+00
15	3.288579e-01	7.538256e-01	2.950171e+00
16	4.319048e-01	6.305963e-01	1.066439e+00
17	5.777181e-01	5.620727e-01	1.626282e+00
18	4.576155e-01	4.547225e-01	1.306790e+00
19	5.509038e-01	5.207363e-01	2.902296e+00
20	5.128168e-01	1.075675e-01	1.762091e+00
21	5.787933e-01	4.753316e-01	1.195408e+00
22	5.533430e-01	5.738407e-01	1.785540e+00
23	4.830954e-01	4.128700e-01	1.248168e+00
24	5.500395e-01	5.204966e-01	1.863703e+00
25	5.750669e-01	4.776319e-01	2.671715e+00
26	4.736993e-01	4.078436e-01	2.487054e+00
27	3.252745e-01	7.258677e-01	1.946751e+00
28	2.886429e-01	7.641768e-01	1.303859e+00
29	4.932721e-01	4.114968e-01	2.152907e+00
30	4.686399e-01	4.085693e-01	1.388862e+00
31	5.102576e-01	1.462080e-01	1.534441e+00
32	4.939190e-01	3.652186e-01	1.591109e+00
33	4.037186e-01	2.112726e-01	2.205667e+00
34	5.706047e-01	4.849013e-01	2.181241e+00
35	5.495695e-01	5.009807e-01	1.475818e+00
36	4.934852e-01	3.615389e-01	2.309233e+00
37	6.332371e-01	3.181085e-01	2.073766e+00
38	5.230463e-01	1.257645e-01	1.918417e+00
39	4.099236e-01	1.996829e-01	2.331705e+00
40	4.920974e-01	3.540752e-01	1.126038e+00
41	5.245573e-01	4.724895e-01	2.235955e+00
42	6.557676e-01	3.094668e-01	2.805569e+00
43	2.631268e-01	7.534482e-01	2.819248e+00
44	4.966228e-01	3.758873e-01	2.555447e+00
45	4.619136e-01	8.948637e-01	2.666830e+00
46	4.959854e-01	3.950535e-01	2.559355e+00
47	4.849842e-01	6.429238e-01	1.895945e+00
48	3.746566e-01	3.952393e-01	1.282364e+00
49	4.183221e-01	1.915734e-01	2.024915e+00
50	5.701151e-01	4.928326e-01	2.750855e+00
51	5.532582e-01	5.427793e-01	2.412799e+00
52	5.668038e-01	5.363348e-01	2.557401e+00
53	4.582702e-01	4.332979e-01	1.648754e+00
54	4.731016e-01	3.832784e-01	1.721055e+00
55	4.717747e-01	3.866546e-01	2.588666e+00
56	4.630521e-01	4.361018e-01	1.525647e+00
57	5.527012e-01	5.698758e-01	2.751832e+00
58	3.193407e-01	6.833463e-01	2.625794e+00
59	4.045972e-01	2.130665e-01	1.663410e+00
60	4.792970e-01	1.855996e-01	1.993649e+00
61	5.469380e-01	5.500033e-01	2.560332e+00
62	3.607338e-01	3.688935e-01	1.696629e+00
63	3.641607e-01	3.718042e-01	1.506106e+00
64	3.571770e-01	3.661605e-01	2.675623e+00
65	6.293070e-01	5.073387e-01	2.497802e+00
66	4.059396e-01	2.109349e-01	1.031265e+00
67	5.708003e-01	4.742860e-01	2.361993e+00
68	4.752865e-01	3.876570e-01	1.866634e+00
69	3.600643e-01	2.293244e-01	2.930630e+00
70	5.515996e-01	6.642368e-01	1.503175e+00
71	4.111807e-01	7.298504e-01	1.135809e+00
72	3.589130e-01	4.098504e-01	2.449927e+00
73	4.673128e-01	3.515621e-01	2.831949e+00
74	5.631500e-01	5.727248e-01	2.317049e+00
75	5.930779e-01	5.570620e-01	2.353200e+00
76	5.499032e-01	5.532784e-01	2.575965e+00
77	3.762526e-01	6.928217e-01	2.922814e+00
78	3.845803e-01	3.182880e-01	2.289692e+00
79	4.583579e-01	2.713531e-01	2.766488e+00
80	2.752329e-01	7.357837e-01	1.522716e+00
81	3.591229e-01	4.094714e-01	2.769419e+00
82	3.853663e-01	6.821034e-01	1.110405e+00
83	5.743822e-01	2.584536e-01	1.554958e+00
84	5.839330e-01	2.580694e-01	1.718124e+00
85	5.600356e-01	5.439650e-01	1.412311e+00
86	3.595960e-01	7.152116e-01	1.951637e+00
87	4.019616e-01	6.737988e-01	1.449438e+00
88	5.390509e-01	4.473406e-01	2.176356e+00
89	3.876720e-01	2.442437e-01	1.066439e+00
90	3.809273e-01	5.726558e-01	1.212995e+00
91	5.844066e-01	5.432602e-01	1.872496e+00
92	3.475071e-01	3.986961e-01	1.606742e+00
93	5.709875e-01	5.388925e-01	1.183683e+00
94	5.507638e-01	2.655400e-01	1.482658e+00
95	7.324990e-01	7.496839e-01	2.514411e+00
96	3.533210e-01	4.085781e-01	2.736199e+00
97	3.549514e-01	4.005086e-01	1.617489e+00
98	3.774720e-01	3.519413e-01	2.456766e+00
99	4.155633e-01	3.095473e-01	1.406448e+00
100	3.766013e-01	6.925491e-01	2.453835e+00
101	7.586290e-01	8.134244e-01	2.084514e+00
102	3.869649e-01	3.294911e-01	2.712750e+00
103	4.054890e-01	4.857419e-01	2.877870e+00
104	4.891646e-01	4.854154e-01	1.533464e+00
105	4.233068e-01	6.644371e-01	2.169516e+00
106	3.946381e-01	5.894770e-01	2.160723e+00
107	4.968452e-01	5.748709e-01	2.483146e+00
108	5.239667e-01	2.464382e-01	1.538349e+00
109	3.847851e-01	3.177087e-01	1.117245e+00
110	6.997089e-01	7.263386e-01	2.709819e+00
111	4.231661e-01	6.354528e-01	2.039570e+00
112	6.846405e-01	7.094409e-01	2.929653e+00
113	4.312834e-01	4.455172e-01	2.125550e+00
114	4.121093e-01	6.483255e-01	2.148999e+00
115	4.854463e-01	2.722238e-01	2.027846e+00
116	4.655865e-01	5.103610e-01	1.206155e+00
117	6.915860e-01	7.229954e-01	2.689301e+00
118	4.188976e-01	4.368928e-01	1.997557e+00
119	4.187102e-01	6.277691e-01	1.753298e+00
120	5.323229e-01	5.779221e-01	1.491451e+00
121	3.579376e-01	4.043762e-01	2.381534e+00
122	4.287088e-01	6.502001e-01	1.837323e+00
123	5.115578e-01	5.578556e-01	2.723498e+00
124	4.452134e-01	2.960619e-01	2.429409e+00
125	7.244437e-01	9.305752e-01	2.633610e+00
126	4.076541e-01	4.296510e-01	1.216903e+00
127	5.180478e-01	5.304836e-01	1.385931e+00
128	7.234521e-01	9.323732e-01	1.470933e+00
129	4.268606e-01	6.290583e-01	1.094773e+00
130	4.700670e-01	4.509890e-01	1.887152e+00
131	4.326776e-01	5.005588e-01	1.869565e+00
132	3.896998e-01	1.504959e-01	2.657059e+00
133	4.158867e-01	6.303401e-01	1.905716e+00
134	3.814090e-01	4.320562e-01	2.319980e+00
135	4.277484e-01	6.282723e-01	1.549096e+00
136	6.573582e-01	6.565592e-01	1.155349e+00
137	4.679736e-01	4.927168e-01	1.261847e+00
138	4.186569e-01	1.973018e-01	1.308745e+00
139	4.159350e-01	6.364314e-01	1.148510e+00
140	7.500400e-01	8.728620e-01	1.692721e+00
141	6.699483e-01	6.730673e-01	1.865657e+00
142	4.563712e-01	2.946454e-01	2.988276e+00
143	4.643751e-01	6.278515e-01	1.479726e+00
144	4.145391e-01	6.348061e-01	1.016610e+00
145	4.545880e-01	3.429091e-01	2.095261e+00
146	5.566247e-01	5.678396e-01	2.442110e+00
147	4.596280e-01	6.335989e-01	1.070347e+00
148	6.511417e-01	6.495178e-01	1.417196e+00
149	3.875184e-01	5.349812e-01	2.817294e+00
150	4.649606e-01	6.196563e-01	1.164143e+00
151	4.532564e-01	3.429259e-01	2.738153e+00
152	6.297516e-01	4.127017e-01	2.338544e+00
153	4.229824e-01	6.341124e-01	1.282364e+00
154	4.549596e-01	3.308609e-01	2.676600e+00
155	4.242420e-01	6.330700e-01	2.443087e+00
156	4.420989e-01	6.244623e-01	2.375672e+00
157	4.554880e-01	6.156064e-01	1.220811e+00
158	4.666906e-01	6.138702e-01	2.208598e+00
159	3.325380e-01	3.278127e-01	2.407914e+00
160	7.038782e-01	9.548622e-01	2.195896e+00
161	6.786269e-01	9.356520e-01	1.407426e+00
162	4.632294e-01	3.944264e-01	2.277968e+00
163	6.946309e-01	9.509955e-01	1.134831e+00
164	3.795031e-01	3.899829e-01	2.409868e+00
165	3.671797e-01	3.801100e-01	2.083537e+00
166	5.294628e-01	5.599186e-01	2.286761e+00
167	4.499865e-01	3.243206e-01	1.194431e+00
168	5.393831e-01	5.520622e-01	2.818271e+00
169	3.775783e-01	4.144659e-01	2.827064e+00
170	4.042772e-01	3.812243e-01	1.684905e+00
171	6.290648e-01	3.382638e-01	1.999511e+00
172	3.746260e-01	4.075082e-01	1.956522e+00
173	5.473700e-01	2.365227e-01	1.409380e+00
174	5.880654e-01	4.320143e-01	2.323889e+00
175	4.288101e-01	3.946103e-01	2.501710e+00
176	3.729518e-01	3.889795e-01	2.395213e+00
177	3.743607e-01	3.874894e-01	2.719590e+00
178	5.591220e-01	4.547821e-01	2.937469e+00
179	4.377506e-01	3.338344e-01	2.803615e+00
180	4.239312e-01	2.209369e-01	1.322423e+00
181	7.517623e-01	7.249553e-01	2.019052e+00
182	4.435909e-01	3.343552e-01	1.794333e+00
183	3.727830e-01	3.884685e-01	2.611138e+00
184	3.738778e-01	3.958177e-01	1.724963e+00
185	4.182063e-01	3.875568e-01	1.983879e+00
186	3.773732e-01	3.701672e-01	2.181241e+00
187	2.258825e-01	7.014187e-01	2.437225e+00
188	5.308406e-01	6.326367e-01	1.295066e+00
189	4.198256e-01	3.255571e-01	1.970200e+00
190	5.371098e-01	5.936328e-01	2.387396e+00
191	5.130837e-01	5.175782e-01	2.386419e+00
192	4.989569e-01	4.706009e-01	2.647289e+00
193	4.178129e-01	3.470250e-01	1.686859e+00
194	7.585879e-01	8.603470e-01	1.549096e+00
195	5.128728e-01	3.521262e-01	1.553981e+00
196	3.853716e-01	3.984057e-01	1.764045e+00
197	4.139373e-01	3.283965e-01	1.632145e+00
198	5.215566e-01	2.559800e-01	2.230093e+00
199	5.639258e-01	5.143743e-01	1.235467e+00
200	3.876647e-01	3.987099e-01	2.251588e+00
201	3.830543e-01	5.288873e-01	1.751343e+00
202	5.278358e-01	3.396397e-01	1.715193e+00
203	4.909936e-01	4.921048e-01	2.109917e+00
204	3.739488e-01	4.007946e-01	2.137274e+00
205	6.637753e-01	5.743568e-01	2.099170e+00
206	3.727142e-01	3.627878e-01	2.057157e+00
207	5.473831e-01	2.575017e-01	2.246702e+00
208	3.361457e-01	4.162205e-01	1.894968e+00
209	5.963320e-01	5.604537e-01	2.453835e+00
210	4.612328e-01	3.887943e-01	2.834880e+00
211	5.075875e-01	4.693743e-01	2.215437e+00
212	4.636236e-01	4.493458e-01	2.153884e+00
213	5.892575e-01	5.560338e-01	2.475330e+00
214	5.018806e-01	4.459947e-01	1.274548e+00
215	5.821571e-01	5.790083e-01	2.127504e+00
216	5.294041e-01	2.464463e-01	1.697606e+00
217	4.191411e-01	5.997359e-01	1.790425e+00
218	8.169292e-01	4.346973e-01	1.736688e+00
219	4.919720e-01	4.099630e-01	1.692721e+00
220	4.515192e-01	3.203286e-01	2.042501e+00
221	5.240983e-01	3.572202e-01	1.468979e+00
222	3.769398e-01	3.699917e-01	1.784563e+00
223	5.208827e-01	5.762549e-01	1.068393e+00
224	5.366753e-01	3.020914e-01	2.269174e+00
225	5.941992e-01	3.873589e-01	2.653151e+00
226	5.455927e-01	3.189900e-01	1.839277e+00
227	5.479300e-01	6.088515e-01	1.175867e+00
228	4.749234e-01	5.759046e-01	2.807523e+00
229	5.324748e-01	3.224632e-01	2.811431e+00
230	5.156533e-01	3.754203e-01	1.192477e+00
231	6.276999e-01	2.273328e-01	1.897899e+00
232	4.914502e-01	4.914825e-01	1.620420e+00
233	7.809700e-01	4.403658e-01	2.624817e+00
234	5.161002e-01	3.754325e-01	2.806546e+00
235	5.287601e-01	3.517956e-01	1.763068e+00
236	5.255134e-01	2.487522e-01	1.890083e+00
237	7.095678e-01	7.703201e-01	2.060088e+00
238	7.845504e-01	4.664571e-01	2.458720e+00
239	4.568658e-01	5.800736e-01	2.463605e+00
240	7.255094e-01	7.668720e-01	1.141671e+00
241	4.699486e-01	4.054915e-01	1.146556e+00
242	3.399873e-01	3.211400e-01	1.395701e+00
243	3.266390e-01	4.152024e-01	1.755252e+00
244	3.171343e-01	2.277977e-01	2.486077e+00
245	5.544059e-01	5.408889e-01	2.901319e+00
246	5.891446e-01	3.866502e-01	2.123596e+00
247	7.199025e-01	7.625235e-01	1.652662e+00
248	5.259164e-01	5.381089e-01	1.199316e+00
249	8.843472e-01	5.415059e-01	1.211041e+00
250	3.401273e-01	4.138498e-01	2.170493e+00
251	7.135478e-01	4.509547e-01	2.733268e+00
252	3.394444e-01	4.167427e-01	1.545188e+00
253	5.000158e-01	3.661450e-01	1.376160e+00
254	5.505559e-01	5.543027e-01	1.621397e+00
255	5.521353e-01	5.565941e-01	1.883244e+00
256	5.505900e-01	5.566364e-01	1.612604e+00
257	3.314419e-01	4.084339e-01	2.909135e+00
258	6.020560e-01	6.368288e-01	1.354665e+00
259	5.297745e-01	5.396781e-01	2.770396e+00
260	5.585324e-01	2.279542e-01	2.148999e+00
261	3.066930e-01	4.036317e-01	2.624817e+00
262	6.717302e-01	7.976327e-01	1.126038e+00
263	7.120441e-01	7.364993e-01	2.481192e+00
264	5.067663e-01	5.387118e-01	2.697118e+00
265	5.142177e-01	5.510866e-01	1.938935e+00
266	7.234354e-01	7.009415e-01	1.854910e+00
267	7.380386e-01	7.439958e-01	1.909624e+00
268	5.929697e-01	5.278644e-01	2.625794e+00
269	5.044268e-01	6.178033e-01	1.564729e+00
270	5.812549e-01	4.121079e-01	2.984367e+00
271	7.164035e-01	7.657572e-01	2.497802e+00
272	7.174070e-01	7.651979e-01	1.802149e+00
273	5.435374e-01	4.928774e-01	2.693210e+00
274	5.006624e-01	5.458361e-01	2.276014e+00
275	9.143904e-01	6.116194e-01	1.004885e+00
276	4.559058e-01	2.973601e-01	1.245237e+00
277	8.788156e-01	6.178924e-01	2.910112e+00
278	5.498813e-01	5.329182e-01	1.489497e+00
279	4.906737e-01	4.169851e-01	2.305325e+00
280	7.104480e-01	7.370311e-01	2.963850e+00
281	5.506779e-01	5.306804e-01	2.689301e+00
282	6.539300e-01	5.192947e-01	1.346849e+00
283	5.361555e-01	5.264599e-01	2.447973e+00
284	4.740031e-01	5.730896e-01	1.591109e+00
285	4.983761e-01	5.472661e-01	1.931119e+00
286	8.468307e-01	3.781417e-01	1.473864e+00
287	4.859591e-01	4.242069e-01	2.687347e+00
288	5.101278e-01	5.224425e-01	2.787982e+00
289	6.893052e-01	5.175076e-01	1.510015e+00
290	8.640663e-01	4.265236e-01	1.850024e+00
291	5.432322e-01	5.200291e-01	2.193942e+00
292	5.431308e-01	5.339953e-01	2.918906e+00
293	5.991084e-01	6.275972e-01	1.734734e+00
294	7.122368e-01	7.562670e-01	1.119199e+00
295	4.689084e-01	6.053437e-01	1.631168e+00
296	4.868013e-01	4.777990e-01	1.258915e+00
297	5.672896e-01	5.318617e-01	2.458720e+00
298	6.507754e-01	5.291419e-01	2.134343e+00
299	5.313982e-01	5.651052e-01	2.662921e+00
300	5.676751e-01	5.263624e-01	2.924768e+00
301	5.110955e-01	5.041823e-01	2.983390e+00
302	8.306981e-01	4.209149e-01	2.305325e+00
303	8.086463e-01	4.731014e-01	2.763556e+00
304	7.792388e-01	4.301327e-01	2.374695e+00
305	5.270986e-01	5.677904e-01	1.703468e+00
306	5.253895e-01	5.040533e-01	1.246214e+00
307	8.471262e-01	3.689173e-01	2.993161e+00
308	6.317580e-01	6.710661e-01	2.925745e+00
309	5.946944e-01	5.977550e-01	1.857841e+00
310	5.409995e-01	3.989763e-01	2.601368e+00
311	5.636242e-01	5.265748e-01	2.413776e+00
312	6.094962e-01	3.798753e-01	2.569126e+00
313	9.022255e-01	6.039487e-01	2.051295e+00
314	4.909660e-01	6.081468e-01	1.865657e+00
315	7.856072e-01	2.997971e-01	1.048852e+00
316	5.599902e-01	5.365977e-01	2.574988e+00
317	5.235466e-01	5.183406e-01	1.598925e+00
318	8.159083e-01	3.509963e-01	2.264289e+00
319	5.205104e-01	5.254034e-01	1.176844e+00
320	8.191866e-01	3.453681e-01	1.061553e+00
321	7.032098e-01	7.587033e-01	2.460674e+00
322	5.445834e-01	5.073769e-01	2.526136e+00
323	7.033343e-01	7.604065e-01	2.587689e+00
324	7.340580e-01	4.437226e-01	1.928188e+00
325	5.702529e-01	4.013320e-01	2.006351e+00
326	5.690679e-01	4.016870e-01	1.041036e+00
327	5.033808e-01	5.173760e-01	1.793356e+00
328	7.023605e-01	7.509956e-01	1.312653e+00
329	7.338733e-01	4.473841e-01	1.860772e+00
330	4.876933e-01	5.798687e-01	1.389839e+00
331	5.239990e-01	4.599252e-01	1.052760e+00
332	7.333479e-01	4.485536e-01	1.156326e+00
333	8.739473e-01	5.081537e-01	1.425012e+00
334	5.837171e-01	3.908860e-01	1.981925e+00
335	6.766162e-01	6.574709e-01	2.256473e+00
336	5.962284e-01	6.079882e-01	2.368832e+00
337	6.508212e-01	5.926961e-01	2.024915e+00
338	6.819234e-01	2.382869e-01	1.087934e+00
339	6.803349e-01	6.589415e-01	1.266732e+00
340	7.264568e-01	4.498517e-01	1.348803e+00
341	6.856363e-01	7.755874e-01	2.472399e+00
342	4.591851e-01	6.023928e-01	2.288715e+00
343	8.527421e-01	3.616845e-01	1.972154e+00
344	4.559374e-01	3.596372e-01	2.745970e+00
345	4.579480e-01	3.621964e-01	2.490962e+00
346	8.356207e-01	4.092081e-01	2.515388e+00
347	7.038950e-01	4.539048e-01	1.545188e+00
348	4.956100e-01	5.578230e-01	2.662921e+00
349	6.536052e-01	6.117856e-01	2.264289e+00
350	4.818820e-01	4.111259e-01	2.905227e+00
351	5.031208e-01	3.255678e-01	1.058622e+00
352	6.541609e-01	7.552778e-01	2.764533e+00
353	5.696236e-01	5.435544e-01	2.152907e+00
354	7.294293e-01	4.645979e-01	2.784074e+00
355	5.263379e-01	5.215975e-01	2.445042e+00
356	6.954036e-01	7.155021e-01	2.852467e+00
357	7.113539e-01	4.609215e-01	2.070835e+00
358	5.110440e-01	4.895558e-01	1.406448e+00
359	6.588778e-01	2.852002e-01	1.751343e+00
360	5.365555e-01	5.517320e-01	2.077675e+00
361	4.929001e-01	4.256140e-01	1.601856e+00
362	8.340127e-01	4.285632e-01	2.012213e+00
363	1.864868e-01	6.294366e-01	1.417196e+00
364	5.258736e-01	5.058798e-01	2.048363e+00
365	7.484049e-01	7.993170e-01	2.781143e+00
366	3.658699e-01	3.649705e-01	2.779189e+00
367	4.807697e-01	5.503188e-01	2.617978e+00
368	1.809791e-01	6.080530e-01	2.517342e+00
369	7.715963e-01	4.619477e-01	1.698583e+00
370	2.712890e-01	8.487835e-01	1.284319e+00
371	3.911463e-01	7.116907e-01	1.948705e+00
372	4.663079e-01	3.899862e-01	1.416219e+00
373	7.172539e-01	3.299406e-01	1.745481e+00
374	7.019705e-01	3.305959e-01	1.994626e+00
375	4.903862e-01	5.354047e-01	2.291646e+00
376	3.571123e-01	7.219028e-01	1.868588e+00
377	5.218924e-01	5.222467e-01	2.511480e+00
378	6.122965e-01	4.431632e-01	2.596483e+00
379	5.279865e-01	5.158862e-01	2.855398e+00
380	2.263727e-01	6.659922e-01	2.172447e+00
381	5.269189e-01	5.149575e-01	1.312653e+00
382	5.343826e-01	5.114313e-01	1.787494e+00
383	5.134162e-01	5.120769e-01	2.252565e+00
384	5.149839e-01	4.260559e-01	1.978017e+00
385	5.636677e-01	5.038173e-01	2.965804e+00
386	5.232195e-01	5.853423e-01	2.221299e+00
387	5.203116e-01	5.248577e-01	1.701514e+00
388	3.957397e-01	6.095709e-01	1.135809e+00
389	5.285500e-01	5.120707e-01	2.997069e+00
390	7.145606e-01	4.414508e-01	2.470445e+00
391	5.346432e-01	4.953653e-01	2.362970e+00
392	2.943197e-01	5.745135e-01	2.553493e+00
393	5.553301e-01	3.948475e-01	1.347826e+00
394	3.268883e-01	6.563835e-01	2.896434e+00
395	5.231269e-01	5.397846e-01	1.857841e+00
396	4.372509e-01	5.714041e-01	1.669272e+00
397	2.975081e-01	5.839935e-01	1.726917e+00
398	6.081331e-01	5.756196e-01	2.604299e+00
399	5.015788e-01	5.361646e-01	2.089399e+00
400	3.856799e-01	6.379029e-01	1.552027e+00
401	2.806610e-01	7.027047e-01	1.769907e+00
402	4.886822e-01	5.399988e-01	1.382022e+00
403	4.858696e-01	3.984384e-01	2.510503e+00
404	2.943766e-01	5.766451e-01	1.640938e+00
405	5.091885e-01	5.531834e-01	2.933561e+00
406	3.515137e-01	6.529952e-01	1.033219e+00
407	4.860247e-01	5.337712e-01	1.408403e+00
408	6.012101e-01	5.724486e-01	2.767465e+00
409	5.118202e-01	5.660411e-01	1.526624e+00
410	4.946602e-01	4.057663e-01	1.456277e+00
411	3.052895e-01	7.344049e-01	1.054714e+00
412	4.968578e-01	4.923912e-01	2.601368e+00
413	5.694465e-01	6.547467e-01	2.193942e+00
414	3.245875e-01	7.166862e-01	2.321935e+00
415	4.301378e-01	5.829743e-01	1.564729e+00
416	5.459689e-01	4.804932e-01	1.679043e+00
417	2.944704e-01	6.647850e-01	2.034685e+00
418	3.038269e-01	7.364974e-01	2.564240e+00
419	4.532160e-01	3.907705e-01	2.311187e+00
420	6.196565e-01	5.612042e-01	1.297997e+00
421	6.140311e-01	5.610877e-01	2.873962e+00
422	6.217916e-01	5.634025e-01	2.202736e+00
423	5.495429e-01	4.739010e-01	2.653151e+00
424	2.896759e-01	8.769044e-01	1.693698e+00
425	7.808479e-01	6.339416e-01	2.461651e+00
426	5.573071e-01	4.973728e-01	1.679043e+00
427	6.270469e-01	5.688391e-01	2.991207e+00
428	4.756236e-01	7.868957e-01	2.857352e+00
429	5.673520e-01	5.394199e-01	1.913532e+00
430	3.542349e-01	8.106102e-01	1.216903e+00
431	4.900266e-01	8.047290e-01	1.214949e+00
432	2.742959e-01	8.619131e-01	2.294577e+00
433	3.425763e-01	7.000027e-01	1.005862e+00
434	5.627351e-01	4.831194e-01	2.227162e+00
435	3.491149e-01	6.173746e-01	1.723009e+00
436	3.639207e-01	7.502979e-01	1.113337e+00
437	7.244905e-01	6.126977e-01	1.491451e+00
438	4.174770e-01	3.390499e-01	1.692721e+00
439	2.691944e-01	8.246225e-01	1.154372e+00
440	3.443812e-01	7.749994e-01	1.851001e+00
441	4.809810e-01	3.667871e-01	2.418661e+00
442	2.915802e-01	6.082283e-01	1.874450e+00
443	3.268897e-01	7.510148e-01	1.591109e+00
444	2.952307e-01	7.567994e-01	2.199805e+00
445	6.299607e-01	5.693851e-01	2.208598e+00
446	4.800492e-01	3.651567e-01	1.322423e+00
447	6.200450e-01	5.567781e-01	2.361016e+00
448	8.009784e-01	6.086879e-01	1.207132e+00
449	8.495840e-01	4.366365e-01	2.514411e+00
450	6.192565e-01	5.630382e-01	1.815828e+00
451	5.672964e-01	3.924959e-01	1.328285e+00
452	3.423833e-01	7.743488e-01	2.272106e+00
453	4.529068e-01	7.664213e-01	2.487054e+00
454	3.474712e-01	7.791201e-01	1.883244e+00
455	4.435477e-01	7.865239e-01	1.599902e+00
456	6.923716e-01	1.698434e-01	2.142159e+00
457	7.467453e-01	5.142781e-01	2.343429e+00
458	2.741062e-01	7.539541e-01	1.749389e+00
459	4.548024e-01	3.258019e-01	1.835369e+00
460	8.417327e-01	5.832147e-01	2.608207e+00
461	7.091531e-01	5.379470e-01	1.065462e+00
462	6.326301e-01	5.588286e-01	1.698583e+00
463	3.254706e-01	7.080083e-01	2.761602e+00
464	3.627685e-01	8.022087e-01	1.744504e+00
465	4.562417e-01	7.948949e-01	1.961407e+00
466	3.253777e-01	7.061717e-01	2.449927e+00
467	2.863093e-01	5.030521e-01	2.669761e+00
468	8.379294e-01	6.727513e-01	1.075232e+00
469	2.661305e-01	7.708009e-01	2.597460e+00
470	3.395853e-01	6.701820e-01	2.960918e+00
471	4.068385e-01	7.636654e-01	1.451392e+00
472	3.388373e-01	6.719246e-01	1.655594e+00
473	5.024144e-01	3.995302e-01	2.572057e+00
474	8.607276e-01	4.833390e-01	2.433317e+00
475	7.064128e-01	6.354035e-01	1.234489e+00
476	2.999285e-01	5.749898e-01	1.607719e+00
477	5.388156e-01	5.746200e-01	2.643381e+00
478	7.439286e-01	2.093724e-01	1.827553e+00
479	7.080536e-01	6.539283e-01	1.233512e+00
480	6.948533e-01	1.694967e-01	2.757694e+00
481	6.498259e-01	6.155050e-01	2.058134e+00
482	2.710166e-01	6.498716e-01	2.221299e+00
483	2.214822e-01	6.914903e-01	1.083048e+00
484	6.456009e-01	6.113705e-01	2.453835e+00
485	6.839355e-01	5.708690e-01	2.829018e+00
486	3.519381e-01	6.533957e-01	2.169516e+00
487	6.897218e-01	5.824697e-01	2.371764e+00
488	6.435397e-01	6.250278e-01	1.634099e+00
489	7.365052e-01	5.278120e-01	1.314607e+00
490	7.740463e-01	5.193872e-01	2.292623e+00
491	6.126944e-01	5.759297e-01	1.759160e+00
492	7.406149e-01	2.045803e-01	2.365901e+00
493	3.551378e-01	7.682928e-01	2.942355e+00
494	7.633506e-01	5.239578e-01	1.358574e+00
495	8.629395e-01	4.763857e-01	1.458232e+00
496	2.087920e-01	6.750662e-01	1.757206e+00
497	1.187852e-01	5.652069e-01	1.099658e+00
498	3.630926e-01	6.872264e-01	2.251588e+00
499	7.041201e-01	5.183538e-01	1.474841e+00
500	7.415092e-01	2.103485e-01	1.462140e+00
501	6.338768e-01	6.180077e-01	2.850513e+00
502	6.422405e-01	6.764648e-01	2.543723e+00
503	2.869370e-01	8.014312e-01	2.288715e+00
504	2.090760e-01	6.624176e-01	1.375183e+00
505	3.703438e-01	6.860838e-01	1.170005e+00
506	6.556312e-01	6.890534e-01	2.011236e+00
507	3.071435e-01	6.583876e-01	2.982413e+00
508	5.554789e-01	3.538309e-01	1.578407e+00
509	6.983842e-01	5.605127e-01	2.904250e+00
510	2.860587e-01	8.189973e-01	2.471422e+00
511	5.546515e-01	5.465775e-01	2.948217e+00
512	2.266117e-01	5.436702e-01	1.856864e+00
513	8.563305e-01	2.636169e-01	1.749389e+00
514	3.404244e-01	6.617445e-01	1.780655e+00
515	3.042911e-01	6.815748e-01	1.223742e+00
516	3.424012e-01	6.585214e-01	2.928676e+00
517	6.441581e-01	6.193456e-01	1.055691e+00
518	3.380995e-01	6.613469e-01	2.823156e+00
519	2.836959e-01	6.578825e-01	2.886663e+00
520	6.971666e-01	7.877070e-01	1.931119e+00
521	5.562932e-01	5.418912e-01	1.391793e+00
522	6.288500e-01	6.184446e-01	1.467025e+00
523	4.678914e-01	6.740854e-01	1.512946e+00
524	7.248587e-01	3.072533e-01	1.960430e+00
525	7.150104e-01	3.232352e-01	2.254519e+00
526	4.570074e-01	6.039134e-01	2.899365e+00
527	2.760874e-01	6.666041e-01	2.728383e+00
528	5.932371e-01	5.430139e-01	1.247191e+00
529	4.560084e-01	6.186918e-01	1.802149e+00
530	8.132723e-01	3.191803e-01	1.858818e+00
531	5.907056e-01	5.356255e-01	1.663410e+00
532	4.042188e-01	6.138211e-01	2.556424e+00
533	7.336514e-01	2.992777e-01	2.947240e+00
534	5.935332e-01	5.444347e-01	2.475330e+00
535	3.443008e-01	6.234011e-01	1.237421e+00
536	2.331518e-01	7.613169e-01	2.923791e+00
537	7.017663e-01	5.947006e-01	2.906204e+00
538	7.445207e-01	2.644370e-01	2.668784e+00
539	5.366631e-01	5.867830e-01	2.476307e+00
540	5.524594e-01	6.075498e-01	2.065950e+00
541	5.903631e-01	5.361245e-01	1.983879e+00
542	6.307578e-01	6.550633e-01	1.982902e+00
543	2.650023e-01	7.955229e-01	2.643381e+00
544	7.042482e-01	2.645207e-01	1.637030e+00
545	6.936806e-01	5.989112e-01	1.338056e+00
546	5.530028e-01	6.111909e-01	2.406937e+00
547	4.897628e-01	7.251847e-01	1.422081e+00
548	6.965267e-01	2.620858e-01	2.956033e+00
549	6.006948e-01	5.545996e-01	2.601368e+00
550	6.887030e-01	6.043185e-01	1.846116e+00
551	5.880965e-01	5.440535e-01	1.264778e+00
552	6.934498e-01	2.713028e-01	1.119199e+00
553	4.398778e-01	6.376900e-01	1.956522e+00
554	4.733424e-01	7.155023e-01	2.971666e+00
555	6.032756e-01	5.483252e-01	2.149976e+00
556	3.613334e-01	5.688951e-01	1.574499e+00
557	6.958248e-01	2.806451e-01	1.775769e+00
558	6.994438e-01	2.821092e-01	1.542257e+00
559	6.934181e-01	2.791120e-01	2.984367e+00
560	3.572519e-01	6.158053e-01	2.563263e+00
561	7.343948e-01	2.114798e-01	1.624328e+00
562	6.218697e-01	6.353281e-01	1.577430e+00
563	2.306919e-01	6.784279e-01	2.224231e+00
564	7.194576e-01	6.024696e-01	1.125061e+00
565	6.365407e-01	6.433642e-01	2.955056e+00
566	5.562045e-01	5.986344e-01	2.865169e+00
567	5.965761e-01	5.924493e-01	1.672203e+00
568	3.033669e-01	7.209517e-01	1.198339e+00
569	3.787625e-01	6.814468e-01	2.513434e+00
570	6.370578e-01	6.385726e-01	1.853933e+00
571	5.939286e-01	5.521445e-01	2.858329e+00
572	6.098619e-01	6.121658e-01	1.574499e+00
573	6.842964e-01	2.627911e-01	1.432829e+00
574	5.931059e-01	5.874464e-01	1.500244e+00
575	1.723388e-01	7.488582e-01	1.587201e+00
576	3.622924e-01	6.833421e-01	1.323400e+00
577	1.566253e-01	7.850601e-01	2.852467e+00
578	6.852245e-01	6.846649e-01	2.147044e+00
579	5.935757e-01	5.601048e-01	2.698095e+00
580	3.038694e-01	6.718768e-01	2.203713e+00
581	5.768156e-01	5.340959e-01	1.364436e+00
582	4.175540e-01	3.427181e-01	2.076698e+00
583	2.699271e-01	7.764779e-01	2.011236e+00
584	7.043004e-01	2.088145e-01	1.412311e+00
585	1.571609e-01	7.696772e-01	2.266243e+00
586	3.594527e-01	6.766151e-01	1.215926e+00
587	5.925716e-01	5.478378e-01	2.299463e+00
588	3.608246e-01	6.888885e-01	1.683928e+00
589	3.277857e-01	6.847129e-01	2.081583e+00
590	3.607184e-01	6.818383e-01	2.350269e+00
591	2.027496e-01	7.679849e-01	2.268197e+00
592	1.905457e-01	7.579356e-01	2.728383e+00
593	3.590690e-01	6.877444e-01	1.194431e+00
594	3.748533e-01	6.963917e-01	2.515388e+00
595	1.779293e-01	7.221618e-01	1.169028e+00
596	2.409248e-01	3.780910e-01	2.074744e+00
597	6.374964e-01	5.448630e-01	1.865657e+00
598	7.494865e-01	2.147155e-01	2.900342e+00
599	6.356546e-01	5.445573e-01	1.802149e+00
600	5.382121e-01	5.374016e-01	1.367367e+00
601	3.221368e-01	7.715863e-01	1.148510e+00
602	5.960157e-02	4.296239e-01	2.808500e+00
603	1.791022e-01	6.831275e-01	1.424035e+00
604	2.938127e-01	7.361275e-01	1.613581e+00
605	3.563694e-01	6.755091e-01	2.427455e+00
606	6.324197e-01	3.277188e-01	2.196873e+00
607	4.346874e-01	6.643968e-01	1.355642e+00
608	3.318889e-01	6.513665e-01	2.386419e+00
609	6.069886e-01	4.372111e-01	1.294089e+00
610	5.964311e-01	3.507883e-01	1.687836e+00
611	3.921745e-01	6.899723e-01	1.146556e+00
612	1.832947e-01	7.636903e-01	1.939912e+00
613	4.366861e-01	6.383330e-01	1.597948e+00
614	4.024770e-01	6.835525e-01	2.412799e+00
615	1.679530e-01	7.568185e-01	2.131412e+00
616	2.161847e-01	3.841249e-01	1.138740e+00
617	6.599635e-01	5.382051e-01	1.227650e+00
618	3.855234e-01	6.822864e-01	2.522228e+00
619	5.649840e-01	6.367206e-01	1.437714e+00
620	4.217311e-01	6.812585e-01	1.523693e+00
621	3.174545e-01	7.758374e-01	1.221788e+00
622	5.693470e-01	5.213405e-01	1.652662e+00
623	4.967465e-01	4.462589e-01	1.269663e+00
624	2.946627e-01	7.420255e-01	2.967758e+00
625	3.195873e-01	7.789920e-01	2.952125e+00
626	4.507861e-01	6.281944e-01	2.546654e+00
627	5.507541e-01	6.872687e-01	1.818759e+00
628	2.819641e-01	7.973736e-01	1.919394e+00
629	5.426251e-01	6.802048e-01	2.563263e+00
630	4.272149e-01	5.995560e-01	1.451392e+00
631	4.397154e-01	5.991963e-01	1.718124e+00
632	4.490278e-01	3.772602e-01	1.207132e+00
633	4.014595e-01	3.483963e-01	1.236444e+00
634	5.775267e-01	4.786113e-01	2.622863e+00
635	3.202688e-01	7.887679e-01	2.549585e+00
636	2.955679e-01	7.431880e-01	2.966781e+00
637	4.376553e-01	1.234153e-01	2.095261e+00
638	2.048094e-01	7.354311e-01	2.471422e+00
639	5.323089e-01	6.233341e-01	2.395213e+00
640	2.336318e-01	3.636950e-01	1.835369e+00
641	2.267257e-01	7.468541e-01	2.828041e+00
642	4.786964e-01	3.159229e-01	1.534441e+00
643	3.162660e-01	7.442693e-01	1.550073e+00
644	5.722136e-01	4.656192e-01	1.610650e+00
645	3.639036e-01	3.111838e-01	1.612604e+00
646	4.122657e-01	3.822724e-01	1.086957e+00
647	2.619659e-01	7.738846e-01	2.326820e+00
648	3.341570e-01	6.504218e-01	2.282853e+00
649	2.865488e-01	4.954267e-01	1.573522e+00
650	4.000624e-01	3.448169e-01	2.497802e+00
651	3.685164e-01	7.568759e-01	1.234489e+00
652	5.377483e-01	4.229632e-01	1.752320e+00
653	5.577833e-01	7.100800e-01	1.589155e+00
654	2.049084e-01	3.319493e-01	1.148510e+00
655	4.088605e-01	3.416112e-01	1.209086e+00
656	4.269305e-01	3.005130e-01	2.755740e+00
657	5.314999e-01	6.036835e-01	1.499267e+00
658	4.307461e-01	4.158857e-01	1.014656e+00
659	3.158988e-01	7.376103e-01	2.891549e+00
660	4.283716e-01	3.482330e-01	2.478261e+00
661	5.617776e-01	6.979057e-01	1.898876e+00
662	5.094171e-01	4.047922e-01	1.188569e+00
663	4.155630e-01	3.841943e-01	2.785051e+00
664	6.206067e-01	5.590458e-01	2.945286e+00
665	4.194715e-01	3.824941e-01	2.458720e+00
666	3.492512e-01	6.704929e-01	2.673669e+00
667	5.535619e-01	4.905647e-01	1.399609e+00
668	5.350108e-01	5.501839e-01	2.604299e+00
669	4.212953e-01	4.121576e-01	1.529555e+00
670	4.182931e-01	3.850837e-01	2.823156e+00
671	3.559849e-01	2.502325e-01	2.826087e+00
672	3.278516e-01	7.029341e-01	2.844651e+00
673	4.289221e-01	4.139354e-01	2.290669e+00
674	2.425331e-01	7.286012e-01	2.188080e+00
675	4.122239e-01	4.280971e-01	2.570103e+00
676	4.088196e-01	3.999450e-01	2.396190e+00
677	2.848712e-01	5.640153e-01	1.318515e+00
678	2.520080e-01	7.163955e-01	1.733757e+00
679	4.308465e-01	3.312810e-01	2.605276e+00
680	3.845355e-01	2.111306e-01	2.683439e+00
681	6.128423e-01	5.471906e-01	1.587201e+00
682	4.077828e-01	4.309152e-01	1.375183e+00
683	5.925164e-01	4.739157e-01	2.298486e+00
684	3.423548e-01	7.740953e-01	1.285296e+00
685	4.081837e-01	3.451706e-01	2.983390e+00
686	4.049960e-01	6.409594e-01	1.195408e+00
687	4.606989e-01	7.934412e-01	2.667807e+00
688	4.107354e-01	4.164516e-01	2.414753e+00
689	4.708291e-01	7.189995e-01	1.843185e+00
690	4.129491e-01	3.571250e-01	2.396190e+00
691	3.404671e-01	7.650500e-01	1.656571e+00
692	4.916963e-01	6.670165e-01	3.000000e+00
693	4.112788e-01	4.222547e-01	2.728383e+00
694	5.618086e-01	8.469104e-01	1.133854e+00
695	4.058502e-01	7.882270e-01	1.718124e+00
696	5.336765e-01	5.661429e-01	1.944797e+00
697	3.177233e-01	4.719162e-01	2.883732e+00
698	4.147487e-01	4.446826e-01	2.383488e+00
699	5.255734e-01	4.779983e-01	2.506595e+00
700	4.098591e-01	3.676137e-01	1.786517e+00
701	3.490204e-01	6.019746e-01	2.893503e+00
702	3.998604e-01	3.765058e-01	2.981436e+00
703	4.033683e-01	6.619198e-01	2.663898e+00
704	4.107499e-01	3.643469e-01	2.227162e+00
705	5.621518e-01	5.028310e-01	1.527601e+00
706	6.068285e-01	5.529379e-01	2.610161e+00
707	6.134180e-01	6.026366e-01	1.058622e+00
708	4.209146e-01	4.282940e-01	2.782120e+00
709	2.013951e-01	5.795046e-01	1.854910e+00
710	5.082522e-01	7.404945e-01	1.518808e+00
711	3.753578e-01	1.559161e-01	2.950171e+00
712	4.052010e-01	3.744932e-01	2.109917e+00
713	1.828171e-01	6.066010e-01	2.205667e+00
714	4.219910e-01	4.311730e-01	2.074744e+00
715	4.022706e-01	3.730248e-01	2.319003e+00
716	2.287484e-01	6.434565e-01	1.290181e+00
717	4.055572e-01	3.767093e-01	1.286273e+00
718	4.067176e-01	3.795822e-01	1.881290e+00
719	4.718705e-01	5.541010e-01	1.664387e+00
720	4.683781e-01	7.989175e-01	1.242306e+00
721	5.598949e-01	7.084637e-01	1.927211e+00
722	6.028657e-01	5.777309e-01	2.820225e+00
723	3.283281e-01	8.065857e-01	2.792868e+00
724	3.983891e-01	3.761775e-01	1.201270e+00
725	6.099385e-01	5.980364e-01	1.898876e+00
726	4.105459e-01	8.039737e-01	2.183195e+00
727	5.981895e-01	5.790479e-01	1.782609e+00
728	3.913880e-01	1.605726e-01	2.566194e+00
729	4.325046e-01	4.097687e-01	1.561798e+00
730	4.132665e-01	3.787366e-01	2.282853e+00
731	4.065196e-01	3.741570e-01	2.210552e+00
732	4.176260e-01	5.803649e-01	1.020518e+00
733	5.174890e-01	5.693190e-01	1.784563e+00
734	3.101853e-01	4.437512e-01	1.910601e+00
735	4.164987e-01	3.743990e-01	1.275525e+00
736	4.334031e-01	3.965493e-01	1.212995e+00
737	3.663971e-01	5.551191e-01	2.964827e+00
738	4.140137e-01	3.766329e-01	2.079629e+00
739	1.723862e-01	8.829829e-02	1.634099e+00
740	4.001690e-01	4.938253e-01	1.187592e+00
741	5.852640e-01	5.989370e-01	1.258915e+00
742	3.844330e-01	8.169168e-01	2.565217e+00
743	4.112280e-01	1.437091e-01	1.707377e+00
744	4.284448e-01	4.142090e-01	1.999511e+00
745	5.621566e-01	5.978978e-01	1.264778e+00
746	4.365383e-01	3.571889e-01	1.110405e+00
747	3.907862e-01	5.442105e-01	1.107474e+00
748	3.908166e-01	8.147518e-01	1.416219e+00
749	3.841128e-01	5.333017e-01	1.070347e+00
750	3.932849e-01	1.272677e-01	2.856375e+00
751	5.615702e-01	5.988230e-01	2.400098e+00
752	4.230175e-01	3.770877e-01	2.871031e+00
753	5.676696e-01	5.887801e-01	2.739130e+00
754	2.785557e-01	6.686176e-01	1.681974e+00
755	4.625553e-01	6.470144e-01	2.061065e+00
756	1.982847e-01	1.880279e-01	1.928188e+00
757	3.294212e-01	3.501574e-01	1.579384e+00
758	4.636872e-01	7.965898e-01	1.946751e+00
759	3.277967e-01	3.518616e-01	1.790425e+00
760	3.156628e-01	3.163874e-01	1.180752e+00
761	5.352291e-01	7.271924e-01	1.073278e+00
762	4.661487e-01	7.971829e-01	1.013679e+00
763	6.191974e-01	6.525109e-01	2.799707e+00
764	4.857427e-01	7.919999e-01	1.132877e+00
765	2.904394e-01	4.234463e-01	1.803127e+00
766	5.769189e-01	8.464529e-01	2.775281e+00
767	2.602432e-01	2.496742e-01	2.776258e+00
768	5.746045e-01	6.028491e-01	2.010259e+00
769	4.893762e-01	7.986471e-01	2.652174e+00
770	4.284747e-01	3.890896e-01	1.700537e+00
771	6.074970e-01	5.312566e-01	1.339033e+00
772	6.061120e-01	6.529848e-01	2.227162e+00
773	6.058101e-01	6.361782e-01	2.482169e+00
774	5.182232e-01	7.251840e-01	2.958964e+00
775	6.293671e-01	5.112413e-01	1.443576e+00
776	3.762013e-01	4.633287e-01	2.381534e+00
777	5.855124e-01	3.601243e-01	1.971177e+00
778	4.470095e-01	4.741100e-01	2.960918e+00
779	5.920462e-01	6.130446e-01	1.812897e+00
780	2.993566e-01	3.486221e-01	1.991695e+00
781	3.861373e-01	3.669603e-01	1.170982e+00
782	4.440167e-01	4.169812e-01	1.277479e+00
783	9.689185e-02	4.518520e-01	2.730337e+00
784	4.524106e-01	7.943406e-01	2.086468e+00
785	4.886834e-01	7.701689e-01	1.176844e+00
786	5.052832e-01	8.247345e-01	1.636053e+00
787	1.903779e-01	4.300806e-01	1.790425e+00
788	6.055742e-01	4.587932e-01	2.336590e+00
789	4.265467e-01	4.436475e-01	1.343918e+00
790	4.370020e-01	4.670826e-01	1.905716e+00
791	5.482418e-01	6.022600e-01	1.784563e+00
792	4.900011e-01	2.462659e-01	2.622863e+00
793	5.945579e-01	7.536755e-01	2.063996e+00
794	5.455205e-01	6.105688e-01	2.497802e+00
795	4.002410e-01	5.191927e-01	2.870054e+00
796	6.891302e-01	3.509448e-01	2.862237e+00
797	6.810603e-01	3.287127e-01	2.981436e+00
798	3.283386e-01	7.326123e-01	1.529555e+00
799	5.676679e-01	4.897713e-01	1.729849e+00
800	4.990093e-01	2.501072e-01	2.290669e+00
801	6.033522e-01	5.208799e-01	2.841720e+00
802	5.872775e-01	5.124862e-01	2.195896e+00
803	6.081183e-01	4.343479e-01	1.601856e+00
804	6.993610e-01	5.559317e-01	2.449927e+00
805	6.146085e-01	6.295497e-01	1.462140e+00
806	5.920337e-01	5.110930e-01	2.041524e+00
807	4.604822e-01	2.194036e-01	2.971666e+00
808	5.885599e-01	5.070603e-01	2.061065e+00
809	3.412693e-01	3.922048e-01	2.130435e+00
810	6.018779e-01	7.755193e-01	2.205667e+00
811	5.875785e-01	5.089740e-01	2.184172e+00
812	5.931062e-01	4.958783e-01	2.747924e+00
813	4.737260e-01	2.240489e-01	2.602345e+00
814	6.279993e-01	4.462118e-01	2.909135e+00
815	5.863469e-01	5.058143e-01	2.777235e+00
816	6.187375e-01	6.303453e-01	1.295066e+00
817	5.770889e-01	5.205906e-01	1.050806e+00
818	6.267249e-01	4.423751e-01	1.191500e+00
819	6.126919e-01	5.032279e-01	1.198339e+00
820	5.679071e-01	4.854054e-01	2.656082e+00
821	4.741503e-01	2.324541e-01	2.353200e+00
822	3.921325e-01	4.330519e-01	1.692721e+00
823	5.939556e-01	8.161951e-01	2.330728e+00
824	5.790459e-01	9.023171e-01	1.946751e+00
825	5.949455e-01	5.078115e-01	1.906693e+00
826	5.675750e-01	4.785697e-01	2.192965e+00
827	5.894349e-01	5.069606e-01	1.200293e+00
828	4.296502e-01	8.134615e-01	1.497313e+00
829	5.696215e-01	4.810476e-01	2.361016e+00
830	6.397261e-01	3.026117e-01	2.080606e+00
831	3.333359e-01	6.927598e-01	1.074255e+00
832	4.636064e-01	1.763686e-01	1.639961e+00
833	5.604996e-01	4.823436e-01	2.017098e+00
834	5.955567e-01	6.482418e-01	2.191011e+00
835	6.121494e-01	2.719653e-01	1.667318e+00
836	6.394628e-01	3.054197e-01	2.229116e+00
837	2.710683e-01	6.673895e-01	1.188569e+00
838	6.355621e-01	4.451429e-01	2.714704e+00
839	5.681017e-01	6.479423e-01	1.979971e+00
840	6.361640e-01	4.382528e-01	2.954079e+00
841	1.954726e-01	6.037898e-01	1.390816e+00
842	3.363639e-01	6.896093e-01	1.803127e+00
843	5.750723e-01	5.019803e-01	1.039082e+00
844	2.987470e-01	6.633420e-01	1.893014e+00
845	4.933044e-01	4.412940e-01	1.778701e+00
846	3.366707e-01	6.637647e-01	1.295066e+00
847	4.812537e-01	6.894836e-01	1.807035e+00
848	6.268641e-01	5.301279e-01	1.102589e+00
849	5.865085e-01	5.040813e-01	1.879336e+00
850	5.875075e-01	5.026596e-01	1.984856e+00
851	3.942372e-01	3.982392e-01	2.238886e+00
852	6.181584e-01	5.596026e-01	2.868100e+00
853	4.607646e-01	1.240979e-01	1.127992e+00
854	5.205460e-01	5.310324e-01	2.748901e+00
855	4.516134e-01	6.069567e-01	1.578407e+00
856	4.356456e-01	1.999676e-01	2.950171e+00
857	5.600622e-01	4.815524e-01	1.621397e+00
858	5.809477e-01	5.050490e-01	2.657059e+00
859	6.212819e-01	5.649871e-01	2.404983e+00
860	6.024450e-01	4.250739e-01	2.272106e+00
861	5.449538e-01	6.071467e-01	1.463117e+00
862	5.185247e-01	5.269703e-01	2.316072e+00
863	3.341462e-01	3.969874e-01	2.334636e+00
864	6.271822e-01	4.131897e-01	1.365413e+00
865	3.614085e-01	4.002324e-01	2.105032e+00
866	5.069568e-01	6.513764e-01	1.339033e+00
867	3.885136e-01	6.935610e-01	2.932584e+00
868	3.217196e-01	4.587252e-01	2.770396e+00
869	5.791447e-01	6.038632e-01	2.378603e+00
870	5.914549e-01	5.236081e-01	1.833415e+00
871	5.406642e-01	7.075894e-01	1.663410e+00
872	3.504719e-01	6.573541e-01	2.251588e+00
873	6.884832e-01	6.144364e-01	1.766976e+00
874	4.295833e-01	1.830101e-01	1.575476e+00
875	2.214370e-01	4.846617e-01	2.771373e+00
876	3.507312e-01	6.530783e-01	1.482658e+00
877	4.318645e-01	6.946201e-01	2.633610e+00
878	5.925539e-01	5.148619e-01	2.787005e+00
879	5.948979e-01	5.330073e-01	1.959453e+00
880	5.862063e-01	4.946820e-01	2.187103e+00
881	6.368363e-01	4.577697e-01	2.430386e+00
882	4.459316e-01	2.037014e-01	2.679531e+00
883	4.168271e-01	3.835135e-01	2.191988e+00
884	4.483842e-01	1.957188e-01	2.945286e+00
885	4.709563e-01	2.669248e-01	2.473376e+00
886	5.550497e-01	7.868104e-01	2.243771e+00
887	4.045880e-01	4.178628e-01	2.793845e+00
888	2.155516e-01	1.907312e-01	1.391793e+00
889	4.136942e-01	3.834414e-01	2.132389e+00
890	4.433256e-01	2.132330e-01	1.627259e+00
891	4.214331e-01	3.834896e-01	1.623351e+00
892	6.342054e-01	5.344399e-01	2.772350e+00
893	5.931058e-01	5.176898e-01	1.552027e+00
894	4.744955e-01	2.236264e-01	2.828041e+00
895	4.861143e-01	2.877603e-01	1.180752e+00
896	4.205522e-01	3.852451e-01	1.632145e+00
897	4.122161e-01	3.442278e-01	1.680997e+00
898	4.164993e-01	4.240728e-01	2.828041e+00
899	7.133952e-01	5.463899e-01	1.703468e+00
900	4.095612e-01	3.808810e-01	1.471910e+00
901	4.202083e-01	3.852924e-01	2.368832e+00
902	5.566532e-01	7.849836e-01	2.216414e+00
903	5.423817e-01	4.923644e-01	1.961407e+00
904	5.932146e-01	5.057886e-01	1.756229e+00
905	4.181490e-01	3.834167e-01	2.987298e+00
906	5.481434e-01	4.925183e-01	2.332682e+00
907	4.116106e-01	3.312061e-01	1.097704e+00
908	6.208298e-01	5.146545e-01	1.954568e+00
909	5.681759e-01	5.177461e-01	1.704446e+00
910	2.783407e-01	1.308720e-01	2.546654e+00
911	4.919597e-01	7.649534e-01	2.440156e+00
912	5.931432e-01	5.100802e-01	1.853933e+00
913	4.538402e-01	1.351271e-01	2.829995e+00
914	4.590178e-01	2.141683e-01	2.774304e+00
915	4.542257e-01	1.356405e-01	2.232047e+00
916	4.484294e-01	1.527068e-01	2.093307e+00
917	4.251887e-01	3.767837e-01	2.587689e+00
918	4.907284e-01	7.760227e-01	2.698095e+00
919	5.359444e-01	4.919683e-01	1.896922e+00
920	2.566413e-01	5.802147e-01	1.212995e+00
921	2.839326e-01	6.239576e-01	1.502198e+00
922	5.750726e-01	5.151417e-01	2.614069e+00
923	4.452392e-01	1.821200e-01	2.880801e+00
924	3.786491e-01	4.070517e-01	1.956522e+00
925	4.402864e-01	1.934166e-01	2.745970e+00
926	4.456051e-01	3.409754e-01	1.179775e+00
927	4.587902e-01	8.770657e-02	1.888129e+00
928	4.565601e-01	2.170143e-01	2.302394e+00
929	3.874203e-01	3.937545e-01	1.935027e+00
930	5.652104e-01	5.511508e-01	1.975085e+00
931	3.904434e-01	3.889857e-01	1.067416e+00
932	3.960626e-01	4.240928e-01	2.024915e+00
933	4.408366e-01	1.930145e-01	2.810454e+00
934	2.374802e-01	4.141350e-01	2.428432e+00
935	5.728055e-01	5.296216e-01	1.957499e+00
936	5.016432e-01	5.539119e-01	2.306302e+00
937	5.642526e-01	5.633565e-01	2.557401e+00
938	3.736863e-01	4.142248e-01	1.243283e+00
939	5.687982e-01	5.611599e-01	2.429409e+00
940	3.947464e-01	3.997967e-01	2.523205e+00
941	6.747333e-01	5.675132e-01	2.842697e+00
942	5.866028e-01	4.856959e-01	2.247680e+00
943	4.961686e-01	6.037046e-01	2.000489e+00
944	5.501922e-01	5.271632e-01	2.446019e+00
945	5.769343e-01	5.192561e-01	2.360039e+00
946	5.388805e-01	5.404841e-01	2.567171e+00
947	5.892477e-01	4.803676e-01	2.415730e+00
948	5.642815e-01	4.802692e-01	1.989741e+00
949	4.511333e-01	1.920120e-01	1.010747e+00
950	4.062006e-01	2.929292e-01	2.656082e+00
951	4.489896e-01	1.990984e-01	2.478261e+00
952	4.392722e-01	2.123561e-01	1.851979e+00
953	4.483088e-01	2.091708e-01	2.009282e+00
954	6.208025e-01	5.206299e-01	2.908158e+00
955	4.134539e-01	3.762275e-01	2.731314e+00
956	5.800707e-01	5.142416e-01	2.544700e+00
957	4.340295e-01	2.459379e-01	2.091353e+00
958	5.816659e-01	5.131999e-01	2.890572e+00
959	3.884891e-01	3.885710e-01	1.654617e+00
960	5.716095e-01	5.192021e-01	1.008793e+00
961	3.646951e-01	4.527983e-01	1.811920e+00
962	3.899848e-01	3.468556e-01	1.260870e+00
963	5.661081e-01	5.005929e-01	1.347826e+00
964	5.730456e-01	5.095719e-01	1.325354e+00
965	6.004883e-01	5.216499e-01	1.420127e+00
966	3.824713e-01	4.111336e-01	2.845628e+00
967	4.016508e-01	6.709984e-01	1.853933e+00
968	4.263970e-01	2.447890e-01	2.474353e+00
969	4.548688e-01	1.928950e-01	1.973131e+00
970	4.223511e-01	3.721410e-01	1.303859e+00
971	3.720062e-01	4.334669e-01	2.722521e+00
972	5.298970e-01	6.169417e-01	1.294089e+00
973	4.123231e-01	2.274795e-01	1.675134e+00
974	5.400467e-01	5.580078e-01	2.417684e+00
975	4.151811e-01	4.139034e-01	2.053249e+00
976	5.644809e-01	5.058732e-01	1.276502e+00
977	2.791823e-01	1.267451e-01	2.257450e+00
978	2.701773e-01	5.382663e-01	2.779189e+00
979	6.033248e-01	5.521454e-01	1.984856e+00
980	5.649978e-01	7.810174e-01	2.295554e+00
981	4.254847e-01	3.873871e-01	1.652662e+00
982	4.308783e-01	3.777000e-01	2.464582e+00
983	4.092938e-01	4.067672e-01	1.763068e+00
984	2.681270e-01	3.573470e-01	2.508549e+00
985	3.892799e-01	6.051213e-01	2.026869e+00
986	2.889787e-01	7.547107e-02	2.211529e+00
987	5.643538e-01	3.419545e-01	1.160234e+00
988	5.737471e-01	3.328554e-01	2.302394e+00
989	2.074574e-01	1.251116e-01	1.662433e+00
990	4.460192e-01	2.009062e-01	1.941866e+00
991	3.875056e-01	4.415109e-01	1.855887e+00
992	5.654842e-01	5.065358e-01	1.384954e+00
993	5.197107e-01	5.943802e-01	2.598437e+00
994	5.251442e-01	2.884254e-01	2.130435e+00
995	5.178394e-01	5.937761e-01	1.690767e+00
996	3.604575e-01	3.589557e-01	2.587689e+00
997	5.173806e-01	5.180820e-01	1.940889e+00
998	3.404319e-01	8.026828e-02	1.304836e+00
999	4.262773e-01	3.842990e-01	2.099170e+00
