761
0	5.152824e-01	4.175840e-01	1.398632e+00
2	4.475656e-01	5.189553e-01	1.108451e+00
3	4.413660e-01	6.259847e-01	2.925745e+00
4	6.471307e-01	6.255553e-01	2.732291e+00
5	7.320578e-01	8.950193e-01	1.257938e+00
6	1.780681e-01	3.202458e-01	2.424524e+00
7	5.308439e-01	4.850024e-01	1.383000e+00
8	4.631733e-01	7.632221e-01	2.705911e+00
9	4.075893e-01	3.301604e-01	2.526136e+00
10	3.972193e-01	2.940745e-01	2.442110e+00
11	5.704256e-01	5.534225e-01	2.233024e+00
12	4.703326e-01	5.441670e-01	2.376649e+00
13	9.729202e-01	3.797737e-01	2.799707e+00
14	4.879261e-01	5.098520e-01	1.556913e+00
15	5.316373e-01	4.792141e-01	2.950171e+00
16	3.751902e-01	5.939708e-01	1.066439e+00
17	4.853090e-01	4.976120e-01	1.626282e+00
18	4.832814e-01	4.903571e-01	1.306790e+00
19	4.868667e-01	5.040623e-01	2.902296e+00
21	4.835386e-01	4.196468e-01	1.195408e+00
22	4.739956e-01	4.871173e-01	1.785540e+00
23	4.585458e-01	4.380212e-01	1.248168e+00
24	5.270759e-01	4.118072e-01	1.863703e+00
25	4.734185e-01	4.867355e-01	2.671715e+00
26	5.106380e-01	4.962777e-01	2.487054e+00
27	5.823905e-01	2.941928e-02	1.946751e+00
29	3.862111e-01	5.967628e-01	2.152907e+00
30	4.985496e-01	4.870583e-01	1.388862e+00
32	5.872409e-01	3.864144e-01	1.591109e+00
34	3.456598e-01	3.704356e-01	2.181241e+00
35	5.035244e-01	4.678012e-01	1.475818e+00
36	4.727306e-01	6.403055e-01	2.309233e+00
37	5.817210e-01	4.584940e-01	2.073766e+00
39	8.604825e-01	9.856527e-01	2.331705e+00
40	5.487742e-01	5.705226e-01	1.126038e+00
41	5.831494e-01	4.506811e-01	2.235955e+00
42	4.888163e-01	8.912213e-01	2.805569e+00
44	4.782968e-01	5.872728e-01	2.555447e+00
46	5.693336e-01	6.084705e-01	2.559355e+00
47	4.294152e-01	4.683593e-01	1.895945e+00
48	4.955773e-01	7.148193e-01	1.282364e+00
49	8.792374e-01	8.280033e-01	2.024915e+00
50	5.014870e-01	4.484969e-01	2.750855e+00
51	4.530403e-01	5.567001e-01	2.412799e+00
52	4.949742e-01	4.886967e-01	2.557401e+00
53	4.430900e-01	4.043760e-01	1.648754e+00
54	5.127113e-01	4.990351e-01	1.721055e+00
55	5.118846e-01	4.683641e-01	2.588666e+00
56	6.173274e-01	6.607357e-01	1.525647e+00
57	5.317258e-01	3.803103e-01	2.751832e+00
58	4.219917e-01	4.512182e-01	2.625794e+00
59	8.470417e-01	9.780040e-01	1.663410e+00
61	4.905154e-01	4.718391e-01	2.560332e+00
62	4.979194e-01	3.964818e-01	1.696629e+00
63	5.697390e-01	4.053980e-01	1.506106e+00
64	5.170998e-01	4.515805e-01	2.675623e+00
65	5.366165e-01	4.219779e-01	2.497802e+00
66	8.301822e-01	9.857097e-01	1.031265e+00
67	4.078333e-01	3.557955e-01	2.361993e+00
68	4.969962e-01	4.850045e-01	1.866634e+00
69	5.853375e-01	6.822736e-01	2.930630e+00
70	2.520516e-01	6.306481e-01	1.503175e+00
71	5.099695e-01	4.990337e-01	1.135809e+00
72	4.341540e-01	5.134718e-01	2.449927e+00
73	5.573731e-01	5.602341e-01	2.831949e+00
74	5.145086e-01	4.786214e-01	2.317049e+00
75	5.467389e-01	5.317009e-01	2.353200e+00
76	5.286612e-01	4.769760e-01	2.575965e+00
78	4.770604e-01	3.861993e-01	2.289692e+00
79	4.678447e-01	6.265080e-01	2.766488e+00
81	5.085900e-01	5.548424e-01	2.769419e+00
82	4.893120e-01	6.467697e-01	1.110405e+00
85	4.836476e-01	4.287413e-01	1.412311e+00
87	6.261713e-01	5.922426e-01	1.449438e+00
88	5.075291e-01	5.676856e-01	2.176356e+00
90	5.538398e-01	3.694311e-01	1.212995e+00
91	2.815872e-01	2.270299e-01	1.872496e+00
92	5.101836e-01	4.491112e-01	1.606742e+00
93	5.753257e-01	5.093698e-01	1.183683e+00
95	1.784048e-01	5.633029e-01	2.514411e+00
96	6.642163e-01	5.355123e-01	2.736199e+00
97	6.023351e-01	3.773506e-01	1.617489e+00
98	5.164707e-01	5.441367e-01	2.456766e+00
99	5.234417e-01	5.094861e-01	1.406448e+00
100	6.550135e-01	1.881394e-02	2.453835e+00
102	5.439247e-01	5.638058e-01	2.712750e+00
103	5.067862e-01	4.907901e-01	2.877870e+00
104	4.761453e-01	4.536297e-01	1.533464e+00
105	5.083991e-01	3.828033e-01	2.169516e+00
106	3.765273e-01	3.395017e-01	2.160723e+00
107	6.054345e-01	5.469868e-01	2.483146e+00
109	6.152828e-01	3.604963e-01	1.117245e+00
110	5.373283e-01	3.052672e-01	2.709819e+00
111	6.075368e-01	5.619718e-01	2.039570e+00
112	5.693778e-01	5.349804e-01	2.929653e+00
113	5.483904e-01	4.484378e-01	2.125550e+00
114	4.811874e-01	5.137765e-01	2.148999e+00
116	4.905255e-01	3.943716e-01	1.206155e+00
117	5.081194e-01	6.709342e-01	2.689301e+00
118	5.462285e-01	4.491269e-01	1.997557e+00
119	5.038003e-01	6.475201e-01	1.753298e+00
120	4.259918e-01	4.000076e-01	1.491451e+00
121	4.891228e-01	4.886010e-01	2.381534e+00
122	4.778773e-01	5.860724e-01	1.837323e+00
123	5.063886e-01	4.631471e-01	2.723498e+00
126	5.811561e-01	5.132320e-01	1.216903e+00
127	7.969093e-01	5.911547e-01	1.385931e+00
129	5.458570e-01	4.875146e-01	1.094773e+00
130	7.424013e-01	5.401224e-01	1.887152e+00
131	4.724749e-01	3.643914e-01	1.869565e+00
133	3.301138e-01	4.019148e-01	1.905716e+00
134	5.372304e-01	5.370882e-01	2.319980e+00
136	4.940313e-01	4.632438e-01	1.155349e+00
137	4.807471e-01	4.133993e-01	1.261847e+00
139	5.023737e-01	4.805816e-01	1.148510e+00
141	5.955968e-01	2.317136e-01	1.865657e+00
142	5.246533e-01	5.292616e-01	2.988276e+00
144	3.952605e-01	4.049361e-01	1.016610e+00
145	5.171975e-01	4.170729e-01	2.095261e+00
146	5.593250e-01	4.973082e-01	2.442110e+00
148	5.098051e-01	5.938365e-01	1.417196e+00
149	3.706533e-01	3.289599e-01	2.817294e+00
150	4.758055e-01	5.196571e-01	1.164143e+00
151	5.434868e-01	4.878976e-01	2.738153e+00
152	5.778802e-01	5.519498e-01	2.338544e+00
153	3.918638e-01	3.945683e-01	1.282364e+00
154	5.357313e-01	5.281062e-01	2.676600e+00
155	4.047700e-01	4.159519e-01	2.443087e+00
156	3.937942e-01	4.427400e-01	2.375672e+00
157	3.877582e-01	4.589571e-02	1.220811e+00
158	4.625882e-01	5.170622e-01	2.208598e+00
159	5.225009e-01	4.772946e-01	2.407914e+00
162	4.991626e-01	5.238963e-01	2.277968e+00
164	4.813014e-01	3.760239e-01	2.409868e+00
165	4.848592e-01	5.229775e-01	2.083537e+00
166	4.505524e-01	1.338389e-01	2.286761e+00
167	5.281708e-01	4.308157e-01	1.194431e+00
168	4.907389e-01	4.204356e-01	2.818271e+00
169	5.062071e-01	4.986685e-01	2.827064e+00
170	5.398711e-01	4.216608e-01	1.684905e+00
171	4.516154e-01	4.710666e-01	1.999511e+00
172	5.388313e-01	4.780182e-01	1.956522e+00
174	5.525904e-01	2.083242e-01	2.323889e+00
175	5.274153e-01	4.883220e-01	2.501710e+00
176	5.646620e-01	4.592413e-01	2.395213e+00
177	5.078438e-01	5.221087e-01	2.719590e+00
178	1.868924e-01	1.534970e-01	2.937469e+00
179	5.155221e-01	4.740897e-01	2.803615e+00
180	6.220380e-01	5.915345e-01	1.322423e+00
182	5.141396e-01	4.568039e-01	1.794333e+00
183	5.371342e-01	4.393447e-01	2.611138e+00
184	4.808702e-01	4.697842e-01	1.724963e+00
185	5.138427e-01	4.222065e-01	1.983879e+00
186	5.582949e-01	4.551307e-01	2.181241e+00
188	4.950214e-01	5.179361e-01	1.295066e+00
189	4.691407e-01	5.172420e-01	1.970200e+00
190	4.775157e-01	5.100146e-01	2.387396e+00
191	9.958524e-01	3.138013e-01	2.386419e+00
192	5.136851e-01	2.943485e-01	2.647289e+00
193	5.344318e-01	5.397118e-01	1.686859e+00
195	5.821799e-01	5.463478e-01	1.553981e+00
196	5.312011e-01	5.457628e-01	1.764045e+00
197	4.978515e-01	5.141696e-01	1.632145e+00
199	5.171714e-01	4.262461e-01	1.235467e+00
200	5.431237e-01	5.787700e-01	2.251588e+00
201	4.161756e-01	5.436291e-01	1.751343e+00
202	4.387585e-01	4.616344e-01	1.715193e+00
203	4.966740e-01	4.863173e-01	2.109917e+00
204	4.843370e-01	4.499217e-01	2.137274e+00
205	5.599623e-01	6.259521e-01	2.099170e+00
206	4.956136e-01	4.893463e-01	2.057157e+00
207	5.298511e-01	5.691680e-01	2.246702e+00
208	5.611438e-01	4.607262e-01	1.894968e+00
209	5.532073e-01	4.065915e-01	2.453835e+00
210	4.999708e-01	4.933100e-01	2.834880e+00
211	4.177481e-01	4.286530e-01	2.215437e+00
212	5.125082e-01	4.322821e-01	2.153884e+00
213	4.858393e-01	5.865774e-01	2.475330e+00
214	4.736182e-01	4.412227e-01	1.274548e+00
215	5.245246e-01	8.273542e-01	2.127504e+00
217	6.115247e-01	5.492670e-01	1.790425e+00
219	5.045574e-01	3.893398e-01	1.692721e+00
220	4.840613e-01	4.061868e-01	2.042501e+00
221	5.830770e-01	6.325205e-01	1.468979e+00
222	5.244444e-01	5.317272e-01	1.784563e+00
226	5.556387e-01	3.633352e-01	1.839277e+00
227	4.847062e-01	5.197427e-01	1.175867e+00
228	4.694617e-01	4.029451e-01	2.807523e+00
229	7.133768e-01	3.582437e-01	2.811431e+00
230	6.987677e-01	7.439597e-01	1.192477e+00
232	5.360710e-01	4.050670e-01	1.620420e+00
233	4.963516e-01	6.160574e-01	2.624817e+00
234	6.991972e-01	7.429575e-01	2.806546e+00
235	3.878268e-01	5.281044e-01	1.763068e+00
238	5.861366e-01	6.937892e-01	2.458720e+00
239	2.902811e-01	4.025814e-01	2.463605e+00
241	5.252828e-01	5.007636e-01	1.146556e+00
242	4.478385e-01	5.234471e-01	1.395701e+00
243	5.194968e-01	5.608965e-01	1.755252e+00
245	5.037957e-01	4.813632e-01	2.901319e+00
246	3.653602e-01	6.056964e-01	2.123596e+00
248	5.355517e-01	5.449831e-01	1.199316e+00
250	4.966637e-01	5.558342e-01	2.170493e+00
251	5.159391e-01	5.083904e-01	2.733268e+00
252	5.421339e-01	4.875005e-01	1.545188e+00
253	3.400521e-01	4.106362e-01	1.376160e+00
254	4.895043e-01	4.497512e-01	1.621397e+00
255	5.520913e-01	4.979606e-01	1.883244e+00
256	6.016551e-01	4.999407e-01	1.612604e+00
257	5.303612e-01	4.948100e-01	2.909135e+00
258	4.910296e-01	2.129652e-01	1.354665e+00
259	4.830443e-01	5.714396e-01	2.770396e+00
260	3.743244e-01	5.455159e-01	2.148999e+00
261	5.328753e-01	4.819024e-01	2.624817e+00
264	4.459299e-01	4.774684e-01	2.697118e+00
265	5.682730e-01	3.538189e-01	1.938935e+00
266	5.338870e-01	4.813324e-01	1.854910e+00
268	3.804979e-01	5.847773e-01	2.625794e+00
269	3.308772e-01	3.533775e-01	1.564729e+00
270	4.613370e-01	5.451985e-01	2.984367e+00
273	4.267719e-01	5.060842e-01	2.693210e+00
274	4.860740e-01	4.328637e-01	2.276014e+00
276	4.114123e-01	4.737605e-01	1.245237e+00
278	5.113373e-01	4.394567e-01	1.489497e+00
279	6.813398e-01	7.176710e-01	2.305325e+00
281	4.771674e-01	4.479903e-01	2.689301e+00
282	4.226607e-01	5.380114e-01	1.346849e+00
283	4.966206e-01	4.856113e-01	2.447973e+00
284	5.783780e-01	4.945261e-01	1.591109e+00
285	5.319312e-01	5.975052e-01	1.931119e+00
287	3.661281e-01	5.677704e-01	2.687347e+00
288	3.677412e-01	2.882824e-01	2.787982e+00
289	4.537511e-01	5.102498e-01	1.510015e+00
291	4.670818e-01	5.446755e-01	2.193942e+00
292	4.843474e-01	4.210345e-01	2.918906e+00
293	4.317891e-01	5.428796e-01	1.734734e+00
295	4.055067e-01	4.829631e-01	1.631168e+00
296	4.721264e-01	3.194038e-01	1.258915e+00
297	4.760342e-01	5.186218e-01	2.458720e+00
298	4.935522e-01	4.970180e-01	2.134343e+00
299	5.433706e-01	4.973466e-01	2.662921e+00
300	5.067498e-01	5.500317e-01	2.924768e+00
301	5.337100e-01	4.771426e-01	2.983390e+00
305	4.335636e-01	4.691636e-01	1.703468e+00
306	5.115638e-01	4.818503e-01	1.246214e+00
308	5.871803e-01	8.416737e-01	2.925745e+00
309	4.501919e-01	5.848851e-01	1.857841e+00
310	5.337121e-01	4.952731e-01	2.601368e+00
311	5.495616e-01	3.852917e-01	2.413776e+00
312	5.730591e-01	4.962302e-01	2.569126e+00
316	3.927679e-01	3.718140e-01	2.574988e+00
317	4.799091e-01	5.015402e-01	1.598925e+00
319	4.485906e-01	4.968416e-01	1.176844e+00
322	4.735250e-01	4.966826e-01	2.526136e+00
324	5.455353e-01	7.308608e-01	1.928188e+00
325	7.437163e-01	4.760702e-01	2.006351e+00
326	4.543352e-01	3.743235e-01	1.041036e+00
327	4.795195e-01	5.065128e-01	1.793356e+00
329	4.416169e-01	4.900540e-01	1.860772e+00
330	5.173984e-01	4.775303e-01	1.389839e+00
331	5.144151e-01	5.771239e-01	1.052760e+00
332	4.949207e-01	4.072399e-01	1.156326e+00
334	4.911875e-01	4.440850e-01	1.981925e+00
335	6.166521e-01	9.884237e-01	2.256473e+00
336	5.157950e-01	3.775395e-01	2.368832e+00
337	4.364949e-01	5.667716e-01	2.024915e+00
341	5.524733e-01	2.876870e-01	2.472399e+00
342	4.360584e-01	5.973712e-01	2.288715e+00
344	5.167587e-01	4.356604e-01	2.745970e+00
345	4.860410e-01	4.247560e-01	2.490962e+00
347	5.526701e-01	3.211133e-01	1.545188e+00
348	5.440773e-01	3.735230e-01	2.662921e+00
349	4.415921e-01	3.921374e-01	2.264289e+00
350	7.164739e-01	6.395785e-01	2.905227e+00
351	4.831991e-01	5.090679e-01	1.058622e+00
353	5.280031e-01	5.598200e-01	2.152907e+00
354	2.009413e-01	3.878068e-01	2.784074e+00
355	5.218336e-01	4.988085e-01	2.445042e+00
356	4.881998e-01	6.220828e-01	2.852467e+00
357	4.816793e-01	5.202618e-01	2.070835e+00
358	5.212687e-01	3.796550e-01	1.406448e+00
359	6.206142e-01	3.224134e-01	1.751343e+00
360	4.841027e-01	5.602763e-01	2.077675e+00
361	4.780422e-01	4.752980e-01	1.601856e+00
364	4.658549e-01	4.872817e-01	2.048363e+00
366	5.225035e-01	4.325908e-01	2.779189e+00
367	4.963592e-01	5.889133e-01	2.617978e+00
371	5.528714e-01	4.978092e-01	1.948705e+00
372	5.162317e-01	4.591362e-01	1.416219e+00
373	6.894056e-01	4.470981e-01	1.745481e+00
374	7.913958e-01	4.863799e-01	1.994626e+00
375	4.828761e-01	5.261381e-01	2.291646e+00
377	4.986483e-01	4.568523e-01	2.511480e+00
378	6.581630e-01	4.058633e-01	2.596483e+00
379	4.916444e-01	5.043036e-01	2.855398e+00
381	5.294467e-01	5.234683e-01	1.312653e+00
382	5.154536e-01	5.348451e-01	1.787494e+00
383	4.436411e-01	4.363373e-01	2.252565e+00
384	4.940257e-01	5.339507e-01	1.978017e+00
385	5.114955e-01	4.844101e-01	2.965804e+00
386	5.038533e-01	4.694918e-01	2.221299e+00
387	5.179905e-01	5.082581e-01	1.701514e+00
388	5.028802e-01	5.334784e-01	1.135809e+00
389	5.000890e-01	4.900018e-01	2.997069e+00
390	3.526020e-01	3.078050e-01	2.470445e+00
391	5.180572e-01	5.370933e-01	2.362970e+00
392	4.921590e-01	4.090641e-01	2.553493e+00
393	3.710531e-01	4.128058e-01	1.347826e+00
394	4.954243e-01	5.550100e-01	2.896434e+00
395	5.049801e-01	5.257127e-01	1.857841e+00
396	3.400279e-01	2.918126e-01	1.669272e+00
397	4.429522e-01	4.707263e-01	1.726917e+00
398	3.992624e-01	5.652096e-01	2.604299e+00
399	5.477806e-01	4.968911e-01	2.089399e+00
400	4.685170e-01	6.456860e-01	1.552027e+00
402	4.492176e-01	4.658545e-01	1.382022e+00
403	5.175096e-01	4.206111e-01	2.510503e+00
404	6.839651e-01	6.185513e-01	1.640938e+00
405	5.126735e-01	5.138037e-01	2.933561e+00
406	6.451482e-01	6.237437e-01	1.033219e+00
407	6.516490e-01	4.209777e-01	1.408403e+00
408	4.973365e-01	4.764680e-01	2.767465e+00
409	5.314313e-01	4.535752e-01	1.526624e+00
410	3.979032e-01	4.154638e-01	1.456277e+00
411	5.530534e-01	1.220552e-02	1.054714e+00
412	5.555589e-01	5.043261e-01	2.601368e+00
413	2.272444e-01	2.730496e-01	2.193942e+00
415	5.504270e-01	3.757668e-01	1.564729e+00
416	5.358479e-01	4.615769e-01	1.679043e+00
417	4.367464e-01	7.642121e-01	2.034685e+00
418	5.727043e-01	1.858232e-02	2.564240e+00
419	5.357142e-01	3.959038e-01	2.311187e+00
420	3.761008e-01	5.756032e-01	1.297997e+00
421	4.817677e-01	4.634772e-01	2.873962e+00
422	3.897436e-01	4.868853e-01	2.202736e+00
423	4.952898e-01	5.228075e-01	2.653151e+00
426	5.313657e-01	4.566163e-01	1.679043e+00
427	5.946145e-01	5.049324e-01	2.991207e+00
428	9.407374e-01	6.318685e-01	2.857352e+00
429	4.801535e-01	4.637074e-01	1.913532e+00
430	6.561039e-01	6.371974e-01	1.216903e+00
431	9.491022e-01	6.294392e-01	1.214949e+00
433	5.015462e-01	4.029275e-01	1.005862e+00
434	5.045230e-01	5.011721e-01	2.227162e+00
435	6.368943e-01	6.183842e-01	1.723009e+00
436	8.769248e-01	6.724489e-01	1.113337e+00
438	5.681475e-01	5.508505e-01	1.692721e+00
439	5.418234e-01	5.307345e-02	1.154372e+00
440	4.243481e-01	4.374070e-01	1.851001e+00
441	4.768969e-01	4.979280e-01	2.418661e+00
443	4.651880e-01	6.081471e-01	1.591109e+00
444	4.227653e-01	6.274036e-01	2.199805e+00
445	5.262932e-01	4.876582e-01	2.208598e+00
446	5.166554e-01	4.799003e-01	1.322423e+00
447	5.303777e-01	4.762297e-01	2.361016e+00
450	4.976955e-01	4.645497e-01	1.815828e+00
451	4.513168e-01	3.951457e-01	1.328285e+00
452	5.013509e-01	4.619148e-01	2.272106e+00
454	4.975285e-01	4.902643e-01	1.883244e+00
455	9.390488e-01	6.252778e-01	1.599902e+00
457	3.401230e-01	2.865718e-01	2.343429e+00
458	5.118085e-01	3.746099e-01	1.749389e+00
459	4.724798e-01	4.832193e-01	1.835369e+00
461	5.302981e-01	4.706409e-01	1.065462e+00
462	5.258083e-01	4.885947e-01	1.698583e+00
463	5.043470e-01	4.017492e-01	2.761602e+00
464	7.469566e-01	5.689726e-01	1.744504e+00
465	8.665200e-01	5.898662e-01	1.961407e+00
466	5.361692e-01	4.967569e-01	2.449927e+00
467	5.469073e-01	6.260803e-01	2.669761e+00
469	4.602619e-01	1.431636e-01	2.597460e+00
470	5.991031e-01	5.195808e-01	2.960918e+00
472	6.033948e-01	5.169012e-01	1.655594e+00
473	3.637879e-01	5.065065e-01	2.572057e+00
477	5.963775e-01	4.953401e-01	2.643381e+00
481	5.236920e-01	3.055268e-01	2.058134e+00
483	5.215101e-01	3.373459e-01	1.083048e+00
484	3.063708e-01	4.482980e-01	2.453835e+00
485	6.709073e-01	6.406800e-01	2.829018e+00
486	4.786935e-01	4.271714e-01	2.169516e+00
487	3.759916e-01	1.299698e-01	2.371764e+00
488	5.258000e-01	2.055235e-01	1.634099e+00
489	4.727876e-01	1.242324e-01	1.314607e+00
490	2.728757e-01	6.790597e-01	2.292623e+00
491	4.438066e-01	2.762792e-01	1.759160e+00
493	5.072656e-01	4.623901e-01	2.942355e+00
494	9.479259e-02	5.450709e-01	1.358574e+00
498	4.143546e-01	4.272093e-01	2.251588e+00
499	3.181778e-01	3.710204e-01	1.474841e+00
501	4.790326e-01	6.779133e-01	2.850513e+00
502	5.384408e-01	6.556050e-01	2.543723e+00
505	4.854571e-01	6.445137e-01	1.170005e+00
506	5.165717e-01	2.721132e-01	2.011236e+00
507	4.997316e-01	3.672530e-01	2.982413e+00
508	6.142006e-01	5.217461e-01	1.578407e+00
509	5.435729e-01	4.095697e-01	2.904250e+00
511	4.539769e-01	5.033775e-01	2.948217e+00
512	4.166508e-01	5.316415e-01	1.856864e+00
514	5.227283e-01	4.232632e-01	1.780655e+00
516	5.249481e-01	4.089500e-01	2.928676e+00
517	5.529788e-01	5.141531e-01	1.055691e+00
518	4.834601e-01	3.313152e-01	2.823156e+00
519	4.554307e-01	6.137357e-01	2.886663e+00
521	3.848235e-01	4.756206e-01	1.391793e+00
522	4.703084e-01	4.781001e-01	1.467025e+00
523	5.476588e-01	3.616247e-01	1.512946e+00
524	5.365015e-01	3.825540e-01	1.960430e+00
525	5.620343e-01	3.902819e-01	2.254519e+00
526	6.580285e-01	4.798563e-01	2.899365e+00
528	5.539779e-01	4.771971e-01	1.247191e+00
529	5.189491e-01	6.389282e-01	1.802149e+00
531	5.040685e-01	4.297018e-01	1.663410e+00
532	5.188828e-01	6.594174e-01	2.556424e+00
533	5.619756e-01	3.515607e-01	2.947240e+00
534	6.208176e-01	6.035453e-01	2.475330e+00
535	6.152368e-01	4.390440e-01	1.237421e+00
536	7.105033e-01	3.953117e-01	2.923791e+00
537	3.729442e-01	5.082331e-01	2.906204e+00
539	4.601925e-01	4.682955e-01	2.476307e+00
540	3.093724e-01	4.727961e-01	2.065950e+00
541	5.585934e-01	4.659383e-01	1.983879e+00
542	5.013639e-01	4.923210e-01	1.982902e+00
543	5.290830e-01	6.729292e-02	2.643381e+00
544	5.253394e-01	4.640477e-01	1.637030e+00
545	6.392612e-01	4.109352e-01	1.338056e+00
546	3.790072e-01	3.662587e-01	2.406937e+00
547	3.461541e-01	2.735578e-01	1.422081e+00
548	2.981388e-01	3.297989e-01	2.956033e+00
549	5.808307e-01	4.646225e-01	2.601368e+00
550	7.006809e-01	4.145382e-01	1.846116e+00
551	5.713091e-01	4.592984e-01	1.264778e+00
552	2.537950e-01	4.244213e-01	1.119199e+00
553	5.818284e-01	4.819797e-01	1.956522e+00
554	2.219641e-01	1.561774e-01	2.971666e+00
555	4.355123e-01	4.690456e-01	2.149976e+00
556	2.935470e-01	4.516381e-01	1.574499e+00
557	2.472052e-01	4.192530e-01	1.775769e+00
558	1.948666e-01	3.858505e-01	1.542257e+00
559	3.722605e-01	4.591256e-01	2.984367e+00
562	5.116035e-01	3.739773e-01	1.577430e+00
564	2.503272e-01	6.386767e-01	1.125061e+00
565	5.394825e-01	4.362621e-01	2.955056e+00
566	4.694060e-01	5.701033e-01	2.865169e+00
567	6.381238e-01	6.931531e-01	1.672203e+00
568	5.229929e-01	5.570977e-01	1.198339e+00
569	4.567999e-01	4.294963e-01	2.513434e+00
571	5.085742e-01	5.078164e-01	2.858329e+00
572	4.554638e-01	2.017858e-01	1.574499e+00
573	3.502374e-01	2.037002e-01	1.432829e+00
574	5.121756e-01	5.158736e-01	1.500244e+00
576	4.368961e-01	4.277928e-01	1.323400e+00
578	8.177840e-01	5.624727e-01	2.147044e+00
579	5.822478e-01	4.667314e-01	2.698095e+00
580	7.097224e-01	6.392070e-01	2.203713e+00
581	4.554241e-01	4.255513e-01	1.364436e+00
582	5.230249e-01	4.331874e-01	2.076698e+00
583	4.766751e-01	2.418662e-01	2.011236e+00
586	5.224268e-01	4.645361e-01	1.215926e+00
587	5.014484e-01	5.142620e-01	2.299463e+00
588	5.097132e-01	3.409701e-01	1.683928e+00
589	5.164242e-01	4.071279e-01	2.081583e+00
590	5.233375e-01	4.276320e-01	2.350269e+00
593	5.463445e-01	3.833202e-01	1.194431e+00
594	4.945906e-01	3.700056e-01	2.515388e+00
597	3.620982e-01	3.125313e-01	1.865657e+00
599	5.353250e-01	4.646464e-01	1.802149e+00
600	5.856894e-01	7.046762e-01	1.367367e+00
601	4.283344e-01	4.603794e-01	1.148510e+00
604	6.899043e-01	7.074494e-01	1.613581e+00
605	4.968399e-01	3.376234e-01	2.427455e+00
607	5.010334e-01	6.300724e-01	1.355642e+00
609	7.193983e-01	4.811592e-01	1.294089e+00
610	5.467344e-01	4.744180e-01	1.687836e+00
613	4.541604e-01	4.009622e-01	1.597948e+00
614	6.820304e-01	7.159459e-01	2.412799e+00
617	4.814918e-01	5.722201e-01	1.227650e+00
618	5.666906e-01	6.993872e-01	2.522228e+00
619	5.666222e-01	5.027894e-01	1.437714e+00
620	4.929835e-01	4.003049e-01	1.523693e+00
621	7.660174e-01	1.797962e-01	1.221788e+00
622	5.112000e-01	4.190821e-01	1.652662e+00
623	6.030332e-01	1.695672e-01	1.269663e+00
624	5.501327e-01	6.855664e-01	2.967758e+00
625	5.569663e-01	3.444205e-01	2.952125e+00
626	4.387116e-01	5.641527e-01	2.546654e+00
627	5.031264e-01	4.152428e-01	1.818759e+00
628	5.401413e-01	1.936704e-01	1.919394e+00
629	3.965595e-01	4.754296e-01	2.563263e+00
630	5.582926e-01	5.582050e-01	1.451392e+00
631	5.052560e-01	4.216658e-01	1.718124e+00
632	5.039873e-01	5.071553e-01	1.207132e+00
633	4.884861e-01	5.239408e-01	1.236444e+00
634	5.315445e-01	4.467691e-01	2.622863e+00
635	7.042315e-01	5.656796e-01	2.549585e+00
636	5.121528e-01	4.037289e-01	2.966781e+00
637	1.687280e-01	6.969636e-01	2.095261e+00
639	5.863767e-01	4.890523e-01	2.395213e+00
642	4.131781e-01	4.805263e-01	1.534441e+00
643	5.161797e-01	3.504772e-01	1.550073e+00
644	5.827575e-01	4.811842e-01	1.610650e+00
645	4.894701e-01	4.341286e-01	1.612604e+00
646	5.093173e-01	4.703457e-01	1.086957e+00
649	6.580144e-01	1.941208e-01	1.573522e+00
650	5.663706e-01	4.269421e-01	2.497802e+00
653	4.781809e-01	3.847613e-01	1.589155e+00
655	5.529079e-01	4.916828e-01	1.209086e+00
656	5.745240e-01	4.980910e-01	2.755740e+00
657	8.016331e-01	5.833854e-01	1.499267e+00
658	5.753984e-01	4.668647e-01	1.014656e+00
659	4.860547e-01	4.646874e-01	2.891549e+00
660	5.101587e-01	4.745172e-01	2.478261e+00
661	3.911219e-01	4.645906e-01	1.898876e+00
662	4.412919e-01	5.729694e-01	1.188569e+00
663	4.987621e-01	4.830212e-01	2.785051e+00
664	4.518495e-01	4.377746e-01	2.945286e+00
665	5.464285e-01	5.309395e-01	2.458720e+00
666	4.910674e-01	3.820774e-01	2.673669e+00
667	5.014416e-01	4.243149e-01	1.399609e+00
668	6.476494e-01	4.151831e-01	2.604299e+00
669	4.601150e-01	4.894013e-01	1.529555e+00
670	5.790499e-01	4.147328e-01	2.823156e+00
672	5.735541e-01	1.636816e-01	2.844651e+00
673	5.273295e-01	4.862730e-01	2.290669e+00
675	4.793905e-01	4.435072e-01	2.570103e+00
676	4.997639e-01	4.159833e-01	2.396190e+00
677	5.829312e-01	3.289378e-01	1.318515e+00
678	5.221676e-01	2.021245e-01	1.733757e+00
679	5.166341e-01	4.402571e-01	2.605276e+00
681	4.465887e-01	5.380774e-01	1.587201e+00
682	4.854913e-01	5.404728e-01	1.375183e+00
683	4.764282e-01	4.530790e-01	2.298486e+00
684	5.181580e-01	5.655052e-02	1.285296e+00
685	4.408334e-01	3.956531e-01	2.983390e+00
686	3.219028e-01	3.379007e-01	1.195408e+00
688	5.927470e-01	4.642679e-01	2.414753e+00
689	5.278649e-01	3.084559e-01	1.843185e+00
690	5.195043e-01	4.305963e-01	2.396190e+00
691	4.813412e-01	4.040640e-01	1.656571e+00
692	4.302575e-01	4.303214e-01	3.000000e+00
693	4.415795e-01	4.540897e-01	2.728383e+00
696	5.126082e-01	4.341649e-01	1.944797e+00
697	9.514471e-01	2.051790e-01	2.883732e+00
698	4.849928e-01	2.933183e-01	2.383488e+00
699	4.851329e-01	5.294889e-01	2.506595e+00
700	5.187578e-01	4.894352e-01	1.786517e+00
701	5.923343e-01	5.929866e-01	2.893503e+00
702	5.273409e-01	4.817227e-01	2.981436e+00
703	4.992882e-01	5.144353e-01	2.663898e+00
704	5.058828e-01	4.906421e-01	2.227162e+00
705	5.199346e-01	5.252321e-01	1.527601e+00
706	4.928492e-01	4.438233e-01	2.610161e+00
707	6.282390e-01	9.318846e-01	1.058622e+00
708	5.389927e-01	5.087794e-01	2.782120e+00
712	5.234059e-01	4.889998e-01	2.109917e+00
714	7.045951e-01	7.015582e-01	2.074744e+00
715	4.991553e-01	4.503321e-01	2.319003e+00
717	5.037075e-01	4.415738e-01	1.286273e+00
718	4.745495e-01	4.637958e-01	1.881290e+00
719	5.880127e-01	8.438756e-01	1.664387e+00
720	6.561552e-01	3.804569e-01	1.242306e+00
721	7.216285e-01	6.408906e-01	1.927211e+00
722	4.745737e-01	5.589048e-01	2.820225e+00
723	4.889376e-01	2.409929e-02	2.792868e+00
724	4.728715e-01	4.296777e-01	1.201270e+00
725	5.098723e-01	4.542802e-01	1.898876e+00
727	5.475865e-01	5.039520e-01	1.782609e+00
729	4.999112e-01	4.698331e-01	1.561798e+00
730	5.028770e-01	4.644705e-01	2.282853e+00
731	4.842595e-01	4.700646e-01	2.210552e+00
732	3.714396e-01	6.246349e-01	1.020518e+00
733	5.671407e-01	5.796278e-01	1.784563e+00
735	4.786128e-01	3.785308e-01	1.275525e+00
736	4.555280e-01	4.971267e-01	1.212995e+00
737	5.224846e-01	8.129172e-02	2.964827e+00
738	5.339940e-01	5.506547e-01	2.079629e+00
740	4.600749e-01	8.610215e-01	1.187592e+00
741	5.161497e-01	4.850135e-01	1.258915e+00
744	4.836459e-01	5.034582e-01	1.999511e+00
745	4.449304e-01	5.718054e-01	1.264778e+00
746	5.013574e-01	5.278732e-01	1.110405e+00
747	5.669421e-01	4.939492e-01	1.107474e+00
749	5.069579e-01	6.503384e-01	1.070347e+00
751	4.632036e-01	5.549582e-01	2.400098e+00
752	5.049576e-01	4.868149e-01	2.871031e+00
753	5.595267e-01	4.519172e-01	2.739130e+00
754	4.899751e-01	4.329488e-01	1.681974e+00
755	4.969529e-01	5.960123e-01	2.061065e+00
763	3.935254e-01	2.897979e-01	2.799707e+00
768	5.500661e-01	4.992358e-01	2.010259e+00
770	5.276092e-01	4.725234e-01	1.700537e+00
771	4.928702e-01	4.614586e-01	1.339033e+00
772	4.537829e-01	3.571502e-01	2.227162e+00
773	4.432765e-01	4.528384e-01	2.482169e+00
774	5.525748e-01	7.671177e-01	2.958964e+00
775	4.226934e-01	5.060806e-01	1.443576e+00
776	4.308521e-01	4.797665e-01	2.381534e+00
777	7.227808e-01	4.862527e-01	1.971177e+00
778	5.095460e-01	8.474903e-02	2.960918e+00
779	5.154426e-01	3.572151e-01	1.812897e+00
781	1.221724e-01	6.789440e-01	1.170982e+00
782	5.105592e-01	4.644216e-01	1.277479e+00
786	1.192520e-01	2.662990e-01	1.636053e+00
787	5.449795e-01	5.027617e-01	1.790425e+00
788	2.956142e-01	3.611420e-01	2.336590e+00
789	5.740830e-01	4.331625e-01	1.343918e+00
790	6.116981e-01	5.118512e-01	1.905716e+00
791	4.364538e-01	5.473472e-01	1.784563e+00
792	4.922004e-01	4.545473e-01	2.622863e+00
793	5.534845e-01	1.427301e-01	2.063996e+00
794	7.276495e-01	5.040890e-01	2.497802e+00
795	5.417559e-01	4.679960e-01	2.870054e+00
796	3.779129e-01	5.186488e-01	2.862237e+00
797	6.849692e-01	4.781568e-01	2.981436e+00
799	6.054348e-01	5.038061e-01	1.729849e+00
800	1.864497e-01	3.320476e-01	2.290669e+00
801	4.995533e-01	4.884801e-01	2.841720e+00
802	5.051419e-01	4.324255e-01	2.195896e+00
803	6.154836e-01	5.316453e-01	1.601856e+00
804	5.998144e-01	7.645799e-01	2.449927e+00
805	4.525067e-01	4.552696e-01	1.462140e+00
806	4.465771e-01	4.480026e-01	2.041524e+00
808	5.129081e-01	4.485289e-01	2.061065e+00
809	4.233453e-01	4.240844e-01	2.130435e+00
810	2.523009e-01	9.431274e-01	2.205667e+00
811	5.717818e-01	4.992407e-01	2.184172e+00
812	5.348056e-01	4.304566e-01	2.747924e+00
814	4.699168e-01	5.296916e-01	2.909135e+00
815	5.111117e-01	5.378983e-01	2.777235e+00
816	4.725666e-01	4.565148e-01	1.295066e+00
817	4.917582e-01	5.729040e-01	1.050806e+00
818	5.901851e-01	4.167817e-01	1.191500e+00
819	4.811308e-01	5.548918e-01	1.198339e+00
820	6.046737e-01	6.489006e-01	2.656082e+00
822	4.443436e-01	2.509356e-01	1.692721e+00
825	4.601539e-01	5.546152e-01	1.906693e+00
826	4.914171e-01	4.278217e-01	2.192965e+00
827	5.487010e-01	4.395185e-01	1.200293e+00
829	4.775189e-01	3.585260e-01	2.361016e+00
830	2.683483e-01	6.827785e-01	2.080606e+00
831	6.191851e-01	4.693420e-01	1.074255e+00
833	5.153373e-01	4.785646e-01	2.017098e+00
834	3.515780e-01	5.333055e-01	2.191011e+00
835	6.028265e-01	1.327390e-01	1.667318e+00
836	2.735256e-01	6.790897e-01	2.229116e+00
838	4.436705e-01	5.499399e-01	2.714704e+00
839	5.853745e-01	4.172454e-01	1.979971e+00
840	4.352833e-01	4.544340e-01	2.954079e+00
843	5.044776e-01	4.009626e-01	1.039082e+00
845	1.096852e-01	2.970565e-01	1.778701e+00
846	7.343724e-01	2.746942e-01	1.295066e+00
848	5.480561e-01	5.064578e-01	1.102589e+00
849	5.384449e-01	4.307622e-01	1.879336e+00
850	5.280116e-01	4.369895e-01	1.984856e+00
851	4.224222e-01	5.729321e-01	2.238886e+00
852	4.170637e-01	3.887875e-01	2.868100e+00
854	5.971924e-01	3.817394e-01	2.748901e+00
855	4.205119e-01	1.809073e-01	1.578407e+00
857	3.683873e-01	3.012002e-01	1.621397e+00
858	4.992648e-01	4.468082e-01	2.657059e+00
859	5.090391e-01	5.476201e-01	2.404983e+00
860	5.344714e-01	4.305336e-01	2.272106e+00
861	5.378344e-01	5.029540e-01	1.463117e+00
862	5.297225e-01	5.547290e-01	2.316072e+00
863	4.626907e-01	4.471405e-01	2.334636e+00
864	4.816588e-01	4.025641e-01	1.365413e+00
865	4.922942e-01	4.466100e-01	2.105032e+00
866	5.717616e-01	4.461826e-01	1.339033e+00
867	1.567082e-01	4.405198e-01	2.932584e+00
868	5.961556e-01	1.420633e-01	2.770396e+00
869	4.738896e-01	4.651969e-01	2.378603e+00
870	4.052620e-01	4.914987e-01	1.833415e+00
871	4.573619e-01	5.474517e-01	1.663410e+00
872	3.868090e-01	3.600462e-01	2.251588e+00
873	5.465849e-01	4.619334e-01	1.766976e+00
875	5.219692e-01	4.573740e-01	2.771373e+00
876	4.166307e-01	3.760805e-01	1.482658e+00
878	4.906454e-01	5.348025e-01	2.787005e+00
879	2.698809e-01	4.604443e-01	1.959453e+00
880	5.054621e-01	5.133361e-01	2.187103e+00
881	6.065417e-01	5.916493e-01	2.430386e+00
882	3.167763e-01	8.048102e-01	2.679531e+00
883	4.704783e-01	5.068192e-01	2.191988e+00
887	5.493274e-01	4.183043e-01	2.793845e+00
889	5.082507e-01	4.411245e-01	2.132389e+00
890	2.737317e-01	8.862311e-01	1.627259e+00
891	5.255809e-01	4.885614e-01	1.623351e+00
892	6.103935e-01	4.590548e-01	2.772350e+00
893	4.783601e-01	5.443564e-01	1.552027e+00
895	4.347964e-01	4.869840e-01	1.180752e+00
896	4.791948e-01	4.395708e-01	1.632145e+00
898	4.903376e-01	4.828312e-01	2.828041e+00
899	5.072980e-01	5.013361e-01	1.703468e+00
900	4.861137e-01	6.673530e-01	1.471910e+00
901	5.238120e-01	4.863257e-01	2.368832e+00
903	5.145859e-01	5.321309e-01	1.961407e+00
904	5.487645e-01	4.919263e-01	1.756229e+00
905	5.241972e-01	4.762209e-01	2.987298e+00
906	4.654339e-01	4.688295e-01	2.332682e+00
908	5.282237e-01	5.237736e-01	1.954568e+00
909	4.753477e-01	3.212316e-01	1.704446e+00
912	4.902425e-01	4.483892e-01	1.853933e+00
915	4.093827e-01	5.557069e-01	2.232047e+00
916	3.675307e-02	9.520494e-01	2.093307e+00
917	4.684479e-01	4.682287e-01	2.587689e+00
919	5.593368e-01	4.137227e-01	1.896922e+00
922	5.018424e-01	4.727712e-01	2.614069e+00
924	4.817191e-01	4.955660e-01	1.956522e+00
929	4.743100e-01	4.267683e-01	1.935027e+00
930	6.687731e-01	5.268732e-01	1.975085e+00
931	5.044341e-01	5.571172e-01	1.067416e+00
932	6.383547e-01	5.120592e-01	2.024915e+00
933	3.160959e-01	7.946944e-01	2.810454e+00
934	5.150583e-01	3.211608e-01	2.428432e+00
935	4.832629e-01	5.480687e-01	1.957499e+00
936	4.335802e-01	4.121275e-01	2.306302e+00
937	6.123851e-01	4.384691e-01	2.557401e+00
938	4.786844e-01	5.330269e-01	1.243283e+00
939	7.071659e-01	6.023799e-01	2.429409e+00
940	5.143196e-01	5.460609e-01	2.523205e+00
942	4.652728e-01	3.404075e-01	2.247680e+00
943	6.014304e-01	2.847241e-01	2.000489e+00
944	4.812579e-01	2.693464e-01	2.446019e+00
945	5.065271e-01	5.159182e-01	2.360039e+00
946	5.204718e-01	4.495473e-01	2.567171e+00
947	5.486667e-01	5.261994e-01	2.415730e+00
948	4.905916e-01	5.720917e-01	1.989741e+00
954	3.134311e-01	3.183319e-01	2.908158e+00
955	5.220386e-01	5.455608e-01	2.731314e+00
956	4.984478e-01	4.840668e-01	2.544700e+00
958	5.176937e-01	4.616335e-01	2.890572e+00
959	5.067633e-01	3.708781e-01	1.654617e+00
960	5.441670e-01	4.920074e-01	1.008793e+00
962	5.283381e-01	3.536787e-01	1.260870e+00
963	4.921179e-01	5.087325e-01	1.347826e+00
964	5.253375e-01	3.493153e-01	1.325354e+00
965	4.969440e-01	5.408235e-01	1.420127e+00
966	6.267625e-01	4.365485e-02	2.845628e+00
967	4.425965e-01	4.438187e-01	1.853933e+00
970	5.381866e-01	5.182976e-01	1.303859e+00
972	5.213933e-01	3.506978e-01	1.294089e+00
974	6.432456e-01	4.399359e-01	2.417684e+00
975	4.734444e-01	5.003357e-01	2.053249e+00
976	4.946739e-01	3.993842e-01	1.276502e+00
978	3.874228e-01	8.411181e-01	2.779189e+00
979	4.129280e-01	4.523085e-01	1.984856e+00
980	8.452721e-01	5.435537e-01	2.295554e+00
981	5.257324e-01	5.368764e-01	1.652662e+00
982	4.738498e-01	4.620824e-01	2.464582e+00
983	4.975879e-01	5.559404e-01	1.763068e+00
984	4.700596e-01	2.696089e-01	2.508549e+00
985	4.850027e-01	4.579805e-01	2.026869e+00
987	7.871749e-01	4.033928e-01	1.160234e+00
988	4.164618e-01	6.032060e-01	2.302394e+00
991	7.126926e-01	6.126149e-01	1.855887e+00
992	5.324464e-01	4.639111e-01	1.384954e+00
993	4.829071e-01	3.688213e-01	2.598437e+00
994	5.746138e-01	7.379789e-01	2.130435e+00
995	5.515386e-01	5.412645e-01	1.690767e+00
996	5.154014e-01	5.293694e-01	2.587689e+00
997	5.281977e-01	4.698650e-01	1.940889e+00
999	4.895361e-01	4.659996e-01	2.099170e+00
