1000
0	1.000000e-01	6.440782e-01	1.774792e+00
1	1.008008e-01	7.964591e-01	2.491939e+00
2	1.016016e-01	8.689377e-01	1.108451e+00
3	1.024024e-01	5.358486e-01	1.077186e+00
4	1.032032e-01	8.294750e-01	2.116756e+00
5	1.040040e-01	2.482784e-01	1.499267e+00
6	1.048048e-01	3.590476e-01	2.404006e+00
7	1.056056e-01	7.726252e-01	1.873473e+00
8	1.064064e-01	4.897436e-01	1.307767e+00
9	1.072072e-01	2.465201e-01	2.237909e+00
10	1.080080e-01	2.179976e-01	1.461163e+00
11	1.088088e-01	8.884737e-01	2.308256e+00
12	1.096096e-01	5.032235e-01	2.680508e+00
13	1.104104e-01	7.054213e-01	1.814851e+00
14	1.112112e-01	6.852992e-01	1.118222e+00
15	1.120120e-01	5.301832e-01	2.646312e+00
16	1.128128e-01	2.785592e-01	2.633610e+00
17	1.136136e-01	3.275946e-01	1.736688e+00
18	1.144144e-01	4.483272e-01	2.317049e+00
19	1.152152e-01	2.627350e-01	2.389350e+00
20	1.160160e-01	1.867399e-01	2.555447e+00
21	1.168168e-01	8.777289e-01	2.729360e+00
22	1.176176e-01	2.918437e-01	2.250611e+00
23	1.184184e-01	2.203419e-01	1.907670e+00
24	1.192192e-01	4.117949e-01	2.334636e+00
25	1.200200e-01	1.289133e-01	1.148510e+00
26	1.208208e-01	8.591697e-01	1.086957e+00
27	1.216216e-01	7.915751e-01	2.811431e+00
28	1.224224e-01	8.535043e-01	1.483635e+00
29	1.232232e-01	2.250305e-01	1.693698e+00
30	1.240240e-01	6.204396e-01	1.776746e+00
31	1.248248e-01	1.677900e-01	2.495848e+00
32	1.256256e-01	1.818559e-01	2.477284e+00
33	1.264264e-01	1.463004e-01	1.150464e+00
34	1.272272e-01	2.588278e-01	2.046409e+00
35	1.280280e-01	8.079854e-01	2.228139e+00
36	1.288288e-01	6.202442e-01	2.428432e+00
37	1.296296e-01	6.913553e-01	2.560332e+00
38	1.304304e-01	6.356777e-01	2.558378e+00
39	1.312312e-01	5.934799e-01	1.236444e+00
40	1.320320e-01	2.783639e-01	1.612604e+00
41	1.328328e-01	5.772650e-01	1.686859e+00
42	1.336336e-01	6.399756e-01	2.843674e+00
43	1.344344e-01	5.995360e-01	1.466048e+00
44	1.352352e-01	1.652503e-01	2.123596e+00
45	1.360360e-01	3.318926e-01	1.928188e+00
46	1.368368e-01	4.799756e-01	2.499756e+00
47	1.376376e-01	5.846887e-01	1.308745e+00
48	1.384384e-01	6.952625e-01	1.655594e+00
49	1.392392e-01	1.918193e-01	2.770396e+00
50	1.400400e-01	8.404151e-01	3.000000e+00
51	1.408408e-01	2.994628e-01	1.301905e+00
52	1.416416e-01	7.855189e-01	2.954079e+00
53	1.424424e-01	4.725519e-01	1.104543e+00
54	1.432432e-01	8.023199e-01	1.329262e+00
55	1.440440e-01	5.684738e-01	1.402540e+00
56	1.448448e-01	6.884249e-01	1.727894e+00
57	1.456456e-01	3.178266e-01	2.641426e+00
58	1.464464e-01	6.141881e-01	2.587689e+00
59	1.472472e-01	1.214896e-01	1.896922e+00
60	1.480480e-01	6.421246e-01	2.267220e+00
61	1.488488e-01	4.649328e-01	1.609673e+00
62	1.496496e-01	6.532601e-01	1.248168e+00
63	1.504505e-01	6.837363e-01	2.743039e+00
64	1.512513e-01	6.808059e-01	2.377626e+00
65	1.520521e-01	4.024176e-01	1.604787e+00
66	1.528529e-01	7.753602e-01	1.510015e+00
67	1.536537e-01	2.812943e-01	1.803127e+00
68	1.544545e-01	5.926984e-01	1.768930e+00
69	1.552553e-01	2.816850e-01	2.975574e+00
70	1.560561e-01	7.198779e-01	2.250611e+00
71	1.568569e-01	5.755067e-01	1.040059e+00
72	1.576577e-01	8.957021e-01	2.467513e+00
73	1.584585e-01	8.365079e-01	1.548119e+00
74	1.592593e-01	7.108913e-01	2.789936e+00
75	1.600601e-01	3.889377e-01	2.764533e+00
76	1.608609e-01	3.111844e-01	2.269174e+00
77	1.616617e-01	5.747253e-01	2.823156e+00
78	1.624625e-01	8.034921e-01	2.291646e+00
79	1.632633e-01	4.129670e-01	1.420127e+00
80	1.640641e-01	2.336264e-01	2.076698e+00
81	1.648649e-01	3.049329e-01	1.044944e+00
82	1.656657e-01	4.172650e-01	2.932584e+00
83	1.664665e-01	6.696703e-01	1.049829e+00
84	1.672673e-01	2.400733e-01	2.756717e+00
85	1.680681e-01	5.049817e-01	2.799707e+00
86	1.688689e-01	7.013187e-01	1.401563e+00
87	1.696697e-01	4.680586e-01	1.983879e+00
88	1.704705e-01	8.738217e-01	2.522228e+00
89	1.712713e-01	4.063248e-01	1.922325e+00
90	1.720721e-01	3.621734e-01	1.976063e+00
91	1.728729e-01	2.371429e-01	1.366390e+00
92	1.736737e-01	5.491331e-01	2.059111e+00
93	1.744745e-01	5.378022e-01	2.762579e+00
94	1.752753e-01	1.699390e-01	2.753786e+00
95	1.760761e-01	1.365324e-01	2.019052e+00
96	1.768769e-01	6.661539e-01	2.207621e+00
97	1.776777e-01	3.127473e-01	1.416219e+00
98	1.784785e-01	7.278877e-01	2.912066e+00
99	1.792793e-01	1.931868e-01	2.840743e+00
100	1.800801e-01	8.337729e-01	1.490474e+00
101	1.808809e-01	8.279121e-01	1.674157e+00
102	1.816817e-01	6.786569e-01	2.479238e+00
103	1.824825e-01	4.317216e-01	1.761114e+00
104	1.832833e-01	7.001465e-01	2.190034e+00
105	1.840841e-01	4.368010e-01	1.310699e+00
106	1.848849e-01	5.333089e-01	1.369321e+00
107	1.856857e-01	6.356777e-01	1.411334e+00
108	1.864865e-01	3.858120e-01	1.866634e+00
109	1.872873e-01	5.346765e-01	2.779189e+00
110	1.880881e-01	2.240537e-01	1.355642e+00
111	1.888889e-01	6.595116e-01	2.450904e+00
112	1.896897e-01	8.128694e-01	2.861260e+00
113	1.904905e-01	8.734310e-01	1.702491e+00
114	1.912913e-01	8.546764e-01	1.333170e+00
115	1.920921e-01	6.085226e-01	2.441133e+00
116	1.928929e-01	6.647863e-01	1.181729e+00
117	1.936937e-01	5.229548e-01	2.716659e+00
118	1.944945e-01	8.322100e-01	2.773327e+00
119	1.952953e-01	1.955311e-01	1.661456e+00
120	1.960961e-01	6.927228e-01	1.161212e+00
121	1.968969e-01	6.944811e-01	2.129458e+00
122	1.976977e-01	2.060806e-01	2.650220e+00
123	1.984985e-01	4.080830e-01	2.959941e+00
124	1.992993e-01	6.034432e-01	2.713727e+00
125	2.001001e-01	8.478388e-01	2.137274e+00
126	2.009009e-01	5.139683e-01	1.535418e+00
127	2.017017e-01	6.175092e-01	2.633610e+00
128	2.025025e-01	5.794139e-01	1.453346e+00
129	2.033033e-01	1.670085e-01	1.169028e+00
130	2.041041e-01	6.573627e-01	1.878359e+00
131	2.049049e-01	4.219536e-01	2.611138e+00
132	2.057057e-01	3.119658e-01	2.724475e+00
133	2.065065e-01	7.653968e-01	1.720078e+00
134	2.073073e-01	7.995849e-01	2.804592e+00
135	2.081081e-01	7.763370e-01	1.460186e+00
136	2.089089e-01	4.930647e-01	1.353688e+00
137	2.097097e-01	8.179487e-01	1.496336e+00
138	2.105105e-01	1.005861e-01	2.129458e+00
139	2.113113e-01	1.910379e-01	1.519785e+00
140	2.121121e-01	2.684005e-01	1.193454e+00
141	2.129129e-01	4.313309e-01	1.911578e+00
142	2.137137e-01	6.460318e-01	1.243283e+00
143	2.145145e-01	2.088156e-01	2.126527e+00
144	2.153153e-01	6.395849e-01	1.880313e+00
145	2.161161e-01	7.591453e-01	2.484123e+00
146	2.169169e-01	8.517460e-01	1.904739e+00
147	2.177177e-01	7.189011e-01	1.817782e+00
148	2.185185e-01	2.256166e-01	1.421104e+00
149	2.193193e-01	4.074970e-01	1.125061e+00
150	2.201201e-01	5.450305e-01	1.919394e+00
151	2.209209e-01	6.171185e-01	1.190523e+00
152	2.217217e-01	7.546520e-01	1.173913e+00
153	2.225225e-01	6.374359e-01	2.276014e+00
154	2.233233e-01	7.607082e-01	2.142159e+00
155	2.241241e-01	4.592674e-01	1.145579e+00
156	2.249249e-01	7.673504e-01	2.452858e+00
157	2.257257e-01	7.114774e-01	1.065462e+00
158	2.265265e-01	8.394383e-01	2.602345e+00
159	2.273273e-01	7.384371e-01	1.393747e+00
160	2.281281e-01	1.963126e-01	1.486566e+00
161	2.289289e-01	8.755800e-01	1.239375e+00
162	2.297297e-01	7.782906e-01	1.972154e+00
163	2.305305e-01	3.113797e-01	1.018564e+00
164	2.313313e-01	3.785836e-01	1.594040e+00
165	2.321321e-01	1.289133e-01	2.617978e+00
166	2.329329e-01	8.027106e-01	1.729849e+00
167	2.337337e-01	8.617094e-01	1.785540e+00
168	2.345345e-01	2.809035e-01	1.494382e+00
169	2.353353e-01	5.124054e-01	1.207132e+00
170	2.361361e-01	4.274237e-01	2.858329e+00
171	2.369369e-01	1.705250e-01	1.973131e+00
172	2.377377e-01	7.620757e-01	2.410845e+00
173	2.385385e-01	7.077656e-01	2.006351e+00
174	2.393393e-01	7.024909e-01	1.229604e+00
175	2.401401e-01	3.799512e-01	2.493894e+00
176	2.409409e-01	2.431990e-01	2.277968e+00
177	2.417417e-01	8.466667e-01	1.106497e+00
178	2.425425e-01	1.498168e-01	1.789448e+00
179	2.433433e-01	1.250061e-01	2.642404e+00
180	2.441441e-01	7.767277e-01	1.269663e+00
181	2.449449e-01	3.518193e-01	1.896922e+00
182	2.457457e-01	7.001465e-01	2.067904e+00
183	2.465465e-01	4.364103e-01	2.905227e+00
184	2.473473e-01	8.124786e-01	2.744016e+00
185	2.481481e-01	1.222711e-01	2.198828e+00
186	2.489489e-01	8.202930e-01	1.465071e+00
187	2.497497e-01	5.342857e-01	1.911578e+00
188	2.505506e-01	8.751893e-01	2.209575e+00
189	2.513514e-01	4.834921e-01	1.887152e+00
190	2.521522e-01	7.878633e-01	2.318026e+00
191	2.529530e-01	5.760928e-01	1.154372e+00
192	2.537538e-01	2.189744e-01	1.112360e+00
193	2.545546e-01	1.521612e-01	1.844162e+00
194	2.553554e-01	6.804152e-01	1.386908e+00
195	2.561562e-01	5.971917e-01	1.284319e+00
196	2.569570e-01	2.312821e-01	2.744993e+00
197	2.577578e-01	3.361905e-01	2.657059e+00
198	2.585586e-01	2.623443e-01	1.863703e+00
199	2.593594e-01	8.122833e-01	1.374206e+00
200	2.601602e-01	6.214164e-01	2.673669e+00
201	2.609610e-01	4.145299e-01	1.208109e+00
202	2.617618e-01	1.275458e-01	2.744993e+00
203	2.625626e-01	3.238828e-01	1.012702e+00
204	2.633634e-01	2.906716e-01	2.036639e+00
205	2.641642e-01	6.800244e-01	1.392770e+00
206	2.649650e-01	5.708181e-01	2.279922e+00
207	2.657658e-01	2.094017e-01	1.948705e+00
208	2.665666e-01	7.784860e-01	1.808989e+00
209	2.673674e-01	8.585836e-01	1.293112e+00
210	2.681682e-01	3.391209e-01	1.277479e+00
211	2.689690e-01	2.154579e-01	2.852467e+00
212	2.697698e-01	5.045910e-01	2.759648e+00
213	2.705706e-01	4.018315e-01	1.834392e+00
214	2.713714e-01	2.244444e-01	2.069858e+00
215	2.721722e-01	7.417583e-01	2.229116e+00
216	2.729730e-01	2.484738e-01	1.781632e+00
217	2.737738e-01	3.873749e-01	1.880313e+00
218	2.745746e-01	2.051038e-01	1.555936e+00
219	2.753754e-01	2.785592e-01	2.479238e+00
220	2.761762e-01	4.186325e-01	2.792868e+00
221	2.769770e-01	4.743101e-01	2.947240e+00
222	2.777778e-01	3.143101e-01	1.419150e+00
223	2.785786e-01	6.792430e-01	1.463117e+00
224	2.793794e-01	7.456655e-01	1.687836e+00
225	2.801802e-01	6.513065e-01	1.423058e+00
226	2.809810e-01	2.932112e-01	2.334636e+00
227	2.817818e-01	5.549939e-01	1.988764e+00
228	2.825826e-01	3.186081e-01	2.784074e+00
229	2.833834e-01	4.645421e-01	2.715681e+00
230	2.841842e-01	2.707448e-01	2.031754e+00
231	2.849850e-01	2.887179e-01	2.596483e+00
232	2.857858e-01	4.625885e-01	1.381045e+00
233	2.865866e-01	5.954335e-01	1.338056e+00
234	2.873874e-01	2.873504e-01	2.369809e+00
235	2.881882e-01	8.634676e-01	1.529555e+00
236	2.889890e-01	7.325763e-01	2.689301e+00
237	2.897898e-01	5.954335e-01	1.233512e+00
238	2.905906e-01	1.214896e-01	2.372741e+00
239	2.913914e-01	2.394872e-01	2.335613e+00
240	2.921922e-01	1.119170e-01	2.453835e+00
241	2.929930e-01	8.517460e-01	2.025892e+00
242	2.937938e-01	6.575580e-01	1.032242e+00
243	2.945946e-01	1.027350e-01	2.880801e+00
244	2.953954e-01	4.633700e-01	2.837811e+00
245	2.961962e-01	4.190232e-01	1.670249e+00
246	2.969970e-01	6.737729e-01	1.539326e+00
247	2.977978e-01	1.531380e-01	1.680997e+00
248	2.985986e-01	2.840293e-01	1.742550e+00
249	2.993994e-01	7.038584e-01	2.857352e+00
250	3.002002e-01	5.225641e-01	1.835369e+00
251	3.010010e-01	1.773626e-01	2.275037e+00
252	3.018018e-01	2.047131e-01	1.863703e+00
253	3.026026e-01	4.016361e-01	1.631168e+00
254	3.034034e-01	1.470818e-01	1.205178e+00
255	3.042042e-01	8.933578e-01	1.295066e+00
256	3.050050e-01	4.319170e-01	2.724475e+00
257	3.058058e-01	3.643224e-01	1.446507e+00
258	3.066066e-01	4.514530e-01	2.335613e+00
259	3.074074e-01	1.654457e-01	2.574011e+00
260	3.082082e-01	7.345299e-01	2.922814e+00
261	3.090090e-01	5.487424e-01	1.040059e+00
262	3.098098e-01	1.922100e-01	1.509038e+00
263	3.106106e-01	6.442735e-01	2.381534e+00
264	3.114114e-01	3.504518e-01	2.740107e+00
265	3.122122e-01	7.478144e-01	2.364924e+00
266	3.130130e-01	2.150672e-01	2.625794e+00
267	3.138138e-01	2.277656e-01	2.099170e+00
268	3.146146e-01	5.977778e-01	1.146556e+00
269	3.154154e-01	4.461783e-01	1.723986e+00
270	3.162162e-01	1.705250e-01	2.697118e+00
271	3.170170e-01	7.038584e-01	1.011724e+00
272	3.178178e-01	3.842491e-01	1.340010e+00
273	3.186186e-01	5.917216e-01	2.178310e+00
274	3.194194e-01	4.352381e-01	1.785540e+00
275	3.202202e-01	6.503297e-01	1.848070e+00
276	3.210210e-01	2.416361e-01	1.994626e+00
277	3.218218e-01	6.778755e-01	2.169516e+00
278	3.226226e-01	8.007570e-01	2.610161e+00
279	3.234234e-01	6.102808e-01	1.755252e+00
280	3.242242e-01	7.700855e-01	2.789936e+00
281	3.250250e-01	1.238339e-01	2.925745e+00
282	3.258258e-01	3.828816e-01	1.758183e+00
283	3.266266e-01	3.047375e-01	2.903273e+00
284	3.274274e-01	6.811966e-01	1.754275e+00
285	3.282282e-01	6.253236e-01	2.258427e+00
286	3.290290e-01	1.902564e-01	2.645335e+00
287	3.298298e-01	3.539683e-01	2.872985e+00
288	3.306306e-01	4.971673e-01	2.728383e+00
289	3.314314e-01	3.100122e-01	2.661944e+00
290	3.322322e-01	6.028572e-01	2.801661e+00
291	3.330330e-01	2.017827e-01	2.222277e+00
292	3.338338e-01	2.590232e-01	2.398144e+00
293	3.346346e-01	1.781441e-01	1.297997e+00
294	3.354354e-01	3.016117e-01	1.941866e+00
295	3.362362e-01	3.107937e-01	1.357596e+00
296	3.370370e-01	2.461294e-01	2.173425e+00
297	3.378378e-01	1.564591e-01	1.144602e+00
298	3.386386e-01	4.864225e-01	2.306302e+00
299	3.394394e-01	5.094750e-01	1.837323e+00
300	3.402402e-01	1.121123e-01	1.673180e+00
301	3.410410e-01	1.189499e-01	1.511969e+00
302	3.418418e-01	5.637851e-01	2.364924e+00
303	3.426426e-01	5.768743e-01	1.303859e+00
304	3.434434e-01	3.184127e-01	2.434294e+00
305	3.442442e-01	8.931624e-01	2.606253e+00
306	3.450450e-01	7.470330e-01	1.473864e+00
307	3.458458e-01	6.655678e-01	1.029311e+00
308	3.466466e-01	8.746032e-01	2.219345e+00
309	3.474474e-01	1.654457e-01	1.880313e+00
310	3.482482e-01	5.321368e-01	2.381534e+00
311	3.490490e-01	3.475214e-01	1.892037e+00
312	3.498498e-01	6.110623e-01	2.520274e+00
313	3.506506e-01	3.072772e-01	1.486566e+00
314	3.514514e-01	6.651771e-01	2.084514e+00
315	3.522522e-01	3.647131e-01	1.886175e+00
316	3.530530e-01	8.515507e-01	2.418661e+00
317	3.538538e-01	7.796581e-01	1.075232e+00
318	3.546546e-01	6.565812e-01	2.782120e+00
319	3.554554e-01	5.758975e-01	2.874939e+00
320	3.562562e-01	3.430281e-01	1.343918e+00
321	3.570570e-01	7.962637e-01	1.449438e+00
322	3.578578e-01	6.638095e-01	1.307767e+00
323	3.586586e-01	1.957265e-01	1.690767e+00
324	3.594594e-01	4.053480e-01	1.807035e+00
325	3.602603e-01	8.142369e-01	2.688324e+00
326	3.610611e-01	5.376069e-01	1.808012e+00
327	3.618619e-01	6.159463e-01	1.742550e+00
328	3.626627e-01	5.655434e-01	2.616023e+00
329	3.634635e-01	3.457631e-01	2.152907e+00
330	3.642643e-01	6.399756e-01	1.552027e+00
331	3.650651e-01	1.078144e-01	1.457255e+00
332	3.658659e-01	8.941392e-01	2.437225e+00
333	3.666667e-01	2.064713e-01	1.752320e+00
334	3.674675e-01	3.438095e-01	1.912555e+00
335	3.682683e-01	6.255189e-01	1.433806e+00
336	3.690691e-01	3.512332e-01	1.107474e+00
337	3.698699e-01	6.768987e-01	1.074255e+00
338	3.706707e-01	1.830281e-01	2.362970e+00
339	3.714715e-01	6.530647e-01	2.943332e+00
340	3.722723e-01	1.337973e-01	1.335125e+00
341	3.730731e-01	4.260562e-01	1.357596e+00
342	3.738739e-01	7.286691e-01	1.209086e+00
343	3.746747e-01	7.200733e-01	2.470445e+00
344	3.754755e-01	8.650305e-01	1.329262e+00
345	3.762763e-01	6.247375e-01	1.524670e+00
346	3.770771e-01	6.763126e-01	1.662433e+00
347	3.778779e-01	2.963370e-01	1.851979e+00
348	3.786787e-01	5.198291e-01	2.514411e+00
349	3.794795e-01	4.207814e-01	2.318026e+00
350	3.802803e-01	1.851770e-01	1.230581e+00
351	3.810811e-01	4.504762e-01	2.683439e+00
352	3.818819e-01	5.676923e-01	1.636053e+00
353	3.826827e-01	4.514530e-01	1.754275e+00
354	3.834835e-01	8.998046e-01	1.522716e+00
355	3.842843e-01	2.392918e-01	1.168051e+00
356	3.850851e-01	6.716239e-01	1.326331e+00
357	3.858859e-01	6.052015e-01	1.000977e+00
358	3.866867e-01	6.071551e-01	2.625794e+00
359	3.874875e-01	7.943101e-01	1.359551e+00
360	3.882883e-01	4.909158e-01	1.093796e+00
361	3.890891e-01	2.768010e-01	1.836346e+00
362	3.898899e-01	2.512088e-01	2.866146e+00
363	3.906907e-01	8.376801e-01	1.855887e+00
364	3.914915e-01	7.761416e-01	2.291646e+00
365	3.922923e-01	5.346765e-01	2.806546e+00
366	3.930931e-01	4.045666e-01	2.925745e+00
367	3.938939e-01	3.977289e-01	2.861260e+00
368	3.946947e-01	2.121368e-01	2.246702e+00
369	3.954955e-01	6.229793e-01	1.559844e+00
370	3.962963e-01	8.538950e-01	2.311187e+00
371	3.970971e-01	2.455433e-01	1.626282e+00
372	3.978979e-01	4.274237e-01	2.253542e+00
373	3.986987e-01	2.254212e-01	1.171959e+00
374	3.994995e-01	2.756288e-01	1.098681e+00
375	4.003003e-01	6.065690e-01	1.833415e+00
376	4.011011e-01	5.385837e-01	2.416707e+00
377	4.019019e-01	8.339683e-01	1.949682e+00
378	4.027027e-01	3.565079e-01	2.357108e+00
379	4.035035e-01	4.610256e-01	1.662433e+00
380	4.043043e-01	2.295238e-01	2.978505e+00
381	4.051051e-01	1.935775e-01	1.170005e+00
382	4.059059e-01	8.808547e-01	2.957987e+00
383	4.067067e-01	5.063492e-01	1.464094e+00
384	4.075075e-01	3.406838e-01	1.645823e+00
385	4.083083e-01	3.047375e-01	1.972154e+00
386	4.091091e-01	8.915995e-01	2.751832e+00
387	4.099099e-01	8.197070e-01	2.594529e+00
388	4.107107e-01	3.008303e-01	1.225696e+00
389	4.115115e-01	4.534066e-01	2.883732e+00
390	4.123123e-01	1.648596e-01	1.298974e+00
391	4.131131e-01	2.431990e-01	1.516854e+00
392	4.139139e-01	8.431502e-01	1.384954e+00
393	4.147147e-01	3.932357e-01	1.997557e+00
394	4.155155e-01	8.484249e-01	2.271128e+00
395	4.163163e-01	4.319170e-01	1.388862e+00
396	4.171171e-01	7.499634e-01	1.127992e+00
397	4.179179e-01	6.120391e-01	2.152907e+00
398	4.187187e-01	1.169963e-01	1.591109e+00
399	4.195195e-01	8.234188e-01	2.288715e+00
400	4.203203e-01	3.473260e-01	1.640938e+00
401	4.211211e-01	5.520635e-01	2.193942e+00
402	4.219219e-01	5.784371e-01	2.858329e+00
403	4.227227e-01	6.577534e-01	2.397167e+00
404	4.235235e-01	5.167033e-01	1.554958e+00
405	4.243243e-01	3.559219e-01	1.407426e+00
406	4.251251e-01	2.707448e-01	2.996092e+00
407	4.259259e-01	2.850061e-01	1.568637e+00
408	4.267267e-01	5.760928e-01	1.390816e+00
409	4.275275e-01	4.133578e-01	1.121153e+00
410	4.283283e-01	4.325031e-01	2.226185e+00
411	4.291291e-01	6.020757e-01	1.911578e+00
412	4.299299e-01	3.707692e-01	2.069858e+00
413	4.307307e-01	1.126984e-01	2.439179e+00
414	4.315315e-01	4.321123e-01	2.680508e+00
415	4.323323e-01	6.454457e-01	1.897899e+00
416	4.331331e-01	1.640781e-01	1.986810e+00
417	4.339339e-01	1.181685e-01	1.713239e+00
418	4.347347e-01	6.690843e-01	1.879336e+00
419	4.355355e-01	5.219780e-01	1.928188e+00
420	4.363363e-01	7.868865e-01	2.389350e+00
421	4.371371e-01	7.673504e-01	1.287250e+00
422	4.379379e-01	3.768254e-01	1.260870e+00
423	4.387387e-01	2.713309e-01	2.764533e+00
424	4.395395e-01	6.304029e-01	1.423058e+00
425	4.403404e-01	4.770452e-01	1.313630e+00
426	4.411412e-01	4.297680e-01	1.394724e+00
427	4.419420e-01	3.449817e-01	2.003420e+00
428	4.427428e-01	3.930403e-01	2.288715e+00
429	4.435436e-01	1.883028e-01	2.125550e+00
430	4.443444e-01	2.937973e-01	2.169516e+00
431	4.451452e-01	5.045910e-01	2.289692e+00
432	4.459460e-01	1.310623e-01	1.114314e+00
433	4.467468e-01	1.003907e-01	2.000489e+00
434	4.475476e-01	2.986813e-01	1.111383e+00
435	4.483484e-01	8.859341e-01	1.427943e+00
436	4.491492e-01	4.000733e-01	2.265266e+00
437	4.499500e-01	2.430037e-01	1.884221e+00
438	4.507508e-01	8.052503e-01	2.572057e+00
439	4.515516e-01	6.296215e-01	1.176844e+00
440	4.523524e-01	8.990232e-01	1.532487e+00
441	4.531532e-01	5.983639e-01	2.644358e+00
442	4.539540e-01	2.855922e-01	2.716659e+00
443	4.547548e-01	2.293285e-01	1.392770e+00
444	4.555556e-01	3.010257e-01	2.088422e+00
445	4.563564e-01	4.035897e-01	2.974597e+00
446	4.571572e-01	1.513797e-01	2.541768e+00
447	4.579580e-01	7.526984e-01	1.413288e+00
448	4.587588e-01	4.311355e-01	2.266243e+00
449	4.595596e-01	7.827839e-01	1.648754e+00
450	4.603604e-01	3.754579e-01	2.342452e+00
451	4.611612e-01	7.153846e-01	1.878359e+00
452	4.619620e-01	6.214164e-01	2.792868e+00
453	4.627628e-01	4.524298e-01	1.131900e+00
454	4.635636e-01	3.727228e-01	1.410357e+00
455	4.643644e-01	1.619292e-01	2.359062e+00
456	4.651652e-01	2.885226e-01	1.801172e+00
457	4.659660e-01	7.005373e-01	2.871031e+00
458	4.667668e-01	6.034432e-01	2.649243e+00
459	4.675676e-01	1.525519e-01	2.522228e+00
460	4.683684e-01	2.473016e-01	2.782120e+00
461	4.691692e-01	3.990965e-01	1.994626e+00
462	4.699700e-01	3.645177e-01	1.759160e+00
463	4.707708e-01	3.815140e-01	1.978017e+00
464	4.715716e-01	1.048840e-01	1.820713e+00
465	4.723724e-01	4.252747e-01	2.402052e+00
466	4.731732e-01	1.326252e-01	1.703468e+00
467	4.739740e-01	1.558730e-01	1.769907e+00
468	4.747748e-01	1.990476e-01	1.042013e+00
469	4.755756e-01	2.805128e-01	2.859306e+00
470	4.763764e-01	5.905495e-01	2.212506e+00
471	4.771772e-01	7.435165e-01	2.395213e+00
472	4.779780e-01	1.025397e-01	1.218857e+00
473	4.787788e-01	3.531868e-01	1.529555e+00
474	4.795796e-01	4.735287e-01	2.529067e+00
475	4.803804e-01	5.104518e-01	1.604787e+00
476	4.811812e-01	7.620757e-01	2.547631e+00
477	4.819820e-01	8.199023e-01	1.632145e+00
478	4.827828e-01	1.611477e-01	2.006351e+00
479	4.835836e-01	8.220513e-01	1.330239e+00
480	4.843844e-01	4.653236e-01	2.236932e+00
481	4.851852e-01	4.465690e-01	2.990230e+00
482	4.859860e-01	4.879853e-01	1.011724e+00
483	4.867868e-01	2.519902e-01	1.434783e+00
484	4.875876e-01	1.107448e-01	2.662921e+00
485	4.883884e-01	1.586081e-01	1.506106e+00
486	4.891892e-01	6.749451e-01	2.511480e+00
487	4.899900e-01	4.803663e-01	1.887152e+00
488	4.907908e-01	4.459829e-01	2.167562e+00
489	4.915916e-01	3.832723e-01	2.598437e+00
490	4.923924e-01	2.390965e-01	2.468490e+00
491	4.931932e-01	5.405373e-01	1.005862e+00
492	4.939940e-01	7.032723e-01	2.801661e+00
493	4.947948e-01	2.275702e-01	2.321935e+00
494	4.955956e-01	6.614652e-01	1.248168e+00
495	4.963964e-01	8.306471e-01	1.633122e+00
496	4.971972e-01	3.969475e-01	2.385442e+00
497	4.979980e-01	6.247375e-01	2.424524e+00
498	4.987988e-01	7.794628e-01	2.383488e+00
499	4.995996e-01	4.717705e-01	2.451881e+00
500	5.004004e-01	3.090354e-01	1.151441e+00
501	5.012012e-01	4.915018e-01	2.919883e+00
502	5.020020e-01	4.325031e-01	2.859306e+00
503	5.028028e-01	6.612699e-01	2.393258e+00
504	5.036036e-01	7.052259e-01	1.221788e+00
505	5.044044e-01	6.981929e-01	2.722521e+00
506	5.052052e-01	8.382662e-01	2.192965e+00
507	5.060060e-01	8.456899e-01	1.706400e+00
508	5.068068e-01	6.987790e-01	1.365413e+00
509	5.076076e-01	5.055678e-01	2.800684e+00
510	5.084084e-01	2.226862e-01	2.680508e+00
511	5.092092e-01	5.866423e-01	1.097704e+00
512	5.100100e-01	7.130403e-01	2.056180e+00
513	5.108108e-01	4.043712e-01	1.462140e+00
514	5.116116e-01	1.877167e-01	2.380557e+00
515	5.124124e-01	4.827106e-01	2.484123e+00
516	5.132132e-01	4.065202e-01	2.871031e+00
517	5.140140e-01	3.805372e-01	2.194919e+00
518	5.148148e-01	8.460806e-01	1.208109e+00
519	5.156156e-01	6.175092e-01	1.755252e+00
520	5.164164e-01	1.861538e-01	2.577919e+00
521	5.172172e-01	5.954335e-01	1.121153e+00
522	5.180180e-01	6.540415e-01	1.204201e+00
523	5.188188e-01	6.655678e-01	2.763556e+00
524	5.196196e-01	6.141881e-01	1.854910e+00
525	5.204204e-01	8.126740e-01	2.184172e+00
526	5.212212e-01	6.071551e-01	2.997069e+00
527	5.220220e-01	3.565079e-01	2.600391e+00
528	5.228228e-01	7.105006e-01	1.804104e+00
529	5.236236e-01	1.123077e-01	2.491939e+00
530	5.244244e-01	5.370208e-01	2.975574e+00
531	5.252252e-01	2.949695e-01	2.717636e+00
532	5.260260e-01	4.692308e-01	1.378114e+00
533	5.268268e-01	6.823688e-01	2.575965e+00
534	5.276276e-01	6.173138e-01	2.499756e+00
535	5.284284e-01	1.660317e-01	2.017098e+00
536	5.292292e-01	7.153846e-01	1.808012e+00
537	5.300300e-01	7.276923e-01	2.847582e+00
538	5.308308e-01	3.023932e-01	2.965804e+00
539	5.316316e-01	8.220513e-01	2.582804e+00
540	5.324324e-01	6.642003e-01	2.173425e+00
541	5.332332e-01	6.534554e-01	2.356131e+00
542	5.340340e-01	3.338462e-01	1.048852e+00
543	5.348348e-01	6.911600e-01	1.220811e+00
544	5.356356e-01	6.706471e-01	2.018075e+00
545	5.364364e-01	8.425641e-01	2.037616e+00
546	5.372372e-01	2.984860e-01	1.687836e+00
547	5.380380e-01	2.508181e-01	1.838300e+00
548	5.388388e-01	7.132357e-01	2.666830e+00
549	5.396396e-01	1.826374e-01	2.652174e+00
550	5.404405e-01	3.330647e-01	1.744504e+00
551	5.412413e-01	2.338217e-01	1.241329e+00
552	5.420421e-01	8.105250e-01	2.807523e+00
553	5.428429e-01	5.176801e-01	1.563752e+00
554	5.436437e-01	4.545788e-01	2.699072e+00
555	5.444445e-01	1.293040e-01	1.593063e+00
556	5.452453e-01	2.742613e-01	1.913532e+00
557	5.460461e-01	4.897436e-01	1.040059e+00
558	5.468469e-01	6.925275e-01	1.903762e+00
559	5.476477e-01	5.522589e-01	2.815340e+00
560	5.484485e-01	8.843712e-01	2.974597e+00
561	5.492493e-01	6.706471e-01	1.914509e+00
562	5.500501e-01	6.323565e-01	2.607230e+00
563	5.508509e-01	8.505739e-01	2.727406e+00
564	5.516517e-01	7.546520e-01	1.166097e+00
565	5.524525e-01	7.757509e-01	1.437714e+00
566	5.532533e-01	2.820757e-01	1.046898e+00
567	5.540541e-01	2.359707e-01	1.462140e+00
568	5.548549e-01	8.710867e-01	1.767953e+00
569	5.556557e-01	3.051282e-01	2.627748e+00
570	5.564565e-01	1.931868e-01	2.172447e+00
571	5.572573e-01	5.440537e-01	2.337567e+00
572	5.580581e-01	1.169963e-01	1.168051e+00
573	5.588589e-01	7.755556e-01	2.047386e+00
574	5.596597e-01	3.143101e-01	2.639472e+00
575	5.604605e-01	2.725031e-01	1.993649e+00
576	5.612613e-01	8.226374e-01	2.715681e+00
577	5.620621e-01	4.815385e-01	1.273571e+00
578	5.628629e-01	7.644200e-01	2.659990e+00
579	5.636637e-01	1.000000e-01	1.595017e+00
580	5.644645e-01	4.651282e-01	2.378603e+00
581	5.652653e-01	7.065934e-01	1.735711e+00
582	5.660661e-01	7.853236e-01	2.712750e+00
583	5.668669e-01	7.396093e-01	2.280899e+00
584	5.676677e-01	5.962149e-01	1.223742e+00
585	5.684685e-01	2.814896e-01	1.946751e+00
586	5.692693e-01	3.791697e-01	2.127504e+00
587	5.700701e-01	1.568498e-01	2.482169e+00
588	5.708709e-01	7.591453e-01	2.661944e+00
589	5.716717e-01	2.056899e-01	1.366390e+00
590	5.724725e-01	3.600244e-01	2.391304e+00
591	5.732733e-01	3.719414e-01	1.912555e+00
592	5.740741e-01	3.211478e-01	2.267220e+00
593	5.748749e-01	7.372650e-01	1.427943e+00
594	5.756757e-01	2.853968e-01	2.186126e+00
595	5.764765e-01	7.046398e-01	1.752320e+00
596	5.772773e-01	6.130159e-01	1.054714e+00
597	5.780781e-01	3.977289e-01	2.991207e+00
598	5.788789e-01	4.536020e-01	1.685882e+00
599	5.796797e-01	3.541636e-01	1.248168e+00
600	5.804805e-01	2.818803e-01	1.177821e+00
601	5.812813e-01	7.390232e-01	1.305813e+00
602	5.820821e-01	3.610012e-01	2.479238e+00
603	5.828829e-01	8.576068e-01	1.599902e+00
604	5.836837e-01	7.282784e-01	1.315584e+00
605	5.844845e-01	2.932112e-01	1.440645e+00
606	5.852853e-01	4.414896e-01	1.326331e+00
607	5.860861e-01	3.707692e-01	1.812897e+00
608	5.868869e-01	4.186325e-01	1.539326e+00
609	5.876877e-01	7.482051e-01	1.519785e+00
610	5.884885e-01	8.452991e-01	1.262824e+00
611	5.892893e-01	3.545543e-01	1.290181e+00
612	5.900901e-01	1.636874e-01	1.761114e+00
613	5.908909e-01	1.560684e-01	1.085979e+00
614	5.916917e-01	7.894261e-01	2.551539e+00
615	5.924925e-01	5.669109e-01	1.356619e+00
616	5.932933e-01	8.458852e-01	2.529067e+00
617	5.940941e-01	6.325519e-01	2.033708e+00
618	5.948949e-01	3.016117e-01	1.449438e+00
619	5.956957e-01	4.266423e-01	1.148510e+00
620	5.964965e-01	6.530647e-01	1.598925e+00
621	5.972973e-01	2.178022e-01	1.471910e+00
622	5.980981e-01	2.850061e-01	2.943332e+00
623	5.988989e-01	7.571917e-01	1.518808e+00
624	5.996997e-01	5.966056e-01	1.525647e+00
625	6.005005e-01	3.076679e-01	1.208109e+00
626	6.013013e-01	2.578510e-01	1.310699e+00
627	6.021021e-01	1.996337e-01	2.107963e+00
628	6.029029e-01	3.143101e-01	1.778701e+00
629	6.037037e-01	7.388278e-01	1.518808e+00
630	6.045045e-01	5.659341e-01	2.528090e+00
631	6.053053e-01	2.750427e-01	1.057645e+00
632	6.061061e-01	7.112821e-01	2.537860e+00
633	6.069069e-01	7.183150e-01	1.063508e+00
634	6.077077e-01	4.973626e-01	1.723986e+00
635	6.085085e-01	1.423932e-01	1.751343e+00
636	6.093093e-01	7.646154e-01	1.802149e+00
637	6.101101e-01	3.447863e-01	1.248168e+00
638	6.109109e-01	6.489622e-01	1.509038e+00
639	6.117117e-01	6.534554e-01	2.227162e+00
640	6.125125e-01	7.069841e-01	2.805569e+00
641	6.133133e-01	7.870818e-01	2.824133e+00
642	6.141141e-01	5.233456e-01	2.933561e+00
643	6.149149e-01	2.861783e-01	2.188080e+00
644	6.157157e-01	2.422222e-01	1.124084e+00
645	6.165165e-01	8.413919e-01	2.040547e+00
646	6.173173e-01	4.303541e-01	1.581339e+00
647	6.181181e-01	3.195849e-01	1.708354e+00
648	6.189189e-01	1.236386e-01	1.188569e+00
649	6.197197e-01	2.543346e-01	1.104543e+00
650	6.205205e-01	2.824664e-01	1.984856e+00
651	6.213213e-01	6.714286e-01	1.235467e+00
652	6.221221e-01	4.573138e-01	1.080117e+00
653	6.229229e-01	1.967033e-01	1.530532e+00
654	6.237237e-01	2.178022e-01	2.250611e+00
655	6.245245e-01	4.516484e-01	2.623840e+00
656	6.253253e-01	7.110867e-01	2.192965e+00
657	6.261261e-01	7.896215e-01	2.171470e+00
658	6.269269e-01	3.252503e-01	1.378114e+00
659	6.277277e-01	1.718926e-01	2.837811e+00
660	6.285285e-01	2.006105e-01	1.065462e+00
661	6.293293e-01	2.756288e-01	1.154372e+00
662	6.301301e-01	2.295238e-01	2.976551e+00
663	6.309309e-01	6.726007e-01	1.765999e+00
664	6.317317e-01	5.331136e-01	2.635564e+00
665	6.325325e-01	6.743590e-01	2.077675e+00
666	6.333333e-01	2.238584e-01	2.728383e+00
667	6.341341e-01	7.626618e-01	1.405471e+00
668	6.349349e-01	4.616117e-01	2.796776e+00
669	6.357358e-01	6.872528e-01	1.396678e+00
670	6.365366e-01	7.093285e-01	1.693698e+00
671	6.373374e-01	5.040049e-01	1.101612e+00
672	6.381382e-01	4.774359e-01	2.467513e+00
673	6.389390e-01	7.546520e-01	2.013190e+00
674	6.397398e-01	4.692308e-01	2.632633e+00
675	6.405406e-01	2.699634e-01	1.348803e+00
676	6.413414e-01	8.398291e-01	2.728383e+00
677	6.421422e-01	2.006105e-01	1.345872e+00
678	6.429430e-01	8.410012e-01	2.366878e+00
679	6.437438e-01	3.223199e-01	2.870054e+00
680	6.445446e-01	7.003419e-01	2.983390e+00
681	6.453454e-01	2.893040e-01	2.620909e+00
682	6.461462e-01	4.420757e-01	1.259893e+00
683	6.469470e-01	5.051771e-01	2.518319e+00
684	6.477478e-01	1.111355e-01	1.961407e+00
685	6.485486e-01	4.829060e-01	2.103078e+00
686	6.493494e-01	4.311355e-01	2.935515e+00
687	6.501502e-01	3.408791e-01	2.542745e+00
688	6.509510e-01	3.803419e-01	1.476795e+00
689	6.517518e-01	6.110623e-01	2.247680e+00
690	6.525526e-01	1.218803e-01	2.404983e+00
691	6.533534e-01	4.192186e-01	2.808500e+00
692	6.541542e-01	3.266178e-01	1.099658e+00
693	6.549550e-01	1.306716e-01	1.837323e+00
694	6.557558e-01	3.932357e-01	2.265266e+00
695	6.565566e-01	6.413431e-01	1.467025e+00
696	6.573574e-01	3.496703e-01	2.653151e+00
697	6.581582e-01	1.173871e-01	1.958476e+00
698	6.589590e-01	8.826129e-01	1.112360e+00
699	6.597598e-01	5.954335e-01	2.969712e+00
700	6.605606e-01	7.147985e-01	1.390816e+00
701	6.613614e-01	7.144078e-01	1.728872e+00
702	6.621622e-01	1.650549e-01	1.275525e+00
703	6.629630e-01	1.541148e-01	2.728383e+00
704	6.637638e-01	2.504274e-01	1.825598e+00
705	6.645646e-01	2.949695e-01	1.861749e+00
706	6.653654e-01	5.462027e-01	1.571568e+00
707	6.661662e-01	2.338217e-01	2.363947e+00
708	6.669670e-01	2.342125e-01	1.822667e+00
709	6.677678e-01	1.400488e-01	1.136786e+00
710	6.685686e-01	5.176801e-01	1.906693e+00
711	6.693694e-01	6.208303e-01	2.336590e+00
712	6.701702e-01	6.118437e-01	1.690767e+00
713	6.709710e-01	5.589011e-01	1.471910e+00
714	6.717718e-01	2.605861e-01	1.770884e+00
715	6.725726e-01	5.882051e-01	2.876893e+00
716	6.733734e-01	3.324786e-01	2.512457e+00
717	6.741742e-01	2.211233e-01	2.488031e+00
718	6.749750e-01	4.575092e-01	1.876404e+00
719	6.757758e-01	7.431258e-01	1.539326e+00
720	6.765766e-01	8.406105e-01	1.190523e+00
721	6.773774e-01	7.804396e-01	2.933561e+00
722	6.781782e-01	6.524786e-01	1.070347e+00
723	6.789790e-01	3.592430e-01	2.433317e+00
724	6.797798e-01	2.787546e-01	2.496825e+00
725	6.805806e-01	4.139438e-01	1.981925e+00
726	6.813814e-01	1.804884e-01	1.172936e+00
727	6.821822e-01	5.635898e-01	1.961407e+00
728	6.829830e-01	6.727961e-01	1.611627e+00
729	6.837838e-01	3.865934e-01	2.666830e+00
730	6.845846e-01	3.766300e-01	2.873962e+00
731	6.853854e-01	8.085714e-01	1.545188e+00
732	6.861862e-01	3.770208e-01	1.147533e+00
733	6.869870e-01	1.064469e-01	2.172447e+00
734	6.877878e-01	3.049329e-01	2.248657e+00
735	6.885886e-01	4.424664e-01	1.726917e+00
736	6.893894e-01	7.878633e-01	2.113825e+00
737	6.901902e-01	6.319658e-01	1.200293e+00
738	6.909910e-01	3.367766e-01	2.956033e+00
739	6.917918e-01	4.266423e-01	1.077186e+00
740	6.925926e-01	3.903053e-01	2.202736e+00
741	6.933934e-01	3.117705e-01	2.854421e+00
742	6.941942e-01	7.751648e-01	2.376649e+00
743	6.949950e-01	2.629304e-01	1.238398e+00
744	6.957958e-01	8.978510e-01	1.248168e+00
745	6.965966e-01	4.809524e-01	2.371764e+00
746	6.973974e-01	5.243224e-01	2.446996e+00
747	6.981982e-01	8.833944e-01	2.507572e+00
748	6.989990e-01	4.190232e-01	2.949194e+00
749	6.997998e-01	6.358730e-01	1.619443e+00
750	7.006006e-01	7.394139e-01	1.390816e+00
751	7.014014e-01	7.693040e-01	1.635076e+00
752	7.022022e-01	4.008547e-01	1.004885e+00
753	7.030030e-01	2.670330e-01	1.688813e+00
754	7.038038e-01	4.920879e-01	1.468002e+00
755	7.046046e-01	2.531624e-01	2.411822e+00
756	7.054054e-01	4.340659e-01	2.826087e+00
757	7.062062e-01	3.529915e-01	2.045432e+00
758	7.070070e-01	3.402930e-01	1.079140e+00
759	7.078078e-01	7.568010e-01	2.190034e+00
760	7.086086e-01	1.654457e-01	2.188080e+00
761	7.094094e-01	6.122344e-01	1.449438e+00
762	7.102102e-01	6.270818e-01	1.476795e+00
763	7.110110e-01	4.913065e-01	1.229604e+00
764	7.118118e-01	5.852747e-01	1.635076e+00
765	7.126126e-01	6.698657e-01	2.622863e+00
766	7.134134e-01	3.053236e-01	1.194431e+00
767	7.142142e-01	1.515751e-01	1.530532e+00
768	7.150150e-01	1.398535e-01	2.093307e+00
769	7.158158e-01	3.438095e-01	1.159257e+00
770	7.166166e-01	8.124786e-01	2.986321e+00
771	7.174174e-01	4.141392e-01	2.232047e+00
772	7.182182e-01	8.622955e-01	1.835369e+00
773	7.190190e-01	5.555800e-01	2.012213e+00
774	7.198198e-01	2.828571e-01	2.561309e+00
775	7.206206e-01	5.405373e-01	2.242794e+00
776	7.214214e-01	6.499390e-01	1.763068e+00
777	7.222222e-01	8.384615e-01	2.384465e+00
778	7.230230e-01	7.482051e-01	2.648266e+00
779	7.238238e-01	4.227350e-01	2.666830e+00
780	7.246246e-01	5.565568e-01	1.462140e+00
781	7.254254e-01	7.577778e-01	2.309233e+00
782	7.262262e-01	6.313797e-01	2.546654e+00
783	7.270270e-01	4.680586e-01	1.855887e+00
784	7.278278e-01	2.279609e-01	2.059111e+00
785	7.286286e-01	3.029793e-01	1.201270e+00
786	7.294294e-01	3.088401e-01	1.585247e+00
787	7.302302e-01	3.865934e-01	1.854910e+00
788	7.310310e-01	3.840537e-01	2.710796e+00
789	7.318318e-01	4.735287e-01	1.334148e+00
790	7.326326e-01	3.543590e-01	1.069370e+00
791	7.334334e-01	8.154090e-01	1.020518e+00
792	7.342342e-01	2.664469e-01	2.268197e+00
793	7.350350e-01	3.809280e-01	1.072301e+00
794	7.358358e-01	2.830525e-01	2.018075e+00
795	7.366366e-01	4.477412e-01	2.198828e+00
796	7.374374e-01	7.960684e-01	2.027846e+00
797	7.382382e-01	6.014896e-01	1.135809e+00
798	7.390390e-01	2.146764e-01	1.346849e+00
799	7.398398e-01	2.982906e-01	2.213483e+00
800	7.406406e-01	7.814164e-01	1.005862e+00
801	7.414414e-01	3.828816e-01	1.450415e+00
802	7.422422e-01	2.181929e-01	1.848070e+00
803	7.430430e-01	3.611966e-01	1.010747e+00
804	7.438438e-01	6.116484e-01	2.173425e+00
805	7.446446e-01	1.689622e-01	2.829995e+00
806	7.454454e-01	7.485959e-01	2.922814e+00
807	7.462462e-01	8.701099e-01	1.074255e+00
808	7.470470e-01	7.380464e-01	2.254519e+00
809	7.478478e-01	1.294994e-01	1.105520e+00
810	7.486486e-01	1.543101e-01	2.886663e+00
811	7.494494e-01	7.609035e-01	2.751832e+00
812	7.502502e-01	6.827595e-01	2.811431e+00
813	7.510510e-01	4.774359e-01	2.488031e+00
814	7.518518e-01	5.317461e-01	1.878359e+00
815	7.526526e-01	2.400733e-01	2.565217e+00
816	7.534534e-01	2.768010e-01	1.115291e+00
817	7.542542e-01	5.030281e-01	2.475330e+00
818	7.550550e-01	2.926252e-01	2.320957e+00
819	7.558558e-01	7.972405e-01	2.521251e+00
820	7.566566e-01	5.987546e-01	2.831949e+00
821	7.574574e-01	7.702808e-01	2.736199e+00
822	7.582582e-01	8.507692e-01	2.200782e+00
823	7.590590e-01	4.621978e-01	1.942843e+00
824	7.598598e-01	1.910379e-01	2.958964e+00
825	7.606606e-01	7.097192e-01	1.726917e+00
826	7.614614e-01	8.689377e-01	1.351734e+00
827	7.622622e-01	1.957265e-01	1.758183e+00
828	7.630630e-01	1.326252e-01	1.365413e+00
829	7.638638e-01	5.491331e-01	1.321446e+00
830	7.646646e-01	3.488889e-01	1.945774e+00
831	7.654655e-01	8.773382e-01	1.127992e+00
832	7.662663e-01	3.121612e-01	2.901319e+00
833	7.670671e-01	8.208791e-01	1.023449e+00
834	7.678679e-01	3.443956e-01	2.089399e+00
835	7.686687e-01	4.090598e-01	2.715681e+00
836	7.694695e-01	6.841270e-01	1.895945e+00
837	7.702703e-01	3.903053e-01	1.673180e+00
838	7.710711e-01	1.191453e-01	2.262335e+00
839	7.718719e-01	4.233211e-01	1.551050e+00
840	7.726727e-01	3.440049e-01	1.664387e+00
841	7.734735e-01	3.557265e-01	2.063996e+00
842	7.742743e-01	7.034677e-01	2.757694e+00
843	7.750751e-01	8.644444e-01	2.180264e+00
844	7.758759e-01	1.244200e-01	1.066439e+00
845	7.766767e-01	4.002686e-01	2.366878e+00
846	7.774775e-01	3.025885e-01	2.387396e+00
847	7.782783e-01	7.991941e-01	1.073278e+00
848	7.790791e-01	7.575824e-01	2.099170e+00
849	7.798799e-01	1.195360e-01	1.509038e+00
850	7.806807e-01	5.376069e-01	2.643381e+00
851	7.814815e-01	1.449328e-01	2.108940e+00
852	7.822823e-01	6.077412e-01	2.676600e+00
853	7.830831e-01	8.564347e-01	1.634099e+00
854	7.838839e-01	2.875458e-01	2.398144e+00
855	7.846847e-01	7.372650e-01	1.157303e+00
856	7.854855e-01	5.126008e-01	1.464094e+00
857	7.862863e-01	7.442979e-01	2.079629e+00
858	7.870871e-01	5.442491e-01	2.043478e+00
859	7.878879e-01	1.517705e-01	1.342941e+00
860	7.886887e-01	3.219292e-01	2.760625e+00
861	7.894895e-01	8.421734e-01	1.122130e+00
862	7.902903e-01	7.294506e-01	2.205667e+00
863	7.910911e-01	1.392674e-01	1.433806e+00
864	7.918919e-01	5.608547e-01	1.294089e+00
865	7.926927e-01	6.888156e-01	1.491451e+00
866	7.934935e-01	4.873993e-01	2.168539e+00
867	7.942943e-01	4.200000e-01	1.474841e+00
868	7.950951e-01	2.687912e-01	2.382511e+00
869	7.958959e-01	7.218315e-01	2.782120e+00
870	7.966967e-01	6.559951e-01	1.294089e+00
871	7.974975e-01	8.878877e-01	1.842208e+00
872	7.982983e-01	6.516972e-01	2.159746e+00
873	7.990991e-01	4.842735e-01	1.978994e+00
874	7.998999e-01	5.405373e-01	1.179775e+00
875	8.007007e-01	7.646154e-01	2.313141e+00
876	8.015015e-01	8.880830e-01	2.032731e+00
877	8.023023e-01	3.869841e-01	2.086468e+00
878	8.031031e-01	5.475702e-01	2.631656e+00
879	8.039039e-01	4.041758e-01	1.541280e+00
880	8.047047e-01	4.850549e-01	1.464094e+00
881	8.055055e-01	3.064957e-01	2.862237e+00
882	8.063063e-01	8.265446e-01	1.633122e+00
883	8.071071e-01	1.672039e-01	1.475818e+00
884	8.079079e-01	1.029304e-01	2.446019e+00
885	8.087087e-01	5.514774e-01	1.794333e+00
886	8.095095e-01	4.479365e-01	1.195408e+00
887	8.103103e-01	8.275214e-01	1.498290e+00
888	8.111111e-01	3.709646e-01	2.558378e+00
889	8.119119e-01	3.953846e-01	2.558378e+00
890	8.127127e-01	8.478388e-01	1.799218e+00
891	8.135135e-01	6.741636e-01	2.678554e+00
892	8.143143e-01	8.663980e-01	1.304836e+00
893	8.151151e-01	6.530647e-01	1.068393e+00
894	8.159159e-01	4.873993e-01	1.285296e+00
895	8.167167e-01	6.220025e-01	2.862237e+00
896	8.175175e-01	2.498413e-01	2.643381e+00
897	8.183183e-01	8.449084e-01	1.381045e+00
898	8.191191e-01	5.551893e-01	1.059599e+00
899	8.199199e-01	2.713309e-01	1.290181e+00
900	8.207207e-01	8.011477e-01	2.113825e+00
901	8.215215e-01	3.168498e-01	2.245725e+00
902	8.223223e-01	3.617827e-01	1.721055e+00
903	8.231231e-01	4.487180e-01	1.663410e+00
904	8.239239e-01	5.559707e-01	2.220322e+00
905	8.247247e-01	5.442491e-01	1.017587e+00
906	8.255255e-01	1.039072e-01	2.091353e+00
907	8.263263e-01	4.391453e-01	2.851490e+00
908	8.271271e-01	3.793651e-01	1.460186e+00
909	8.279279e-01	4.840781e-01	2.333659e+00
910	8.287287e-01	2.490598e-01	1.529555e+00
911	8.295295e-01	7.390232e-01	2.494871e+00
912	8.303303e-01	1.343834e-01	1.918417e+00
913	8.311311e-01	4.750916e-01	1.447484e+00
914	8.319319e-01	6.958486e-01	1.731803e+00
915	8.327327e-01	2.474970e-01	1.483635e+00
916	8.335335e-01	4.690354e-01	2.823156e+00
917	8.343343e-01	8.458852e-01	2.153884e+00
918	8.351351e-01	6.087180e-01	2.472399e+00
919	8.359359e-01	4.635653e-01	1.822667e+00
920	8.367367e-01	2.385104e-01	1.038105e+00
921	8.375375e-01	6.681075e-01	1.712262e+00
922	8.383383e-01	3.260318e-01	1.536395e+00
923	8.391391e-01	2.125275e-01	1.526624e+00
924	8.399399e-01	2.992674e-01	1.482658e+00
925	8.407407e-01	4.719658e-01	2.743039e+00
926	8.415415e-01	7.026862e-01	2.054226e+00
927	8.423423e-01	7.474237e-01	2.185149e+00
928	8.431431e-01	8.947253e-01	2.112848e+00
929	8.439439e-01	4.266423e-01	1.951637e+00
930	8.447447e-01	8.689377e-01	1.370298e+00
931	8.455455e-01	3.869841e-01	2.690278e+00
932	8.463463e-01	1.384860e-01	2.164631e+00
933	8.471471e-01	2.685959e-01	1.736688e+00
934	8.479479e-01	6.272772e-01	1.660479e+00
935	8.487487e-01	8.118926e-01	2.328774e+00
936	8.495495e-01	6.399756e-01	1.399609e+00
937	8.503503e-01	1.080098e-01	2.829995e+00
938	8.511511e-01	6.872528e-01	1.603810e+00
939	8.519519e-01	5.712088e-01	2.932584e+00
940	8.527527e-01	7.173382e-01	1.214949e+00
941	8.535535e-01	4.348474e-01	1.098681e+00
942	8.543543e-01	3.537729e-01	1.911578e+00
943	8.551551e-01	3.568987e-01	2.241817e+00
944	8.559559e-01	5.047863e-01	1.917440e+00
945	8.567567e-01	1.384860e-01	2.868100e+00
946	8.575575e-01	3.574847e-01	2.628725e+00
947	8.583583e-01	8.115018e-01	2.481192e+00
948	8.591591e-01	6.585348e-01	1.400586e+00
949	8.599599e-01	1.433700e-01	2.428432e+00
950	8.607608e-01	7.122589e-01	2.776258e+00
951	8.615616e-01	2.514042e-01	2.760625e+00
952	8.623624e-01	5.350672e-01	1.797264e+00
953	8.631632e-01	4.178510e-01	2.110894e+00
954	8.639640e-01	3.801465e-01	2.945286e+00
955	8.647648e-01	3.086447e-01	1.487543e+00
956	8.655656e-01	1.318437e-01	1.717147e+00
957	8.663664e-01	6.173138e-01	2.429409e+00
958	8.671672e-01	8.257631e-01	2.871031e+00
959	8.679680e-01	6.341148e-01	2.652174e+00
960	8.687688e-01	6.575580e-01	1.863703e+00
961	8.695696e-01	8.040781e-01	1.075232e+00
962	8.703704e-01	1.982662e-01	2.076698e+00
963	8.711712e-01	4.112088e-01	2.283830e+00
964	8.719720e-01	7.954823e-01	2.773327e+00
965	8.727728e-01	2.422222e-01	1.538349e+00
966	8.735736e-01	4.096459e-01	2.468490e+00
967	8.743744e-01	1.595849e-01	2.724475e+00
968	8.751752e-01	5.532357e-01	2.888617e+00
969	8.759760e-01	2.668376e-01	2.666830e+00
970	8.767768e-01	4.664957e-01	2.877870e+00
971	8.775776e-01	1.306716e-01	2.993161e+00
972	8.783784e-01	2.189744e-01	1.740596e+00
973	8.791792e-01	7.843468e-01	1.222765e+00
974	8.799800e-01	6.221978e-01	1.090865e+00
975	8.807808e-01	4.750916e-01	2.399121e+00
976	8.815816e-01	2.908669e-01	2.395213e+00
977	8.823824e-01	3.947985e-01	2.446019e+00
978	8.831832e-01	1.941636e-01	2.029800e+00
979	8.839840e-01	2.457387e-01	2.949194e+00
980	8.847848e-01	2.603907e-01	2.441133e+00
981	8.855856e-01	5.973871e-01	1.349780e+00
982	8.863864e-01	6.817827e-01	1.784563e+00
983	8.871872e-01	5.147497e-01	2.174402e+00
984	8.879880e-01	2.344078e-01	1.908647e+00
985	8.887888e-01	2.682051e-01	1.505129e+00
986	8.895896e-01	2.570696e-01	1.994626e+00
987	8.903904e-01	1.994383e-01	2.380557e+00
988	8.911912e-01	8.470574e-01	2.918906e+00
989	8.919920e-01	4.207814e-01	1.345872e+00
990	8.927928e-01	5.018559e-01	2.479238e+00
991	8.935936e-01	8.490110e-01	1.964338e+00
992	8.943944e-01	2.746520e-01	2.218368e+00
993	8.951952e-01	1.818559e-01	2.344406e+00
994	8.959960e-01	1.494261e-01	2.139228e+00
995	8.967968e-01	3.584615e-01	2.049340e+00
996	8.975976e-01	6.159463e-01	2.779189e+00
997	8.983984e-01	7.798535e-01	2.488031e+00
998	8.991992e-01	6.128205e-01	2.473376e+00
999	9.000000e-01	6.325519e-01	2.235955e+00
