1000
0	2.779004e-01	6.416272e-01	1.774792e+00
1	2.605156e-01	7.633706e-01	2.491939e+00
2	2.120056e-01	7.884265e-01	1.108451e+00
3	2.319894e-01	5.177310e-01	1.077186e+00
4	2.518493e-01	7.535806e-01	2.116756e+00
5	2.421339e-01	2.923995e-01	1.499267e+00
6	2.131891e-01	3.444018e-01	2.404006e+00
7	2.547672e-01	7.787580e-01	1.873473e+00
8	2.328969e-01	5.126322e-01	1.307767e+00
9	2.440044e-01	2.923918e-01	2.237909e+00
10	2.437690e-01	2.739411e-01	1.461163e+00
11	2.057763e-01	7.756582e-01	2.308256e+00
12	2.278536e-01	5.138035e-01	2.680508e+00
13	2.788350e-01	6.205890e-01	1.814851e+00
14	2.818611e-01	6.340677e-01	1.118222e+00
15	2.250275e-01	5.216343e-01	2.646312e+00
16	2.375125e-01	2.791874e-01	2.633610e+00
17	2.390521e-01	2.752313e-01	1.736688e+00
18	2.400602e-01	4.673822e-01	2.317049e+00
19	2.386054e-01	2.885503e-01	2.389350e+00
20	2.358816e-01	2.530298e-01	2.555447e+00
21	2.003874e-01	7.833177e-01	2.729360e+00
22	2.350961e-01	2.719092e-01	2.250611e+00
23	2.368059e-01	2.737991e-01	1.907670e+00
24	2.567612e-01	4.249614e-01	2.334636e+00
25	2.142163e-01	2.352585e-01	1.148510e+00
26	2.171738e-01	7.731027e-01	1.086957e+00
27	2.494539e-01	7.663354e-01	2.811431e+00
28	2.150129e-01	7.762050e-01	1.483635e+00
29	2.353942e-01	2.703976e-01	1.693698e+00
30	2.531773e-01	6.517512e-01	1.776746e+00
31	2.308674e-01	2.694954e-01	2.495848e+00
32	2.314689e-01	2.579920e-01	2.477284e+00
33	2.280890e-01	2.718728e-01	1.150464e+00
34	2.360748e-01	2.923149e-01	2.046409e+00
35	2.488104e-01	7.618053e-01	2.228139e+00
36	2.570728e-01	6.517322e-01	2.428432e+00
37	2.552063e-01	6.311670e-01	2.560332e+00
38	2.555004e-01	6.469745e-01	2.558378e+00
39	2.534476e-01	6.600174e-01	1.236444e+00
40	2.312282e-01	2.830145e-01	1.612604e+00
41	2.523858e-01	6.615056e-01	1.686859e+00
42	2.572025e-01	6.480142e-01	2.843674e+00
43	2.559088e-01	6.584059e-01	1.466048e+00
44	2.277301e-01	2.714925e-01	2.123596e+00
45	2.270599e-01	2.620521e-01	1.928188e+00
46	2.376242e-01	4.773656e-01	2.499756e+00
47	2.538752e-01	6.597153e-01	1.308745e+00
48	2.484360e-01	6.315961e-01	1.655594e+00
49	2.178741e-01	2.433464e-01	2.770396e+00
50	2.405728e-01	7.462454e-01	3.000000e+00
51	2.225063e-01	2.746794e-01	1.301905e+00
52	2.363745e-01	7.731153e-01	2.954079e+00
53	2.350549e-01	4.807919e-01	1.104543e+00
54	2.381897e-01	7.669698e-01	1.329262e+00
55	2.496717e-01	6.596784e-01	1.402540e+00
56	2.456760e-01	6.303474e-01	1.727894e+00
57	2.203867e-01	2.656674e-01	2.641426e+00
58	2.619702e-01	6.539096e-01	2.587689e+00
59	2.112546e-01	2.372594e-01	1.896922e+00
60	2.600331e-01	6.437321e-01	2.267220e+00
61	2.336177e-01	4.818375e-01	1.609673e+00
62	2.550138e-01	6.469512e-01	1.248168e+00
63	2.480677e-01	6.279759e-01	2.743039e+00
64	2.484000e-01	6.274751e-01	2.377626e+00
65	2.951166e-01	4.269120e-01	1.604787e+00
66	2.276943e-01	7.814118e-01	1.510015e+00
67	2.160154e-01	2.866042e-01	1.803127e+00
68	2.494347e-01	6.502848e-01	1.768930e+00
69	2.161541e-01	2.869600e-01	2.975574e+00
70	2.417167e-01	6.145796e-01	2.250611e+00
71	2.406186e-01	6.470684e-01	1.040059e+00
72	2.071019e-01	7.600707e-01	2.467513e+00
73	2.524120e-01	7.371735e-01	1.548119e+00
74	2.432665e-01	6.190731e-01	2.789936e+00
75	2.900779e-01	4.355425e-01	2.764533e+00
76	2.121274e-01	2.727834e-01	2.269174e+00
77	2.417498e-01	6.475092e-01	2.823156e+00
78	2.431270e-01	7.570685e-01	2.291646e+00
79	2.814582e-01	4.197009e-01	1.420127e+00
80	2.297715e-01	2.619189e-01	2.076698e+00
81	2.107099e-01	2.752188e-01	1.044944e+00
82	2.830214e-01	4.219215e-01	2.932584e+00
83	2.419694e-01	6.375926e-01	1.049829e+00
84	2.299893e-01	2.577476e-01	2.756717e+00
85	2.577115e-01	5.538007e-01	2.799707e+00
86	2.460691e-01	6.224372e-01	1.401563e+00
87	2.290939e-01	4.711216e-01	1.983879e+00
88	2.370370e-01	7.291183e-01	2.522228e+00
89	2.821180e-01	4.203566e-01	1.922325e+00
90	2.631708e-01	4.268069e-01	1.976063e+00
91	2.245042e-01	2.623755e-01	1.366390e+00
92	2.544209e-01	5.247892e-01	2.059111e+00
93	2.500334e-01	5.315852e-01	2.762579e+00
94	2.468861e-01	2.757144e-01	2.753786e+00
95	2.280281e-01	2.573163e-01	2.019052e+00
96	2.377864e-01	6.430347e-01	2.207621e+00
97	2.020535e-01	2.754818e-01	1.416219e+00
98	2.381363e-01	6.026067e-01	2.912066e+00
99	2.618185e-01	2.633970e-01	2.840743e+00
100	2.463303e-01	7.359503e-01	1.490474e+00
101	2.468550e-01	7.337373e-01	1.674157e+00
102	2.424815e-01	6.367857e-01	2.479238e+00
103	2.692912e-01	4.083695e-01	1.761114e+00
104	2.459296e-01	6.231919e-01	2.190034e+00
105	2.685497e-01	4.064813e-01	1.310699e+00
106	2.461278e-01	5.358532e-01	1.369321e+00
107	2.259420e-01	6.476712e-01	1.411334e+00
108	2.669956e-01	4.396394e-01	1.866634e+00
109	2.487063e-01	5.371386e-01	2.779189e+00
110	2.523978e-01	2.460428e-01	1.355642e+00
111	2.297901e-01	6.508400e-01	2.450904e+00
112	2.424594e-01	7.417376e-01	2.861260e+00
113	2.439538e-01	7.188753e-01	1.702491e+00
114	2.477379e-01	7.277694e-01	1.333170e+00
115	2.223187e-01	6.595021e-01	2.441133e+00
116	2.339399e-01	6.491941e-01	1.181729e+00
117	2.418216e-01	5.438650e-01	2.716659e+00
118	2.441513e-01	7.355162e-01	2.773327e+00
119	2.527146e-01	2.596708e-01	1.661456e+00
120	2.380126e-01	6.254951e-01	1.161212e+00
121	2.389213e-01	6.264549e-01	2.129458e+00
122	2.506645e-01	2.575878e-01	2.650220e+00
123	2.594679e-01	4.191280e-01	2.959941e+00
124	2.249268e-01	6.595561e-01	2.713727e+00
125	2.431500e-01	7.334012e-01	2.137274e+00
126	2.357493e-01	5.526541e-01	1.535418e+00
127	2.227973e-01	6.560389e-01	2.633610e+00
128	2.239011e-01	6.512969e-01	1.453346e+00
129	2.454929e-01	2.790994e-01	1.169028e+00
130	2.269483e-01	6.485048e-01	1.878359e+00
131	2.558682e-01	4.136471e-01	2.611138e+00
132	2.689854e-01	3.086717e-01	2.724475e+00
133	2.431143e-01	7.550847e-01	1.720078e+00
134	2.403187e-01	7.438706e-01	2.804592e+00
135	2.502030e-01	7.472622e-01	1.460186e+00
136	2.462666e-01	5.333035e-01	1.353688e+00
137	2.348828e-01	7.433213e-01	1.496336e+00
138	2.832911e-01	2.260049e-01	2.129458e+00
139	2.407443e-01	2.629634e-01	1.519785e+00
140	3.012597e-01	2.767743e-01	1.193454e+00
141	2.542623e-01	4.102935e-01	1.911578e+00
142	2.207350e-01	6.439959e-01	1.243283e+00
143	2.408683e-01	2.546012e-01	2.126527e+00
144	2.181734e-01	6.448470e-01	1.880313e+00
145	2.310110e-01	7.585983e-01	2.484123e+00
146	2.343712e-01	7.313517e-01	1.904739e+00
147	2.540276e-01	6.684200e-01	1.817782e+00
148	2.592055e-01	2.412260e-01	1.421104e+00
149	2.548321e-01	4.245346e-01	1.125061e+00
150	2.257812e-01	5.289013e-01	1.919394e+00
151	2.169882e-01	6.543488e-01	1.190523e+00
152	2.324701e-01	7.566092e-01	1.173913e+00
153	2.189007e-01	6.461111e-01	2.276014e+00
154	2.331706e-01	7.598579e-01	2.142159e+00
155	2.971125e-01	4.086573e-01	1.145579e+00
156	2.347112e-01	7.627285e-01	2.452858e+00
157	2.507906e-01	6.722115e-01	1.065462e+00
158	2.286299e-01	7.351913e-01	2.602345e+00
159	2.355047e-01	7.724386e-01	1.393747e+00
160	2.444968e-01	2.606149e-01	1.486566e+00
161	2.240336e-01	7.151143e-01	1.239375e+00
162	2.375772e-01	7.577675e-01	1.972154e+00
163	3.433107e-01	2.962497e-01	1.018564e+00
164	3.085984e-01	4.254927e-01	1.594040e+00
165	3.272672e-01	2.559960e-01	2.617978e+00
166	2.332709e-01	7.428265e-01	1.729849e+00
167	2.229741e-01	7.219106e-01	1.785540e+00
168	3.571770e-01	2.849542e-01	1.494382e+00
169	2.745184e-01	5.174021e-01	1.207132e+00
170	2.971799e-01	4.222365e-01	2.858329e+00
171	3.076469e-01	2.372451e-01	1.973131e+00
172	2.371554e-01	7.615843e-01	2.410845e+00
173	2.475062e-01	6.733626e-01	2.006351e+00
174	2.460448e-01	6.753501e-01	1.229604e+00
175	3.015125e-01	4.243389e-01	2.493894e+00
176	3.556896e-01	2.647007e-01	2.277968e+00
177	2.196161e-01	7.291218e-01	1.106497e+00
178	3.170489e-01	2.333030e-01	1.789448e+00
179	3.184299e-01	2.534843e-01	2.642404e+00
180	2.350570e-01	7.587871e-01	1.269663e+00
181	3.321460e-01	3.543535e-01	1.896922e+00
182	2.428346e-01	6.786312e-01	2.067904e+00
183	3.095316e-01	4.209516e-01	2.905227e+00
184	2.252973e-01	7.403129e-01	2.744016e+00
185	3.192413e-01	2.521972e-01	2.198828e+00
186	2.263685e-01	7.375309e-01	1.465071e+00
187	2.843348e-01	5.284768e-01	1.911578e+00
188	2.220858e-01	7.221521e-01	2.209575e+00
189	3.352629e-01	4.407434e-01	1.887152e+00
190	2.298448e-01	7.514835e-01	2.318026e+00
191	3.163364e-01	5.798404e-01	1.154372e+00
192	3.433386e-01	2.777482e-01	1.112360e+00
193	3.065572e-01	2.275381e-01	1.844162e+00
194	2.704162e-01	6.829418e-01	1.386908e+00
195	3.063680e-01	5.949346e-01	1.284319e+00
196	3.441333e-01	2.715053e-01	2.744993e+00
197	3.483630e-01	2.911934e-01	2.657059e+00
198	3.407445e-01	2.811594e-01	1.863703e+00
199	2.232692e-01	7.423790e-01	1.374206e+00
200	2.912955e-01	6.109192e-01	2.673669e+00
201	3.282684e-01	4.427398e-01	1.208109e+00
202	3.045411e-01	2.506408e-01	2.744993e+00
203	3.433351e-01	2.786030e-01	1.012702e+00
204	3.364380e-01	2.872601e-01	2.036639e+00
205	2.788990e-01	6.788058e-01	1.392770e+00
206	3.149104e-01	5.806474e-01	2.279922e+00
207	3.407655e-01	2.834220e-01	1.948705e+00
208	2.193825e-01	7.576048e-01	1.808989e+00
209	2.292449e-01	7.398860e-01	1.293112e+00
210	3.416847e-01	2.852053e-01	1.277479e+00
211	3.424833e-01	2.827357e-01	2.852467e+00
212	3.209990e-01	4.540708e-01	2.759648e+00
213	3.240247e-01	4.489642e-01	1.834392e+00
214	3.440596e-01	2.792581e-01	2.069858e+00
215	2.958956e-01	6.879339e-01	2.229116e+00
216	3.407720e-01	2.628013e-01	1.781632e+00
217	3.193225e-01	4.500251e-01	1.880313e+00
218	3.413693e-01	2.912045e-01	1.555936e+00
219	3.338907e-01	3.007159e-01	2.479238e+00
220	3.220228e-01	4.443132e-01	2.792868e+00
221	3.254783e-01	4.167681e-01	2.947240e+00
222	3.319345e-01	2.666769e-01	1.419150e+00
223	3.089830e-01	6.637495e-01	1.463117e+00
224	2.928565e-01	6.853107e-01	1.687836e+00
225	3.400088e-01	6.457390e-01	1.423058e+00
226	3.326026e-01	2.873793e-01	2.334636e+00
227	3.230105e-01	5.707412e-01	1.988764e+00
228	3.338881e-01	2.633617e-01	2.784074e+00
229	3.175856e-01	4.233019e-01	2.715681e+00
230	3.382182e-01	3.087677e-01	2.031754e+00
231	3.351314e-01	2.865454e-01	2.596483e+00
232	3.194775e-01	4.209439e-01	1.381045e+00
233	3.656176e-01	5.966253e-01	1.338056e+00
234	3.353311e-01	2.847133e-01	2.369809e+00
235	2.744959e-01	7.623492e-01	1.529555e+00
236	2.949618e-01	6.894519e-01	2.689301e+00
237	3.625814e-01	5.956750e-01	1.233512e+00
238	3.124291e-01	2.592193e-01	2.372741e+00
239	3.332873e-01	2.657455e-01	2.335613e+00
240	3.126137e-01	2.651477e-01	2.453835e+00
241	2.715263e-01	7.707178e-01	2.025892e+00
242	3.566122e-01	6.311977e-01	1.032242e+00
243	3.135714e-01	2.708044e-01	2.880801e+00
244	3.175542e-01	4.243964e-01	2.837811e+00
245	3.127715e-01	4.492415e-01	1.670249e+00
246	3.416441e-01	6.333491e-01	1.539326e+00
247	3.287509e-01	2.925888e-01	1.680997e+00
248	3.305846e-01	2.907198e-01	1.742550e+00
249	2.993636e-01	6.779099e-01	2.857352e+00
250	3.483827e-01	5.068869e-01	1.835369e+00
251	3.236560e-01	2.856756e-01	2.275037e+00
252	3.240882e-01	2.713994e-01	1.863703e+00
253	3.090309e-01	4.494970e-01	1.631168e+00
254	3.286595e-01	2.931396e-01	1.205178e+00
255	3.219093e-01	7.901060e-01	1.295066e+00
256	3.083079e-01	4.419733e-01	2.724475e+00
257	3.784886e-01	3.291374e-01	1.446507e+00
258	3.100464e-01	4.308894e-01	2.335613e+00
259	3.226683e-01	2.904085e-01	2.574011e+00
260	2.831290e-01	6.889422e-01	2.922814e+00
261	3.640982e-01	5.626352e-01	1.040059e+00
262	3.212980e-01	2.756333e-01	1.509038e+00
263	3.921907e-01	5.923908e-01	2.381534e+00
264	3.771862e-01	3.331399e-01	2.740107e+00
265	2.802399e-01	6.810192e-01	2.364924e+00
266	3.220093e-01	2.667030e-01	2.625794e+00
267	3.218789e-01	2.619346e-01	2.099170e+00
268	3.968422e-01	6.110127e-01	1.146556e+00
269	3.069846e-01	4.340008e-01	1.723986e+00
270	3.245705e-01	2.897936e-01	2.697118e+00
271	2.993362e-01	6.540793e-01	1.011724e+00
272	3.661584e-01	3.322941e-01	1.340010e+00
273	3.962455e-01	6.103935e-01	2.178310e+00
274	3.015541e-01	4.398406e-01	1.785540e+00
275	3.877788e-01	5.872904e-01	1.848070e+00
276	3.165627e-01	2.596383e-01	1.994626e+00
277	3.737926e-01	5.857060e-01	2.169516e+00
278	3.369881e-01	7.180185e-01	2.610161e+00
279	3.902359e-01	6.057152e-01	1.755252e+00
280	3.102115e-01	6.971231e-01	2.789936e+00
281	3.061746e-01	2.635502e-01	2.925745e+00
282	3.636337e-01	3.276364e-01	1.758183e+00
283	3.589760e-01	3.577084e-01	2.903273e+00
284	3.713394e-01	5.871323e-01	1.754275e+00
285	3.896091e-01	5.975667e-01	2.258427e+00
286	3.191132e-01	2.765513e-01	2.645335e+00
287	3.634316e-01	3.334852e-01	2.872985e+00
288	3.625133e-01	4.914984e-01	2.728383e+00
289	3.578857e-01	3.568429e-01	2.661944e+00
290	3.897066e-01	6.071099e-01	2.801661e+00
291	3.154542e-01	2.664849e-01	2.222277e+00
292	3.105915e-01	2.660016e-01	2.398144e+00
293	3.195733e-01	2.830740e-01	1.297997e+00
294	3.620635e-01	3.544032e-01	1.941866e+00
295	3.581610e-01	3.548844e-01	1.357596e+00
296	3.097285e-01	2.648843e-01	2.173425e+00
297	3.168968e-01	2.984165e-01	1.144602e+00
298	3.556223e-01	4.989832e-01	2.306302e+00
299	3.672520e-01	5.015990e-01	1.837323e+00
300	3.067704e-01	2.687909e-01	1.673180e+00
301	3.060889e-01	2.621634e-01	1.511969e+00
302	3.852439e-01	6.111470e-01	2.364924e+00
303	3.841281e-01	6.108348e-01	1.303859e+00
304	3.530520e-01	3.477248e-01	2.434294e+00
305	4.053924e-01	7.694072e-01	2.606253e+00
306	3.114708e-01	7.008571e-01	1.473864e+00
307	3.719965e-01	5.749875e-01	1.029311e+00
308	4.041200e-01	7.795266e-01	2.219345e+00
309	3.090274e-01	2.896822e-01	1.880313e+00
310	4.042822e-01	5.577945e-01	2.381534e+00
311	3.486908e-01	3.400363e-01	1.892037e+00
312	3.789025e-01	6.017612e-01	2.520274e+00
313	3.524523e-01	3.505101e-01	1.486566e+00
314	3.725480e-01	5.771141e-01	2.084514e+00
315	3.475925e-01	3.288233e-01	1.886175e+00
316	4.058444e-01	7.865736e-01	2.418661e+00
317	3.579887e-01	7.416768e-01	1.075232e+00
318	3.719508e-01	5.744513e-01	2.782120e+00
319	3.792865e-01	6.072675e-01	2.874939e+00
320	3.478012e-01	3.371497e-01	1.343918e+00
321	3.839148e-01	7.567283e-01	1.449438e+00
322	3.748892e-01	5.781542e-01	1.307767e+00
323	3.029411e-01	2.716487e-01	1.690767e+00
324	4.847945e-01	4.166483e-01	1.807035e+00
325	3.984569e-01	7.650015e-01	2.688324e+00
326	3.966789e-01	5.628719e-01	1.808012e+00
327	3.688125e-01	5.963653e-01	1.742550e+00
328	3.771817e-01	6.100601e-01	2.616023e+00
329	3.431903e-01	3.350827e-01	2.152907e+00
330	3.677155e-01	5.861950e-01	1.552027e+00
331	3.302453e-01	2.469251e-01	1.457255e+00
332	3.974302e-01	7.671224e-01	2.437225e+00
333	3.233055e-01	2.685061e-01	1.752320e+00
334	3.457057e-01	3.341234e-01	1.912555e+00
335	3.658242e-01	5.943849e-01	1.433806e+00
336	3.422271e-01	3.360022e-01	1.107474e+00
337	3.675351e-01	5.729430e-01	1.074255e+00
338	3.101883e-01	2.804917e-01	2.362970e+00
339	3.701280e-01	5.823556e-01	2.943332e+00
340	3.320424e-01	2.471632e-01	1.335125e+00
341	4.878156e-01	4.089215e-01	1.357596e+00
342	3.691720e-01	6.581633e-01	1.209086e+00
343	3.689500e-01	6.632978e-01	2.470445e+00
344	4.054355e-01	7.724168e-01	1.329262e+00
345	3.654430e-01	5.964935e-01	1.524670e+00
346	3.651927e-01	5.717125e-01	1.662433e+00
347	4.007321e-01	3.205410e-01	1.851979e+00
348	4.003137e-01	5.558990e-01	2.514411e+00
349	4.868662e-01	4.076572e-01	2.318026e+00
350	3.259246e-01	2.838179e-01	1.230581e+00
351	4.878090e-01	3.947916e-01	2.683439e+00
352	3.691053e-01	5.932520e-01	1.636053e+00
353	4.883609e-01	3.947172e-01	1.754275e+00
354	3.974199e-01	7.575207e-01	1.522716e+00
355	4.377390e-01	3.130505e-01	1.168051e+00
356	3.575608e-01	5.711462e-01	1.326331e+00
357	3.565929e-01	5.989699e-01	1.000977e+00
358	3.576230e-01	6.001892e-01	2.625794e+00
359	4.000075e-01	7.783030e-01	1.359551e+00
360	4.142098e-01	4.948609e-01	1.093796e+00
361	4.499903e-01	3.014953e-01	1.836346e+00
362	4.313706e-01	3.061008e-01	2.866146e+00
363	4.057555e-01	7.774246e-01	1.855887e+00
364	4.002232e-01	7.623452e-01	2.291646e+00
365	3.938509e-01	5.460862e-01	2.806546e+00
366	4.818747e-01	4.146290e-01	2.925745e+00
367	4.824896e-01	4.117107e-01	2.861260e+00
368	4.146396e-01	3.207641e-01	2.246702e+00
369	3.569516e-01	5.975047e-01	1.559844e+00
370	4.033848e-01	7.680746e-01	2.311187e+00
371	4.268461e-01	3.074670e-01	1.626282e+00
372	4.798445e-01	4.057272e-01	2.253542e+00
373	4.217901e-01	3.193397e-01	1.171959e+00
374	4.490019e-01	3.034361e-01	1.098681e+00
375	3.589441e-01	5.990097e-01	1.833415e+00
376	3.883780e-01	5.447992e-01	2.416707e+00
377	3.970733e-01	7.810868e-01	1.949682e+00
378	4.687514e-01	4.264928e-01	2.357108e+00
379	4.776542e-01	3.898256e-01	1.662433e+00
380	4.178220e-01	3.161842e-01	2.978505e+00
381	3.970568e-01	3.087505e-01	1.170005e+00
382	3.917615e-01	7.610899e-01	2.957987e+00
383	4.050789e-01	5.373776e-01	1.464094e+00
384	4.648157e-01	4.274718e-01	1.645823e+00
385	4.571777e-01	2.924020e-01	1.972154e+00
386	3.911042e-01	7.559492e-01	2.751832e+00
387	3.912888e-01	7.885425e-01	2.594529e+00
388	4.554172e-01	2.925278e-01	1.225696e+00
389	4.753729e-01	3.964612e-01	2.883732e+00
390	4.610477e-01	2.486851e-01	1.298974e+00
391	4.115952e-01	3.082608e-01	1.516854e+00
392	3.931341e-01	7.755768e-01	1.384954e+00
393	4.718153e-01	4.197309e-01	1.997557e+00
394	3.934125e-01	7.749140e-01	2.271128e+00
395	4.720367e-01	4.056026e-01	1.388862e+00
396	4.494861e-01	7.245746e-01	1.127992e+00
397	4.043894e-01	5.898540e-01	2.152907e+00
398	4.891844e-01	2.528619e-01	1.591109e+00
399	3.889202e-01	7.896985e-01	2.288715e+00
400	4.684026e-01	4.398657e-01	1.640938e+00
401	3.834150e-01	5.529946e-01	2.193942e+00
402	4.030042e-01	6.030946e-01	2.858329e+00
403	4.434856e-01	5.837668e-01	2.397167e+00
404	4.093789e-01	5.201771e-01	1.554958e+00
405	4.678882e-01	4.413110e-01	1.407426e+00
406	4.581501e-01	3.107071e-01	2.996092e+00
407	4.557063e-01	3.059177e-01	1.568637e+00
408	3.963188e-01	6.041272e-01	1.390816e+00
409	4.623510e-01	4.127996e-01	1.121153e+00
410	4.639709e-01	4.104907e-01	2.226185e+00
411	4.246648e-01	6.016255e-01	1.911578e+00
412	4.651864e-01	4.382071e-01	2.069858e+00
413	4.834890e-01	2.532187e-01	2.439179e+00
414	4.669027e-01	4.093874e-01	2.680508e+00
415	4.406778e-01	5.882171e-01	1.897899e+00
416	4.841934e-01	2.243483e-01	1.986810e+00
417	4.824178e-01	2.528635e-01	1.713239e+00
418	4.429717e-01	5.830953e-01	1.879336e+00
419	4.162756e-01	5.005068e-01	1.928188e+00
420	4.687030e-01	7.335855e-01	2.389350e+00
421	4.762443e-01	7.344672e-01	1.287250e+00
422	4.588007e-01	4.311970e-01	1.260870e+00
423	4.479782e-01	3.066685e-01	2.764533e+00
424	4.438074e-01	5.937289e-01	1.423058e+00
425	4.757893e-01	4.037510e-01	1.313630e+00
426	4.598398e-01	4.135654e-01	1.394724e+00
427	4.644732e-01	4.445415e-01	2.003420e+00
428	4.482825e-01	4.232670e-01	2.288715e+00
429	4.761612e-01	2.171675e-01	2.125550e+00
430	4.375567e-01	3.009748e-01	2.169516e+00
431	4.531423e-01	4.630425e-01	2.289692e+00
432	4.745779e-01	2.452349e-01	1.114314e+00
433	4.751526e-01	2.597952e-01	2.000489e+00
434	4.373949e-01	3.026058e-01	1.111383e+00
435	4.153003e-01	7.832590e-01	1.427943e+00
436	4.487663e-01	4.252883e-01	2.265266e+00
437	4.409408e-01	3.321616e-01	1.884221e+00
438	4.605243e-01	7.233758e-01	2.572057e+00
439	4.436629e-01	5.948320e-01	1.176844e+00
440	4.232762e-01	7.835383e-01	1.532487e+00
441	4.449909e-01	6.152672e-01	2.644358e+00
442	4.333839e-01	2.990114e-01	2.716659e+00
443	4.496134e-01	3.343742e-01	1.392770e+00
444	4.323492e-01	3.005869e-01	2.088422e+00
445	4.519166e-01	4.265641e-01	2.974597e+00
446	4.635898e-01	2.321123e-01	2.541768e+00
447	5.201397e-01	7.022725e-01	1.413288e+00
448	4.479821e-01	4.122014e-01	2.266243e+00
449	4.785341e-01	7.198128e-01	1.648754e+00
450	4.498541e-01	4.221946e-01	2.342452e+00
451	5.639305e-01	6.477770e-01	1.878359e+00
452	4.380256e-01	5.998862e-01	2.792868e+00
453	4.661660e-01	4.189325e-01	1.131900e+00
454	4.516296e-01	4.210532e-01	1.410357e+00
455	4.605407e-01	2.334452e-01	2.359062e+00
456	4.259924e-01	3.010704e-01	1.801172e+00
457	5.730236e-01	6.542183e-01	2.871031e+00
458	4.360787e-01	6.125049e-01	2.649243e+00
459	4.619881e-01	2.293471e-01	2.522228e+00
460	4.388737e-01	3.220460e-01	2.782120e+00
461	4.529526e-01	4.253251e-01	1.994626e+00
462	4.520992e-01	4.235996e-01	1.759160e+00
463	4.534428e-01	4.235967e-01	1.978017e+00
464	4.582726e-01	2.599337e-01	1.820713e+00
465	4.418098e-01	4.068397e-01	2.402052e+00
466	4.606301e-01	2.425956e-01	1.703468e+00
467	4.642548e-01	2.304310e-01	1.769907e+00
468	4.805228e-01	2.510847e-01	1.042013e+00
469	4.159933e-01	3.027237e-01	2.859306e+00
470	4.359414e-01	6.220408e-01	2.212506e+00
471	5.318282e-01	6.726376e-01	2.395213e+00
472	4.573605e-01	2.601331e-01	1.218857e+00
473	4.424955e-01	4.399057e-01	1.529555e+00
474	4.720915e-01	4.261260e-01	2.529067e+00
475	4.755037e-01	3.995831e-01	1.604787e+00
476	5.145846e-01	6.912052e-01	2.547631e+00
477	5.553858e-01	7.339652e-01	1.632145e+00
478	4.567477e-01	2.284689e-01	2.006351e+00
479	5.541279e-01	7.345146e-01	1.330239e+00
480	4.761158e-01	4.264399e-01	2.236932e+00
481	4.701030e-01	4.293184e-01	2.990230e+00
482	4.623617e-01	4.156477e-01	1.011724e+00
483	4.501145e-01	3.056184e-01	1.434783e+00
484	4.504165e-01	2.588012e-01	2.662921e+00
485	4.555177e-01	2.254236e-01	1.506106e+00
486	5.586135e-01	6.807264e-01	2.511480e+00
487	4.639937e-01	4.164824e-01	1.887152e+00
488	4.701700e-01	4.254682e-01	2.167562e+00
489	4.365499e-01	4.232748e-01	2.598437e+00
490	4.721925e-01	2.989650e-01	2.468490e+00
491	5.101904e-01	4.963961e-01	1.005862e+00
492	5.363825e-01	6.536661e-01	2.801661e+00
493	4.738257e-01	3.041355e-01	2.321935e+00
494	5.544841e-01	6.936624e-01	1.248168e+00
495	5.622762e-01	7.286289e-01	1.633122e+00
496	4.305643e-01	4.241257e-01	2.385442e+00
497	5.324395e-01	6.693094e-01	2.424524e+00
498	5.195199e-01	7.044586e-01	2.383488e+00
499	4.674113e-01	4.144067e-01	2.451881e+00
500	5.437532e-01	3.277459e-01	1.151441e+00
501	4.557921e-01	4.068385e-01	2.919883e+00
502	4.440724e-01	4.074795e-01	2.859306e+00
503	5.450497e-01	6.880393e-01	2.393258e+00
504	5.297584e-01	6.551774e-01	1.221788e+00
505	5.301570e-01	6.504571e-01	2.722521e+00
506	5.570853e-01	7.255524e-01	2.192965e+00
507	5.560655e-01	7.245370e-01	1.706400e+00
508	5.319490e-01	6.515001e-01	1.365413e+00
509	4.517072e-01	3.983274e-01	2.800684e+00
510	4.785313e-01	2.963382e-01	2.680508e+00
511	5.231505e-01	6.794550e-01	1.097704e+00
512	5.261687e-01	6.503440e-01	2.056180e+00
513	4.180498e-01	4.188647e-01	1.462140e+00
514	5.169931e-01	2.636965e-01	2.380557e+00
515	4.582702e-01	4.032126e-01	2.484123e+00
516	4.209603e-01	4.207194e-01	2.871031e+00
517	4.220858e-01	4.305129e-01	2.194919e+00
518	5.522407e-01	7.226810e-01	1.208109e+00
519	5.198133e-01	6.753901e-01	1.755252e+00
520	5.136808e-01	2.633449e-01	2.577919e+00
521	5.262386e-01	6.880266e-01	1.121153e+00
522	5.346195e-01	6.878087e-01	1.204201e+00
523	5.305899e-01	6.761859e-01	2.763556e+00
524	5.220378e-01	6.757428e-01	1.854910e+00
525	5.498881e-01	7.376734e-01	2.184172e+00
526	5.252472e-01	6.795493e-01	2.997069e+00
527	5.235855e-01	3.755738e-01	2.600391e+00
528	5.226317e-01	6.416101e-01	1.804104e+00
529	5.035361e-01	2.367310e-01	2.491939e+00
530	5.267255e-01	5.091852e-01	2.975574e+00
531	6.180068e-01	3.354275e-01	2.717636e+00
532	4.481542e-01	4.130110e-01	1.378114e+00
533	5.308233e-01	6.638115e-01	2.575965e+00
534	5.202784e-01	6.702871e-01	2.499756e+00
535	5.085050e-01	2.776473e-01	2.017098e+00
536	5.197927e-01	6.369764e-01	1.808012e+00
537	5.106733e-01	6.253963e-01	2.847582e+00
538	6.157591e-01	3.388862e-01	2.965804e+00
539	5.438080e-01	7.347795e-01	2.582804e+00
540	5.338348e-01	6.751162e-01	2.173425e+00
541	5.318145e-01	6.889748e-01	2.356131e+00
542	6.179120e-01	3.174991e-01	1.048852e+00
543	5.305827e-01	6.554407e-01	1.220811e+00
544	5.348156e-01	6.764460e-01	2.018075e+00
545	5.402970e-01	7.260450e-01	2.037616e+00
546	6.160561e-01	3.374206e-01	1.687836e+00
547	5.957603e-01	3.532277e-01	1.838300e+00
548	5.188523e-01	6.304928e-01	2.666830e+00
549	5.053273e-01	2.658485e-01	2.652174e+00
550	6.154144e-01	3.196776e-01	1.744504e+00
551	5.556782e-01	3.255953e-01	1.241329e+00
552	5.360276e-01	7.432999e-01	2.807523e+00
553	5.121562e-01	5.100306e-01	1.563752e+00
554	5.024719e-01	4.499788e-01	2.699072e+00
555	5.251615e-01	2.339635e-01	1.593063e+00
556	6.048195e-01	3.446852e-01	1.913532e+00
557	4.820083e-01	4.315427e-01	1.040059e+00
558	5.234562e-01	6.471647e-01	1.903762e+00
559	5.229484e-01	5.131068e-01	2.815340e+00
560	5.410819e-01	7.122103e-01	2.974597e+00
561	5.253394e-01	6.742618e-01	1.914509e+00
562	5.104809e-01	6.808402e-01	2.607230e+00
563	5.317609e-01	7.188553e-01	2.727406e+00
564	5.766625e-01	6.763717e-01	1.166097e+00
565	5.789799e-01	6.670779e-01	1.437714e+00
566	6.011596e-01	3.413272e-01	1.046898e+00
567	5.694273e-01	3.413825e-01	1.462140e+00
568	5.356204e-01	7.138832e-01	1.767953e+00
569	6.024691e-01	3.399116e-01	2.627748e+00
570	5.290147e-01	2.655329e-01	2.172447e+00
571	5.155833e-01	5.203312e-01	2.337567e+00
572	5.305678e-01	2.320745e-01	1.168051e+00
573	5.807547e-01	6.686989e-01	2.047386e+00
574	6.017418e-01	3.392159e-01	2.639472e+00
575	5.976111e-01	3.444870e-01	1.993649e+00
576	5.253302e-01	7.375236e-01	2.715681e+00
577	5.284682e-01	4.313689e-01	1.273571e+00
578	5.763273e-01	6.754946e-01	2.659990e+00
579	5.383008e-01	2.266393e-01	1.595017e+00
580	5.359109e-01	4.390371e-01	2.378603e+00
581	5.225574e-01	6.677092e-01	1.735711e+00
582	5.844388e-01	6.669611e-01	2.712750e+00
583	5.723791e-01	6.870593e-01	2.280899e+00
584	5.441642e-01	6.272380e-01	1.223742e+00
585	5.910519e-01	3.408459e-01	1.946751e+00
586	5.877979e-01	3.188748e-01	2.127504e+00
587	5.674224e-01	2.678399e-01	2.482169e+00
588	5.786757e-01	6.746314e-01	2.661944e+00
589	5.741597e-01	2.840607e-01	1.366390e+00
590	5.821266e-01	3.342051e-01	2.391304e+00
591	5.866922e-01	3.239228e-01	1.912555e+00
592	5.911998e-01	3.331129e-01	2.267220e+00
593	5.727125e-01	6.874652e-01	1.427943e+00
594	5.896596e-01	3.427226e-01	2.186126e+00
595	5.699658e-01	7.091752e-01	1.752320e+00
596	5.444711e-01	6.439495e-01	1.054714e+00
597	5.850504e-01	3.199244e-01	2.991207e+00
598	5.705226e-01	4.307823e-01	1.685882e+00
599	5.818737e-01	3.410837e-01	1.248168e+00
600	5.893933e-01	3.413726e-01	1.177821e+00
601	5.733466e-01	6.889610e-01	1.305813e+00
602	5.849865e-01	3.357367e-01	2.479238e+00
603	5.333168e-01	7.213323e-01	1.599902e+00
604	5.667522e-01	6.997247e-01	1.315584e+00
605	5.867761e-01	3.450917e-01	1.440645e+00
606	5.901755e-01	4.270642e-01	1.326331e+00
607	5.877565e-01	3.274173e-01	1.812897e+00
608	5.911975e-01	4.073114e-01	1.539326e+00
609	5.713060e-01	6.852584e-01	1.519785e+00
610	5.423058e-01	7.295842e-01	1.262824e+00
611	5.789746e-01	3.455647e-01	1.290181e+00
612	5.857739e-01	2.640101e-01	1.761114e+00
613	5.853487e-01	2.709345e-01	1.085979e+00
614	5.629511e-01	6.614409e-01	2.551539e+00
615	5.958971e-01	5.631037e-01	1.356619e+00
616	5.367819e-01	7.292153e-01	2.529067e+00
617	5.701867e-01	6.810660e-01	2.033708e+00
618	5.814872e-01	3.442460e-01	1.449438e+00
619	5.997414e-01	4.223152e-01	1.148510e+00
620	5.802121e-01	6.957957e-01	1.598925e+00
621	6.372666e-01	3.204088e-01	1.471910e+00
622	5.788804e-01	3.434884e-01	2.943332e+00
623	5.616386e-01	6.801327e-01	1.518808e+00
624	5.781952e-01	5.924105e-01	1.525647e+00
625	5.789960e-01	3.413226e-01	1.208109e+00
626	5.780966e-01	3.561451e-01	1.310699e+00
627	6.322120e-01	3.299528e-01	2.107963e+00
628	5.765948e-01	3.376063e-01	1.778701e+00
629	5.567792e-01	6.951380e-01	1.518808e+00
630	5.910386e-01	5.618988e-01	2.528090e+00
631	5.741531e-01	3.436921e-01	1.057645e+00
632	5.672578e-01	6.835344e-01	2.537860e+00
633	5.711491e-01	6.850942e-01	1.063508e+00
634	6.607036e-01	4.514005e-01	1.723986e+00
635	6.081475e-01	2.655569e-01	1.751343e+00
636	5.495562e-01	6.724894e-01	1.802149e+00
637	5.735152e-01	3.168222e-01	1.248168e+00
638	5.700259e-01	7.033826e-01	1.509038e+00
639	5.704527e-01	7.011110e-01	2.227162e+00
640	5.651377e-01	6.853325e-01	2.805569e+00
641	5.507354e-01	6.623626e-01	2.824133e+00
642	6.510588e-01	4.740398e-01	2.933561e+00
643	5.719826e-01	3.468549e-01	2.188080e+00
644	6.267680e-01	3.125646e-01	1.124084e+00
645	5.910729e-01	7.365237e-01	2.040547e+00
646	6.663945e-01	4.522112e-01	1.581339e+00
647	5.798120e-01	3.244514e-01	1.708354e+00
648	6.557519e-01	2.445685e-01	1.188569e+00
649	6.044511e-01	3.406319e-01	1.104543e+00
650	5.709245e-01	3.464643e-01	1.984856e+00
651	5.601845e-01	7.031806e-01	1.235467e+00
652	6.603863e-01	4.390801e-01	1.080117e+00
653	6.194727e-01	3.363982e-01	1.530532e+00
654	6.197057e-01	3.248552e-01	2.250611e+00
655	6.594876e-01	4.417178e-01	2.623840e+00
656	5.641991e-01	6.876270e-01	2.192965e+00
657	5.457644e-01	6.607120e-01	2.171470e+00
658	6.067001e-01	3.153047e-01	1.378114e+00
659	6.137272e-01	2.983346e-01	2.837811e+00
660	6.190213e-01	3.336209e-01	1.065462e+00
661	5.685259e-01	3.477222e-01	1.154372e+00
662	6.160734e-01	3.182249e-01	2.976551e+00
663	5.576557e-01	7.015391e-01	1.765999e+00
664	6.406712e-01	4.679676e-01	2.635564e+00
665	5.586038e-01	7.035177e-01	2.077675e+00
666	6.180351e-01	3.176374e-01	2.728383e+00
667	5.452662e-01	6.728048e-01	1.405471e+00
668	6.536529e-01	4.329969e-01	2.796776e+00
669	5.563363e-01	6.952881e-01	1.396678e+00
670	5.600055e-01	6.898186e-01	1.693698e+00
671	6.455259e-01	4.405381e-01	1.101612e+00
672	6.527254e-01	4.247223e-01	2.467513e+00
673	5.445319e-01	6.759891e-01	2.013190e+00
674	6.553699e-01	4.295170e-01	2.632633e+00
675	5.907160e-01	3.414825e-01	1.348803e+00
676	6.081336e-01	7.412952e-01	2.728383e+00
677	6.076374e-01	3.365086e-01	1.345872e+00
678	6.100181e-01	7.419756e-01	2.366878e+00
679	6.737529e-01	3.517864e-01	2.870054e+00
680	5.554182e-01	6.914580e-01	2.983390e+00
681	5.939937e-01	3.350561e-01	2.620909e+00
682	6.497109e-01	4.453894e-01	1.259893e+00
683	6.389154e-01	4.409987e-01	2.518319e+00
684	6.505602e-01	2.524411e-01	1.961407e+00
685	6.485675e-01	4.188109e-01	2.103078e+00
686	6.541851e-01	4.418980e-01	2.935515e+00
687	6.844199e-01	3.504248e-01	2.542745e+00
688	7.022114e-01	3.886983e-01	1.476795e+00
689	6.802667e-01	5.973155e-01	2.247680e+00
690	6.453262e-01	2.450454e-01	2.404983e+00
691	6.847239e-01	4.035962e-01	2.808500e+00
692	6.787602e-01	3.558589e-01	1.099658e+00
693	6.463692e-01	2.391621e-01	1.837323e+00
694	6.983924e-01	3.805465e-01	2.265266e+00
695	6.719867e-01	5.930364e-01	1.467025e+00
696	6.802754e-01	3.473210e-01	2.653151e+00
697	6.466617e-01	2.459079e-01	1.958476e+00
698	6.566875e-01	7.755340e-01	1.112360e+00
699	6.757364e-01	6.054183e-01	2.969712e+00
700	5.450803e-01	6.829258e-01	1.390816e+00
701	5.446984e-01	6.829836e-01	1.728872e+00
702	6.412840e-01	2.211289e-01	1.275525e+00
703	6.410445e-01	2.253147e-01	2.728383e+00
704	6.148491e-01	3.233746e-01	1.825598e+00
705	6.656610e-01	3.633468e-01	1.861749e+00
706	6.686229e-01	5.291042e-01	1.571568e+00
707	6.064645e-01	3.299695e-01	2.363947e+00
708	6.059059e-01	3.295700e-01	1.822667e+00
709	6.394851e-01	2.317279e-01	1.136786e+00
710	6.396927e-01	4.752298e-01	1.906693e+00
711	6.700897e-01	5.894267e-01	2.336590e+00
712	6.713997e-01	5.947799e-01	1.690767e+00
713	6.713554e-01	5.632064e-01	1.471910e+00
714	6.333297e-01	3.356145e-01	1.770884e+00
715	6.694497e-01	6.087231e-01	2.876893e+00
716	6.710013e-01	3.584055e-01	2.512457e+00
717	5.992169e-01	3.393989e-01	2.488031e+00
718	6.422489e-01	4.171397e-01	1.876404e+00
719	6.946959e-01	7.260132e-01	1.539326e+00
720	6.624314e-01	7.414616e-01	1.190523e+00
721	7.348720e-01	7.101634e-01	2.933561e+00
722	6.709302e-01	5.916476e-01	1.070347e+00
723	6.771995e-01	3.764684e-01	2.433317e+00
724	6.655306e-01	3.624991e-01	2.496825e+00
725	6.775034e-01	3.680686e-01	1.981925e+00
726	6.410949e-01	2.381032e-01	1.172936e+00
727	6.636672e-01	5.640365e-01	1.961407e+00
728	6.597906e-01	6.218891e-01	1.611627e+00
729	6.788628e-01	3.883950e-01	2.666830e+00
730	6.818390e-01	3.894465e-01	2.873962e+00
731	7.309878e-01	6.975086e-01	1.545188e+00
732	6.821550e-01	3.908173e-01	1.147533e+00
733	6.336143e-01	2.464346e-01	2.172447e+00
734	6.627559e-01	3.671118e-01	2.248657e+00
735	6.770237e-01	3.509126e-01	1.726917e+00
736	7.306588e-01	7.101841e-01	2.113825e+00
737	6.697267e-01	5.943411e-01	1.200293e+00
738	6.629558e-01	3.574190e-01	2.956033e+00
739	6.693809e-01	3.612423e-01	1.077186e+00
740	6.814389e-01	3.832358e-01	2.202736e+00
741	6.615928e-01	3.637210e-01	2.854421e+00
742	7.288593e-01	7.130370e-01	2.376649e+00
743	6.692961e-01	3.717677e-01	1.238398e+00
744	6.925504e-01	7.786943e-01	1.248168e+00
745	6.811921e-01	4.333728e-01	2.371764e+00
746	6.749186e-01	5.071393e-01	2.446996e+00
747	6.951265e-01	7.798658e-01	2.507572e+00
748	6.715072e-01	3.620631e-01	2.949194e+00
749	6.690773e-01	5.945309e-01	1.619443e+00
750	7.270131e-01	7.332827e-01	1.390816e+00
751	7.258913e-01	7.157813e-01	1.635076e+00
752	6.737901e-01	3.746729e-01	1.004885e+00
753	6.662601e-01	3.702586e-01	1.688813e+00
754	6.810592e-01	4.302487e-01	1.468002e+00
755	6.648721e-01	3.773190e-01	2.411822e+00
756	6.709045e-01	3.564304e-01	2.826087e+00
757	6.643488e-01	3.777366e-01	2.045432e+00
758	6.551032e-01	3.619602e-01	1.079140e+00
759	7.232345e-01	7.207496e-01	2.190034e+00
760	7.122473e-01	2.356994e-01	2.188080e+00
761	6.660535e-01	6.060066e-01	1.449438e+00
762	6.656280e-01	5.981751e-01	1.476795e+00
763	6.766512e-01	4.308740e-01	1.229604e+00
764	6.692897e-01	5.891236e-01	1.635076e+00
765	6.700026e-01	6.044490e-01	2.622863e+00
766	6.795643e-01	3.508399e-01	1.194431e+00
767	7.137527e-01	2.445707e-01	1.530532e+00
768	7.134851e-01	2.527141e-01	2.093307e+00
769	6.530598e-01	3.710068e-01	1.159257e+00
770	7.185890e-01	6.933317e-01	2.986321e+00
771	6.658833e-01	3.666710e-01	2.232047e+00
772	7.160680e-01	7.548303e-01	1.835369e+00
773	6.845905e-01	5.265201e-01	2.012213e+00
774	6.864812e-01	3.634293e-01	2.561309e+00
775	6.843666e-01	5.317909e-01	2.242794e+00
776	6.620064e-01	5.906259e-01	1.763068e+00
777	7.165958e-01	7.145790e-01	2.384465e+00
778	7.140199e-01	7.206035e-01	2.648266e+00
779	6.642174e-01	3.617003e-01	2.666830e+00
780	6.806693e-01	5.264159e-01	1.462140e+00
781	7.144954e-01	7.234289e-01	2.309233e+00
782	6.590693e-01	5.971299e-01	2.546654e+00
783	6.915720e-01	4.341169e-01	1.855887e+00
784	6.976274e-01	3.226418e-01	2.059111e+00
785	6.830396e-01	3.514432e-01	1.201270e+00
786	6.830853e-01	3.473027e-01	1.585247e+00
787	6.512071e-01	3.864254e-01	1.854910e+00
788	6.529819e-01	3.846485e-01	2.710796e+00
789	6.868605e-01	4.302767e-01	1.334148e+00
790	6.562069e-01	3.971271e-01	1.069370e+00
791	7.115028e-01	6.918316e-01	1.020518e+00
792	6.731838e-01	3.732874e-01	2.268197e+00
793	6.536243e-01	3.840052e-01	1.072301e+00
794	6.769267e-01	3.619614e-01	2.018075e+00
795	6.718721e-01	4.177976e-01	2.198828e+00
796	7.106737e-01	7.006074e-01	2.027846e+00
797	6.830168e-01	5.996794e-01	1.135809e+00
798	7.011812e-01	2.999464e-01	1.346849e+00
799	6.764435e-01	3.565075e-01	2.213483e+00
800	7.099659e-01	7.111132e-01	1.005862e+00
801	6.500559e-01	3.878210e-01	1.450415e+00
802	7.001403e-01	2.949160e-01	1.848070e+00
803	6.680610e-01	3.844922e-01	1.010747e+00
804	6.783133e-01	5.928735e-01	2.173425e+00
805	7.292497e-01	2.298653e-01	2.829995e+00
806	7.034952e-01	7.225668e-01	2.922814e+00
807	7.756587e-01	7.614221e-01	1.074255e+00
808	7.010261e-01	7.261263e-01	2.254519e+00
809	7.552851e-01	2.383756e-01	1.105520e+00
810	7.315423e-01	2.351991e-01	2.886663e+00
811	7.047352e-01	7.221606e-01	2.751832e+00
812	7.433040e-01	7.093717e-01	2.811431e+00
813	6.913842e-01	4.361790e-01	2.488031e+00
814	7.496297e-01	5.127056e-01	1.878359e+00
815	6.799606e-01	3.228417e-01	2.565217e+00
816	6.720892e-01	3.678821e-01	1.115291e+00
817	7.261893e-01	4.692645e-01	2.475330e+00
818	6.766633e-01	3.601558e-01	2.320957e+00
819	7.016154e-01	6.994319e-01	2.521251e+00
820	6.961907e-01	5.918811e-01	2.831949e+00
821	7.052673e-01	7.202814e-01	2.736199e+00
822	7.768690e-01	7.712399e-01	2.200782e+00
823	6.858285e-01	4.434975e-01	1.942843e+00
824	7.058525e-01	2.381421e-01	2.958964e+00
825	7.348128e-01	7.100272e-01	1.726917e+00
826	7.778628e-01	7.644697e-01	1.351734e+00
827	7.064705e-01	2.345286e-01	1.758183e+00
828	7.552064e-01	2.306960e-01	1.365413e+00
829	7.640049e-01	5.118372e-01	1.321446e+00
830	6.961478e-01	3.452139e-01	1.945774e+00
831	7.747073e-01	7.614829e-01	1.127992e+00
832	6.962192e-01	3.573037e-01	2.901319e+00
833	7.237695e-01	7.434531e-01	1.023449e+00
834	6.948379e-01	3.469819e-01	2.089399e+00
835	7.441590e-01	3.883412e-01	2.715681e+00
836	7.314230e-01	7.159941e-01	1.895945e+00
837	7.446252e-01	3.965207e-01	1.673180e+00
838	7.468906e-01	2.392950e-01	2.262335e+00
839	7.399922e-01	3.768996e-01	1.551050e+00
840	6.955877e-01	3.474956e-01	1.664387e+00
841	6.935296e-01	3.412295e-01	2.063996e+00
842	7.228884e-01	7.170397e-01	2.757694e+00
843	7.717704e-01	7.653162e-01	2.180264e+00
844	7.450254e-01	2.401189e-01	1.066439e+00
845	7.395345e-01	3.906083e-01	2.366878e+00
846	6.899680e-01	3.596115e-01	2.387396e+00
847	6.919017e-01	7.019857e-01	1.073278e+00
848	7.002397e-01	7.147529e-01	2.099170e+00
849	7.409152e-01	2.412283e-01	1.509038e+00
850	7.574530e-01	5.208667e-01	2.643381e+00
851	7.403994e-01	2.207839e-01	2.108940e+00
852	7.203630e-01	5.859137e-01	2.676600e+00
853	7.679950e-01	7.677036e-01	1.634099e+00
854	6.853250e-01	3.685844e-01	2.398144e+00
855	7.035594e-01	7.103047e-01	1.157303e+00
856	7.478262e-01	5.188929e-01	1.464094e+00
857	7.062387e-01	7.102331e-01	2.079629e+00
858	7.513783e-01	5.187688e-01	2.043478e+00
859	7.347372e-01	2.154574e-01	1.342941e+00
860	6.832500e-01	3.506845e-01	2.760625e+00
861	7.683724e-01	7.761064e-01	1.122130e+00
862	7.026807e-01	7.142658e-01	2.205667e+00
863	7.301346e-01	2.262290e-01	1.433806e+00
864	7.471514e-01	5.047035e-01	1.294089e+00
865	7.308071e-01	7.029171e-01	1.491451e+00
866	7.744466e-01	4.349391e-01	2.168539e+00
867	7.422514e-01	3.825744e-01	1.474841e+00
868	7.220210e-01	3.610104e-01	2.382511e+00
869	7.002684e-01	7.189624e-01	2.782120e+00
870	7.773465e-01	6.553375e-01	1.294089e+00
871	7.620984e-01	7.530877e-01	1.842208e+00
872	7.756533e-01	6.593076e-01	2.159746e+00
873	7.704631e-01	4.366570e-01	1.978994e+00
874	7.441893e-01	5.122566e-01	1.179775e+00
875	6.976673e-01	6.980940e-01	2.313141e+00
876	7.621843e-01	7.528810e-01	2.032731e+00
877	7.485385e-01	4.011687e-01	2.086468e+00
878	7.397807e-01	5.112017e-01	2.631656e+00
879	7.445227e-01	3.941938e-01	1.541280e+00
880	7.686233e-01	4.383453e-01	1.464094e+00
881	6.804561e-01	3.578968e-01	2.862237e+00
882	7.658211e-01	7.831755e-01	1.633122e+00
883	7.450412e-01	2.038953e-01	1.475818e+00
884	7.954974e-01	2.269053e-01	2.446019e+00
885	7.382644e-01	5.110850e-01	1.794333e+00
886	7.593390e-01	4.673227e-01	1.195408e+00
887	7.650538e-01	7.833194e-01	1.498290e+00
888	7.480031e-01	4.110811e-01	2.558378e+00
889	7.419267e-01	3.985578e-01	2.558378e+00
890	7.609205e-01	7.724805e-01	1.799218e+00
891	7.669180e-01	6.567717e-01	2.678554e+00
892	7.584659e-01	7.638483e-01	1.304836e+00
893	7.697661e-01	6.551211e-01	1.068393e+00
894	7.584327e-01	4.336720e-01	1.285296e+00
895	7.954733e-01	6.257676e-01	2.862237e+00
896	8.071678e-01	2.942616e-01	2.643381e+00
897	7.584083e-01	7.728540e-01	1.381045e+00
898	7.269216e-01	5.063504e-01	1.059599e+00
899	7.906777e-01	2.912948e-01	1.290181e+00
900	7.742037e-01	7.890516e-01	2.113825e+00
901	6.986807e-01	3.476857e-01	2.245725e+00
902	7.436165e-01	4.177648e-01	1.721055e+00
903	7.516813e-01	4.641837e-01	1.663410e+00
904	7.256472e-01	5.047392e-01	2.220322e+00
905	7.247688e-01	5.123112e-01	1.017587e+00
906	8.083794e-01	2.318548e-01	2.091353e+00
907	7.532959e-01	4.715137e-01	2.851490e+00
908	7.412035e-01	4.105548e-01	1.460186e+00
909	7.537597e-01	4.384155e-01	2.333659e+00
910	8.049412e-01	2.921142e-01	1.529555e+00
911	7.326595e-01	6.849481e-01	2.494871e+00
912	8.176787e-01	2.168788e-01	1.918417e+00
913	7.504652e-01	4.477200e-01	1.447484e+00
914	7.573197e-01	6.610295e-01	1.731803e+00
915	8.038749e-01	2.920274e-01	1.483635e+00
916	7.513732e-01	4.471718e-01	2.823156e+00
917	7.526690e-01	7.729877e-01	2.153884e+00
918	7.912828e-01	6.320060e-01	2.472399e+00
919	7.526166e-01	4.460690e-01	1.822667e+00
920	8.004766e-01	2.954878e-01	1.038105e+00
921	7.612420e-01	6.508450e-01	1.712262e+00
922	7.243952e-01	3.598404e-01	1.536395e+00
923	7.998619e-01	3.112328e-01	1.526624e+00
924	7.512716e-01	3.128478e-01	1.482658e+00
925	7.544947e-01	4.487071e-01	2.743039e+00
926	7.510965e-01	6.588715e-01	2.054226e+00
927	7.291589e-01	6.822066e-01	2.185149e+00
928	7.733487e-01	7.757280e-01	2.112848e+00
929	7.406974e-01	4.196755e-01	1.951637e+00
930	7.540969e-01	7.625356e-01	1.370298e+00
931	7.276131e-01	4.058414e-01	2.690278e+00
932	7.997025e-01	2.138078e-01	2.164631e+00
933	7.952688e-01	2.722713e-01	1.736688e+00
934	7.855220e-01	6.198195e-01	1.660479e+00
935	7.886555e-01	7.750351e-01	2.328774e+00
936	7.847987e-01	6.117225e-01	1.399609e+00
937	8.020804e-01	2.365151e-01	2.829995e+00
938	7.468923e-01	6.638541e-01	1.603810e+00
939	7.586380e-01	5.352751e-01	2.932584e+00
940	7.434332e-01	6.547489e-01	1.214949e+00
941	7.354504e-01	4.126143e-01	1.098681e+00
942	7.258701e-01	4.180216e-01	1.911578e+00
943	7.281227e-01	4.214635e-01	2.241817e+00
944	7.414996e-01	4.364524e-01	1.917440e+00
945	7.924682e-01	2.120581e-01	2.868100e+00
946	7.281958e-01	4.232113e-01	2.628725e+00
947	7.840879e-01	7.762488e-01	2.481192e+00
948	7.762359e-01	6.047095e-01	1.400586e+00
949	7.945049e-01	2.147769e-01	2.428432e+00
950	7.375086e-01	6.608799e-01	2.776258e+00
951	7.764691e-01	2.860577e-01	2.760625e+00
952	7.541339e-01	5.181907e-01	1.797264e+00
953	7.173515e-01	3.888172e-01	2.110894e+00
954	7.237939e-01	4.063791e-01	2.945286e+00
955	7.676310e-01	2.800210e-01	1.487543e+00
956	7.915973e-01	2.125316e-01	1.717147e+00
957	7.719504e-01	6.235626e-01	2.429409e+00
958	7.770526e-01	7.692876e-01	2.871031e+00
959	7.747975e-01	6.179229e-01	2.652174e+00
960	7.729908e-01	6.065159e-01	1.863703e+00
961	7.757333e-01	7.828279e-01	1.075232e+00
962	8.011506e-01	2.509517e-01	2.076698e+00
963	7.179730e-01	3.906663e-01	2.283830e+00
964	7.711371e-01	7.850449e-01	2.773327e+00
965	7.668830e-01	2.892343e-01	1.538349e+00
966	7.188413e-01	3.888410e-01	2.468490e+00
967	7.827792e-01	1.963189e-01	2.724475e+00
968	7.483238e-01	5.317651e-01	2.888617e+00
969	7.674126e-01	2.810561e-01	2.666830e+00
970	7.266257e-01	4.518211e-01	2.877870e+00
971	7.835479e-01	2.137843e-01	2.993161e+00
972	7.709136e-01	3.072978e-01	1.740596e+00
973	7.677888e-01	7.913042e-01	1.222765e+00
974	7.651014e-01	6.247125e-01	1.090865e+00
975	7.231259e-01	4.481698e-01	2.399121e+00
976	7.704735e-01	2.493227e-01	2.395213e+00
977	7.182100e-01	3.951350e-01	2.446019e+00
978	7.877056e-01	2.573012e-01	2.029800e+00
979	7.685267e-01	2.886152e-01	2.949194e+00
980	7.705269e-01	2.832672e-01	2.441133e+00
981	7.586660e-01	6.408089e-01	1.349780e+00
982	7.505698e-01	6.303235e-01	1.784563e+00
983	7.461260e-01	4.681690e-01	2.174402e+00
984	7.646239e-01	3.001813e-01	1.908647e+00
985	7.722443e-01	2.821546e-01	1.505129e+00
986	7.726508e-01	2.813002e-01	1.994626e+00
987	7.842603e-01	2.490938e-01	2.380557e+00
988	7.777522e-01	7.661801e-01	2.918906e+00
989	7.091618e-01	3.825612e-01	1.345872e+00
990	7.392810e-01	4.667343e-01	2.479238e+00
991	7.776503e-01	7.664899e-01	1.964338e+00
992	7.693152e-01	2.721383e-01	2.218368e+00
993	7.798160e-01	2.385587e-01	2.344406e+00
994	7.650333e-01	2.030976e-01	2.139228e+00
995	7.158980e-01	4.086743e-01	2.049340e+00
996	7.538493e-01	6.305251e-01	2.779189e+00
997	7.684728e-01	7.865867e-01	2.488031e+00
998	7.561693e-01	6.274969e-01	2.473376e+00
999	7.550433e-01	6.194860e-01	2.235955e+00
