1000
0	5.958348e-01	5.708306e-01	1.398632e+00
2	4.973759e-01	4.648998e-01	1.108451e+00
3	5.043141e-01	5.536258e-01	2.925745e+00
4	5.146058e-01	7.758098e-01	2.732291e+00
5	5.134248e-01	6.684931e-01	1.257938e+00
6	5.553110e-01	5.235604e-01	2.424524e+00
7	3.857573e-01	2.532225e-01	1.383000e+00
8	5.716959e-01	2.492906e-01	2.705911e+00
9	6.922289e-01	5.720510e-01	2.526136e+00
10	5.382926e-01	6.270113e-01	2.442110e+00
11	4.273014e-01	5.065467e-01	2.233024e+00
12	5.564422e-01	6.203782e-01	2.376649e+00
13	2.932391e-01	4.067254e-01	2.799707e+00
14	5.257214e-01	4.018262e-01	1.556913e+00
15	3.795138e-01	2.493092e-01	2.950171e+00
16	5.278377e-01	2.947171e-01	1.066439e+00
17	6.349302e-01	4.400815e-01	1.626282e+00
18	4.607716e-01	5.286164e-01	1.306790e+00
19	4.777496e-01	4.749534e-01	2.902296e+00
21	3.767530e-01	6.420927e-01	1.195408e+00
22	5.295567e-01	5.120280e-01	1.785540e+00
23	3.457948e-01	3.573694e-01	1.248168e+00
24	4.745852e-01	5.741081e-01	1.863703e+00
25	4.482616e-01	4.333466e-01	2.671715e+00
26	5.035783e-01	4.990897e-01	2.487054e+00
27	6.015452e-01	1.495499e-01	1.946751e+00
29	7.006332e-01	3.818137e-01	2.152907e+00
30	4.990690e-01	5.065876e-01	1.388862e+00
32	3.799334e-01	4.251116e-01	1.591109e+00
33	5.936067e-01	5.859965e-01	2.205667e+00
34	6.093806e-01	6.751943e-01	2.181241e+00
35	5.118347e-01	5.349461e-01	1.475818e+00
36	5.316466e-01	2.691385e-01	2.309233e+00
37	5.185580e-01	6.810798e-01	2.073766e+00
39	6.016893e-01	6.243481e-01	2.331705e+00
40	5.513676e-01	5.864892e-01	1.126038e+00
41	5.947792e-01	6.151615e-01	2.235955e+00
42	6.258192e-01	6.957664e-01	2.805569e+00
44	5.343311e-01	6.426187e-01	2.555447e+00
46	3.360808e-01	3.402885e-01	2.559355e+00
47	3.256823e-01	5.063935e-01	1.895945e+00
48	5.217781e-01	3.213925e-01	1.282364e+00
49	6.007441e-01	5.822920e-01	2.024915e+00
50	5.277098e-01	4.622087e-01	2.750855e+00
51	6.260804e-01	5.887835e-01	2.412799e+00
52	5.094751e-01	5.280410e-01	2.557401e+00
53	4.384271e-01	4.799369e-01	1.648754e+00
54	5.032924e-01	5.052903e-01	1.721055e+00
55	4.927754e-01	5.032309e-01	2.588666e+00
56	3.605767e-01	3.270749e-01	1.525647e+00
57	4.600286e-01	4.591367e-01	2.751832e+00
58	4.249442e-01	3.709710e-01	2.625794e+00
59	6.118231e-01	6.357253e-01	1.663410e+00
60	5.755346e-01	6.135790e-01	1.993649e+00
61	5.070021e-01	4.715452e-01	2.560332e+00
62	4.488224e-01	4.229146e-01	1.696629e+00
63	4.390683e-01	5.062309e-01	1.506106e+00
64	4.747924e-01	5.090015e-01	2.675623e+00
65	4.318590e-01	5.551684e-01	2.497802e+00
66	6.142624e-01	6.322098e-01	1.031265e+00
67	3.795511e-01	5.320610e-01	2.361993e+00
68	5.056068e-01	5.213077e-01	1.866634e+00
69	5.972033e-01	7.556557e-01	2.930630e+00
70	1.469848e-01	4.916536e-01	1.503175e+00
71	4.771660e-01	5.626986e-01	1.135809e+00
72	4.899455e-01	4.840664e-01	2.449927e+00
73	5.767923e-01	5.545465e-01	2.831949e+00
74	4.944440e-01	5.221512e-01	2.317049e+00
75	4.236779e-01	4.519447e-01	2.353200e+00
76	4.877796e-01	5.144075e-01	2.575965e+00
77	5.346928e-01	1.700598e-01	2.922814e+00
78	4.964688e-01	4.532783e-01	2.289692e+00
79	5.389992e-01	3.095536e-01	2.766488e+00
81	5.147456e-01	5.132346e-01	2.769419e+00
82	5.491567e-01	3.049324e-01	1.110405e+00
85	5.123976e-01	5.039550e-01	1.412311e+00
86	6.152628e-01	1.730630e-01	1.951637e+00
87	5.754496e-01	2.962424e-01	1.449438e+00
88	3.998304e-01	4.497641e-01	2.176356e+00
90	5.304595e-01	3.595552e-01	1.212995e+00
91	5.837759e-01	4.525696e-01	1.872496e+00
92	4.508946e-01	6.949395e-01	1.606742e+00
93	5.569649e-01	5.935270e-01	1.183683e+00
95	6.802797e-01	3.506577e-01	2.514411e+00
96	4.270012e-01	5.923360e-01	2.736199e+00
97	5.580005e-01	4.692600e-01	1.617489e+00
98	5.743801e-01	4.653382e-01	2.456766e+00
99	6.346064e-01	6.568492e-01	1.406448e+00
100	5.090643e-01	1.555174e-01	2.453835e+00
102	4.460959e-01	6.191947e-01	2.712750e+00
103	3.281107e-01	8.880308e-01	2.877870e+00
104	4.594489e-01	3.612774e-01	1.533464e+00
105	5.184530e-01	3.994489e-01	2.169516e+00
106	6.426375e-01	2.575177e-01	2.160723e+00
107	4.996550e-01	5.990722e-01	2.483146e+00
109	5.274188e-01	5.555318e-01	1.117245e+00
110	3.680132e-01	6.852319e-01	2.709819e+00
111	6.474634e-01	3.491002e-01	2.039570e+00
112	5.840382e-01	3.755549e-01	2.929653e+00
113	4.002042e-01	4.657326e-01	2.125550e+00
114	4.408677e-01	4.518528e-01	2.148999e+00
116	5.377111e-01	4.230002e-01	1.206155e+00
117	5.941154e-01	3.778635e-01	2.689301e+00
118	4.010416e-01	4.655162e-01	1.997557e+00
119	6.489829e-01	2.483971e-01	1.753298e+00
120	5.494031e-01	6.819318e-01	1.491451e+00
121	5.039748e-01	5.166202e-01	2.381534e+00
122	5.318510e-01	3.410159e-01	1.837323e+00
123	5.129822e-01	5.137213e-01	2.723498e+00
126	5.291214e-01	5.207723e-01	1.216903e+00
127	1.588302e-01	3.615107e-01	1.385931e+00
129	6.690190e-01	3.734346e-01	1.094773e+00
130	3.877829e-01	4.274800e-01	1.887152e+00
131	4.350960e-01	4.231173e-01	1.869565e+00
133	4.959142e-01	5.375322e-01	1.905716e+00
134	5.147347e-01	5.430655e-01	2.319980e+00
135	5.210206e-01	2.334698e-01	1.549096e+00
136	6.082211e-01	5.712645e-01	1.155349e+00
137	4.946637e-01	5.823396e-01	1.261847e+00
139	5.328845e-01	2.188385e-01	1.148510e+00
141	3.620040e-01	6.975725e-01	1.865657e+00
142	4.830217e-01	5.448607e-01	2.988276e+00
143	5.138728e-01	1.980416e-01	1.479726e+00
144	5.020170e-01	5.288041e-01	1.016610e+00
145	5.653863e-01	5.658104e-01	2.095261e+00
146	5.494308e-01	4.653288e-01	2.442110e+00
147	6.419587e-01	1.825775e-01	1.070347e+00
148	4.563654e-01	6.622353e-01	1.417196e+00
149	6.113272e-01	2.614220e-01	2.817294e+00
150	4.628105e-01	2.689539e-01	1.164143e+00
151	5.667343e-01	5.375460e-01	2.738153e+00
152	4.697718e-01	5.756275e-01	2.338544e+00
153	5.114626e-01	3.641321e-01	1.282364e+00
154	5.007974e-01	5.443381e-01	2.676600e+00
155	5.077681e-01	3.702094e-01	2.443087e+00
156	5.024484e-01	3.722578e-01	2.375672e+00
157	4.670068e-01	3.220607e-01	1.220811e+00
158	5.312412e-01	4.204039e-01	2.208598e+00
159	4.653121e-01	6.428065e-01	2.407914e+00
162	4.974986e-01	5.503513e-01	2.277968e+00
164	5.301752e-01	4.337507e-01	2.409868e+00
165	6.183914e-01	4.718386e-01	2.083537e+00
166	3.974358e-01	6.236643e-01	2.286761e+00
167	5.634059e-01	5.632516e-01	1.194431e+00
168	4.928775e-01	6.034317e-01	2.818271e+00
169	4.643795e-01	4.313891e-01	2.827064e+00
170	5.863960e-01	5.398258e-01	1.684905e+00
171	4.133033e-01	4.165645e-01	1.999511e+00
172	5.385412e-01	5.129950e-01	1.956522e+00
174	6.810619e-01	6.443843e-01	2.323889e+00
175	4.847325e-01	5.012682e-01	2.501710e+00
176	5.408333e-01	5.069304e-01	2.395213e+00
177	5.567663e-01	4.526831e-01	2.719590e+00
178	1.458793e-01	2.351952e-02	2.937469e+00
179	5.023130e-01	5.379421e-01	2.803615e+00
180	1.985853e-01	1.129880e-01	1.322423e+00
182	4.932132e-01	5.036263e-01	1.794333e+00
183	5.155397e-01	5.342732e-01	2.611138e+00
184	5.208685e-01	5.317110e-01	1.724963e+00
185	4.842231e-01	4.647607e-01	1.983879e+00
186	4.855107e-01	5.121814e-01	2.181241e+00
188	4.908006e-01	5.574480e-01	1.295066e+00
189	5.117379e-01	5.415883e-01	1.970200e+00
190	5.153318e-01	5.290684e-01	2.387396e+00
191	6.376794e-01	2.812489e-01	2.386419e+00
192	5.677936e-01	6.303538e-01	2.647289e+00
193	5.340558e-01	4.565913e-01	1.686859e+00
195	6.366783e-01	4.971105e-01	1.553981e+00
196	4.057431e-01	5.795994e-01	1.764045e+00
197	4.764518e-01	5.591568e-01	1.632145e+00
199	5.516251e-01	5.271671e-01	1.235467e+00
200	4.611996e-01	6.195945e-01	2.251588e+00
201	4.430017e-01	4.351236e-01	1.751343e+00
202	3.845844e-01	3.828632e-01	1.715193e+00
203	5.043317e-01	3.895595e-01	2.109917e+00
204	4.893104e-01	5.665322e-01	2.137274e+00
205	5.898609e-01	3.067146e-01	2.099170e+00
206	4.774934e-01	5.285861e-01	2.057157e+00
207	6.762077e-01	5.199136e-01	2.246702e+00
208	5.494624e-01	4.837686e-01	1.894968e+00
209	4.919188e-01	5.251266e-01	2.453835e+00
210	5.055504e-01	5.030399e-01	2.834880e+00
211	6.048713e-01	6.100575e-01	2.215437e+00
212	4.253323e-01	3.337807e-01	2.153884e+00
213	5.411334e-01	5.650344e-01	2.475330e+00
214	3.583915e-01	3.651988e-01	1.274548e+00
215	6.237736e-01	6.909371e-01	2.127504e+00
217	3.388244e-01	5.331175e-01	1.790425e+00
219	4.308063e-01	4.571069e-01	1.692721e+00
220	6.215340e-01	3.999842e-01	2.042501e+00
221	4.816669e-01	3.967128e-01	1.468979e+00
222	5.691561e-01	6.183281e-01	1.784563e+00
223	6.711940e-01	2.364503e-01	1.068393e+00
226	3.460817e-01	5.338121e-01	1.839277e+00
227	5.076567e-01	6.093728e-01	1.175867e+00
228	4.778127e-01	5.725091e-01	2.807523e+00
229	3.923995e-01	4.821527e-01	2.811431e+00
230	5.013387e-01	1.773270e-01	1.192477e+00
232	5.287596e-01	5.660229e-01	1.620420e+00
233	4.855048e-01	5.516848e-01	2.624817e+00
234	5.006951e-01	1.772432e-01	2.806546e+00
235	6.138882e-01	5.995501e-01	1.763068e+00
238	4.987619e-01	9.003593e-01	2.458720e+00
239	5.039649e-01	5.526964e-01	2.463605e+00
241	4.721423e-01	4.913508e-01	1.146556e+00
242	3.303395e-01	7.550515e-01	1.395701e+00
243	4.223093e-01	4.411006e-01	1.755252e+00
245	5.727745e-01	5.446088e-01	2.901319e+00
246	5.463657e-01	3.858948e-01	2.123596e+00
248	4.563918e-01	4.723977e-01	1.199316e+00
250	5.257030e-01	5.045269e-01	2.170493e+00
251	5.064193e-01	5.492121e-01	2.733268e+00
252	5.605763e-01	5.616560e-01	1.545188e+00
253	5.817126e-01	7.030500e-01	1.376160e+00
254	3.904418e-01	5.259412e-01	1.621397e+00
255	4.491170e-01	5.198908e-01	1.883244e+00
256	4.457969e-01	5.207628e-01	1.612604e+00
257	5.260649e-01	5.337481e-01	2.909135e+00
258	5.934569e-01	6.476049e-01	1.354665e+00
259	4.698542e-01	4.608401e-01	2.770396e+00
260	7.504287e-01	5.222417e-01	2.148999e+00
261	5.087185e-01	5.375499e-01	2.624817e+00
264	5.572847e-01	4.251682e-01	2.697118e+00
265	4.233737e-01	4.721662e-01	1.938935e+00
266	6.088147e-01	3.632795e-01	1.854910e+00
268	4.138857e-01	6.542398e-01	2.625794e+00
269	6.461618e-01	5.253073e-01	1.564729e+00
270	6.347790e-01	5.644166e-01	2.984367e+00
273	4.415856e-01	4.297672e-01	2.693210e+00
274	5.120711e-01	5.618320e-01	2.276014e+00
276	4.563947e-01	4.267173e-01	1.245237e+00
278	5.139098e-01	5.707546e-01	1.489497e+00
279	5.592761e-01	7.520419e-01	2.305325e+00
281	5.068610e-01	5.442272e-01	2.689301e+00
282	5.621469e-01	5.726313e-01	1.346849e+00
283	5.336414e-01	5.316771e-01	2.447973e+00
284	5.127698e-01	4.432639e-01	1.591109e+00
285	4.027087e-01	3.722404e-01	1.931119e+00
287	5.111333e-01	2.656751e-01	2.687347e+00
288	4.649687e-01	6.361162e-01	2.787982e+00
289	5.739632e-01	4.263512e-01	1.510015e+00
291	5.220971e-01	4.974207e-01	2.193942e+00
292	5.331100e-01	4.859595e-01	2.918906e+00
293	5.985325e-01	5.158323e-01	1.734734e+00
295	4.010979e-01	5.436568e-01	1.631168e+00
296	3.845156e-01	3.046735e-01	1.258915e+00
297	5.314946e-01	5.350725e-01	2.458720e+00
298	5.121649e-01	5.247680e-01	2.134343e+00
299	5.548906e-01	5.183327e-01	2.662921e+00
300	4.252111e-01	4.766849e-01	2.924768e+00
301	5.543813e-01	5.723937e-01	2.983390e+00
305	4.432084e-01	5.018306e-01	1.703468e+00
306	5.402896e-01	5.616328e-01	1.246214e+00
308	5.423059e-01	5.206256e-01	2.925745e+00
309	5.516054e-01	6.266094e-01	1.857841e+00
310	5.084633e-01	5.314097e-01	2.601368e+00
311	4.391354e-01	4.556507e-01	2.413776e+00
312	2.363356e-01	5.440722e-01	2.569126e+00
314	2.983825e-01	2.871294e-01	1.865657e+00
316	4.949395e-01	4.975736e-01	2.574988e+00
317	5.160394e-01	5.072324e-01	1.598925e+00
319	5.671380e-01	4.249789e-01	1.176844e+00
322	5.284014e-01	5.352269e-01	2.526136e+00
324	4.133682e-01	4.025263e-01	1.928188e+00
325	5.424177e-01	5.832646e-01	2.006351e+00
326	5.899149e-01	3.874853e-01	1.041036e+00
327	5.377471e-01	5.076990e-01	1.793356e+00
329	4.298990e-01	4.111039e-01	1.860772e+00
330	4.571069e-01	5.039878e-01	1.389839e+00
331	4.990591e-01	4.418434e-01	1.052760e+00
332	4.376910e-01	4.149712e-01	1.156326e+00
334	5.971465e-01	5.353581e-01	1.981925e+00
335	5.898479e-01	7.678226e-01	2.256473e+00
336	4.861912e-01	4.596978e-01	2.368832e+00
337	6.388239e-01	5.851478e-01	2.024915e+00
339	6.123552e-01	7.750658e-01	1.266732e+00
341	7.070581e-01	9.007215e-01	2.472399e+00
342	4.897511e-01	5.306888e-01	2.288715e+00
344	4.846783e-01	4.888448e-01	2.745970e+00
345	5.927847e-01	5.889556e-01	2.490962e+00
347	4.984104e-01	5.519318e-01	1.545188e+00
348	5.420711e-01	5.588388e-01	2.662921e+00
349	3.988894e-01	4.675584e-01	2.264289e+00
350	2.628037e-01	3.701963e-01	2.905227e+00
351	5.703070e-01	5.340023e-01	1.058622e+00
353	4.958077e-01	4.125406e-01	2.152907e+00
354	6.846971e-01	3.881488e-01	2.784074e+00
355	5.472534e-01	5.471228e-01	2.445042e+00
356	6.123431e-01	3.516483e-01	2.852467e+00
357	6.127917e-01	4.795641e-01	2.070835e+00
358	5.169075e-01	3.219963e-01	1.406448e+00
359	3.911264e-01	8.120712e-01	1.751343e+00
360	6.269275e-01	5.752346e-01	2.077675e+00
361	3.497742e-01	3.610148e-01	1.601856e+00
364	4.860605e-01	5.411382e-01	2.048363e+00
366	4.400954e-01	5.574187e-01	2.779189e+00
367	4.346901e-01	5.112500e-01	2.617978e+00
371	5.595307e-01	3.012446e-01	1.948705e+00
372	4.945684e-01	5.042008e-01	1.416219e+00
373	1.740833e-01	4.842081e-01	1.745481e+00
374	2.361179e-01	4.819808e-01	1.994626e+00
375	4.771185e-01	5.358723e-01	2.291646e+00
376	4.973471e-01	1.483002e-01	1.868588e+00
377	4.854245e-01	5.709510e-01	2.511480e+00
378	4.644072e-01	3.670652e-01	2.596483e+00
379	5.191853e-01	5.449313e-01	2.855398e+00
381	5.170110e-01	5.594817e-01	1.312653e+00
382	5.177991e-01	5.551256e-01	1.787494e+00
383	5.883163e-01	3.730625e-01	2.252565e+00
384	5.284979e-01	6.009839e-01	1.978017e+00
385	5.275712e-01	5.088429e-01	2.965804e+00
386	5.320475e-01	5.185187e-01	2.221299e+00
387	4.830489e-01	5.379153e-01	1.701514e+00
388	4.818612e-01	4.636397e-01	1.135809e+00
389	5.082579e-01	5.319832e-01	2.997069e+00
390	6.956690e-01	4.064990e-01	2.470445e+00
391	4.963990e-01	5.426527e-01	2.362970e+00
392	3.510927e-01	4.545791e-01	2.553493e+00
393	5.055940e-01	6.705799e-01	1.347826e+00
394	5.227798e-01	4.509342e-01	2.896434e+00
395	4.866803e-01	4.626525e-01	1.857841e+00
396	7.647196e-01	5.426896e-01	1.669272e+00
397	3.581535e-01	4.819298e-01	1.726917e+00
398	3.917130e-01	5.710945e-01	2.604299e+00
399	5.316445e-01	4.093322e-01	2.089399e+00
400	5.042500e-01	3.980103e-01	1.552027e+00
401	8.189141e-01	1.861781e-01	1.769907e+00
402	3.822188e-01	5.271379e-01	1.382022e+00
403	4.536595e-01	5.353550e-01	2.510503e+00
404	2.347772e-01	4.425222e-01	1.640938e+00
405	4.881369e-01	5.582140e-01	2.933561e+00
406	5.804654e-01	2.783027e-01	1.033219e+00
407	4.395921e-01	4.744777e-01	1.408403e+00
408	5.586611e-01	4.203711e-01	2.767465e+00
409	5.203667e-01	5.577755e-01	1.526624e+00
410	4.462699e-01	4.623180e-01	1.456277e+00
411	5.844744e-01	1.627074e-01	1.054714e+00
412	4.649429e-01	5.340239e-01	2.601368e+00
413	1.873967e-01	4.419652e-02	2.193942e+00
415	4.268636e-01	4.030366e-01	1.564729e+00
416	5.207207e-01	5.004804e-01	1.679043e+00
417	4.559128e-01	2.542753e-01	2.034685e+00
418	5.816389e-01	1.658968e-01	2.564240e+00
419	5.242141e-01	5.450458e-01	2.311187e+00
420	3.504460e-01	4.824452e-01	1.297997e+00
421	4.524594e-01	4.871089e-01	2.873962e+00
422	3.868813e-01	4.503083e-01	2.202736e+00
423	5.286238e-01	5.534689e-01	2.653151e+00
426	5.118825e-01	5.030152e-01	1.679043e+00
427	4.601307e-01	4.504484e-01	2.991207e+00
428	5.384073e-01	3.936678e-01	2.857352e+00
429	5.369332e-01	5.452079e-01	1.913532e+00
430	6.376948e-01	3.178664e-01	1.216903e+00
431	5.352696e-01	3.769769e-01	1.214949e+00
433	5.362353e-01	2.821984e-01	1.005862e+00
434	4.954989e-01	5.281658e-01	2.227162e+00
435	5.743444e-01	2.605390e-01	1.723009e+00
436	5.454828e-01	3.648257e-01	1.113337e+00
438	5.541401e-01	4.099978e-01	1.692721e+00
439	2.923520e-01	7.400958e-01	1.154372e+00
440	4.951410e-01	3.590427e-01	1.851001e+00
441	4.942997e-01	5.173811e-01	2.418661e+00
442	5.064765e-01	1.427177e-01	1.874450e+00
443	5.391725e-01	3.017325e-01	1.591109e+00
444	5.159903e-01	2.152159e-01	2.199805e+00
445	5.096609e-01	5.330257e-01	2.208598e+00
446	4.852321e-01	5.127168e-01	1.322423e+00
447	4.881024e-01	5.220754e-01	2.361016e+00
450	4.612260e-01	4.989411e-01	1.815828e+00
451	4.514517e-01	5.283588e-01	1.328285e+00
452	5.316690e-01	2.198267e-01	2.272106e+00
454	5.316357e-01	1.959636e-01	1.883244e+00
455	5.392621e-01	3.755999e-01	1.599902e+00
457	7.843815e-01	4.866964e-01	2.343429e+00
458	5.223876e-01	4.090318e-01	1.749389e+00
459	5.776695e-01	4.883439e-01	1.835369e+00
461	5.650023e-01	6.149676e-01	1.065462e+00
462	5.067651e-01	5.273068e-01	1.698583e+00
463	5.203344e-01	3.560512e-01	2.761602e+00
464	3.787126e-01	2.336276e-01	1.744504e+00
465	5.497810e-01	3.943287e-01	1.961407e+00
466	5.053092e-01	3.717582e-01	2.449927e+00
467	3.997390e-01	5.814795e-01	2.669761e+00
469	2.956645e-01	7.919588e-01	2.597460e+00
470	5.861655e-01	3.074269e-01	2.960918e+00
472	5.809820e-01	3.101761e-01	1.655594e+00
473	5.684056e-01	4.369904e-01	2.572057e+00
476	5.915643e-01	1.731154e-01	1.607719e+00
477	5.175751e-01	4.651379e-01	2.643381e+00
479	7.288577e-01	3.021772e-01	1.233512e+00
481	3.607396e-01	3.759097e-01	2.058134e+00
482	5.456453e-01	2.013705e-01	2.221299e+00
483	5.665526e-01	4.662786e-01	1.083048e+00
484	5.373094e-01	3.498685e-01	2.453835e+00
485	2.404195e-01	3.841541e-01	2.829018e+00
486	5.307379e-01	4.294605e-01	2.169516e+00
487	3.743023e-01	7.610116e-01	2.371764e+00
488	3.647620e-01	4.609902e-01	1.634099e+00
489	4.831846e-01	5.980838e-01	1.314607e+00
490	5.508052e-01	1.748453e-01	2.292623e+00
491	5.664924e-01	6.609309e-01	1.759160e+00
493	5.277808e-01	2.168624e-01	2.942355e+00
494	5.657685e-01	5.433104e-01	1.358574e+00
498	5.868681e-01	3.577472e-01	2.251588e+00
499	4.036624e-01	5.548300e-01	1.474841e+00
501	3.243918e-01	4.121193e-01	2.850513e+00
502	5.857998e-01	2.979430e-01	2.543723e+00
505	6.671611e-01	3.344064e-01	1.170005e+00
506	4.322388e-01	6.969973e-01	2.011236e+00
507	5.468384e-01	3.276187e-01	2.982413e+00
508	6.411741e-01	4.508275e-01	1.578407e+00
509	4.134789e-01	4.217317e-01	2.904250e+00
511	5.068350e-01	5.436520e-01	2.948217e+00
512	5.799050e-01	5.725601e-01	1.856864e+00
514	5.296312e-01	3.370333e-01	1.780655e+00
515	7.541695e-01	2.862393e-01	1.223742e+00
516	5.369138e-01	3.381168e-01	2.928676e+00
517	4.650916e-01	6.299498e-01	1.055691e+00
518	5.393841e-01	3.396265e-01	2.823156e+00
519	4.899187e-01	2.803564e-01	2.886663e+00
521	3.848320e-01	5.322820e-01	1.391793e+00
522	4.644029e-01	4.876697e-01	1.467025e+00
523	3.961926e-01	4.301225e-01	1.512946e+00
524	4.474127e-01	3.821455e-01	1.960430e+00
525	4.756635e-01	3.767168e-01	2.254519e+00
526	2.907851e-01	5.325764e-01	2.899365e+00
527	5.919715e-01	1.713030e-01	2.728383e+00
528	5.507969e-01	5.077084e-01	1.247191e+00
529	5.962729e-01	4.561398e-01	1.802149e+00
531	5.939338e-01	5.573402e-01	1.663410e+00
532	4.414825e-01	4.879394e-01	2.556424e+00
533	4.553633e-01	3.852863e-01	2.947240e+00
534	6.227224e-01	4.447490e-01	2.475330e+00
535	1.958901e-01	4.347073e-01	1.237421e+00
536	1.278211e-01	7.270261e-01	2.923791e+00
537	8.227590e-01	4.067335e-01	2.906204e+00
538	3.507878e-01	8.223517e-01	2.668784e+00
539	5.632655e-01	5.718788e-01	2.476307e+00
540	5.828743e-01	4.369069e-01	2.065950e+00
541	5.416112e-01	5.144582e-01	1.983879e+00
542	6.658613e-01	4.728408e-01	1.982902e+00
543	2.783324e-01	7.231581e-01	2.643381e+00
544	3.761367e-01	8.971919e-01	1.637030e+00
545	3.869964e-01	5.458929e-01	1.338056e+00
546	4.234996e-01	5.678824e-01	2.406937e+00
547	5.493271e-01	5.925296e-01	1.422081e+00
548	5.450883e-01	7.553655e-01	2.956033e+00
549	4.834001e-01	5.252208e-01	2.601368e+00
550	3.391818e-01	4.890299e-01	1.846116e+00
551	5.277349e-01	5.995167e-01	1.264778e+00
552	5.248614e-01	7.115604e-01	1.119199e+00
553	5.048026e-01	5.578172e-01	1.956522e+00
554	6.335631e-01	3.522412e-01	2.971666e+00
555	5.564791e-01	5.665688e-01	2.149976e+00
556	5.631540e-01	4.441018e-01	1.574499e+00
557	5.218303e-01	7.085026e-01	1.775769e+00
558	5.441957e-01	7.400297e-01	1.542257e+00
559	5.339976e-01	7.087331e-01	2.984367e+00
560	5.292982e-01	1.657242e-01	2.563263e+00
562	5.405074e-01	4.698096e-01	1.577430e+00
564	8.931657e-02	8.132270e-01	1.125061e+00
565	6.218026e-01	6.133985e-01	2.955056e+00
566	4.536973e-01	3.486781e-01	2.865169e+00
567	3.885266e-01	3.527081e-01	1.672203e+00
568	6.609150e-01	3.493400e-01	1.198339e+00
569	5.685710e-01	3.429464e-01	2.513434e+00
571	5.430215e-01	5.164724e-01	2.858329e+00
572	6.167110e-01	6.443638e-01	1.574499e+00
573	4.837909e-01	2.722582e-01	1.432829e+00
574	5.093653e-01	5.286064e-01	1.500244e+00
576	5.652652e-01	3.391543e-01	1.323400e+00
578	7.123697e-01	4.366938e-01	2.147044e+00
579	4.515984e-01	5.382118e-01	2.698095e+00
580	6.155534e-01	2.875974e-01	2.203713e+00
581	5.577586e-01	5.904638e-01	1.364436e+00
582	5.576150e-01	5.529601e-01	2.076698e+00
583	2.613917e-01	8.581975e-01	2.011236e+00
586	5.144008e-01	3.365547e-01	1.215926e+00
587	6.013772e-01	4.618246e-01	2.299463e+00
588	5.286924e-01	3.364014e-01	1.683928e+00
589	5.143926e-01	3.419802e-01	2.081583e+00
590	5.171863e-01	3.341032e-01	2.350269e+00
593	5.043396e-01	3.446483e-01	1.194431e+00
594	5.183266e-01	3.291871e-01	2.515388e+00
597	4.184481e-01	6.222844e-01	1.865657e+00
599	5.525313e-01	5.012447e-01	1.802149e+00
600	3.615198e-01	4.686624e-01	1.367367e+00
601	5.037841e-01	4.136513e-01	1.148510e+00
604	5.869149e-01	2.943220e-01	1.613581e+00
605	5.114302e-01	3.303673e-01	2.427455e+00
607	5.216707e-01	3.799352e-01	1.355642e+00
608	6.972050e-01	1.873338e-01	2.386419e+00
609	4.438235e-01	3.308698e-01	1.294089e+00
610	5.493290e-01	5.214808e-01	1.687836e+00
611	6.464972e-01	1.439611e-01	1.146556e+00
613	5.165682e-01	6.483238e-01	1.597948e+00
614	5.784750e-01	2.948639e-01	2.412799e+00
617	5.258035e-01	5.375447e-01	1.227650e+00
618	5.466943e-01	2.623316e-01	2.522228e+00
619	4.285851e-01	4.813634e-01	1.437714e+00
620	5.345812e-01	3.749330e-01	1.523693e+00
621	7.093841e-01	2.745925e-01	1.221788e+00
622	4.976948e-01	3.694468e-01	1.652662e+00
623	3.253186e-01	6.390480e-01	1.269663e+00
624	5.003387e-01	3.071290e-01	2.967758e+00
625	3.538027e-01	4.384793e-01	2.952125e+00
626	6.142855e-01	5.849495e-01	2.546654e+00
627	5.547143e-01	4.352750e-01	1.818759e+00
628	2.213045e-01	7.991024e-01	1.919394e+00
629	4.475698e-01	4.042181e-01	2.563263e+00
630	4.310732e-01	6.091536e-01	1.451392e+00
631	3.885495e-01	3.911623e-01	1.718124e+00
632	4.792973e-01	5.337900e-01	1.207132e+00
633	4.927553e-01	5.118270e-01	1.236444e+00
634	5.608927e-01	5.377589e-01	2.622863e+00
635	3.055528e-01	3.652725e-01	2.549585e+00
636	4.444519e-01	2.160732e-01	2.966781e+00
637	2.034454e-01	7.105799e-01	2.095261e+00
639	6.335801e-01	5.955586e-01	2.395213e+00
642	4.572064e-01	5.466045e-01	1.534441e+00
643	4.981438e-01	4.431358e-01	1.550073e+00
644	6.601886e-01	4.851497e-01	1.610650e+00
645	5.367405e-01	5.383335e-01	1.612604e+00
646	4.813998e-01	4.884808e-01	1.086957e+00
648	7.328454e-01	1.815953e-01	2.282853e+00
649	4.921899e-01	6.087652e-01	1.573522e+00
650	5.308902e-01	5.091428e-01	2.497802e+00
652	4.531767e-01	6.661838e-01	1.752320e+00
653	4.415251e-01	4.237355e-01	1.589155e+00
655	5.642316e-01	5.407275e-01	1.209086e+00
656	4.945138e-01	4.762706e-01	2.755740e+00
657	3.892678e-01	5.230945e-01	1.499267e+00
658	5.386875e-01	5.672628e-01	1.014656e+00
659	5.462307e-01	3.904574e-01	2.891549e+00
660	4.939842e-01	5.378458e-01	2.478261e+00
661	4.709339e-01	3.753437e-01	1.898876e+00
662	3.682806e-01	5.915502e-01	1.188569e+00
663	4.691260e-01	4.703569e-01	2.785051e+00
664	5.473242e-01	5.872273e-01	2.945286e+00
665	5.393450e-01	4.255948e-01	2.458720e+00
666	5.175358e-01	3.267592e-01	2.673669e+00
667	4.838349e-01	6.102422e-01	1.399609e+00
668	5.336893e-01	4.349016e-01	2.604299e+00
669	4.928599e-01	4.886656e-01	1.529555e+00
670	4.080297e-01	4.912016e-01	2.823156e+00
671	4.000835e-01	6.797628e-01	2.826087e+00
672	5.152887e-01	1.864385e-01	2.844651e+00
673	5.454094e-01	4.643827e-01	2.290669e+00
675	4.983752e-01	4.854090e-01	2.570103e+00
676	5.868620e-01	5.650921e-01	2.396190e+00
677	5.511983e-01	5.146582e-01	1.318515e+00
678	5.826558e-01	1.730928e-01	1.733757e+00
679	5.682002e-01	4.213208e-01	2.605276e+00
681	5.402349e-01	4.970441e-01	1.587201e+00
682	5.467658e-01	4.563090e-01	1.375183e+00
683	5.314488e-01	4.915434e-01	2.298486e+00
684	5.471680e-01	3.647020e-01	1.285296e+00
685	4.150027e-01	4.727929e-01	2.983390e+00
686	5.846701e-01	3.596306e-01	1.195408e+00
688	4.309756e-01	5.279276e-01	2.414753e+00
689	6.975011e-01	6.991255e-01	1.843185e+00
690	5.232970e-01	4.856746e-01	2.396190e+00
691	4.999648e-01	2.984947e-01	1.656571e+00
692	4.214377e-01	4.218772e-01	3.000000e+00
693	4.904378e-01	4.343936e-01	2.728383e+00
696	6.197542e-01	4.527530e-01	1.944797e+00
697	4.271937e-01	2.705262e-01	2.883732e+00
698	3.945730e-01	5.860698e-01	2.383488e+00
699	5.270783e-01	5.473015e-01	2.506595e+00
700	4.901052e-01	4.996286e-01	1.786517e+00
701	5.552644e-01	3.073088e-01	2.893503e+00
702	4.874964e-01	5.065995e-01	2.981436e+00
703	4.784405e-01	4.864731e-01	2.663898e+00
704	5.111607e-01	4.692175e-01	2.227162e+00
705	5.435883e-01	5.298513e-01	1.527601e+00
706	5.364961e-01	4.681257e-01	2.610161e+00
707	4.475026e-01	6.464395e-01	1.058622e+00
708	5.665099e-01	5.215419e-01	2.782120e+00
712	4.910783e-01	5.025588e-01	2.109917e+00
714	4.832657e-01	3.690729e-01	2.074744e+00
715	4.847002e-01	4.996881e-01	2.319003e+00
717	4.789968e-01	5.015481e-01	1.286273e+00
718	4.824569e-01	4.849139e-01	1.881290e+00
719	3.907801e-01	4.031587e-01	1.664387e+00
720	9.647125e-01	6.845749e-01	1.242306e+00
721	2.484113e-01	1.876910e-01	1.927211e+00
722	5.214119e-01	6.211350e-01	2.820225e+00
723	5.552950e-01	3.644991e-01	2.792868e+00
724	5.940050e-01	4.344098e-01	1.201270e+00
725	4.873302e-01	4.391415e-01	1.898876e+00
727	5.706133e-01	5.299319e-01	1.782609e+00
729	4.980961e-01	5.212972e-01	1.561798e+00
730	4.982145e-01	5.292599e-01	2.282853e+00
731	4.786239e-01	4.994054e-01	2.210552e+00
732	4.219009e-01	3.366070e-01	1.020518e+00
733	3.886006e-01	4.453593e-01	1.784563e+00
735	5.516364e-01	4.158176e-01	1.275525e+00
736	4.717028e-01	5.324150e-01	1.212995e+00
737	5.276399e-01	4.219501e-01	2.964827e+00
738	5.425334e-01	4.392838e-01	2.079629e+00
740	6.241142e-01	3.540585e-01	1.187592e+00
741	4.420217e-01	3.865979e-01	1.258915e+00
744	4.739248e-01	5.245283e-01	1.999511e+00
745	4.634039e-01	5.235804e-01	1.264778e+00
746	4.970678e-01	5.113821e-01	1.110405e+00
747	5.269452e-01	5.804561e-01	1.107474e+00
749	5.309156e-01	3.534850e-01	1.070347e+00
751	4.870315e-01	4.290706e-01	2.400098e+00
752	4.822851e-01	4.441637e-01	2.871031e+00
753	5.253100e-01	5.737565e-01	2.739130e+00
754	5.316042e-01	3.181479e-01	1.681974e+00
755	3.551494e-01	6.400796e-01	2.061065e+00
761	1.493856e-01	9.346899e-01	1.073278e+00
763	7.039557e-01	5.631855e-01	2.799707e+00
768	5.504125e-01	5.451592e-01	2.010259e+00
770	4.109255e-01	4.597052e-01	1.700537e+00
771	4.746963e-01	4.709590e-01	1.339033e+00
772	6.623756e-01	8.172789e-01	2.227162e+00
773	5.718224e-01	4.662841e-01	2.482169e+00
774	2.412111e-01	8.635705e-01	2.958964e+00
775	5.980419e-01	5.086647e-01	1.443576e+00
776	6.895406e-01	5.407403e-01	2.381534e+00
777	5.587166e-01	4.380130e-01	1.971177e+00
778	5.653010e-01	2.840825e-01	2.960918e+00
779	6.749789e-01	5.356129e-01	1.812897e+00
781	5.478121e-01	5.950558e-01	1.170982e+00
782	5.289193e-01	5.934216e-01	1.277479e+00
786	8.844595e-02	1.756389e-01	1.636053e+00
787	5.192813e-01	5.438636e-01	1.790425e+00
788	4.339976e-01	5.920369e-01	2.336590e+00
789	4.058961e-01	4.861357e-01	1.343918e+00
790	5.251071e-01	6.187505e-01	1.905716e+00
791	5.634145e-01	4.821320e-01	1.784563e+00
792	3.485978e-01	8.085795e-01	2.622863e+00
793	5.261536e-01	2.625807e-01	2.063996e+00
794	3.975631e-01	5.179352e-01	2.497802e+00
795	5.526645e-01	5.474107e-01	2.870054e+00
796	1.245253e-01	5.237057e-01	2.862237e+00
797	1.852862e-01	4.999854e-01	2.981436e+00
799	4.471020e-01	5.078437e-01	1.729849e+00
800	3.919372e-01	4.293018e-01	2.290669e+00
801	5.219689e-01	5.230571e-01	2.841720e+00
802	5.427296e-01	5.572647e-01	2.195896e+00
803	3.318118e-01	4.557849e-01	1.601856e+00
804	2.394022e-01	4.572253e-01	2.449927e+00
805	4.954117e-01	5.237042e-01	1.462140e+00
806	5.884057e-01	5.184960e-01	2.041524e+00
808	5.671913e-01	5.465338e-01	2.061065e+00
809	5.634257e-01	4.111142e-01	2.130435e+00
810	1.894402e-01	7.053067e-01	2.205667e+00
811	5.747118e-01	5.141594e-01	2.184172e+00
812	5.648927e-01	5.252730e-01	2.747924e+00
814	5.926019e-01	5.972397e-01	2.909135e+00
815	4.953121e-01	4.287816e-01	2.777235e+00
816	4.924805e-01	4.757193e-01	1.295066e+00
817	5.024755e-01	4.447292e-01	1.050806e+00
818	6.501374e-01	5.428067e-01	1.191500e+00
819	5.204871e-01	5.204817e-01	1.198339e+00
820	5.305734e-01	3.144645e-01	2.656082e+00
822	4.124517e-01	5.657743e-01	1.692721e+00
825	5.317355e-01	5.300805e-01	1.906693e+00
826	4.949118e-01	5.619435e-01	2.192965e+00
827	3.886856e-01	4.982680e-01	1.200293e+00
829	4.941421e-01	3.989845e-01	2.361016e+00
830	5.170332e-01	2.177617e-01	2.080606e+00
831	6.275577e-01	4.033781e-01	1.074255e+00
833	5.008155e-01	5.300165e-01	2.017098e+00
834	7.234662e-01	4.486347e-01	2.191011e+00
835	3.194763e-01	2.840897e-01	1.667318e+00
836	5.163096e-01	2.174945e-01	2.229116e+00
838	4.894973e-01	3.676733e-01	2.714704e+00
839	6.344561e-01	5.389189e-01	1.979971e+00
840	3.894502e-01	5.723785e-01	2.954079e+00
842	7.883924e-01	3.114841e-01	1.803127e+00
843	5.098340e-01	4.490150e-01	1.039082e+00
845	5.207967e-01	5.766080e-01	1.778701e+00
846	7.457207e-01	3.116203e-01	1.295066e+00
847	3.478886e-01	4.833676e-01	1.807035e+00
848	4.512970e-01	4.160280e-01	1.102589e+00
849	5.798792e-01	5.384685e-01	1.879336e+00
850	5.695828e-01	5.410035e-01	1.984856e+00
851	6.126436e-01	4.236828e-01	2.238886e+00
852	3.913574e-01	4.788332e-01	2.868100e+00
854	6.132914e-01	5.256749e-01	2.748901e+00
855	5.807111e-01	5.540371e-01	1.578407e+00
857	6.019663e-01	3.018055e-01	1.621397e+00
858	5.079485e-01	4.801860e-01	2.657059e+00
859	5.737420e-01	5.023753e-01	2.404983e+00
860	5.833384e-01	5.394113e-01	2.272106e+00
861	5.676600e-01	4.695490e-01	1.463117e+00
862	5.465742e-01	5.870731e-01	2.316072e+00
863	5.092845e-01	4.567017e-01	2.334636e+00
864	5.754849e-01	4.930320e-01	1.365413e+00
865	5.360413e-01	4.665395e-01	2.105032e+00
866	2.660153e-01	7.373634e-01	1.339033e+00
867	3.807970e-01	3.674416e-01	2.932584e+00
868	2.500622e-01	5.313539e-01	2.770396e+00
869	5.303696e-01	5.869992e-01	2.378603e+00
870	4.577606e-01	4.219538e-01	1.833415e+00
871	5.002524e-01	5.470070e-01	1.663410e+00
872	6.319155e-01	2.346754e-01	2.251588e+00
873	6.120051e-01	4.590876e-01	1.766976e+00
875	9.179860e-01	3.553978e-01	2.771373e+00
876	5.660519e-01	2.070094e-01	1.482658e+00
878	4.700470e-01	5.249163e-01	2.787005e+00
879	4.921689e-01	6.734214e-01	1.959453e+00
880	4.963351e-01	5.473619e-01	2.187103e+00
881	3.451126e-01	5.502828e-01	2.430386e+00
882	4.129812e-01	7.334883e-01	2.679531e+00
883	5.241252e-01	5.061507e-01	2.191988e+00
887	5.305555e-01	5.603164e-01	2.793845e+00
889	4.765391e-01	4.877603e-01	2.132389e+00
890	3.800459e-01	8.205955e-01	1.627259e+00
891	4.995251e-01	5.029240e-01	1.623351e+00
892	5.149513e-01	3.881813e-01	2.772350e+00
893	5.291213e-01	4.444907e-01	1.552027e+00
895	5.520838e-01	4.174941e-01	1.180752e+00
896	5.203233e-01	4.951963e-01	1.632145e+00
898	2.477894e-01	8.259361e-01	2.828041e+00
899	5.846967e-01	5.136040e-01	1.703468e+00
900	6.367389e-01	3.960549e-01	1.471910e+00
901	5.024161e-01	5.052951e-01	2.368832e+00
903	5.311865e-01	4.740452e-01	1.961407e+00
904	4.250297e-01	5.048627e-01	1.756229e+00
905	4.918677e-01	5.058597e-01	2.987298e+00
906	5.616814e-01	5.911722e-01	2.332682e+00
908	6.082422e-01	5.274558e-01	1.954568e+00
909	4.498322e-01	4.591337e-01	1.704446e+00
912	4.927318e-01	4.683499e-01	1.853933e+00
913	4.035248e-01	6.066898e-01	2.829995e+00
915	3.710653e-01	5.960117e-01	2.232047e+00
916	4.048893e-01	6.335971e-01	2.093307e+00
917	4.959892e-01	4.845133e-01	2.587689e+00
919	4.522682e-01	4.000954e-01	1.896922e+00
920	8.284303e-01	3.621641e-01	1.212995e+00
921	4.891307e-01	2.618637e-01	1.502198e+00
922	5.157086e-01	5.305440e-01	2.614069e+00
924	5.360143e-01	5.239655e-01	1.956522e+00
929	4.841398e-01	6.029910e-01	1.935027e+00
930	5.070082e-01	4.255919e-01	1.975085e+00
931	4.914746e-01	4.506086e-01	1.067416e+00
932	5.261217e-01	4.418950e-01	2.024915e+00
933	4.000741e-01	7.327575e-01	2.810454e+00
934	5.057687e-01	5.242263e-01	2.428432e+00
935	4.498026e-01	4.249074e-01	1.957499e+00
936	5.575731e-01	3.899004e-01	2.306302e+00
937	6.282246e-01	5.899152e-01	2.557401e+00
938	5.126625e-01	4.290291e-01	1.243283e+00
939	3.381976e-01	3.292292e-01	2.429409e+00
940	6.321708e-01	5.244120e-01	2.523205e+00
942	4.257214e-01	3.983790e-01	2.247680e+00
943	6.358958e-01	5.955241e-01	2.000489e+00
944	5.010329e-01	6.002357e-01	2.446019e+00
945	5.104093e-01	5.299037e-01	2.360039e+00
946	4.847900e-01	5.596180e-01	2.567171e+00
947	5.208848e-01	4.812051e-01	2.415730e+00
948	5.311907e-01	5.275273e-01	1.989741e+00
954	4.826832e-01	7.185638e-01	2.908158e+00
955	5.391072e-01	4.134833e-01	2.731314e+00
956	5.227382e-01	5.299862e-01	2.544700e+00
958	5.262942e-01	5.513692e-01	2.890572e+00
959	4.746784e-01	4.984920e-01	1.654617e+00
960	5.336642e-01	5.075890e-01	1.008793e+00
962	5.471723e-01	5.234442e-01	1.260870e+00
963	5.557629e-01	5.405188e-01	1.347826e+00
964	4.799096e-01	4.014429e-01	1.325354e+00
965	4.769921e-01	5.022220e-01	1.420127e+00
966	3.123015e-01	3.479978e-01	2.845628e+00
967	5.643600e-01	3.736809e-01	1.853933e+00
970	5.374891e-01	4.350049e-01	1.303859e+00
972	5.347712e-01	4.002915e-01	1.294089e+00
974	5.994670e-01	6.184825e-01	2.417684e+00
975	4.486716e-01	4.946069e-01	2.053249e+00
976	5.223400e-01	5.870405e-01	1.276502e+00
978	7.077028e-01	3.528660e-01	2.779189e+00
979	3.603665e-01	5.141938e-01	1.984856e+00
980	2.651822e-01	3.839154e-01	2.295554e+00
981	4.999343e-01	5.508892e-01	1.652662e+00
982	4.836914e-01	5.709295e-01	2.464582e+00
983	5.361690e-01	5.063721e-01	1.763068e+00
984	7.581629e-01	7.729655e-01	2.508549e+00
985	5.955000e-01	5.727627e-01	2.026869e+00
987	4.725267e-01	6.893128e-01	1.160234e+00
988	5.248726e-01	4.284982e-01	2.302394e+00
991	9.889157e-01	3.437688e-01	1.855887e+00
992	5.437051e-01	5.122927e-01	1.384954e+00
993	4.403970e-01	6.339623e-01	2.598437e+00
994	5.924647e-01	7.360038e-01	2.130435e+00
995	5.188308e-01	5.044298e-01	1.690767e+00
996	4.374987e-01	4.984132e-01	2.587689e+00
997	5.401932e-01	5.048459e-01	1.940889e+00
999	5.067968e-01	4.998206e-01	2.099170e+00
999	5.067968e-01	4.998206e-01	2.099170e+00
999	5.067968e-01	4.998206e-01	2.099170e+00
999	5.067968e-01	4.998206e-01	2.099170e+00
999	5.067968e-01	4.998206e-01	2.099170e+00
999	5.067968e-01	4.998206e-01	2.099170e+00
999	5.067968e-01	4.998206e-01	2.099170e+00
999	5.067968e-01	4.998206e-01	2.099170e+00
999	5.067968e-01	4.998206e-01	2.099170e+00
999	5.067968e-01	4.998206e-01	2.099170e+00
999	5.067968e-01	4.998206e-01	2.099170e+00
999	5.067968e-01	4.998206e-01	2.099170e+00
999	5.067968e-01	4.998206e-01	2.099170e+00
999	5.067968e-01	4.998206e-01	2.099170e+00
999	5.067968e-01	4.998206e-01	2.099170e+00
999	5.067968e-01	4.998206e-01	2.099170e+00
999	5.067968e-01	4.998206e-01	2.099170e+00
999	5.067968e-01	4.998206e-01	2.099170e+00
999	5.067968e-01	4.998206e-01	2.099170e+00
999	5.067968e-01	4.998206e-01	2.099170e+00
999	5.067968e-01	4.998206e-01	2.099170e+00
999	5.067968e-01	4.998206e-01	2.099170e+00
999	5.067968e-01	4.998206e-01	2.099170e+00
999	5.067968e-01	4.998206e-01	2.099170e+00
999	5.067968e-01	4.998206e-01	2.099170e+00
999	5.067968e-01	4.998206e-01	2.099170e+00
999	5.067968e-01	4.998206e-01	2.099170e+00
999	5.067968e-01	4.998206e-01	2.099170e+00
999	5.067968e-01	4.998206e-01	2.099170e+00
999	5.067968e-01	4.998206e-01	2.099170e+00
999	5.067968e-01	4.998206e-01	2.099170e+00
999	5.067968e-01	4.998206e-01	2.099170e+00
999	5.067968e-01	4.998206e-01	2.099170e+00
999	5.067968e-01	4.998206e-01	2.099170e+00
999	5.067968e-01	4.998206e-01	2.099170e+00
999	5.067968e-01	4.998206e-01	2.099170e+00
999	5.067968e-01	4.998206e-01	2.099170e+00
999	5.067968e-01	4.998206e-01	2.099170e+00
999	5.067968e-01	4.998206e-01	2.099170e+00
999	5.067968e-01	4.998206e-01	2.099170e+00
999	5.067968e-01	4.998206e-01	2.099170e+00
999	5.067968e-01	4.998206e-01	2.099170e+00
999	5.067968e-01	4.998206e-01	2.099170e+00
999	5.067968e-01	4.998206e-01	2.099170e+00
999	5.067968e-01	4.998206e-01	2.099170e+00
999	5.067968e-01	4.998206e-01	2.099170e+00
999	5.067968e-01	4.998206e-01	2.099170e+00
999	5.067968e-01	4.998206e-01	2.099170e+00
999	5.067968e-01	4.998206e-01	2.099170e+00
999	5.067968e-01	4.998206e-01	2.099170e+00
999	5.067968e-01	4.998206e-01	2.099170e+00
999	5.067968e-01	4.998206e-01	2.099170e+00
999	5.067968e-01	4.998206e-01	2.099170e+00
999	5.067968e-01	4.998206e-01	2.099170e+00
999	5.067968e-01	4.998206e-01	2.099170e+00
999	5.067968e-01	4.998206e-01	2.099170e+00
999	5.067968e-01	4.998206e-01	2.099170e+00
999	5.067968e-01	4.998206e-01	2.099170e+00
999	5.067968e-01	4.998206e-01	2.099170e+00
999	5.067968e-01	4.998206e-01	2.099170e+00
999	5.067968e-01	4.998206e-01	2.099170e+00
999	5.067968e-01	4.998206e-01	2.099170e+00
999	5.067968e-01	4.998206e-01	2.099170e+00
999	5.067968e-01	4.998206e-01	2.099170e+00
999	5.067968e-01	4.998206e-01	2.099170e+00
999	5.067968e-01	4.998206e-01	2.099170e+00
999	5.067968e-01	4.998206e-01	2.099170e+00
999	5.067968e-01	4.998206e-01	2.099170e+00
999	5.067968e-01	4.998206e-01	2.099170e+00
999	5.067968e-01	4.998206e-01	2.099170e+00
999	5.067968e-01	4.998206e-01	2.099170e+00
999	5.067968e-01	4.998206e-01	2.099170e+00
999	5.067968e-01	4.998206e-01	2.099170e+00
999	5.067968e-01	4.998206e-01	2.099170e+00
999	5.067968e-01	4.998206e-01	2.099170e+00
999	5.067968e-01	4.998206e-01	2.099170e+00
999	5.067968e-01	4.998206e-01	2.099170e+00
999	5.067968e-01	4.998206e-01	2.099170e+00
999	5.067968e-01	4.998206e-01	2.099170e+00
999	5.067968e-01	4.998206e-01	2.099170e+00
999	5.067968e-01	4.998206e-01	2.099170e+00
999	5.067968e-01	4.998206e-01	2.099170e+00
999	5.067968e-01	4.998206e-01	2.099170e+00
999	5.067968e-01	4.998206e-01	2.099170e+00
999	5.067968e-01	4.998206e-01	2.099170e+00
999	5.067968e-01	4.998206e-01	2.099170e+00
999	5.067968e-01	4.998206e-01	2.099170e+00
999	5.067968e-01	4.998206e-01	2.099170e+00
999	5.067968e-01	4.998206e-01	2.099170e+00
999	5.067968e-01	4.998206e-01	2.099170e+00
999	5.067968e-01	4.998206e-01	2.099170e+00
999	5.067968e-01	4.998206e-01	2.099170e+00
999	5.067968e-01	4.998206e-01	2.099170e+00
999	5.067968e-01	4.998206e-01	2.099170e+00
999	5.067968e-01	4.998206e-01	2.099170e+00
999	5.067968e-01	4.998206e-01	2.099170e+00
999	5.067968e-01	4.998206e-01	2.099170e+00
999	5.067968e-01	4.998206e-01	2.099170e+00
999	5.067968e-01	4.998206e-01	2.099170e+00
999	5.067968e-01	4.998206e-01	2.099170e+00
999	5.067968e-01	4.998206e-01	2.099170e+00
999	5.067968e-01	4.998206e-01	2.099170e+00
999	5.067968e-01	4.998206e-01	2.099170e+00
999	5.067968e-01	4.998206e-01	2.099170e+00
999	5.067968e-01	4.998206e-01	2.099170e+00
999	5.067968e-01	4.998206e-01	2.099170e+00
999	5.067968e-01	4.998206e-01	2.099170e+00
999	5.067968e-01	4.998206e-01	2.099170e+00
999	5.067968e-01	4.998206e-01	2.099170e+00
999	5.067968e-01	4.998206e-01	2.099170e+00
999	5.067968e-01	4.998206e-01	2.099170e+00
999	5.067968e-01	4.998206e-01	2.099170e+00
999	5.067968e-01	4.998206e-01	2.099170e+00
999	5.067968e-01	4.998206e-01	2.099170e+00
999	5.067968e-01	4.998206e-01	2.099170e+00
999	5.067968e-01	4.998206e-01	2.099170e+00
999	5.067968e-01	4.998206e-01	2.099170e+00
999	5.067968e-01	4.998206e-01	2.099170e+00
999	5.067968e-01	4.998206e-01	2.099170e+00
999	5.067968e-01	4.998206e-01	2.099170e+00
999	5.067968e-01	4.998206e-01	2.099170e+00
999	5.067968e-01	4.998206e-01	2.099170e+00
999	5.067968e-01	4.998206e-01	2.099170e+00
999	5.067968e-01	4.998206e-01	2.099170e+00
999	5.067968e-01	4.998206e-01	2.099170e+00
999	5.067968e-01	4.998206e-01	2.099170e+00
999	5.067968e-01	4.998206e-01	2.099170e+00
999	5.067968e-01	4.998206e-01	2.099170e+00
999	5.067968e-01	4.998206e-01	2.099170e+00
999	5.067968e-01	4.998206e-01	2.099170e+00
999	5.067968e-01	4.998206e-01	2.099170e+00
999	5.067968e-01	4.998206e-01	2.099170e+00
999	5.067968e-01	4.998206e-01	2.099170e+00
999	5.067968e-01	4.998206e-01	2.099170e+00
999	5.067968e-01	4.998206e-01	2.099170e+00
999	5.067968e-01	4.998206e-01	2.099170e+00
999	5.067968e-01	4.998206e-01	2.099170e+00
999	5.067968e-01	4.998206e-01	2.099170e+00
999	5.067968e-01	4.998206e-01	2.099170e+00
999	5.067968e-01	4.998206e-01	2.099170e+00
999	5.067968e-01	4.998206e-01	2.099170e+00
999	5.067968e-01	4.998206e-01	2.099170e+00
999	5.067968e-01	4.998206e-01	2.099170e+00
999	5.067968e-01	4.998206e-01	2.099170e+00
999	5.067968e-01	4.998206e-01	2.099170e+00
999	5.067968e-01	4.998206e-01	2.099170e+00
999	5.067968e-01	4.998206e-01	2.099170e+00
999	5.067968e-01	4.998206e-01	2.099170e+00
999	5.067968e-01	4.998206e-01	2.099170e+00
999	5.067968e-01	4.998206e-01	2.099170e+00
999	5.067968e-01	4.998206e-01	2.099170e+00
999	5.067968e-01	4.998206e-01	2.099170e+00
999	5.067968e-01	4.998206e-01	2.099170e+00
999	5.067968e-01	4.998206e-01	2.099170e+00
999	5.067968e-01	4.998206e-01	2.099170e+00
999	5.067968e-01	4.998206e-01	2.099170e+00
999	5.067968e-01	4.998206e-01	2.099170e+00
999	5.067968e-01	4.998206e-01	2.099170e+00
999	5.067968e-01	4.998206e-01	2.099170e+00
999	5.067968e-01	4.998206e-01	2.099170e+00
999	5.067968e-01	4.998206e-01	2.099170e+00
999	5.067968e-01	4.998206e-01	2.099170e+00
999	5.067968e-01	4.998206e-01	2.099170e+00
999	5.067968e-01	4.998206e-01	2.099170e+00
999	5.067968e-01	4.998206e-01	2.099170e+00
999	5.067968e-01	4.998206e-01	2.099170e+00
999	5.067968e-01	4.998206e-01	2.099170e+00
999	5.067968e-01	4.998206e-01	2.099170e+00
999	5.067968e-01	4.998206e-01	2.099170e+00
999	5.067968e-01	4.998206e-01	2.099170e+00
999	5.067968e-01	4.998206e-01	2.099170e+00
999	5.067968e-01	4.998206e-01	2.099170e+00
999	5.067968e-01	4.998206e-01	2.099170e+00
999	5.067968e-01	4.998206e-01	2.099170e+00
999	5.067968e-01	4.998206e-01	2.099170e+00
999	5.067968e-01	4.998206e-01	2.099170e+00
999	5.067968e-01	4.998206e-01	2.099170e+00
999	5.067968e-01	4.998206e-01	2.099170e+00
999	5.067968e-01	4.998206e-01	2.099170e+00
999	5.067968e-01	4.998206e-01	2.099170e+00
999	5.067968e-01	4.998206e-01	2.099170e+00
999	5.067968e-01	4.998206e-01	2.099170e+00
999	5.067968e-01	4.998206e-01	2.099170e+00
999	5.067968e-01	4.998206e-01	2.099170e+00
999	5.067968e-01	4.998206e-01	2.099170e+00
999	5.067968e-01	4.998206e-01	2.099170e+00
999	5.067968e-01	4.998206e-01	2.099170e+00
999	5.067968e-01	4.998206e-01	2.099170e+00
999	5.067968e-01	4.998206e-01	2.099170e+00
999	5.067968e-01	4.998206e-01	2.099170e+00
999	5.067968e-01	4.998206e-01	2.099170e+00
999	5.067968e-01	4.998206e-01	2.099170e+00
999	5.067968e-01	4.998206e-01	2.099170e+00
999	5.067968e-01	4.998206e-01	2.099170e+00
999	5.067968e-01	4.998206e-01	2.099170e+00
999	5.067968e-01	4.998206e-01	2.099170e+00
999	5.067968e-01	4.998206e-01	2.099170e+00
999	5.067968e-01	4.998206e-01	2.099170e+00
999	5.067968e-01	4.998206e-01	2.099170e+00
999	5.067968e-01	4.998206e-01	2.099170e+00
999	5.067968e-01	4.998206e-01	2.099170e+00
999	5.067968e-01	4.998206e-01	2.099170e+00
999	5.067968e-01	4.998206e-01	2.099170e+00
999	5.067968e-01	4.998206e-01	2.099170e+00
999	5.067968e-01	4.998206e-01	2.099170e+00
999	5.067968e-01	4.998206e-01	2.099170e+00
999	5.067968e-01	4.998206e-01	2.099170e+00
999	5.067968e-01	4.998206e-01	2.099170e+00
999	5.067968e-01	4.998206e-01	2.099170e+00
