1000
0	4.805473e-01	4.392171e-01	1.398632e+00
1	5.261731e-01	3.504400e-01	1.064485e+00
2	4.663420e-01	5.546096e-01	1.108451e+00
3	4.978357e-01	4.884271e-01	2.925745e+00
4	5.019591e-01	5.143765e-01	2.732291e+00
5	5.202017e-01	5.043854e-01	1.257938e+00
6	4.938367e-01	5.230929e-01	2.424524e+00
7	5.581934e-01	4.474157e-01	1.383000e+00
8	5.431768e-01	4.550885e-01	2.705911e+00
9	5.149378e-01	6.078743e-01	2.526136e+00
10	4.508834e-01	5.621813e-01	2.442110e+00
11	4.921579e-01	4.485394e-01	2.233024e+00
12	5.428299e-01	4.529574e-01	2.376649e+00
13	4.981468e-01	6.253720e-01	2.799707e+00
14	5.022385e-01	5.098658e-01	1.556913e+00
15	5.562038e-01	4.484071e-01	2.950171e+00
16	5.613480e-01	4.044670e-01	1.066439e+00
17	5.057305e-01	5.026673e-01	1.626282e+00
18	4.884985e-01	5.542626e-01	1.306790e+00
19	4.872485e-01	4.631666e-01	2.902296e+00
20	5.149578e-01	6.062029e-01	1.762091e+00
21	4.883625e-01	5.101278e-01	1.195408e+00
22	4.929293e-01	5.038912e-01	1.785540e+00
23	5.025876e-01	5.219918e-01	1.248168e+00
24	4.854680e-01	4.622851e-01	1.863703e+00
25	4.721343e-01	4.964259e-01	2.671715e+00
26	5.037000e-01	5.301246e-01	2.487054e+00
27	5.458388e-01	4.475808e-01	1.946751e+00
28	5.659558e-01	4.372294e-01	1.303859e+00
29	4.846045e-01	5.637358e-01	2.152907e+00
30	5.011947e-01	5.279915e-01	1.388862e+00
31	5.139777e-01	6.012234e-01	1.534441e+00
32	5.255000e-01	5.137478e-01	1.591109e+00
33	4.908885e-01	6.045536e-01	2.205667e+00
34	4.671841e-01	4.922780e-01	2.181241e+00
35	4.768265e-01	4.644125e-01	1.475818e+00
36	5.268656e-01	5.127886e-01	2.309233e+00
37	4.696271e-01	5.775044e-01	2.073766e+00
38	5.116748e-01	6.027139e-01	1.918417e+00
39	4.860076e-01	6.131647e-01	2.331705e+00
40	5.259282e-01	5.126692e-01	1.126038e+00
41	4.840663e-01	5.168991e-01	2.235955e+00
42	4.644655e-01	5.779014e-01	2.805569e+00
43	5.700035e-01	4.303758e-01	2.819248e+00
44	5.255091e-01	5.122009e-01	2.555447e+00
45	4.929801e-01	3.377221e-01	2.666830e+00
46	4.978616e-01	5.144112e-01	2.559355e+00
47	4.975367e-01	4.494918e-01	1.895945e+00
48	5.008533e-01	5.577270e-01	1.282364e+00
49	4.761822e-01	6.089597e-01	2.024915e+00
50	4.832169e-01	4.654158e-01	2.750855e+00
51	4.864401e-01	4.877193e-01	2.412799e+00
52	4.895205e-01	4.814124e-01	2.557401e+00
53	4.925123e-01	5.302356e-01	1.648754e+00
54	5.059891e-01	5.298559e-01	1.721055e+00
55	5.043901e-01	5.277422e-01	2.588666e+00
56	4.939184e-01	5.291211e-01	1.525647e+00
57	4.897077e-01	5.162288e-01	2.751832e+00
58	5.295973e-01	4.251461e-01	2.625794e+00
59	4.847387e-01	6.015542e-01	1.663410e+00
60	4.709685e-01	6.062558e-01	1.993649e+00
61	4.915756e-01	4.980166e-01	2.560332e+00
62	5.279304e-01	5.573818e-01	1.696629e+00
63	5.288573e-01	5.573553e-01	1.506106e+00
64	5.234414e-01	5.453347e-01	2.675623e+00
65	4.844012e-01	4.895828e-01	2.497802e+00
66	4.792335e-01	6.002909e-01	1.031265e+00
67	4.754318e-01	5.152986e-01	2.361993e+00
68	5.025040e-01	5.245592e-01	1.866634e+00
69	5.459771e-01	6.115171e-01	2.930630e+00
70	4.874462e-01	4.504393e-01	1.503175e+00
71	5.395368e-01	4.631987e-01	1.135809e+00
72	5.365607e-01	5.614698e-01	2.449927e+00
73	5.376246e-01	5.167238e-01	2.831949e+00
74	5.019274e-01	5.186957e-01	2.317049e+00
75	4.940022e-01	5.061912e-01	2.353200e+00
76	4.925276e-01	4.967817e-01	2.575965e+00
77	5.640316e-01	4.492484e-01	2.922814e+00
78	5.184268e-01	5.736771e-01	2.289692e+00
79	4.839977e-01	5.881379e-01	2.766488e+00
80	5.484628e-01	4.164639e-01	1.522716e+00
81	5.218104e-01	5.596561e-01	2.769419e+00
82	5.647107e-01	4.543825e-01	1.110405e+00
83	4.997668e-01	5.848841e-01	1.554958e+00
84	5.011606e-01	5.817835e-01	1.718124e+00
85	4.872958e-01	4.921140e-01	1.412311e+00
86	5.543681e-01	4.385784e-01	1.951637e+00
87	5.598359e-01	4.559301e-01	1.449438e+00
88	4.969465e-01	5.306848e-01	2.176356e+00
89	5.521039e-01	6.166826e-01	1.066439e+00
90	6.019562e-01	4.438850e-01	1.212995e+00
91	4.982139e-01	4.859841e-01	1.872496e+00
92	5.095548e-01	5.496997e-01	1.606742e+00
93	4.989689e-01	4.784236e-01	1.183683e+00
94	5.081592e-01	5.880355e-01	1.482658e+00
95	4.396280e-01	4.369617e-01	2.514411e+00
96	5.337656e-01	5.647477e-01	2.736199e+00
97	5.325575e-01	5.585673e-01	1.617489e+00
98	5.164150e-01	5.605187e-01	2.456766e+00
99	5.130837e-01	5.850289e-01	1.406448e+00
100	5.652072e-01	4.470366e-01	2.453835e+00
101	4.437504e-01	3.970838e-01	2.084514e+00
102	5.301052e-01	5.770174e-01	2.712750e+00
103	5.485445e-01	4.980574e-01	2.877870e+00
104	5.155704e-01	4.736401e-01	1.533464e+00
105	5.881770e-01	4.170414e-01	2.169516e+00
106	5.878739e-01	4.223094e-01	2.160723e+00
107	5.318517e-01	5.015011e-01	2.483146e+00
108	5.253789e-01	5.697885e-01	1.538349e+00
109	5.225008e-01	5.732658e-01	1.117245e+00
110	4.569369e-01	4.300977e-01	2.709819e+00
111	5.973543e-01	4.264256e-01	2.039570e+00
112	4.509812e-01	4.372247e-01	2.929653e+00
113	5.323102e-01	5.659661e-01	2.125550e+00
114	5.860240e-01	4.137213e-01	2.148999e+00
115	5.381402e-01	5.816417e-01	2.027846e+00
116	5.245036e-01	5.348918e-01	1.206155e+00
117	4.510846e-01	4.340135e-01	2.689301e+00
118	5.352285e-01	5.638962e-01	1.997557e+00
119	5.972244e-01	4.314563e-01	1.753298e+00
120	5.134555e-01	5.077025e-01	1.491451e+00
121	5.218279e-01	5.572096e-01	2.381534e+00
122	5.820856e-01	4.171455e-01	1.837323e+00
123	4.567338e-01	5.323691e-01	2.723498e+00
124	5.580161e-01	5.820535e-01	2.429409e+00
125	4.431484e-01	3.680495e-01	2.633610e+00
126	5.357174e-01	5.599493e-01	1.216903e+00
127	5.290763e-01	5.339083e-01	1.385931e+00
128	4.390966e-01	3.679861e-01	1.470933e+00
129	5.924401e-01	4.211196e-01	1.094773e+00
130	5.262880e-01	5.642235e-01	1.887152e+00
131	5.321601e-01	4.851151e-01	1.869565e+00
132	5.059808e-01	6.401534e-01	2.657059e+00
133	5.784127e-01	4.166554e-01	1.905716e+00
134	5.323177e-01	5.012192e-01	2.319980e+00
135	5.891122e-01	4.210879e-01	1.549096e+00
136	4.574461e-01	4.433310e-01	1.155349e+00
137	5.178603e-01	5.548442e-01	1.261847e+00
138	5.094175e-01	6.082382e-01	1.308745e+00
139	5.872542e-01	4.153166e-01	1.148510e+00
140	4.395024e-01	3.826306e-01	1.692721e+00
141	4.498769e-01	4.421019e-01	1.865657e+00
142	5.147346e-01	5.893628e-01	2.988276e+00
143	5.240097e-01	4.204974e-01	1.479726e+00
144	5.945545e-01	4.102218e-01	1.016610e+00
145	5.172858e-01	5.808857e-01	2.095261e+00
146	5.145240e-01	5.362859e-01	2.442110e+00
147	5.216915e-01	4.281388e-01	1.070347e+00
148	4.501477e-01	4.440941e-01	1.417196e+00
149	5.654587e-01	4.827385e-01	2.817294e+00
150	5.206512e-01	4.191913e-01	1.164143e+00
151	5.155861e-01	5.795179e-01	2.738153e+00
152	4.575378e-01	5.278128e-01	2.338544e+00
153	5.894127e-01	4.142792e-01	1.282364e+00
154	5.177161e-01	5.843219e-01	2.676600e+00
155	5.907495e-01	4.132932e-01	2.443087e+00
156	6.097963e-01	4.072123e-01	2.375672e+00
157	5.564481e-01	4.741261e-01	1.220811e+00
158	5.113595e-01	4.289629e-01	2.208598e+00
159	5.290088e-01	5.613883e-01	2.407914e+00
160	4.357603e-01	3.659740e-01	2.195896e+00
161	4.443142e-01	3.731607e-01	1.407426e+00
162	5.180283e-01	5.751526e-01	2.277968e+00
163	4.414899e-01	3.669834e-01	1.134831e+00
164	5.401541e-01	5.438513e-01	2.409868e+00
165	5.362318e-01	5.374833e-01	2.083537e+00
166	5.062523e-01	5.465065e-01	2.286761e+00
167	5.191770e-01	5.810931e-01	1.194431e+00
168	5.078529e-01	5.383122e-01	2.818271e+00
169	5.413263e-01	5.125323e-01	2.827064e+00
170	5.368142e-01	5.220348e-01	1.684905e+00
171	4.535032e-01	5.487230e-01	1.999511e+00
172	5.540670e-01	5.543737e-01	1.956522e+00
173	4.539353e-01	6.028658e-01	1.409380e+00
174	4.485892e-01	5.245092e-01	2.323889e+00
175	5.352169e-01	5.225031e-01	2.501710e+00
176	5.394027e-01	5.471196e-01	2.395213e+00
177	5.421375e-01	5.487394e-01	2.719590e+00
178	5.217633e-01	5.030846e-01	2.937469e+00
179	5.169188e-01	5.810651e-01	2.803615e+00
180	5.040833e-01	6.026009e-01	1.322423e+00
181	3.423145e-01	3.240938e-01	2.019052e+00
182	5.188524e-01	5.856824e-01	1.794333e+00
183	5.395341e-01	5.441372e-01	2.611138e+00
184	5.423248e-01	5.485460e-01	1.724963e+00
185	4.943836e-01	5.167934e-01	1.983879e+00
186	5.391492e-01	5.279750e-01	2.181241e+00
187	5.655181e-01	4.464044e-01	2.437225e+00
188	5.330211e-01	4.631033e-01	1.295066e+00
189	5.100951e-01	5.751667e-01	1.970200e+00
190	4.950829e-01	5.425162e-01	2.387396e+00
191	5.101275e-01	5.587496e-01	2.386419e+00
192	4.864244e-01	5.040534e-01	2.647289e+00
193	5.036185e-01	5.682882e-01	1.686859e+00
194	4.248007e-01	3.964430e-01	1.549096e+00
195	4.815626e-01	5.193566e-01	1.553981e+00
196	5.427521e-01	5.615619e-01	1.764045e+00
197	5.087832e-01	5.799734e-01	1.632145e+00
198	4.926415e-01	6.099762e-01	2.230093e+00
199	5.003490e-01	4.740786e-01	1.235467e+00
200	5.536207e-01	5.459148e-01	2.251588e+00
201	5.821852e-01	4.783949e-01	1.751343e+00
202	4.712590e-01	5.361966e-01	1.715193e+00
203	4.654011e-01	4.827562e-01	2.109917e+00
204	5.551799e-01	5.437758e-01	2.137274e+00
205	4.603364e-01	4.486706e-01	2.099170e+00
206	5.478314e-01	5.224840e-01	2.057157e+00
207	4.710269e-01	5.683857e-01	2.246702e+00
208	5.625527e-01	5.487921e-01	1.894968e+00
209	5.313781e-01	5.107550e-01	2.453835e+00
210	4.940956e-01	5.689550e-01	2.834880e+00
211	4.563559e-01	5.201652e-01	2.215437e+00
212	5.301270e-01	5.250430e-01	2.153884e+00
213	5.303631e-01	5.008068e-01	2.475330e+00
214	4.900461e-01	4.898197e-01	1.274548e+00
215	5.321604e-01	4.997799e-01	2.127504e+00
216	4.852926e-01	6.020269e-01	1.697606e+00
217	4.960027e-01	4.507714e-01	1.790425e+00
218	3.961949e-01	4.954690e-01	1.736688e+00
219	5.280896e-01	5.235177e-01	1.692721e+00
220	4.915770e-01	5.815334e-01	2.042501e+00
221	4.607633e-01	5.385841e-01	1.468979e+00
222	5.305241e-01	5.295892e-01	1.784563e+00
223	5.151389e-01	4.671205e-01	1.068393e+00
224	4.893343e-01	6.191793e-01	2.269174e+00
225	4.914116e-01	6.331415e-01	2.653151e+00
226	4.475897e-01	5.396692e-01	1.839277e+00
227	4.663763e-01	4.714039e-01	1.175867e+00
228	5.013056e-01	4.525130e-01	2.807523e+00
229	4.454564e-01	5.310303e-01	2.811431e+00
230	4.607227e-01	5.310158e-01	1.192477e+00
231	4.807075e-01	5.857672e-01	1.897899e+00
232	4.603863e-01	4.740903e-01	1.620420e+00
233	4.079705e-01	4.988347e-01	2.624817e+00
234	4.593761e-01	5.320848e-01	2.806546e+00
235	4.616845e-01	5.364519e-01	1.763068e+00
236	4.801302e-01	6.006232e-01	1.890083e+00
237	4.420754e-01	3.751701e-01	2.060088e+00
238	4.061723e-01	4.864892e-01	2.458720e+00
239	5.012171e-01	4.486583e-01	2.463605e+00
240	4.375157e-01	3.772604e-01	1.141671e+00
241	4.643567e-01	4.957318e-01	1.146556e+00
242	5.542013e-01	5.875264e-01	1.395701e+00
243	5.718794e-01	5.403969e-01	1.755252e+00
244	5.592535e-01	6.068980e-01	2.486077e+00
245	4.267905e-01	4.723927e-01	2.901319e+00
246	4.555624e-01	5.056953e-01	2.123596e+00
247	4.338413e-01	3.814589e-01	1.652662e+00
248	4.868671e-01	4.798081e-01	1.199316e+00
249	3.891017e-01	4.701375e-01	1.211041e+00
250	5.649055e-01	5.304557e-01	2.170493e+00
251	4.236190e-01	4.976301e-01	2.733268e+00
252	5.642940e-01	5.405164e-01	1.545188e+00
253	4.507827e-01	5.311521e-01	1.376160e+00
254	4.297002e-01	4.787138e-01	1.621397e+00
255	4.299627e-01	4.809624e-01	1.883244e+00
256	4.297598e-01	4.797932e-01	1.612604e+00
257	5.675929e-01	5.400042e-01	2.909135e+00
258	4.429180e-01	4.532559e-01	1.354665e+00
259	4.812541e-01	4.846175e-01	2.770396e+00
260	5.059087e-01	5.635468e-01	2.148999e+00
261	5.655672e-01	5.475903e-01	2.624817e+00
262	4.453907e-01	4.031088e-01	1.126038e+00
263	4.321941e-01	4.046435e-01	2.481192e+00
264	4.517735e-01	4.719785e-01	2.697118e+00
265	4.876606e-01	4.658729e-01	1.938935e+00
266	4.385577e-01	4.382085e-01	1.854910e+00
267	4.325712e-01	3.946734e-01	1.909624e+00
268	4.724650e-01	5.320275e-01	2.625794e+00
269	5.408688e-01	4.698399e-01	1.564729e+00
270	4.474219e-01	5.038524e-01	2.984367e+00
271	4.125387e-01	3.935012e-01	2.497802e+00
272	4.129665e-01	3.943410e-01	1.802149e+00
273	4.458633e-01	4.893506e-01	2.693210e+00
274	4.453576e-01	4.775743e-01	2.276014e+00
275	3.924407e-01	4.526726e-01	1.004885e+00
276	5.057634e-01	5.555115e-01	1.245237e+00
277	4.005401e-01	4.541601e-01	2.910112e+00
278	4.882021e-01	4.825741e-01	1.489497e+00
279	4.747077e-01	4.998577e-01	2.305325e+00
280	4.248484e-01	4.098958e-01	2.963850e+00
281	4.868281e-01	4.824167e-01	2.689301e+00
282	4.249112e-01	4.784666e-01	1.346849e+00
283	4.842260e-01	4.824828e-01	2.447973e+00
284	4.847483e-01	4.623282e-01	1.591109e+00
285	4.414092e-01	4.844391e-01	1.931119e+00
286	3.842759e-01	5.441579e-01	1.473864e+00
287	4.762206e-01	4.996999e-01	2.687347e+00
288	4.778055e-01	4.566709e-01	2.787982e+00
289	4.221562e-01	4.754006e-01	1.510015e+00
290	3.784158e-01	5.391482e-01	1.850024e+00
291	4.594208e-01	4.824225e-01	2.193942e+00
292	4.856987e-01	4.827344e-01	2.918906e+00
293	4.743558e-01	4.236443e-01	1.734734e+00
294	4.278878e-01	3.903446e-01	1.119199e+00
295	4.996082e-01	4.419161e-01	1.631168e+00
296	4.760678e-01	4.897497e-01	1.258915e+00
297	4.513525e-01	4.552713e-01	2.458720e+00
298	4.248112e-01	4.738258e-01	2.134343e+00
299	4.773183e-01	4.886028e-01	2.662921e+00
300	4.862330e-01	4.850553e-01	2.924768e+00
301	4.578127e-01	4.663632e-01	2.983390e+00
302	3.795131e-01	5.258498e-01	2.305325e+00
303	4.010632e-01	5.334813e-01	2.763556e+00
304	3.991168e-01	5.156407e-01	2.374695e+00
305	4.705793e-01	4.901054e-01	1.703468e+00
306	4.759342e-01	4.596402e-01	1.246214e+00
307	3.823480e-01	5.388904e-01	2.993161e+00
308	4.679438e-01	4.176879e-01	2.925745e+00
309	4.401766e-01	4.531949e-01	1.857841e+00
310	4.667213e-01	5.032145e-01	2.601368e+00
311	4.865810e-01	4.840515e-01	2.413776e+00
312	4.715008e-01	4.999872e-01	2.569126e+00
313	3.603123e-01	4.600889e-01	2.051295e+00
314	4.764126e-01	4.645014e-01	1.865657e+00
315	4.049363e-01	5.802756e-01	1.048852e+00
316	4.459009e-01	4.582817e-01	2.574988e+00
317	4.497184e-01	4.818939e-01	1.598925e+00
318	4.051626e-01	5.515781e-01	2.264289e+00
319	4.771588e-01	4.685082e-01	1.176844e+00
320	4.028092e-01	5.537181e-01	1.061553e+00
321	4.485280e-01	4.029951e-01	2.460674e+00
322	4.605458e-01	4.742704e-01	2.526136e+00
323	4.483427e-01	4.024530e-01	2.587689e+00
324	4.179619e-01	5.306047e-01	1.928188e+00
325	4.686460e-01	4.993029e-01	2.006351e+00
326	4.685962e-01	4.995771e-01	1.041036e+00
327	4.388653e-01	4.764536e-01	1.793356e+00
328	4.491285e-01	4.036018e-01	1.312653e+00
329	4.193340e-01	5.323057e-01	1.860772e+00
330	5.060323e-01	4.663536e-01	1.389839e+00
331	4.959729e-01	5.114312e-01	1.052760e+00
332	4.208260e-01	5.328792e-01	1.156326e+00
333	3.605776e-01	4.819625e-01	1.425012e+00
334	4.781463e-01	5.671265e-01	1.981925e+00
335	4.517190e-01	4.270362e-01	2.256473e+00
336	4.233692e-01	4.547937e-01	2.368832e+00
337	4.561208e-01	4.358899e-01	2.024915e+00
338	4.077620e-01	5.635672e-01	1.087934e+00
339	4.527467e-01	4.262313e-01	1.266732e+00
340	4.144654e-01	5.210928e-01	1.348803e+00
341	4.522393e-01	3.992193e-01	2.472399e+00
342	5.148749e-01	4.556443e-01	2.288715e+00
343	3.915744e-01	5.579801e-01	1.972154e+00
344	4.573234e-01	5.292572e-01	2.745970e+00
345	4.609492e-01	5.427376e-01	2.490962e+00
346	3.934689e-01	5.427559e-01	2.515388e+00
347	4.197000e-01	5.195777e-01	1.545188e+00
348	4.462485e-01	4.911236e-01	2.662921e+00
349	4.516860e-01	4.355780e-01	2.264289e+00
350	4.992557e-01	5.228158e-01	2.905227e+00
351	4.358775e-01	5.332395e-01	1.058622e+00
352	4.653172e-01	3.738603e-01	2.764533e+00
353	4.237440e-01	4.987455e-01	2.152907e+00
354	4.438353e-01	5.481645e-01	2.784074e+00
355	4.685503e-01	4.842118e-01	2.445042e+00
356	4.453147e-01	4.175221e-01	2.852467e+00
357	4.142110e-01	5.118176e-01	2.070835e+00
358	4.662611e-01	4.574050e-01	1.406448e+00
359	4.311334e-01	5.450940e-01	1.751343e+00
360	4.306861e-01	4.964740e-01	2.077675e+00
361	5.022967e-01	5.183692e-01	1.601856e+00
362	3.862499e-01	5.344461e-01	2.012213e+00
363	6.528233e-01	4.598881e-01	1.417196e+00
364	4.663406e-01	4.751799e-01	2.048363e+00
365	4.342811e-01	3.932625e-01	2.781143e+00
366	5.123284e-01	5.266435e-01	2.779189e+00
367	4.679024e-01	4.494597e-01	2.617978e+00
368	6.519142e-01	4.413039e-01	2.517342e+00
369	4.004794e-01	5.108905e-01	1.698583e+00
370	6.158137e-01	4.082646e-01	1.284319e+00
371	5.786777e-01	4.629854e-01	1.948705e+00
372	4.923691e-01	5.301244e-01	1.416219e+00
373	4.484087e-01	5.641747e-01	1.745481e+00
374	4.515412e-01	5.666071e-01	1.994626e+00
375	4.471448e-01	4.794136e-01	2.291646e+00
376	5.866014e-01	4.620924e-01	1.868588e+00
377	4.775536e-01	4.831489e-01	2.511480e+00
378	4.343229e-01	5.307238e-01	2.596483e+00
379	4.672011e-01	4.698365e-01	2.855398e+00
380	6.193616e-01	4.318182e-01	2.172447e+00
381	4.672855e-01	4.698668e-01	1.312653e+00
382	4.682309e-01	4.714635e-01	1.787494e+00
383	4.667499e-01	4.681127e-01	2.252565e+00
384	5.219422e-01	5.092872e-01	1.978017e+00
385	5.189483e-01	4.961211e-01	2.965804e+00
386	4.760372e-01	5.115553e-01	2.221299e+00
387	4.803702e-01	4.825810e-01	1.701514e+00
388	5.102770e-01	4.272803e-01	1.135809e+00
389	4.664937e-01	4.732203e-01	2.997069e+00
390	4.507114e-01	5.544010e-01	2.470445e+00
391	4.681059e-01	4.977222e-01	2.362970e+00
392	5.864216e-01	4.989206e-01	2.553493e+00
393	4.640956e-01	5.235848e-01	1.347826e+00
394	5.192866e-01	4.247052e-01	2.896434e+00
395	4.666850e-01	4.918314e-01	1.857841e+00
396	5.061846e-01	4.316893e-01	1.669272e+00
397	5.877875e-01	4.953347e-01	1.726917e+00
398	4.651536e-01	5.510529e-01	2.604299e+00
399	4.622763e-01	5.017971e-01	2.089399e+00
400	5.358879e-01	4.280600e-01	1.552027e+00
401	5.446676e-01	3.983776e-01	1.769907e+00
402	4.923274e-01	4.328857e-01	1.382022e+00
403	5.070851e-01	5.068280e-01	2.510503e+00
404	5.899400e-01	4.985590e-01	1.640938e+00
405	4.729574e-01	5.279764e-01	2.933561e+00
406	5.423141e-01	4.267483e-01	1.033219e+00
407	4.542613e-01	5.107755e-01	1.408403e+00
408	4.503338e-01	5.443557e-01	2.767465e+00
409	4.678341e-01	5.232325e-01	1.526624e+00
410	5.199102e-01	5.203059e-01	1.456277e+00
411	5.742810e-01	4.086137e-01	1.054714e+00
412	4.575951e-01	5.386986e-01	2.601368e+00
413	4.713775e-01	4.426281e-01	2.193942e+00
414	5.111262e-01	3.938455e-01	2.321935e+00
415	5.086688e-01	4.312680e-01	1.564729e+00
416	5.111124e-01	5.091126e-01	1.679043e+00
417	5.331552e-01	4.375109e-01	2.034685e+00
418	5.755900e-01	4.078086e-01	2.564240e+00
419	5.055685e-01	5.079209e-01	2.311187e+00
420	4.710970e-01	5.341559e-01	1.297997e+00
421	4.639660e-01	5.312620e-01	2.873962e+00
422	4.723748e-01	5.361258e-01	2.202736e+00
423	5.175408e-01	5.086349e-01	2.653151e+00
424	5.798422e-01	4.003355e-01	1.693698e+00
425	3.957564e-01	4.639094e-01	2.461651e+00
426	5.127331e-01	5.017478e-01	1.679043e+00
427	4.699563e-01	5.434208e-01	2.991207e+00
428	4.782524e-01	3.959877e-01	2.857352e+00
429	5.069697e-01	4.876924e-01	1.913532e+00
430	5.662549e-01	4.275215e-01	1.216903e+00
431	4.750970e-01	3.918107e-01	1.214949e+00
432	5.766572e-01	3.966260e-01	2.294577e+00
433	5.752778e-01	4.799764e-01	1.005862e+00
434	5.065671e-01	5.016257e-01	2.227162e+00
435	5.618532e-01	4.984625e-01	1.723009e+00
436	5.291548e-01	4.450268e-01	1.113337e+00
437	4.057363e-01	4.640766e-01	1.491451e+00
438	5.091240e-01	5.384634e-01	1.692721e+00
439	5.742463e-01	3.990886e-01	1.154372e+00
440	5.572073e-01	4.239035e-01	1.851001e+00
441	5.026386e-01	5.367650e-01	2.418661e+00
442	5.817629e-01	4.953417e-01	1.874450e+00
443	5.557685e-01	4.184427e-01	1.591109e+00
444	5.798756e-01	3.969832e-01	2.199805e+00
445	4.663204e-01	5.443070e-01	2.208598e+00
446	5.058490e-01	5.344058e-01	1.322423e+00
447	4.624300e-01	5.291253e-01	2.361016e+00
448	3.716307e-01	4.757818e-01	1.207132e+00
449	3.747746e-01	5.152575e-01	2.514411e+00
450	4.608719e-01	5.367979e-01	1.815828e+00
451	4.676017e-01	5.618134e-01	1.328285e+00
452	5.786607e-01	4.157205e-01	2.272106e+00
453	5.055420e-01	4.299232e-01	2.487054e+00
454	5.803622e-01	4.165572e-01	1.883244e+00
455	4.855672e-01	3.932580e-01	1.599902e+00
456	4.250631e-01	6.040802e-01	2.142159e+00
457	4.169782e-01	4.913368e-01	2.343429e+00
458	5.751026e-01	3.930176e-01	1.749389e+00
459	5.022729e-01	5.393576e-01	1.835369e+00
460	3.619751e-01	4.841234e-01	2.608207e+00
461	4.275692e-01	4.780868e-01	1.065462e+00
462	4.631231e-01	5.359853e-01	1.698583e+00
463	5.645495e-01	4.132461e-01	2.761602e+00
464	5.612907e-01	4.295436e-01	1.744504e+00
465	4.866456e-01	3.901076e-01	1.961407e+00
466	5.661996e-01	4.126029e-01	2.449927e+00
467	5.841313e-01	5.178236e-01	2.669761e+00
468	3.950989e-01	4.526271e-01	1.075232e+00
469	5.668326e-01	3.979311e-01	2.597460e+00
470	5.835290e-01	4.845744e-01	2.960918e+00
471	4.895613e-01	3.886222e-01	1.451392e+00
472	5.819498e-01	4.861600e-01	1.655594e+00
473	5.160883e-01	5.003248e-01	2.572057e+00
474	3.746405e-01	5.365607e-01	2.433317e+00
475	4.345016e-01	4.434637e-01	1.234489e+00
476	5.793104e-01	5.047006e-01	1.607719e+00
477	4.585199e-01	5.182154e-01	2.643381e+00
478	4.297509e-01	5.971674e-01	1.827553e+00
479	4.221274e-01	4.433211e-01	1.233512e+00
480	4.268708e-01	6.037264e-01	2.757694e+00
481	4.399102e-01	4.918783e-01	2.058134e+00
482	5.745626e-01	4.189174e-01	2.221299e+00
483	6.046177e-01	4.466574e-01	1.083048e+00
484	4.492379e-01	5.062415e-01	2.453835e+00
485	4.562898e-01	5.258106e-01	2.829018e+00
486	5.703394e-01	4.935617e-01	2.169516e+00
487	4.460346e-01	5.201685e-01	2.371764e+00
488	4.395136e-01	4.925426e-01	1.634099e+00
489	4.093491e-01	5.105892e-01	1.314607e+00
490	4.142926e-01	5.056409e-01	2.292623e+00
491	4.631614e-01	4.712234e-01	1.759160e+00
492	4.332640e-01	5.934730e-01	2.365901e+00
493	5.782898e-01	4.196465e-01	2.942355e+00
494	4.131327e-01	5.072554e-01	1.358574e+00
495	3.813838e-01	5.497812e-01	1.458232e+00
496	6.316199e-01	4.256661e-01	1.757206e+00
497	6.321363e-01	5.014469e-01	1.099658e+00
498	5.520042e-01	4.637929e-01	2.251588e+00
499	4.026528e-01	4.953903e-01	1.474841e+00
500	4.300622e-01	5.946933e-01	1.462140e+00
501	4.460993e-01	5.123518e-01	2.850513e+00
502	4.261575e-01	4.504054e-01	2.543723e+00
503	6.243511e-01	3.925427e-01	2.288715e+00
504	5.566257e-01	4.311264e-01	1.375183e+00
505	5.652521e-01	4.630724e-01	1.170005e+00
506	4.211199e-01	4.539745e-01	2.011236e+00
507	5.826532e-01	4.471763e-01	2.982413e+00
508	4.248571e-01	5.150514e-01	1.578407e+00
509	4.462790e-01	4.838216e-01	2.904250e+00
510	6.165029e-01	3.947201e-01	2.471422e+00
511	4.292995e-01	4.974086e-01	2.948217e+00
512	5.989412e-01	5.078454e-01	1.856864e+00
513	3.672931e-01	5.865653e-01	1.749389e+00
514	5.747239e-01	4.619637e-01	1.780655e+00
515	5.915508e-01	4.753711e-01	1.223742e+00
516	5.751501e-01	4.588079e-01	2.928676e+00
517	4.413420e-01	5.146087e-01	1.055691e+00
518	5.720719e-01	4.615212e-01	2.823156e+00
519	5.880847e-01	4.473289e-01	2.886663e+00
520	4.133550e-01	4.191471e-01	1.931119e+00
521	4.372593e-01	4.954493e-01	1.391793e+00
522	4.381157e-01	4.603125e-01	1.467025e+00
523	5.379812e-01	4.783551e-01	1.512946e+00
524	4.426646e-01	5.800647e-01	1.960430e+00
525	4.436932e-01	5.755591e-01	2.254519e+00
526	5.040751e-01	4.409616e-01	2.899365e+00
527	5.792513e-01	4.178407e-01	2.728383e+00
528	4.427231e-01	4.927046e-01	1.247191e+00
529	5.003564e-01	4.492608e-01	1.802149e+00
530	3.604055e-01	5.954743e-01	1.858818e+00
531	4.419735e-01	4.740751e-01	1.663410e+00
532	5.260057e-01	4.288244e-01	2.556424e+00
533	4.390075e-01	5.836919e-01	2.947240e+00
534	4.397659e-01	4.979686e-01	2.475330e+00
535	5.651822e-01	4.552508e-01	1.237421e+00
536	5.718712e-01	3.988451e-01	2.923791e+00
537	4.350954e-01	4.960826e-01	2.906204e+00
538	4.202970e-01	5.729551e-01	2.668784e+00
539	5.173360e-01	5.137709e-01	2.476307e+00
540	5.019297e-01	4.444875e-01	2.065950e+00
541	4.364682e-01	4.766673e-01	1.983879e+00
542	4.413253e-01	4.398835e-01	1.982902e+00
543	5.845509e-01	4.011797e-01	2.643381e+00
544	4.422465e-01	5.819633e-01	1.637030e+00
545	4.328787e-01	4.976044e-01	1.338056e+00
546	5.024514e-01	4.454774e-01	2.406937e+00
547	5.161623e-01	4.468098e-01	1.422081e+00
548	4.311799e-01	5.796855e-01	2.956033e+00
549	4.290371e-01	4.976710e-01	2.601368e+00
550	4.302058e-01	5.001553e-01	1.846116e+00
551	4.332152e-01	4.947133e-01	1.264778e+00
552	4.344984e-01	5.778980e-01	1.119199e+00
553	4.958818e-01	4.531215e-01	1.956522e+00
554	5.325872e-01	4.606499e-01	2.971666e+00
555	4.301766e-01	4.910163e-01	2.149976e+00
556	5.626812e-01	4.878982e-01	1.574499e+00
557	4.411920e-01	5.772124e-01	1.775769e+00
558	4.528250e-01	5.866576e-01	1.542257e+00
559	4.377506e-01	5.765457e-01	2.984367e+00
560	5.587718e-01	4.850208e-01	2.563263e+00
561	4.409287e-01	5.880404e-01	1.624328e+00
562	4.485926e-01	4.532858e-01	1.577430e+00
563	6.309446e-01	4.190391e-01	2.224231e+00
564	4.404849e-01	5.006777e-01	1.125061e+00
565	4.342226e-01	4.481617e-01	2.955056e+00
566	5.072111e-01	4.519797e-01	2.865169e+00
567	4.335676e-01	4.613554e-01	1.672203e+00
568	5.892320e-01	4.175255e-01	1.198339e+00
569	5.674864e-01	4.377392e-01	2.513434e+00
570	4.482641e-01	4.613993e-01	1.853933e+00
571	4.273106e-01	4.948047e-01	2.858329e+00
572	4.314012e-01	4.565465e-01	1.574499e+00
573	4.268595e-01	5.685079e-01	1.432829e+00
574	4.312723e-01	4.608114e-01	1.500244e+00
575	6.282229e-01	4.049393e-01	1.587201e+00
576	5.374529e-01	4.483229e-01	1.323400e+00
577	6.242254e-01	4.072589e-01	2.852467e+00
578	4.315608e-01	4.275800e-01	2.147044e+00
579	4.268570e-01	5.038034e-01	2.698095e+00
580	5.467129e-01	4.297295e-01	2.203713e+00
581	4.267071e-01	4.759727e-01	1.364436e+00
582	5.496956e-01	5.116521e-01	2.076698e+00
583	5.560505e-01	4.304521e-01	2.011236e+00
584	4.512368e-01	5.937358e-01	1.412311e+00
585	6.185866e-01	4.046646e-01	2.266243e+00
586	5.308666e-01	4.411055e-01	1.215926e+00
587	4.247550e-01	4.943284e-01	2.299463e+00
588	5.294371e-01	4.501492e-01	1.683928e+00
589	5.617684e-01	4.390759e-01	2.081583e+00
590	5.307464e-01	4.452602e-01	2.350269e+00
591	6.141216e-01	4.161280e-01	2.268197e+00
592	6.119410e-01	4.130724e-01	2.728383e+00
593	5.284423e-01	4.449124e-01	1.194431e+00
594	5.427373e-01	4.556879e-01	2.515388e+00
595	6.071505e-01	4.431912e-01	1.169028e+00
596	6.794172e-01	5.520749e-01	2.074744e+00
597	4.960691e-01	4.774331e-01	1.865657e+00
598	4.378502e-01	5.942218e-01	2.900342e+00
599	4.935607e-01	4.771939e-01	1.802149e+00
600	4.538558e-01	5.252772e-01	1.367367e+00
601	5.806755e-01	4.541547e-01	1.148510e+00
602	6.589490e-01	5.209314e-01	2.808500e+00
603	5.947572e-01	4.058488e-01	1.424035e+00
604	5.923431e-01	4.099660e-01	1.613581e+00
605	5.283637e-01	4.395243e-01	2.427455e+00
606	4.420271e-01	5.589641e-01	2.196873e+00
607	5.146551e-01	4.640563e-01	1.355642e+00
608	5.431211e-01	4.364468e-01	2.386419e+00
609	4.319799e-01	5.286732e-01	1.294089e+00
610	4.567955e-01	5.688158e-01	1.687836e+00
611	5.301279e-01	4.589791e-01	1.146556e+00
612	6.145138e-01	4.331950e-01	1.939912e+00
613	5.058499e-01	4.529141e-01	1.597948e+00
614	5.253718e-01	4.624516e-01	2.412799e+00
615	6.169697e-01	4.332469e-01	2.131412e+00
616	6.850336e-01	5.377347e-01	1.138740e+00
617	4.747188e-01	4.772162e-01	1.227650e+00
618	5.312762e-01	4.542674e-01	2.522228e+00
619	4.760158e-01	4.472360e-01	1.437714e+00
620	5.246392e-01	4.640493e-01	1.523693e+00
621	5.684700e-01	4.635600e-01	1.221788e+00
622	4.230247e-01	5.022426e-01	1.652662e+00
623	5.247994e-01	5.253696e-01	1.269663e+00
624	5.552923e-01	4.258707e-01	2.967758e+00
625	5.724091e-01	4.581724e-01	2.952125e+00
626	5.028492e-01	4.535955e-01	2.546654e+00
627	4.878929e-01	4.365191e-01	1.818759e+00
628	5.631748e-01	4.232724e-01	1.919394e+00
629	4.824321e-01	4.356664e-01	2.563263e+00
630	5.013380e-01	4.389699e-01	1.451392e+00
631	4.993141e-01	4.420593e-01	1.718124e+00
632	5.246450e-01	5.050478e-01	1.207132e+00
633	5.414726e-01	5.382261e-01	1.236444e+00
634	4.871827e-01	4.986317e-01	2.622863e+00
635	5.631907e-01	4.478173e-01	2.549585e+00
636	5.589024e-01	4.252865e-01	2.966781e+00
637	5.317896e-01	6.157590e-01	2.095261e+00
638	6.121587e-01	4.534599e-01	2.471422e+00
639	5.021802e-01	4.551433e-01	2.395213e+00
640	6.687758e-01	5.583975e-01	1.835369e+00
641	6.080288e-01	4.508425e-01	2.828041e+00
642	5.313305e-01	5.740117e-01	1.534441e+00
643	5.476700e-01	4.401024e-01	1.550073e+00
644	5.197111e-01	4.901249e-01	1.610650e+00
645	5.493318e-01	5.543808e-01	1.612604e+00
646	5.393576e-01	5.179463e-01	1.086957e+00
647	5.886228e-01	3.591398e-01	2.326820e+00
648	5.444150e-01	4.356122e-01	2.282853e+00
649	5.656522e-01	5.183684e-01	1.573522e+00
650	5.448763e-01	5.482023e-01	2.497802e+00
651	5.864061e-01	3.427154e-01	1.234489e+00
652	5.212246e-01	4.933259e-01	1.752320e+00
653	5.017645e-01	4.368559e-01	1.589155e+00
654	6.774380e-01	5.493140e-01	1.148510e+00
655	5.412530e-01	5.477200e-01	1.209086e+00
656	5.369508e-01	5.428978e-01	2.755740e+00
657	5.102364e-01	4.483283e-01	1.499267e+00
658	5.546326e-01	5.571919e-01	1.014656e+00
659	5.388683e-01	4.421057e-01	2.891549e+00
660	5.582907e-01	5.068525e-01	2.478261e+00
661	4.983746e-01	4.395332e-01	1.898876e+00
662	5.328458e-01	5.007537e-01	1.188569e+00
663	5.639325e-01	5.297864e-01	2.785051e+00
664	5.152748e-01	4.705583e-01	2.945286e+00
665	5.589054e-01	5.246253e-01	2.458720e+00
666	5.185403e-01	4.428716e-01	2.673669e+00
667	4.949793e-01	4.996713e-01	1.399609e+00
668	4.992576e-01	4.660856e-01	2.604299e+00
669	5.488610e-01	5.589421e-01	1.529555e+00
670	5.569454e-01	5.648767e-01	2.823156e+00
671	5.479299e-01	5.656942e-01	2.826087e+00
672	5.254659e-01	4.473353e-01	2.844651e+00
673	5.514937e-01	5.599889e-01	2.290669e+00
674	5.600134e-01	4.209633e-01	2.188080e+00
675	5.543273e-01	5.451364e-01	2.570103e+00
676	5.563984e-01	5.364015e-01	2.396190e+00
677	5.526927e-01	4.776699e-01	1.318515e+00
678	5.925069e-01	4.693375e-01	1.733757e+00
679	5.555026e-01	5.005608e-01	2.605276e+00
680	5.542828e-01	5.880058e-01	2.683439e+00
681	5.076966e-01	4.766419e-01	1.587201e+00
682	5.536415e-01	5.443426e-01	1.375183e+00
683	5.120327e-01	4.879286e-01	2.298486e+00
684	5.460653e-01	4.504999e-01	1.285296e+00
685	5.349256e-01	4.995862e-01	2.983390e+00
686	5.608303e-01	4.643202e-01	1.195408e+00
687	5.230776e-01	4.253989e-01	2.667807e+00
688	5.577578e-01	5.426231e-01	2.414753e+00
689	4.970492e-01	4.565348e-01	1.843185e+00
690	5.437300e-01	5.096526e-01	2.396190e+00
691	5.666588e-01	4.592967e-01	1.656571e+00
692	4.786633e-01	4.673244e-01	3.000000e+00
693	5.560504e-01	5.458728e-01	2.728383e+00
694	4.745138e-01	3.964109e-01	1.133854e+00
695	5.159863e-01	3.273119e-01	1.718124e+00
696	4.996168e-01	4.733025e-01	1.944797e+00
697	5.607357e-01	5.242790e-01	2.883732e+00
698	5.684396e-01	5.488935e-01	2.383488e+00
699	4.702122e-01	4.575138e-01	2.506595e+00
700	5.557132e-01	5.171120e-01	1.786517e+00
701	5.509202e-01	4.939812e-01	2.893503e+00
702	5.417790e-01	5.183262e-01	2.981436e+00
703	5.364448e-01	4.360557e-01	2.663898e+00
704	5.479884e-01	5.058954e-01	2.227162e+00
705	4.897684e-01	4.797612e-01	1.527601e+00
706	4.612776e-01	4.354521e-01	2.610161e+00
707	4.378342e-01	4.688768e-01	1.058622e+00
708	5.639534e-01	5.468531e-01	2.782120e+00
709	5.953319e-01	5.010053e-01	1.854910e+00
710	4.970090e-01	4.520585e-01	1.518808e+00
711	5.663482e-01	5.896831e-01	2.950171e+00
712	5.423589e-01	5.228419e-01	2.109917e+00
713	6.065322e-01	4.912977e-01	2.205667e+00
714	5.640984e-01	5.493460e-01	2.074744e+00
715	5.384429e-01	5.247023e-01	2.319003e+00
716	5.959455e-01	4.821863e-01	1.290181e+00
717	5.411695e-01	5.203828e-01	1.286273e+00
718	5.471867e-01	5.202424e-01	1.881290e+00
719	4.812411e-01	4.369599e-01	1.664387e+00
720	4.442420e-01	3.766358e-01	1.242306e+00
721	4.711059e-01	4.211978e-01	1.927211e+00
722	4.231268e-01	4.628664e-01	2.820225e+00
723	5.158599e-01	4.073116e-01	2.792868e+00
724	5.408196e-01	5.265100e-01	1.201270e+00
725	4.193418e-01	4.712668e-01	1.898876e+00
726	4.449176e-01	3.716173e-01	2.183195e+00
727	4.303272e-01	4.528021e-01	1.782609e+00
728	5.662616e-01	5.890341e-01	2.566194e+00
729	5.532463e-01	5.555092e-01	1.561798e+00
730	5.431637e-01	5.101690e-01	2.282853e+00
731	5.470435e-01	5.275406e-01	2.210552e+00
732	4.998768e-01	4.326359e-01	1.020518e+00
733	4.746933e-01	4.329803e-01	1.784563e+00
734	5.630731e-01	6.831876e-01	1.910601e+00
735	5.477343e-01	5.107595e-01	1.275525e+00
736	5.222878e-01	5.165541e-01	1.212995e+00
737	5.675741e-01	4.869528e-01	2.964827e+00
738	5.467228e-01	5.109588e-01	2.079629e+00
739	6.028673e-01	6.013118e-01	1.634099e+00
740	5.350473e-01	5.022821e-01	1.187592e+00
741	4.439513e-01	4.587522e-01	1.258915e+00
742	4.563432e-01	3.633908e-01	2.565217e+00
743	5.620292e-01	5.902008e-01	1.707377e+00
744	5.518544e-01	5.610043e-01	1.999511e+00
745	4.583145e-01	4.479749e-01	1.264778e+00
746	5.335981e-01	4.982646e-01	1.110405e+00
747	5.815945e-01	5.005473e-01	1.107474e+00
748	4.523215e-01	3.670790e-01	1.416219e+00
749	5.687228e-01	4.833965e-01	1.070347e+00
750	5.692292e-01	5.984097e-01	2.856375e+00
751	4.695319e-01	4.450973e-01	2.400098e+00
752	5.735122e-01	5.024399e-01	2.871031e+00
753	4.724599e-01	4.392821e-01	2.739130e+00
754	5.992333e-01	4.679119e-01	1.681974e+00
755	5.285083e-01	4.518845e-01	2.061065e+00
756	6.302819e-01	6.181782e-01	1.928188e+00
757	5.698685e-01	6.946629e-01	1.579384e+00
758	4.435084e-01	3.526091e-01	1.946751e+00
759	5.688978e-01	6.966372e-01	1.790425e+00
760	5.818715e-01	6.841186e-01	1.180752e+00
761	4.992724e-01	4.272713e-01	1.073278e+00
762	4.448107e-01	3.543553e-01	1.013679e+00
763	4.694051e-01	4.728028e-01	2.799707e+00
764	4.347578e-01	3.663124e-01	1.132877e+00
765	5.750537e-01	7.045872e-01	1.803127e+00
766	4.626901e-01	3.954748e-01	2.775281e+00
767	6.511960e-01	6.132624e-01	2.776258e+00
768	4.703683e-01	4.450916e-01	2.010259e+00
769	4.405835e-01	3.634150e-01	2.652174e+00
770	5.668203e-01	5.037738e-01	1.700537e+00
771	4.620405e-01	5.299222e-01	1.339033e+00
772	4.677854e-01	4.725743e-01	2.227162e+00
773	4.693488e-01	4.617519e-01	2.482169e+00
774	4.995689e-01	4.319054e-01	2.958964e+00
775	4.647701e-01	5.445580e-01	1.443576e+00
776	5.835901e-01	5.249155e-01	2.381534e+00
777	4.805733e-01	5.671051e-01	1.971177e+00
778	5.710671e-01	5.066027e-01	2.960918e+00
779	4.732838e-01	4.467691e-01	1.812897e+00
780	5.841799e-01	6.872600e-01	1.991695e+00
781	4.959291e-01	6.740536e-01	1.170982e+00
782	5.650957e-01	5.089812e-01	1.277479e+00
783	6.414445e-01	5.207879e-01	2.730337e+00
784	4.416465e-01	3.582083e-01	2.086468e+00
785	4.563605e-01	4.724844e-01	1.176844e+00
786	4.566734e-01	4.571548e-01	1.636053e+00
787	6.078943e-01	5.207589e-01	1.790425e+00
788	4.768555e-01	5.315133e-01	2.336590e+00
789	5.763650e-01	5.233516e-01	1.343918e+00
790	5.685956e-01	5.033390e-01	1.905716e+00
791	4.936613e-01	4.359691e-01	1.784563e+00
792	5.136679e-01	5.685577e-01	2.622863e+00
793	4.522147e-01	4.101737e-01	2.063996e+00
794	4.884885e-01	4.501243e-01	2.497802e+00
795	5.838988e-01	4.960821e-01	2.870054e+00
796	4.393855e-01	5.379772e-01	2.862237e+00
797	4.435328e-01	5.502001e-01	2.981436e+00
798	4.472021e-01	3.454783e-01	1.529555e+00
799	4.127279e-01	4.674205e-01	1.729849e+00
800	5.097166e-01	5.568158e-01	2.290669e+00
801	4.540554e-01	4.998934e-01	2.841720e+00
802	4.502283e-01	5.106380e-01	2.195896e+00
803	4.757332e-01	5.533822e-01	1.601856e+00
804	4.315932e-01	4.717852e-01	2.449927e+00
805	4.113304e-01	4.368476e-01	1.462140e+00
806	4.527414e-01	5.067647e-01	2.041524e+00
807	4.926757e-01	6.563017e-01	2.971666e+00
808	4.489358e-01	5.126754e-01	2.061065e+00
809	5.909188e-01	5.382505e-01	2.130435e+00
810	4.559151e-01	3.939576e-01	2.205667e+00
811	4.497221e-01	5.152414e-01	2.184172e+00
812	4.396431e-01	4.815024e-01	2.747924e+00
813	5.085194e-01	6.539034e-01	2.602345e+00
814	4.638866e-01	5.393612e-01	2.909135e+00
815	4.489228e-01	5.173342e-01	2.777235e+00
816	4.194090e-01	4.350851e-01	1.295066e+00
817	4.397827e-01	5.262311e-01	1.050806e+00
818	4.640946e-01	5.360937e-01	1.191500e+00
819	4.125360e-01	4.807027e-01	1.198339e+00
820	4.224370e-01	4.581505e-01	2.656082e+00
821	5.074009e-01	6.467846e-01	2.353200e+00
822	5.243272e-01	5.268597e-01	1.692721e+00
823	4.620108e-01	3.825343e-01	2.330728e+00
824	4.707671e-01	3.406316e-01	1.946751e+00
825	4.298743e-01	5.120339e-01	1.906693e+00
826	4.299738e-01	4.567216e-01	2.192965e+00
827	4.251291e-01	5.127547e-01	1.200293e+00
828	4.783140e-01	2.815791e-01	1.497313e+00
829	4.299767e-01	4.590020e-01	2.361016e+00
830	4.541423e-01	5.937857e-01	2.080606e+00
831	4.227321e-01	3.418716e-01	1.074255e+00
832	5.279219e-01	6.767542e-01	1.639961e+00
833	4.222761e-01	4.595544e-01	2.017098e+00
834	4.776295e-01	4.349130e-01	2.191011e+00
835	4.733414e-01	5.891800e-01	1.667318e+00
836	4.570404e-01	5.919964e-01	2.229116e+00
837	4.239870e-01	3.366083e-01	1.188569e+00
838	4.602957e-01	5.482961e-01	2.714704e+00
839	4.449501e-01	4.214557e-01	1.979971e+00
840	4.647169e-01	5.324501e-01	2.954079e+00
841	4.462009e-01	3.302207e-01	1.390816e+00
842	5.390357e-01	4.619752e-01	1.803127e+00
843	4.548109e-01	5.008379e-01	1.039082e+00
844	4.255623e-01	3.318948e-01	1.893014e+00
845	5.253681e-01	4.911213e-01	1.778701e+00
846	5.383622e-01	4.726180e-01	1.295066e+00
847	5.027269e-01	4.377312e-01	1.807035e+00
848	4.722315e-01	5.212296e-01	1.102589e+00
849	4.318615e-01	4.881412e-01	1.879336e+00
850	4.316309e-01	4.884092e-01	1.984856e+00
851	5.558818e-01	5.359424e-01	2.238886e+00
852	4.931081e-01	4.735399e-01	2.868100e+00
853	5.103042e-01	6.232668e-01	1.127992e+00
854	4.600429e-01	4.744295e-01	2.748901e+00
855	4.376849e-01	5.391752e-01	1.578407e+00
856	5.149533e-01	6.592418e-01	2.950171e+00
857	4.903443e-01	5.404295e-01	1.621397e+00
858	4.485004e-01	5.002763e-01	2.657059e+00
859	4.725380e-01	4.557634e-01	2.404983e+00
860	4.445018e-01	5.046391e-01	2.272106e+00
861	4.760291e-01	4.378755e-01	1.463117e+00
862	4.557696e-01	4.691175e-01	2.316072e+00
863	5.795956e-01	5.345424e-01	2.334636e+00
864	4.321812e-01	4.942897e-01	1.365413e+00
865	5.797751e-01	5.336397e-01	2.105032e+00
866	5.041509e-01	4.541990e-01	1.339033e+00
867	5.234310e-01	4.578849e-01	2.932584e+00
868	4.823630e-01	6.852724e-01	2.770396e+00
869	4.871697e-01	4.966991e-01	2.378603e+00
870	4.581189e-01	5.000700e-01	1.833415e+00
871	4.688591e-01	4.100028e-01	1.663410e+00
872	5.314788e-01	4.765392e-01	2.251588e+00
873	3.999617e-01	4.614505e-01	1.766976e+00
874	5.315615e-01	6.132067e-01	1.575476e+00
875	5.893629e-01	5.013770e-01	2.771373e+00
876	5.324103e-01	4.784157e-01	1.482658e+00
877	4.370653e-01	3.285097e-01	2.633610e+00
878	4.442729e-01	5.032616e-01	2.787005e+00
879	4.696453e-01	5.005986e-01	1.959453e+00
880	4.918238e-01	5.420172e-01	2.187103e+00
881	4.295806e-01	4.711047e-01	2.430386e+00
882	5.238456e-01	6.109177e-01	2.679531e+00
883	5.618425e-01	5.242512e-01	2.191988e+00
884	5.271692e-01	6.032610e-01	2.945286e+00
885	4.597112e-01	6.724575e-01	2.473376e+00
886	4.513358e-01	3.437140e-01	2.243771e+00
887	5.602266e-01	5.454439e-01	2.793845e+00
888	5.796625e-01	5.866729e-01	1.391793e+00
889	5.622148e-01	5.232446e-01	2.132389e+00
890	5.287717e-01	5.979743e-01	1.627259e+00
891	5.624656e-01	5.246106e-01	1.623351e+00
892	4.794334e-01	5.290650e-01	2.772350e+00
893	4.339621e-01	4.961865e-01	1.552027e+00
894	5.174420e-01	6.426127e-01	2.828041e+00
895	5.185873e-01	5.906095e-01	1.180752e+00
896	5.653366e-01	5.207869e-01	1.632145e+00
897	5.089646e-01	6.803846e-01	1.680997e+00
898	4.683475e-01	7.001401e-01	2.828041e+00
899	4.106225e-01	4.744306e-01	1.703468e+00
900	5.824613e-01	5.141191e-01	1.471910e+00
901	5.635479e-01	5.221136e-01	2.368832e+00
902	4.529398e-01	3.455606e-01	2.216414e+00
903	4.730586e-01	4.466763e-01	1.961407e+00
904	4.604892e-01	5.116932e-01	1.756229e+00
905	5.693532e-01	5.238527e-01	2.987298e+00
906	4.750225e-01	4.459952e-01	2.332682e+00
907	5.067076e-01	6.801973e-01	1.097704e+00
908	4.586871e-01	5.488225e-01	1.954568e+00
909	4.807728e-01	4.609129e-01	1.704446e+00
910	5.617772e-01	5.975383e-01	2.546654e+00
911	4.584047e-01	3.321351e-01	2.440156e+00
912	4.600322e-01	5.005906e-01	1.853933e+00
913	5.125461e-01	6.186683e-01	2.829995e+00
914	5.071270e-01	6.439102e-01	2.774304e+00
915	5.122476e-01	6.227183e-01	2.232047e+00
916	5.136225e-01	6.180706e-01	2.093307e+00
917	5.724502e-01	5.179583e-01	2.587689e+00
918	3.895452e-01	4.185879e-01	2.698095e+00
919	4.714927e-01	4.561804e-01	1.896922e+00
920	5.794745e-01	4.778454e-01	1.212995e+00
921	5.674172e-01	4.757248e-01	1.502198e+00
922	4.441745e-01	5.055395e-01	2.614069e+00
923	5.203375e-01	6.048093e-01	2.880801e+00
924	5.425296e-01	5.385239e-01	1.956522e+00
925	5.204703e-01	6.019893e-01	2.745970e+00
926	4.649824e-01	6.981040e-01	1.179775e+00
927	5.060076e-01	6.508902e-01	1.888129e+00
928	5.039670e-01	6.495565e-01	2.302394e+00
929	5.452717e-01	5.234897e-01	1.935027e+00
930	4.984211e-01	4.732618e-01	1.975085e+00
931	5.300131e-01	5.514291e-01	1.067416e+00
932	5.571917e-01	5.434334e-01	2.024915e+00
933	5.216347e-01	5.976309e-01	2.810454e+00
934	5.918470e-01	4.991009e-01	2.428432e+00
935	4.997748e-01	4.864939e-01	1.957499e+00
936	4.772788e-01	4.343563e-01	2.306302e+00
937	4.969075e-01	4.785464e-01	2.557401e+00
938	5.521126e-01	4.962287e-01	1.243283e+00
939	5.007202e-01	4.783332e-01	2.429409e+00
940	5.523409e-01	5.624677e-01	2.523205e+00
941	4.427369e-01	4.645330e-01	2.842697e+00
942	4.506805e-01	4.649984e-01	2.247680e+00
943	4.715996e-01	4.267091e-01	2.000489e+00
944	4.878759e-01	4.687163e-01	2.446019e+00
945	4.348750e-01	5.104415e-01	2.360039e+00
946	4.315056e-01	4.646404e-01	2.567171e+00
947	4.387493e-01	4.864865e-01	2.415730e+00
948	4.344544e-01	4.733406e-01	1.989741e+00
949	4.982797e-01	6.512245e-01	1.010747e+00
950	5.239936e-01	6.983064e-01	2.656082e+00
951	4.954290e-01	6.528411e-01	2.478261e+00
952	5.203403e-01	6.629657e-01	1.851979e+00
953	4.988904e-01	6.441780e-01	2.009282e+00
954	4.643304e-01	5.169120e-01	2.908158e+00
955	5.867010e-01	5.075769e-01	2.731314e+00
956	4.345260e-01	5.109677e-01	2.544700e+00
957	5.154924e-01	6.841230e-01	2.091353e+00
958	4.520252e-01	5.137071e-01	2.890572e+00
959	5.293330e-01	5.482794e-01	1.654617e+00
960	4.848587e-01	4.733714e-01	1.008793e+00
961	5.038597e-01	6.952799e-01	1.811920e+00
962	5.732374e-01	5.603781e-01	1.260870e+00
963	4.306762e-01	4.923199e-01	1.347826e+00
964	4.330816e-01	5.157726e-01	1.325354e+00
965	4.556916e-01	5.247523e-01	1.420127e+00
966	5.042443e-01	7.124598e-01	2.845628e+00
967	5.193613e-01	4.646018e-01	1.853933e+00
968	5.136716e-01	6.893589e-01	2.474353e+00
969	5.121709e-01	6.717514e-01	1.973131e+00
970	5.651700e-01	5.176047e-01	1.303859e+00
971	5.042418e-01	7.145113e-01	2.722521e+00
972	4.531855e-01	4.209352e-01	1.294089e+00
973	5.376705e-01	6.026567e-01	1.675134e+00
974	4.391911e-01	4.602674e-01	2.417684e+00
975	5.613620e-01	5.372429e-01	2.053249e+00
976	4.261981e-01	4.997820e-01	1.276502e+00
977	5.624807e-01	6.162301e-01	2.257450e+00
978	5.831856e-01	4.807059e-01	2.779189e+00
979	5.026302e-01	4.885742e-01	1.984856e+00
980	4.644606e-01	4.049982e-01	2.295554e+00
981	5.696088e-01	5.262709e-01	1.652662e+00
982	5.763539e-01	5.071609e-01	2.464582e+00
983	4.340847e-01	4.267746e-01	1.763068e+00
984	5.953189e-01	5.426648e-01	2.508549e+00
985	4.969916e-01	4.280899e-01	2.026869e+00
986	5.676879e-01	6.287734e-01	2.211529e+00
987	4.529406e-01	5.605874e-01	1.160234e+00
988	4.520251e-01	5.628251e-01	2.302394e+00
989	5.837074e-01	6.048171e-01	1.662433e+00
990	4.995741e-01	6.698921e-01	1.941866e+00
991	4.925257e-01	7.111302e-01	1.855887e+00
992	4.631066e-01	4.886978e-01	1.384954e+00
993	4.518178e-01	4.265509e-01	2.598437e+00
994	4.519295e-01	5.750206e-01	2.130435e+00
995	4.507011e-01	4.278644e-01	1.690767e+00
996	5.874203e-01	5.455147e-01	2.587689e+00
997	4.603534e-01	4.826673e-01	1.940889e+00
998	5.952878e-01	6.454878e-01	1.304836e+00
999	5.698083e-01	5.113815e-01	2.099170e+00
